35.78
35.78
64.78
64.78
66.19
66.19
72.50
72.50
65.65
65.65
65.00
65.00
68.98
68.98
68.98
34.20
34.20
21.69
21.69
22.22
22.22
30.28
59.67
59.67
67.56
67.56
67.56
45.29
45.29
26.62
26.62
26.62
21.78
21.78
30.24
30.24
27.28
27.28
23.24
23.24
28.49
28.49
30.02
30.02
29.58
29.58
20.65
20.65
23.02
23.02
21.43
21.43
20.17
20.17
20.32
20.32
27.52
27.52
25.57
25.57
26.71
26.71
24.34
24.34
20.75
20.75
21.92
21.92
20.59
20.59
21.62
21.62
25.14
25.14
24.11
24.11
23.78
23.78
23.43
23.43
21.10
21.10
20.14
20.14
20.86
20.86
21.49
21.49
22.45
22.45
25.85
25.85
26.90
26.90
20.62
20.62
21.27
21.27
20.51
20.51
22.07
22.07
21.73
21.73
22.62
22.62
27.04
27.04
32.12
32.12
25.69
25.69
23.08
23.08
22.32
22.32
22.34
22.34
22.08
22.08
21.94
21.94
25.02
25.02
35.47
35.47
31.42
31.42
34.23
34.23
36.67
36.67
30.02
30.02
30.02
33.53
33.53
47.32
47.32
48.69
48.69
41.43
41.43
39.20
39.20
35.24
35.24
31.06
31.06
29.56
29.56
23.07
23.07
31.87
31.87
29.94
29.94
28.97
28.97
23.50
23.50
25.08
25.08
24.73
24.73
29.78
29.78
24.41
24.41
25.99
25.99
32.15
32.15
22.90
22.90
22.89
22.89
39.11
39.11
27.08
27.08
30.50
30.50
26.93
26.93
44.52
44.52
29.54
29.54
24.44
24.44
24.55
24.55
24.16
24.16
24.05
24.05
24.36
24.36
21.97
21.97
25.03
25.03
25.41
25.41
22.40
22.40
23.05
23.05
20.69
20.69
21.10
21.10
21.32
21.32
25.57
25.57
33.17
33.17
27.03
27.03
55.95
55.95
36.23
36.23
26.82
26.82
21.88
21.88
24.61
24.61
23.88
23.88
26.87
26.87
24.30
24.30
23.49
23.49
21.20
21.20
22.19
22.19
22.65
22.65
30.88
30.88
23.69
23.69
30.08
30.08
33.67
33.67
30.46
30.46
25.70
25.70
27.53
27.53
27.56
27.56
28.69
28.69
25.32
25.32
26.00
26.00
27.96
27.96
32.47
32.47
29.88
29.88
34.59
34.59
30.72
30.72
37.54
37.54
42.22
42.22
49.46
49.46
38.16
38.16
32.85
32.85
45.86
45.86
37.67
37.67
37.71
37.71
29.49
29.49
29.49
29.58
29.58
28.17
28.17
30.12
30.12
26.31
26.31
24.83
24.83
27.95
27.95
20.56
20.56
26.52
26.52
26.13
26.13
32.65
32.65
31.20
31.20
25.80
25.80
28.01
28.01
25.73
25.73
25.72
25.72
24.81
24.81
27.67
27.67
34.62
34.62
28.97
28.97
20.99
20.99
22.97
22.97
23.57
23.57
25.29
25.29
27.95
27.95
29.69
29.69
31.38
31.38
27.47
27.47
33.40
33.40
33.07
33.07
27.54
27.54
31.70
31.70
23.46
23.46
32.43
32.43
25.42
25.42
28.71
28.71
24.07
24.07
24.34
24.34
24.98
24.98
23.62
23.62
23.92
23.92
24.60
24.60
25.81
25.81
29.87
29.87
25.48
25.48
25.30
25.30
25.79
25.79
25.55
25.55
25.31
25.31
25.99
25.99
31.23
31.23
30.54
30.54
26.32
26.32
26.57
26.57
23.22
23.22
27.58
27.58
28.15
28.15
25.28
25.28
27.37
27.37
32.93
32.93
20.83
20.83
39.59
39.59
26.41
26.41
21.49
21.49
22.51
22.51
25.05
25.05
28.10
28.10
31.04
31.04
27.54
27.54
20.37
20.37
26.90
26.90
36.58
36.58
26.59
26.59
34.57
34.57
31.06
31.06
31.48
31.48
25.99
25.99
23.96
23.96
24.36
24.36
26.06
26.06
28.42
28.42
32.22
32.22
31.38
31.38
34.37
34.37
29.42
29.42
29.06
29.06
29.70
29.70
26.93
26.93
23.67
23.67
28.04
28.04
30.68
30.68
29.44
29.44
24.98
24.98
20.78
20.78
24.96
24.96
20.75
20.75
21.16
21.16
25.20
25.20
26.57
26.57
26.37
26.37
21.24
21.24
23.67
23.67
24.18
24.18
24.18
24.18
19.91
19.91
26.38
26.38
34.95
34.95
33.79
33.79
26.07
26.07
28.00
28.00
27.50
27.50
25.96
25.96
23.90
23.90
24.54
24.54
25.30
25.30
26.76
26.76
27.44
27.44
29.19
29.19
30.36
30.36
23.44
23.44
20.14
20.14
27.64
27.64
28.71
28.71
28.48
28.48
24.33
24.33
25.72
25.72
20.99
20.99
22.78
22.78
23.44
23.44
23.32
23.32
27.80
27.80
30.28
30.28
23.33
23.33
24.23
24.23
21.15
21.15
20.30
20.30
23.33
23.33
23.22
23.22
25.50
25.50
23.16
23.16
21.08
21.08
27.12
27.12
21.83
21.83
21.61
21.61
25.20
25.20
30.04
30.04
29.40
29.40
29.13
29.13
25.40
25.40
25.99
25.99
25.27
25.27
30.49
30.49
27.93
27.93
23.05
23.05
29.57
29.57
26.09
26.09
29.97
29.97
25.21
25.21
22.92
22.92
29.97
29.97
25.68
25.68
23.48
23.48
26.44
26.44
25.00
25.00
21.90
21.90
25.85
25.85
21.27
21.27
27.96
27.96
27.58
27.58
30.14
30.14
27.30
27.30
26.90
26.90
21.89
21.89
23.68
23.68
31.73
31.73
30.54
30.54
28.52
28.52
25.67
25.67
27.59
27.59
26.78
26.78
29.51
29.51
32.31
32.31
22.06
22.06
25.74
25.74
24.85
24.85
25.06
25.06
43.90
43.90
33.05
33.05
28.40
28.40
28.40
26.68
26.68
30.32
30.32
30.45
30.45
24.93
24.93
26.46
26.46
30.01
30.01
24.44
24.44
22.29
22.29
26.36
26.36
24.43
24.43
24.43
24.43
26.74
26.74
25.48
25.48
27.92
27.92
37.48
37.48
29.72
29.72
50.16
50.16
52.93
52.93
52.93
52.93
48.55
48.55
45.40
45.40
39.67
39.67
29.99
29.99
26.13
26.13
26.11
26.11
30.62
30.62
27.09
27.09
32.37
32.37
31.75
31.75
39.76
39.76
25.07
25.07
25.07
22.97
22.97
24.57
24.57
30.77
30.77
30.11
30.11
33.07
33.07
35.62
35.62
34.23
34.23
27.09
27.09
30.71
30.71
32.18
32.18
39.83
39.83
31.87
31.87
34.08
34.08
40.12
40.12
27.78
27.78
27.30
27.30
31.90
31.90
32.33
32.33
35.96
35.96
30.41
30.41
33.22
33.22
33.03
33.03
36.57
36.57
36.66
36.66
33.10
33.10
33.94
33.94
31.69
31.69
42.12
42.12
37.96
37.96
37.68
37.68
37.72
37.72
39.46
39.46
31.87
31.87
27.88
27.88
32.79
32.79
53.17
53.17
53.17
50.00
50.00
50.00
50.00
48.94
48.94
48.98
48.98
50.00
50.00
30.71
30.71
30.71
22.19
22.19
31.93
31.93
38.96
38.96
28.33
28.33
23.71
23.71
27.39
27.39
30.33
30.33
25.79
25.79
29.24
29.24
31.97
31.97
33.08
33.08
31.43
31.43
37.49
37.49
25.52
25.52
25.52
28.38
28.38
24.74
24.74
24.24
24.24
26.33
26.33
28.55
28.55
25.11
25.11
26.26
26.26
47.69
47.69
47.29
47.29
47.29
50.00
44.01
34.96
34.96
51.69
54.87
54.87
54.87
59.24
59.24
59.24
42.37
42.37
41.37
41.37
40.58
40.58
44.56
44.56
47.80
47.80
48.37
48.37
52.49
52.49
52.49
58.71
58.71
51.63
51.63
50.00
50.00
48.24
48.24
42.05
42.05
37.34
37.34
39.47
39.47
33.36
33.36
33.36
28.21
28.21
32.57
32.57
32.48
32.48
32.61
32.61
30.24
30.24
38.37
38.37
37.65
37.65
35.43
35.43
30.34
30.34
33.21
33.21
33.79
33.79
38.60
38.60
40.72
40.72
38.12
38.12
45.58
45.58
42.63
42.63
40.36
40.36
30.44
30.44
41.26
41.26
35.06
35.06
31.53
31.53
31.14
31.14
30.35
30.35
29.10
29.10
30.39
30.39
27.02
57.07
57.07
57.07
53.05
53.05
53.05
36.76
36.76
54.97
54.97
54.97
37.56
37.56
29.27
29.27
24.05
24.05
25.08
25.08
26.49
26.49
27.78
27.78
29.20
29.20
29.03
29.03
27.69
27.69
29.01
29.01
23.76
23.76
23.99
23.99
26.19
26.19
25.52
25.52
27.01
27.01
28.56
28.56
28.38
28.38
25.24
25.24
28.13
28.13
22.76
22.76
25.57
25.57
26.00
26.00
26.34
26.34
25.28
25.28
28.26
28.26
26.33
26.33
25.23
25.23
24.98
24.98
22.18
22.18
27.94
27.94
27.28
27.28
29.26
29.26
26.67
26.67
27.57
27.57
23.90
23.90
24.38
24.38
21.25
21.25
23.63
23.63
25.61
25.61
26.29
26.29
28.54
28.54
27.23
27.23
31.28
31.28
26.27
26.27
24.68
24.68
23.77
23.77
24.84
24.84
28.55
28.55
28.32
28.32
26.63
26.63
23.12
23.12
24.02
24.02
26.67
26.67
22.59
22.59
22.50
22.50
32.55
32.55
25.18
25.18
25.30
25.30
21.22
21.22
21.69
21.69
24.13
24.13
22.01
22.01
59.12
59.12
59.12
66.02
66.02
66.02
29.35
29.35
22.71
22.71
22.74
22.74
23.12
23.12
22.87
22.87
23.91
23.91
25.23
25.23
26.48
26.48
22.68
22.68
21.91
21.91
25.91
25.91
22.17
22.17
21.17
21.17
24.65
24.65
34.93
34.93
27.35
27.35
23.98
23.98
21.47
21.47
22.01
22.01
21.88
21.88
22.17
22.17
25.45
25.45
28.76
28.76
33.61
33.61
27.26
27.26
23.04
23.04
22.19
22.19
22.21
22.21
21.74
21.74
24.14
24.14
26.21
26.21
25.39
25.39
21.47
21.47
21.81
21.81
27.48
27.48
22.24
22.24
20.67
20.67
23.54
23.54
28.98
28.98
25.08
25.08
21.54
21.54
24.22
24.22
20.87
20.87
26.48
26.48
23.45
23.45
24.14
24.14
24.43
24.43
30.71
33.96
24.43
24.43
41.04
41.04
28.29
28.29
31.88
31.88
23.38
23.38
38.19
38.19
41.82
41.82
47.35
47.35
27.65
27.65
27.65
25.02
25.02
19.73
19.73
24.04
24.04
21.78
21.78
27.10
27.10
35.51
35.51
24.86
24.86
24.86
22.80
22.80
23.87
23.87
26.70
26.70
34.96
34.96
40.98
40.98
40.63
40.63
41.74
41.74
38.81
38.81
32.99
32.99
28.77
28.77
26.42
26.42
24.09
24.09
40.71
40.71
33.86
33.86
31.15
31.15
31.15
26.08
26.08
33.25
33.25
32.33
32.33
27.61
27.61
28.44
28.44
29.38
29.38
27.71
27.71
26.93
26.93
25.76
25.76
27.93
27.93
22.66
22.66
22.77
22.77
25.22
25.22
26.24
26.24
27.39
27.39
24.51
24.51
23.06
23.06
21.78
21.78
22.61
22.61
22.33
22.33
25.33
25.33
27.39
27.39
26.67
26.67
26.29
26.29
24.78
24.78
24.04
24.04
37.90
37.90
47.80
47.80
34.42
34.42
27.23
27.23
27.23
25.80
25.80
24.92
24.92
24.46
24.46
24.61
24.61
22.41
22.41
23.60
23.60
23.34
23.34
27.81
27.81
26.60
26.60
24.09
24.09
26.45
26.45
23.30
23.30
45.68
45.68
33.08
33.08
24.56
24.56
26.13
26.13
24.65
24.65
21.17
21.17
21.13
21.13
23.05
23.05
22.19
22.19
23.00
23.00
22.57
22.57
26.27
26.27
25.27
25.27
21.83
21.83
22.13
22.13
25.97
25.97
24.34
24.34
21.86
21.86
23.12
23.12
25.41
25.41
25.99
25.99
22.69
22.69
23.90
23.90
21.19
21.19
20.63
20.63
21.43
21.43
25.49
25.49
25.68
25.68
23.65
23.65
20.51
20.51
21.95
21.95
24.68
24.68
26.96
26.96
24.02
24.02
26.71
26.71
27.19
27.19
27.32
27.32
25.68
25.68
23.00
23.00
23.08
23.08
21.88
21.88
19.84
19.84
23.27
23.27
25.50
25.50
24.30
24.30
22.43
22.43
21.18
21.18
19.81
19.81
21.94
21.94
21.43
21.43
24.62
24.62
25.21
25.21
25.92
25.92
23.05
23.05
22.49
22.49
23.27
23.27
23.28
23.28
22.59
22.59
28.44
28.44
28.26
28.26
27.47
27.47
21.24
21.24
23.73
23.73
23.96
23.96
20.27
20.27
21.62
21.62
22.43
22.43
26.59
26.59
25.18
25.18
20.92
20.92
20.75
20.75
22.94
22.94
22.24
22.24
21.94
21.94
22.74
22.74
28.85
28.85
25.49
25.49
23.42
23.42
22.10
22.10
22.68
22.68
19.81
19.81
22.76
22.76
36.74
36.74
25.80
25.80
25.80
21.72
21.72
23.12
23.12
22.32
22.32
21.60
21.60
22.36
22.36
24.03
24.03
27.47
27.47
40.23
40.23
36.79
36.79
23.33
23.33
23.33
21.59
21.59
21.27
21.27
19.70
19.70
24.01
24.01
27.38
27.38
25.95
25.95
20.24
20.24
21.15
21.15
22.16
22.16
21.31
21.31
23.50
23.50
22.26
22.26
23.00
23.00
24.46
24.46
21.60
21.60
22.14
22.14
18.34
18.34
21.89
21.89
21.97
21.97
24.21
24.21
44.53
44.53
44.92
44.92
36.74
36.74
24.52
24.52
24.52
20.10
20.10
31.40
31.40
44.18
44.18
41.96
41.96
28.38
28.38
28.38
24.20
24.20
19.65
19.65
21.29
21.29
24.44
24.44
23.33
23.33
24.31
24.31
26.27
26.27
25.75
25.75
24.60
24.60
22.56
22.56
25.03
25.03
25.79
25.79
20.75
20.75
22.80
22.80
28.24
28.24
26.74
26.74
21.27
21.27
24.15
24.15
22.17
22.17
22.56
22.56
21.20
21.20
21.38
21.38
25.57
25.57
24.21
24.21
22.21
22.21
20.70
20.70
20.56
20.56
22.10
22.10
21.37
21.37
23.27
23.27
25.62
25.62
24.41
24.41
20.56
20.56
20.97
20.97
22.30
22.30
20.56
20.56
21.92
21.92
21.38
21.38
25.58
25.58
21.88
21.88
20.57
20.57
19.72
19.72
23.38
23.38
20.08
20.08
21.57
21.57
34.65
34.65
26.71
26.71
26.71
23.97
23.97
22.84
22.84
19.64
19.64
21.57
21.57
20.33
20.33
23.84
23.84
24.70
24.70
32.79
32.79
23.33
23.33
23.98
23.98
21.97
21.97
21.56
21.56
21.73
21.73
20.05
20.05
23.67
23.67
24.95
24.95
23.65
23.65
21.24
21.24
19.99
19.99
23.25
23.25
32.19
32.19
25.91
25.91
44.47
44.47
36.59
36.59
32.36
32.36
48.39
48.39
38.40
38.40
39.66
39.66
47.78
47.78
48.02
48.02
48.02
50.00
50.00
50.00
50.00
44.46
44.46
40.24
40.24
42.86
42.86
40.21
40.21
32.00
32.00
32.00
27.16
27.16
26.92
26.92
38.30
50.95
45.06
51.20
51.20
57.29
57.29
57.29
49.56
54.65
54.65
54.65
54.65
38.34
38.34
35.58
35.58
42.31
42.31
42.31
44.79
44.79
44.79
44.79
38.89
38.89
38.89
39.21
39.21
37.70
37.70
33.30
33.30
38.02
38.02
42.78
42.78
31.74
31.74
31.74
29.60
29.60
32.79
32.79
32.08
32.08
32.78
32.78
33.49
33.49
31.73
31.73
32.12
32.12
31.77
31.77
33.40
33.40
31.16
31.16
34.33
34.33
31.04
31.04
28.52
28.52
29.67
29.67
31.86
31.86
47.19
47.19
31.95
31.95
34.24
34.24
43.20
43.20
39.24
39.24
37.60
37.60
37.89
45.18
45.18
45.18
47.08
47.08
47.01
47.01
37.07
37.07
32.30
32.30
26.50
26.50
26.50
25.10
25.10
