10.834755584
10.834755584
10.8388352
10.8388352
10.838851584
10.838851584
10.838441984
10.838441984
10.897539072
10.897539072
10.897539072
10.897539072
10.92452352
10.92452352
10.92452352
10.925391872
10.925391872
10.922786816
10.922786816
10.92337664
10.92337664
10.916315136
10.899472384
10.899472384
10.88831488
10.88831488
10.88831488
10.863181824
10.863181824
10.86111744
10.86111744
10.86111744
10.856267776
10.856267776
10.857136128
10.857136128
10.857136128
10.857136128
10.867949568
10.867949568
10.868752384
10.868752384
10.868850688
10.868850688
10.868670464
10.868670464
10.868670464
10.868670464
10.868293632
10.868293632
10.86840832
10.86840832
10.86840832
10.86840832
10.86840832
10.86840832
10.86840832
10.86840832
10.834100224
10.834100224
10.834067456
10.834067456
10.832953344
10.832953344
10.832592896
10.832592896
10.832592896
10.832592896
10.83006976
10.83006976
10.825695232
10.825695232
10.824876032
10.824876032
10.824630272
10.824630272
10.823712768
10.823712768
10.823729152
10.823729152
10.823532544
10.823532544
10.8634112
10.8634112
10.863689728
10.863689728
10.864181248
10.864181248
10.864050176
10.864050176
10.861477888
10.861477888
10.862166016
10.862166016
10.859855872
10.859855872
10.859790336
10.859790336
10.85865984
10.85865984
10.853777408
10.853777408
10.851811328
10.851811328
10.851172352
10.851172352
10.85063168
10.85063168
10.834788352
10.834788352
10.836180992
10.836180992
10.830774272
10.830774272
10.830987264
10.830987264
10.87102976
10.87102976
10.871701504
10.871701504
10.871881728
10.871881728
10.870112256
10.870112256
10.867326976
10.867326976
10.858643456
10.858643456
10.860527616
10.860527616
10.86365696
10.86365696
10.866720768
10.866720768
10.866720768
10.871570432
10.871570432
10.872143872
10.872143872
10.874748928
10.874748928
10.871406592
10.871406592
10.872438784
10.872438784
10.870652928
10.870652928
10.871095296
10.871095296
10.87225856
10.87225856
10.867785728
10.867785728
10.86840832
10.86840832
10.86840832
10.86840832
10.868310016
10.868310016
10.870030336
10.870030336
10.87021056
10.87021056
10.87021056
10.87021056
10.87021056
10.87021056
10.870145024
10.870145024
10.87045632
10.87045632
10.879696896
10.879696896
10.879746048
10.879746048
10.879336448
10.879336448
10.880253952
10.880253952
10.880516096
10.880516096
10.874683392
10.874683392
10.874683392
10.874683392
10.874683392
10.874683392
10.873438208
10.873438208
10.87348736
10.87348736
10.873503744
10.873503744
10.873602048
10.873602048
10.874503168
10.874503168
10.874896384
10.874896384
10.875666432
10.875666432
10.875666432
10.875666432
10.878582784
10.878582784
10.877403136
10.877403136
10.859282432
10.859282432
10.856235008
10.856235008
10.85612032
10.85612032
10.845192192
10.845192192
10.84276736
10.84276736
10.842865664
10.842865664
10.842865664
10.842865664
10.842865664
10.842865664
10.842865664
10.842865664
10.84235776
10.84235776
10.842505216
10.842505216
10.84276736
10.84276736
10.84284928
10.84284928
10.83375616
10.83375616
10.817961984
10.817961984
10.818011136
10.818011136
10.816094208
10.816094208
10.815602688
10.815602688
10.832560128
10.832560128
10.834853888
10.834853888
10.835673088
10.835673088
10.835853312
10.835853312
10.83580416
10.83580416
10.844274688
10.844274688
10.844356608
10.844356608
10.844061696
10.844061696
10.844061696
10.844061696
10.844061696
10.844061696
10.844061696
10.844061696
10.840932352
10.840932352
10.840080384
10.840080384
10.840702976
10.840702976
10.839883776
10.839883776
10.842636288
10.842636288
10.8417024
10.8417024
10.84284928
10.84284928
10.844225536
10.844225536
10.860969984
10.860969984
10.861051904
10.861051904
10.861297664
10.861297664
10.862690304
10.862690304
10.862641152
10.862641152
10.852286464
10.852286464
10.867703808
10.867703808
10.867703808
10.867392512
10.867392512
10.868670464
10.868670464
10.86291968
10.86291968
10.854989824
10.854989824
10.854940672
10.854940672
10.854629376
10.854629376
10.854023168
10.854023168
10.853957632
10.853957632
10.853433344
10.853433344
10.853433344
10.853433344
10.85415424
10.85415424
10.854219776
10.854219776
10.854744064
10.854744064
10.854187008
10.854187008
10.854006784
10.854006784
10.854383616
10.854383616
10.853433344
10.853433344
10.853761024
10.853761024
10.853761024
10.853761024
10.853761024
10.853761024
10.853695488
10.853695488
10.852548608
10.852548608
10.853400576
10.853400576
10.849386496
10.849386496
10.849337344
10.849337344
10.849222656
10.849222656
10.849206272
10.849206272
10.850009088
10.850009088
10.851024896
10.851024896
10.85038592
10.85038592
10.853203968
10.853203968
10.853203968
10.853203968
10.853203968
10.853203968
10.853203968
10.853203968
10.851909632
10.851909632
10.851975168
10.851975168
10.85210624
10.85210624
10.851811328
10.851811328
10.850435072
10.850435072
10.849992704
10.849992704
10.847797248
10.847797248
10.847977472
10.847977472
10.847977472
10.847977472
10.847977472
10.847977472
10.754326528
10.754326528
10.719756288
10.719756288
10.744676352
10.744676352
10.746691584
10.746691584
10.7466752
10.7466752
10.744037376
10.744037376
10.75314688
10.75314688
10.75298304
10.75298304
10.75290112
10.75290112
10.751934464
10.751934464
10.752589824
10.752589824
10.748362752
10.748362752
10.689642496
10.689642496
10.689527808
10.689527808
10.69498368
10.69498368
10.694885376
10.694885376
10.696146944
10.696146944
10.69654016
10.69654016
10.69654016
10.69654016
10.69654016
10.69654016
10.679533568
10.679533568
10.692427776
10.692427776
10.692411392
10.692411392
10.692493312
10.692493312
10.692509696
10.692509696
10.696409088
10.696409088
10.694344704
10.694344704
10.694344704
10.694344704
10.694344704
10.694344704
10.694344704
10.694344704
10.693132288
10.693132288
10.692083712
10.692083712
10.691510272
10.691510272
10.690772992
10.690772992
10.691117056
10.691117056
10.691723264
10.691723264
10.692214784
10.692214784
10.692476928
10.692476928
10.693033984
10.693033984
10.692378624
10.692378624
10.692050944
10.692050944
10.694770688
10.694770688
10.696081408
10.696081408
10.69637632
10.69637632
10.696359936
10.696359936
10.696327168
10.696327168
10.69645824
10.69645824
10.692083712
10.692083712
10.691772416
10.691772416
10.691362816
10.691362816
10.691936256
10.691936256
10.692345856
10.692345856
10.692313088
10.692313088
10.69228032
10.69228032
10.68785664
10.68785664
10.687741952
10.687741952
10.6881024
10.6881024
10.688036864
10.688036864
10.688282624
10.688282624
10.688315392
10.688315392
10.688380928
10.688380928
10.68826624
10.68826624
10.687987712
10.687987712
10.68834816
10.68834816
10.688626688
10.688626688
10.688954368
10.688954368
10.688954368
10.688954368
10.688987136
10.688987136
10.688856064
10.688856064
10.688872448
10.688872448
10.68875776
10.68875776
10.689609728
10.689609728
10.68924928
10.68924928
10.689363968
10.689363968
10.689380352
10.689380352
10.689478656
10.689478656
10.689363968
10.689363968
10.689462272
10.689462272
10.689363968
10.689363968
10.689216512
10.689216512
10.692214784
10.692214784
10.692427776
10.692427776
10.692427776
10.692427776
10.692542464
10.692542464
10.69293568
10.69293568
10.688053248
10.688053248
10.684628992
10.684628992
10.682761216
10.682761216
10.682728448
10.682728448
10.679451648
10.679451648
10.67900928
10.67900928
10.67900928
10.67900928
10.67900928
10.67900928
10.675011584
10.675011584
10.674225152
10.674225152
10.673455104
10.673455104
10.65975808
10.65975808
10.659250176
10.659250176
10.657415168
10.657415168
10.670391296
10.670391296
10.669981696
10.669981696
10.669981696
10.669981696
10.669981696
10.669981696
10.675470336
10.675470336
10.675552256
10.675552256
10.676371456
10.676371456
10.676371456
10.676371456
10.676371456
10.676371456
10.67737088
10.67737088
10.67311104
10.67311104
10.673143808
10.673143808
10.673143808
10.673143808
10.673143808
10.673143808
10.682433536
10.682433536
10.682466304
10.682466304
10.682466304
10.682466304
10.682466304
10.682466304
10.682466304
10.682466304
10.679877632
10.679877632
10.679877632
10.679877632
10.679877632
10.679877632
10.679877632
10.679877632
10.679877632
10.679877632
10.679074816
10.679074816
10.67917312
10.67917312
10.67941888
10.67941888
10.67941888
10.67941888
10.679156736
10.679156736
10.677239808
10.677239808
10.68171264
10.68171264
10.687004672
10.687004672
10.687545344
10.687545344
10.68761088
10.68761088
10.687184896
10.687184896
10.68949504
10.68949504
10.68949504
10.68949504
10.688151552
10.688151552
10.688380928
10.688380928
10.68867584
10.68867584
10.687758336
10.687758336
10.68515328
10.68515328
10.698883072
10.698883072
10.698211328
10.698211328
10.699341824
10.699341824
10.699341824
10.69932544
10.69932544
10.698407936
10.698407936
10.682220544
10.682220544
10.682220544
10.682220544
10.682220544
10.682220544
10.682220544
10.682220544
10.664230912
10.664230912
10.66418176
10.66418176
10.663821312
10.663821312
10.66319872
10.66319872
10.66319872
10.66319872
10.668818432
10.668818432
10.668130304
10.668130304
10.667802624
10.667802624
10.847895552
10.847895552
10.844258304
10.844258304
10.867458048
10.867458048
10.966695936
10.966695936
10.966695936
10.966695936
11.073536
11.073536
11.064967168
11.064967168
11.012636672
11.012636672
11.010981888
11.010981888
11.008688128
11.008688128
10.979999744
10.979999744
10.949165056
10.949165056
10.950180864
10.950180864
10.946953216
10.946953216
10.940432384
10.940432384
10.93951488
10.93951488
10.93951488
10.93951488
10.93951488
10.938482688
10.938482688
10.92222976
10.92222976
10.915987456
10.915987456
10.912628736
10.912628736
10.91076096
10.91076096
10.909925376
10.909925376
10.907926528
10.907926528
10.899259392
10.899259392
10.895507456
10.895507456
10.895589376
10.895589376
10.863591424
10.863591424
10.84137472
10.84137472
10.84137472
10.84137472
10.841587712
10.841587712
10.841063424
10.841063424
10.841243648
10.841243648
10.841243648
10.841243648
10.841243648
10.841243648
10.841243648
10.841243648
10.842374144
10.842374144
10.833051648
10.833051648
10.83326464
10.83326464
10.83326464
10.83326464
10.83326464
10.83326464
10.83686912
10.83686912
10.834149376
10.834149376
10.83441152
10.83441152
10.814734336
10.814734336
10.814554112
10.814554112
10.813898752
10.813898752
10.813669376
10.813669376
10.810949632
10.810949632
10.803396608
10.803396608
10.803396608
10.803396608
10.796630016
10.796630016
10.807558144
10.807558144
10.807558144
10.872455168
10.872455168
10.887118848
10.887118848
10.913808384
10.913808384
10.91936256
10.91936256
10.917199872
10.917199872
10.883514368
10.883514368
10.883514368
10.883989504
10.883989504
10.88282624
10.88282624
10.8843008
10.8843008
10.883825664
10.883825664
10.851500032
10.851500032
10.850091008
10.850091008
10.848075776
10.848075776
10.848075776
10.848075776
10.848075776
10.848075776
10.848075776
10.848075776
10.862608384
10.862608384
10.863296512
10.863296512
10.870980608
10.870980608
10.86988288
10.86988288
10.86988288
10.851565568
10.851565568
10.8187648
10.8187648
10.805018624
10.805018624
10.805018624
10.805018624
10.805018624
10.805018624
10.802069504
10.802069504
10.802069504
10.802069504
10.802069504
10.802069504
10.802069504
10.802069504
10.802069504
10.878222336
10.879926272
10.84555264
10.84555264
10.85177856
11.083743232
11.083743232
11.083743232
11.0772224
11.0772224
11.0772224
11.055235072
11.055235072
11.055235072
11.055235072
11.061444608
11.061444608
11.059478528
11.059478528
10.949394432
10.949394432
10.950295552
10.950295552
10.926833664
10.926833664
10.926833664
10.932076544
10.932076544
10.933059584
10.933059584
10.930077696
10.930077696
10.9113344
10.9113344
10.93935104
10.93935104
10.92747264
10.92747264
10.911842304
10.911842304
10.91190784
10.91190784
10.91190784
10.909761536
10.909761536
10.909171712
10.909171712
10.909171712
10.909171712
10.909171712
10.909171712
10.909171712
10.909171712
10.84833792
10.84833792
10.848616448
10.848616448
10.850271232
10.850271232
10.8331008
10.8331008
10.83203584
10.83203584
10.825678848
10.825678848
10.845487104
10.845487104
10.846306304
10.846306304
10.845569024
10.845569024
10.798235648
10.798235648
10.797678592
10.797678592
10.832969728
10.832969728
10.824384512
10.824384512
10.829398016
10.829398016
10.82925056
10.82925056
10.838212608
10.838212608
10.839179264
10.839179264
10.83727872
10.83727872
10.828464128
10.828464128
10.982473728
10.982473728
10.91371008
10.862592
10.862592
10.862592
10.84710912
10.84710912
10.84710912
10.803789824
10.803789824
10.75060736
10.75060736
10.75060736
10.723459072
10.723459072
10.723803136
10.723803136
10.718265344
10.718265344
10.714218496
10.714218496
10.69989888
10.69989888
10.700111872
10.700111872
10.698784768
10.698784768
10.698784768
10.698784768
10.696998912
10.696998912
10.677223424
10.677223424
10.676928512
10.676928512
10.677059584
10.677059584
10.674864128
10.674864128
10.674159616
10.674159616
10.67466752
10.67466752
10.67466752
10.67466752
10.67466752
10.67466752
10.672357376
10.672357376
10.673537024
10.673537024
10.67343872
10.67343872
10.673618944
10.673618944
10.673618944
10.673618944
10.668949504
10.668949504
10.6684416
10.6684416
10.668802048
10.668802048
10.66868736
10.66868736
10.668785664
10.668785664
10.68679168
10.68679168
10.686070784
10.686070784
10.686939136
10.686939136
10.686939136
10.686939136
10.686939136
10.686939136
10.681319424
10.681319424
10.681352192
10.681352192
10.676322304
10.676322304
10.67589632
10.67589632
10.675912704
10.675912704
10.676289536
10.676289536
10.675601408
10.675601408
10.675224576
10.675224576
10.675519488
10.675519488
10.674405376
10.674405376
10.669817856
10.669817856
10.666606592
10.666606592
10.66655744
10.66655744
10.673618944
10.673618944
10.673733632
10.673733632
10.673307648
10.673307648
10.67360256
10.67360256
10.67360256
10.67360256
10.67360256
10.67360256
10.666328064
10.666328064
10.666082304
10.666082304
10.666213376
10.666213376
10.666213376
10.666213376
10.666213376
10.666213376
10.664886272
10.664886272
10.664951808
10.664951808
10.664951808
10.664951808
10.664951808
10.664951808
10.664951808
10.664951808
10.66254336
10.66254336
10.664050688
10.664050688
10.664050688
10.664493056
10.664493056
10.664493056
10.667065344
10.667065344
10.66663936
10.66663936
10.667851776
10.667851776
10.666409984
10.666409984
10.666442752
10.666442752
10.648436736
10.648436736
10.648338432
10.648338432
10.648387584
10.648387584
10.648420352
10.648420352
10.648518656
10.648518656
10.648551424
10.648551424
10.648469504
10.648469504
10.648338432
10.648338432
10.69432832
10.69432832
10.69432832
10.69432832
10.679681024
10.679681024
10.679697408
10.679697408
10.679795712
10.679795712
10.679795712
10.679795712
10.679795712
10.679795712
10.665443328
10.665443328
10.665443328
10.665443328
10.665443328
10.665443328
10.665443328
10.665443328
10.665443328
10.665443328
10.683334656
10.683334656
10.68261376
10.68261376
10.683006976
10.683006976
10.676502528
10.676502528
10.676174848
10.676174848
10.676076544
10.676076544
10.67614208
10.67614208
10.676486144
10.676486144
10.676322304
10.676322304
10.676125696
10.676125696
10.676207616
10.676207616
10.676600832
10.676600832
10.67646976
10.67646976
10.683908096
10.683908096
10.683908096
10.683908096
10.683973632
10.683973632
10.68408832
10.68408832
10.68408832
10.68408832
10.68408832
10.68408832
10.68408832
10.68408832
10.678091776
10.678091776
10.677190656
10.677190656
10.674274304
10.814128128
10.814128128
10.814128128
10.847780864
10.847780864
10.83121664
10.83121664
10.897539072
10.897539072
10.892541952
10.892541952
10.86464
10.86464
10.84850176
10.84850176
10.847813632
10.847813632
10.847453184
10.847453184
10.847453184
10.75617792
10.75617792
10.755457024
10.755457024
10.752049152
10.752049152
10.750214144
10.750214144
10.724507648
10.724507648
10.719854592
10.719854592
10.720772096
10.720772096
10.720772096
10.717741056
10.717741056
10.721263616
10.721263616
10.721263616
10.721263616
10.721263616
10.721263616
10.735419392
10.735419392
10.73512448
10.73512448
10.727620608
10.727620608
10.727292928
10.727292928
10.714742784
10.714742784
10.713628672
10.713628672
10.716954624
10.716954624
10.704175104
10.704175104
10.717036544
10.717036544
10.717036544
10.717036544
10.71702016
10.71702016
10.71702016
10.71489024
10.71489024
10.714677248
10.714677248
10.714611712
10.714611712
10.714939392
10.714939392
10.716053504
10.716053504
10.71611904
10.71611904
10.71357952
10.71357952
10.713513984
10.713513984
10.710188032
10.710188032
10.710007808
10.710007808
10.71005696
10.71005696
10.708566016
10.708566016
10.708566016
10.708566016
10.71136768
10.71136768
10.72611328
10.72611328
10.726309888
10.726309888
10.726424576
10.726424576
10.725097472
10.725097472
10.7184128
10.7184128
10.716463104
10.716463104
10.718838784
10.718838784
10.718887936
10.718887936
10.7188224
10.7188224
10.718887936
10.718887936
10.718969856
10.718969856
10.71661056
10.71661056
10.7483136
10.7483136
10.749968384
10.749968384
10.747297792
10.747297792
10.747625472
10.747625472
10.747625472
10.755293184
10.755293184
10.755293184
10.755293184
10.755293184
10.755293184
10.714349568
10.714349568
10.714529792
10.714529792
10.705616896
10.705616896
10.707943424
10.707943424
10.707943424
10.707943424
10.70784512
10.70784512
10.7065344
10.7065344
10.70358528
10.70358528
10.703323136
10.703323136
10.705846272
10.705846272
10.70555136
10.70555136
10.705453056
10.705453056
10.69645824
10.69645824
10.698719232
10.698719232
10.698326016
10.698326016
10.698539008
10.698539008
10.695983104
10.695983104
10.692100096
10.692100096
10.689298432
10.689298432
10.68883968
10.68883968
10.68843008
10.68843008
10.688004096
10.688004096
10.68785664
10.68785664
10.687758336
10.687758336
10.687561728
10.687561728
10.686857216
10.686857216
10.684923904
10.684923904
10.684923904
10.684923904
10.684923904
10.684923904
10.684923904
10.684923904
10.65918464
10.65918464
10.658627584
10.658627584
10.657038336
10.657038336
10.656612352
10.656612352
10.656858112
10.656858112
10.648633344
10.648633344
10.648928256
10.648928256
10.648911872
10.648911872
10.648485888
10.648485888
10.648682496
10.648682496
10.686464
10.686464
10.687152128
10.687152128
10.699276288
10.699276288
10.699276288
10.699276288
10.699276288
10.699276288
10.702700544
10.702700544
10.70063616
10.70063616
10.701176832
10.701176832
10.701176832
10.701176832
10.701176832
10.701176832
10.69473792
10.69473792
10.69318144
10.69318144
10.693050368
10.693050368
10.693066752
10.693066752
10.693066752
10.693066752
10.689839104
10.689839104
10.689642496
10.689642496
10.687660032
10.687660032
10.685628416
10.685628416
10.681565184
10.681565184
10.680877056
10.680877056
10.681745408
10.681745408
10.666983424
10.666983424
10.666950656
10.666950656
10.666000384
10.666000384
10.672062464
10.672062464
10.689757184
10.689757184
10.68924928
10.68924928
10.704945152
10.704945152
10.705076224
10.705076224
10.705289216
10.705289216
10.705649664
10.705649664
10.703060992
10.703060992
10.703060992
10.703060992
10.703060992
10.703060992
10.691919872
10.691919872
10.6917888
10.6917888
10.6917888
10.6917888
10.6917888
10.6917888
10.6917888
10.6917888
10.693115904
10.693115904
10.692706304
10.692706304
10.678730752
10.678730752
10.678337536
10.678337536
10.66508288
10.66508288
10.694852608
10.694852608
10.695114752
10.695114752
10.694377472
10.694377472
10.69654016
10.69654016
10.696556544
10.696556544
10.696638464
10.696638464
10.695589888
10.695589888
10.69531136
10.69531136
10.69531136
10.695344128
10.695344128
10.694787072
10.694787072
10.693623808
10.693623808
10.693787648
10.693787648
10.678009856
10.678009856
10.677338112
10.677338112
10.677239808
10.677239808
10.67368448
10.67368448
10.672914432
10.672914432
10.67245568
10.67245568
10.67245568
10.671210496
10.671210496
10.670211072
10.670211072
10.668392448
10.668392448
10.668146688
10.668146688
10.666606592
10.666606592
10.665754624
10.665754624
10.665181184
10.665181184
10.664116224
10.664116224
10.66287104
10.66287104
10.660102144
10.660102144
10.656169984
10.656169984
10.655924224
10.655924224
10.655285248
10.655285248
10.654875648
10.654875648
10.654613504
10.654613504
10.653908992
10.653908992
10.65353216
10.65353216
10.651828224
10.651828224
10.680614912
10.680614912
10.680582144
10.680582144
10.693001216
10.693001216
10.692755456
10.692755456
10.692919296
10.692919296
10.695737344
10.695737344
10.695737344
10.69572096
10.69572096
10.697506816
10.697506816
10.703306752
10.703306752
10.718314496
10.718314496
10.718183424
10.718183424
10.718183424
10.725376
10.725376
10.717970432
10.717970432
10.71767552
10.71767552
10.716135424
10.716135424
10.714595328
10.714595328
10.7057152
10.7057152
10.703241216
10.703241216
10.700980224
10.700980224
10.701520896
10.701520896
10.701520896
10.701520896
10.701520896
10.701520896
10.684809216
10.684809216
10.685382656
10.685382656
10.687709184
10.687709184
10.687741952
10.687741952
10.686431232
10.686431232
10.684973056
10.684973056
10.684923904
10.684923904
10.684104704
10.684104704
10.68384256
10.68384256
10.674143232
10.674143232
10.663018496
10.663018496
10.66131456
10.66131456
10.661003264
10.661003264
10.660446208
10.660446208
10.659643392
10.659643392
10.659282944
10.659282944
10.658676736
10.658676736
10.656694272
10.656694272
10.685923328
10.685923328
10.685923328
10.685923328
10.685759488
10.685759488
10.685710336
10.685710336
10.685792256
10.685792256
10.682974208
10.682974208
10.6807296
10.6807296
10.680385536
10.680385536
10.68015616
10.68015616
10.68015616
10.68015616
10.68015616
10.68015616
10.68015616
10.68015616
10.684301312
10.684301312
10.684104704
10.684104704
10.680500224
10.680500224
10.675830784
10.675830784
10.675830784
10.675830784
10.66426368
10.66426368
10.66426368
10.644652032
10.644652032
10.644455424
10.644455424
10.644422656
10.644422656
10.641850368
10.641850368
10.64280064
10.64280064
10.642948096
10.642948096
10.64321024
10.64321024
10.641358848
10.641358848
10.64132608
10.64132608
10.646126592
10.646126592
10.64624128
10.64624128
10.646224896
10.646224896
10.64624128
10.64624128
10.646274048
10.646274048
10.6463232
10.6463232
10.644242432
10.644242432
10.643423232
10.643423232
10.643439616
10.643439616
10.643406848
10.643406848
10.643030016
10.643030016
10.80991744
10.80991744
10.809491456
10.809491456
10.803068928
10.803068928
10.80778752
10.80778752
10.80778752
10.80778752
10.80778752
10.80778752
10.80778752
10.80778752
10.811654144
10.811654144
10.808410112
10.808410112
10.808410112
10.808410112
10.808410112
10.808410112
10.808410112
10.78116352
10.78116352
10.783719424
10.783719424
10.772037632
10.772037632
10.7655168
10.7655168
10.758356992
10.758356992
10.74208768
10.74208768
10.74208768
10.740006912
10.740006912
10.734239744
10.734239744
10.734075904
10.807246848
10.826317824
10.926424064
10.926424064
10.831691776
10.831691776
10.831691776
10.939793408
10.927013888
10.927013888
10.927013888
10.927013888
10.932912128
10.932912128
10.949132288
10.949132288
10.919706624
10.919706624
10.919706624
10.96736768
10.96736768
10.96736768
10.96736768
10.922819584
10.922819584
10.922819584
10.911793152
10.911793152
10.936909824
10.936909824
10.913284096
10.913284096
10.914545664
10.914545664
10.898898944
10.898898944
10.895261696
10.895261696
10.895261696
10.893590528
10.893590528
10.883940352
10.883940352
10.882367488
10.882367488
10.812588032
10.812588032
10.812588032
10.812588032
10.812588032
10.812588032
10.812588032
10.812588032
10.781065216
10.781065216
10.752376832
10.752376832
10.751770624
10.751770624
10.751770624
10.751770624
10.751770624
10.751770624
10.737664
10.737664
10.718461952
10.718461952
10.726998016
10.726998016
10.727735296
10.727735296
10.727735296
10.727735296
10.749116416
10.749116416
10.874601472
10.874601472
10.832658432
10.832658432
10.824155136
10.824155136
10.735009792
10.75167232
10.75167232
10.75167232
10.75167232
10.75167232
10.772676608
10.772676608
10.77133312
10.77133312
10.739859456
10.739859456
10.739859456
10.739859456
10.739859456
10.739859456
10.739859456
