0.10191617906093597,1
0.044580455869436264,1
0.06496190279722214,1
0.4108762741088867,1
0.04988373443484306,1
0.28037890791893005,1
0.17253874242305756,1
0.017886312678456306,1
0.08584988862276077,1
0.0541502982378006,1
0.02608693763613701,1
0.05878780037164688,1
0.08478423207998276,1
0.04661375284194946,1
0.0717281624674797,1
0.04939046874642372,1
0.09463845193386078,1
0.10820189863443375,1
0.06987743079662323,1
0.09056362509727478,1
0.06672508269548416,1
0.27632737159729004,1
0.08810831606388092,1
0.05471627414226532,1
0.03188318759202957,1
0.1054275780916214,1
0.03852413594722748,1
0.040161632001399994,1
0.024613646790385246,1
0.10900489240884781,1
0.08993050456047058,1
0.09090754389762878,1
0.14576292037963867,1
0.08630050718784332,1
0.1720508486032486,1
0.017179174348711967,1
0.0731118693947792,1
0.10163426399230957,1
0.06379716098308563,1
0.09166190773248672,1
0.037070125341415405,1
0.19866687059402466,1
0.046115126460790634,1
0.08333344757556915,1
0.13328474760055542,1
0.029738688841462135,1
0.04517446458339691,1
0.06096244230866432,1
0.04865489900112152,1
0.25755223631858826,1
0.05676509439945221,1
0.046844661235809326,1
0.05882508307695389,1
0.2387562394142151,1
0.13100171089172363,1
0.2512027323246002,1
0.11478691548109055,1
0.33078262209892273,1
0.03019590489566326,1
0.01746450364589691,1
0.09793317317962646,1
0.2049124538898468,1
0.05237484723329544,1
0.25982481241226196,1
0.06502936035394669,1
0.17334704101085663,1
0.034563325345516205,1
0.03431262448430061,1
0.1158672571182251,1
0.03942404314875603,1
0.08600637316703796,1
0.29569295048713684,1
0.3301074206829071,1
0.04492771625518799,1
0.14754699170589447,1
0.13198953866958618,1
0.08869742602109909,1
0.07910136133432388,1
0.1978311985731125,1
0.3725656569004059,1
0.02976917289197445,1
0.034985728561878204,1
0.14419323205947876,1
0.14470553398132324,1
0.3077501058578491,1
0.10857192426919937,1
0.032121554017066956,1
0.20608431100845337,1
0.0827183797955513,1
0.06515968590974808,1
0.2316266894340515,1
0.09286148101091385,1
0.20363005995750427,1
0.45471975207328796,1
0.26166942715644836,1
0.2566618323326111,1
0.05499836057424545,1
0.06093371659517288,1
0.04330143332481384,1
0.19286641478538513,1
0.028133321553468704,1
0.059519484639167786,1
0.1235850602388382,1
0.13245977461338043,1
0.03357865661382675,1
0.07922056317329407,1
0.11716211587190628,1
0.10009581595659256,1
0.2310917228460312,1
0.11084187030792236,1
0.037894174456596375,1
0.2691171169281006,1
0.16925132274627686,1
0.21461421251296997,1
0.07681714743375778,1
0.14495715498924255,1
0.2370048612356186,1
0.18935838341712952,1
0.02156464010477066,1
0.06278306245803833,1
0.23403048515319824,1
0.1505669355392456,1
0.03520099073648453,1
0.11065790802240372,1
0.11939465999603271,1
0.09510810673236847,1
0.06800847500562668,1
0.04141777381300926,1
0.024417763575911522,1
0.05614707991480827,1
0.03619488701224327,1
0.013246539048850536,1
0.05209874361753464,1
0.41490355134010315,1
0.051915787160396576,1
0.07951991260051727,1
0.034540314227342606,1
0.08165806531906128,1
0.022429727017879486,1
0.3897908926010132,1
0.11465145647525787,1
0.2151109278202057,1
0.1362990140914917,1
0.09078036993741989,1
0.06058303266763687,1
0.025572333484888077,1
0.10995262861251831,1
0.07300381362438202,1
0.08702808618545532,1
0.10101724416017532,1
0.15138301253318787,1
0.21308153867721558,1
0.2606211304664612,1
0.07296156883239746,1
0.042911939322948456,1
0.07404690980911255,1
0.05441931635141373,1
0.03819883614778519,1
0.09375550597906113,1
0.11372982710599899,1
0.23150336742401123,1
0.11002956330776215,1
0.06288762390613556,1
0.07005003839731216,1
0.1292303204536438,1
0.061588387936353683,1
0.07864498347043991,1
0.3110671043395996,1
0.27322492003440857,1
0.20816761255264282,1
0.051709696650505066,1
0.06595326215028763,1
0.19147233664989471,1
0.09468752890825272,1
0.10357987135648727,1
0.024373266845941544,1
0.08498416841030121,1
0.38083401322364807,1
0.03058820776641369,1
0.12416068464517593,1
0.0571676567196846,1
0.2225206047296524,1
0.02480311505496502,1
0.32969728112220764,1
0.15381208062171936,1
0.04109764099121094,1
0.034400783479213715,1
0.0400850772857666,1
0.16614845395088196,1
0.148469477891922,1
0.111464723944664,1
0.06783132255077362,1
0.11667334288358688,1
0.08403027802705765,1
0.08298496156930923,1
0.2920840382575989,1
0.09534451365470886,1
0.05246683582663536,1
0.05786197632551193,1
0.2887469530105591,1
0.0883028581738472,1
0.6323157548904419,1
0.16876471042633057,1
0.11455032229423523,1
0.03196209296584129,1
0.03756673261523247,1
0.4517110586166382,1
0.2670380473136902,1
0.04627165198326111,1
0.3244509696960449,1
0.13288471102714539,1
0.08177533745765686,1
0.10361717641353607,1
0.046208705753088,1
0.03579486161470413,1
0.10070006549358368,1
0.06142450124025345,1
0.24864649772644043,1
0.10836028307676315,1
0.23066748678684235,1
0.052100904285907745,1
0.02686326764523983,1
0.12109026312828064,1
0.057465650141239166,1
0.12634658813476563,1
0.0922837033867836,1
0.14128902554512024,1
0.05846726894378662,1
0.1431366503238678,1
0.05130480229854584,1
0.09140576422214508,1
0.08580876886844635,1
0.07683148235082626,1
0.02192932553589344,1
0.04666028171777725,1
0.1226564571261406,1
0.04243243485689163,1
0.14666025340557098,1
0.13057109713554382,1
0.0900910347700119,1
0.055476441979408264,1
0.18957458436489105,1
0.18282613158226013,1
0.08881846070289612,1
0.12028048932552338,1
0.0172408614307642,1
0.22458899021148682,1
0.06950242072343826,1
0.12475445866584778,1
0.04008413106203079,1
0.07366117835044861,1
0.5489859580993652,1
0.3061918020248413,1
0.17743882536888123,1
0.07722483575344086,1
0.4008154273033142,1
0.050251200795173645,1
0.14631831645965576,1
0.022048430517315865,1
0.04085804894566536,1
0.030153661966323853,1
0.027082087472081184,1
0.0344676673412323,1
0.060301583260297775,1
0.23317071795463562,1
0.07599078863859177,1
0.2163398712873459,1
0.12204447388648987,1
0.186292827129364,1
0.047992050647735596,1
0.4099082946777344,1
0.0710504874587059,1
0.020383477210998535,1
0.13363789021968842,1
0.11898345500230789,1
0.19973701238632202,1
0.04936946928501129,1
0.2145579308271408,1
0.2944276034832001,1
0.04516429454088211,1
0.07567209750413895,1
0.22758758068084717,1
0.30491259694099426,1
0.05010426416993141,1
0.14105400443077087,1
0.055479370057582855,1
0.08179524540901184,1
0.09853900969028473,1
0.22548487782478333,1
0.11947576701641083,1
0.13443809747695923,1
0.2517297565937042,1
0.10767953097820282,1
0.19943717122077942,1
0.21412889659404755,1
0.06894665956497192,1
0.19089600443840027,1
0.3112494647502899,1
0.23700714111328125,1
0.18749095499515533,1
0.3618471026420593,1
0.286100298166275,1
0.03480600565671921,1
0.08313262462615967,1
0.03257958963513374,1
0.1021825522184372,1
0.12895631790161133,1
0.30771180987358093,1
0.08022972196340561,1
0.04399702697992325,1
0.12443006038665771,1
0.05745228752493858,1
0.08045391738414764,1
0.06373117119073868,1
0.11750370264053345,1
0.26894041895866394,1
0.04677340015769005,1
0.08179940283298492,1
0.12851278483867645,1
0.12573447823524475,1
0.07581168413162231,1
0.12014982104301453,1
0.062407881021499634,1
0.12569214403629303,1
0.09307093918323517,1
0.26407548785209656,1
0.09763598442077637,1
0.09467814862728119,1
0.33281004428863525,1
0.18154799938201904,1
0.21400156617164612,1
0.07338656485080719,1
0.09158425033092499,1
0.06970317661762238,1
0.4104034900665283,1
0.06821680068969727,1
0.17512482404708862,1
0.11954031139612198,1
0.07858865708112717,1
0.10866309702396393,1
0.28511756658554077,1
0.031995825469493866,1
0.029995426535606384,1
0.04121166467666626,1
0.04336962476372719,1
0.21998390555381775,1
0.16122938692569733,1
0.17828071117401123,1
0.054633237421512604,1
0.07120592892169952,1
0.08113877475261688,1
0.34739017486572266,1
0.05807872861623764,1
0.04677923768758774,1
0.07002332806587219,1
0.032163724303245544,1
0.04153090715408325,1
0.027395909652113914,1
0.12357312440872192,1
0.05470898374915123,1
0.0250314399600029,1
0.06578300148248672,1
0.028750931844115257,1
0.1186152845621109,1
0.07327298074960709,1
0.06012089550495148,1
0.06572696566581726,1
0.2195986658334732,1
0.06229100376367569,1
0.2039901316165924,1
0.20344755053520203,1
0.09541722387075424,1
0.07938067615032196,1
0.35755425691604614,1
0.08463334292173386,1
0.040468424558639526,1
0.045374609529972076,1
0.027851589024066925,1
0.04094300419092178,1
0.19204136729240417,1
0.07894730567932129,1
0.18753555417060852,1
0.07737798988819122,1
0.2881121039390564,1
0.2205246090888977,1
0.21707330644130707,1
0.13174352049827576,1
0.22579596936702728,1
0.231368750333786,1
0.05022036284208298,1
0.09380271285772324,1
0.1022108644247055,1
0.060413286089897156,1
0.1513003259897232,1
0.35535144805908203,1
0.06725659966468811,1
0.24125558137893677,1
0.05365174636244774,1
0.5825034379959106,1
0.1471734344959259,1
0.06722617149353027,1
0.028828658163547516,1
0.060206860303878784,1
0.09015760570764542,1
0.1649879366159439,1
0.04366496950387955,1
0.41741061210632324,1
0.23692595958709717,1
0.0279897078871727,1
0.07814386487007141,1
0.06224503740668297,1
0.02921394258737564,1
0.12094723433256149,1
0.17750093340873718,1
0.2542864978313446,1
0.15522800385951996,1
0.016982391476631165,1
0.024134911596775055,1
0.04362764209508896,1
0.057225123047828674,1
0.15708905458450317,1
0.08879183977842331,1
0.15040844678878784,1
0.3315553367137909,1
0.1423499584197998,1
0.06641290336847305,1
0.02188926935195923,1
0.040365397930145264,1
0.05701765418052673,1
0.27163460850715637,1
0.16734910011291504,1
0.06644561141729355,1
0.3354910612106323,1
0.025952346622943878,1
0.04795718938112259,1
0.03264822065830231,1
0.16344396770000458,1
0.14542581140995026,1
0.07640864700078964,1
0.03397727012634277,1
0.059581149369478226,1
0.08165515959262848,1
0.1417897790670395,1
0.10990920662879944,1
0.10137549787759781,1
0.09987867623567581,1
0.03425426781177521,1
0.19144849479198456,1
0.02873329445719719,1
0.05905499309301376,1
0.8215965628623962,1
0.0992601215839386,1
0.08191394805908203,1
0.10007692873477936,1
0.09465424716472626,1
0.36446258425712585,1
0.22172757983207703,1
0.06814029812812805,1
0.20723584294319153,1
0.0368790477514267,1
0.08900715410709381,1
0.0826694592833519,1
0.17111432552337646,1
0.0342758484184742,1
0.2948400378227234,1
0.08848127722740173,1
0.09109070897102356,1
0.03360848128795624,1
0.09992431104183197,1
0.01918818987905979,1
0.06834208965301514,1
0.14483633637428284,1
0.08904259651899338,1
0.2867376506328583,1
0.15976765751838684,1
0.25787636637687683,1
0.10919076204299927,1
0.033147040754556656,1
0.07545188814401627,1
0.11701046675443649,1
0.08760498464107513,1
0.07940718531608582,1
0.05624270439147949,1
0.0715366080403328,1
0.15033334493637085,1
0.26261740922927856,1
0.07171550393104553,1
0.21145698428153992,1
0.04453231021761894,1
0.0705704465508461,1
0.06425199657678604,1
0.05971114709973335,1
0.0564882792532444,1
0.09423039853572845,1
0.07363311201334,1
0.3523124158382416,1
0.27742311358451843,1
0.1732115000486374,1
0.056577473878860474,1
0.021755272522568703,1
0.3610357642173767,1
0.09952916204929352,1
0.10885276645421982,1
0.2680324912071228,1
0.12128342688083649,1
0.04251392185688019,1
0.14963793754577637,1
0.08015367388725281,1
0.05371195822954178,1
0.06335660815238953,1
0.2886079251766205,1
0.03073408640921116,1
0.17200665175914764,1
0.07799487560987473,1
0.08567368984222412,1
0.09527922421693802,1
0.04024551063776016,1
0.1274062842130661,1
0.22583501040935516,1
0.01936713606119156,1
0.06394848972558975,1
0.05301331728696823,1
0.1490556299686432,1
0.060377106070518494,1
0.07134689390659332,1
0.03155200183391571,1
0.12435323745012283,1
0.044626858085393906,1
0.11087390035390854,1
0.04370907321572304,1
0.04866238683462143,1
0.06914148479700089,1
0.07364114373922348,1
0.5259015560150146,1
0.05500022694468498,1
0.06813345849514008,1
0.12046448886394501,1
0.05277051031589508,1
0.07560516893863678,1
0.11168868094682693,1
0.2474524974822998,1
0.13615581393241882,1
0.021481284871697426,1
0.025227095931768417,1
0.03759823739528656,1
0.04451615735888481,1
0.17209573090076447,1
0.20824004709720612,1
0.18331561982631683,1
0.10732679814100266,1
0.16446879506111145,1
0.05605333298444748,1
0.08168624341487885,1
0.10340393334627151,1
0.1825285106897354,1
0.08585844933986664,1
0.07295218855142593,1
0.06163666024804115,1
0.10783979296684265,1
0.022327035665512085,1
0.2466704100370407,1
0.033694058656692505,1
0.07045798003673553,1
0.15699049830436707,1
0.06862400472164154,1
0.05727188661694527,1
0.04431828111410141,1
0.18818795680999756,1
0.19446633756160736,1
0.019082024693489075,1
0.11111508309841156,1
0.12507809698581696,1
0.05891701951622963,1
0.06501427292823792,1
0.05335499346256256,1
0.16589294373989105,1
0.16629616916179657,1
0.056762490421533585,1
0.023282039910554886,1
0.14852088689804077,1
0.23997318744659424,1
0.3147444427013397,1
0.04415097460150719,1
0.1494135856628418,1
0.05955451726913452,1
0.2950477600097656,1
0.1581820398569107,1
0.0824800655245781,1
0.2759958505630493,1
0.046866513788700104,1
0.16153161227703094,1
0.03671244904398918,1
0.14617852866649628,1
0.028764868155121803,1
0.24883809685707092,1
0.12046471983194351,1
0.28720179200172424,1
0.12191092222929001,1
0.14240238070487976,1
0.097269207239151,1
0.12000232189893723,1
0.12473726272583008,1
0.05214989185333252,1
0.07721500098705292,1
0.08072245866060257,1
0.062407683581113815,1
0.02460009604692459,1
0.06510989367961884,1
0.10290981829166412,1
0.07278923690319061,1
0.10450194776058197,1
0.08530265092849731,1
0.09413756430149078,1
0.046899061650037766,1
0.13102003931999207,1
0.31395819783210754,1
0.15926262736320496,1
0.026781275868415833,1
0.023028595373034477,1
0.14802604913711548,1
0.10436021536588669,1
0.05548807233572006,1
0.14048372209072113,1
0.17877063155174255,1
0.15212541818618774,1
0.05176034942269325,1
0.17803238332271576,1
0.05917290598154068,1
0.09775926917791367,1
0.08132675290107727,1
0.1537509262561798,1
0.12096396833658218,1
0.0553131103515625,1
0.17325222492218018,1
0.05142877995967865,1
0.02253314107656479,1
0.05509578436613083,1
0.20997774600982666,1
0.010803399607539177,1
0.05649075657129288,1
0.02652900479733944,1
0.043212130665779114,1
0.07643325626850128,1
0.27496546506881714,1
0.03361792489886284,1
0.143601194024086,1
0.10257652401924133,1
0.13933731615543365,1
0.273132860660553,1
0.1537996232509613,1
0.09668253362178802,1
0.06738653779029846,1
0.060265928506851196,1
0.11837165802717209,1
0.2661176919937134,1
0.27828627824783325,1
0.04937843605875969,1
0.05324684455990791,1
0.2457214593887329,1
0.06563208997249603,1
0.2078045904636383,1
0.1596861481666565,1
0.06146509200334549,1
0.03057100623846054,1
0.12114696949720383,1
0.10938730835914612,1
0.2676413059234619,1
0.02101004868745804,1
0.16053849458694458,1
0.057599835097789764,1
0.14609207212924957,1
0.15564517676830292,1
0.09574083983898163,1
0.0775170549750328,1
0.13461437821388245,1
0.05868443101644516,1
0.05846516415476799,1
0.41258418560028076,1
0.10167938470840454,1
0.2105080634355545,1
0.09287935495376587,1
0.14824777841567993,1
0.184739887714386,1
0.034238338470458984,1
0.12502329051494598,1
0.07688110321760178,1
0.07386511564254761,1
0.12848171591758728,1
0.1570545732975006,1
0.05722618103027344,1
0.09627929329872131,1
0.23003390431404114,1
0.09710589796304703,1
0.14202052354812622,1
0.20090486109256744,1
0.12953945994377136,1
0.048312146216630936,1
0.04911109432578087,1
0.06859174370765686,1
0.06077924743294716,1
0.1554829329252243,1
0.1736084371805191,1
0.04222877323627472,1
0.13783709704875946,1
0.050457220524549484,1
0.3410722315311432,1
0.07073020190000534,1
0.18550799787044525,1
0.17474038898944855,1
0.1947789043188095,1
0.020001575350761414,1
0.15999457240104675,1
0.10031484812498093,1
0.40944480895996094,1
0.2640681862831116,1
0.052380479872226715,1
0.1682877093553543,1
0.23132413625717163,1
0.14385861158370972,1
0.12226618081331253,1
0.0844612717628479,1
0.23329956829547882,1
0.07631029188632965,1
0.16006061434745789,1
0.0918956995010376,1
0.08228643983602524,1
0.15115077793598175,1
0.06106208264827728,1
0.03447815030813217,1
0.17719607055187225,1
0.36218127608299255,1
0.04860502481460571,1
0.08721804618835449,1
0.11596260964870453,1
0.06270855665206909,1
0.06355477124452591,1
0.5024310350418091,1
0.1723184585571289,1
0.09823404252529144,1
0.053477101027965546,1
0.04891058802604675,1
0.0690668374300003,1
0.07569462060928345,1
0.13848352432250977,1
0.04841556027531624,1
0.05894361808896065,1
0.0490901842713356,1
0.0702400729060173,1
0.06725037842988968,1
0.24675478041172028,1
0.052709776908159256,1
0.04290178790688515,1
0.17037905752658844,1
0.16000504791736603,1
0.28977319598197937,1
0.061305586248636246,1
0.1546480655670166,1
0.06555557250976563,1
0.08346382528543472,1
0.07743528485298157,1
0.20923355221748352,1
0.19952744245529175,1
0.06263945251703262,1
0.3264329731464386,1
0.05236280709505081,1
0.040337368845939636,1
0.07266300916671753,1
0.4818139970302582,1
0.04256044700741768,1
0.10711268335580826,1
0.1293477565050125,1
0.11349965631961823,1
0.05549775809049606,1
0.08023874461650848,1
0.09158801287412643,1
0.01783103495836258,1
0.07768025249242783,1
0.04156157746911049,1
0.07128684967756271,1
0.02310824580490589,1
0.03011115826666355,1
0.14860481023788452,1
0.20422707498073578,1
0.12120649963617325,1
0.024348389357328415,1
0.20317478477954865,1
0.09036213159561157,1
0.04793485999107361,1
0.051310889422893524,1
0.10831597447395325,1
0.10609393566846848,1
0.05826649069786072,1
0.08531851321458817,1
0.03816865384578705,1
0.22998318076133728,1
0.041538141667842865,1
0.11284297704696655,1
0.10414303094148636,1
0.3035498261451721,1
0.02497076243162155,1
0.04177507013082504,1
0.014994384720921516,1
0.19792979955673218,1
0.30388206243515015,1
0.03852549195289612,1
0.09021372348070145,1
0.07995171844959259,1
0.04680528864264488,1
0.2527835965156555,1
0.07078754156827927,1
0.11463678628206253,1
0.11445330828428268,1
0.04967629164457321,1
0.17643702030181885,1
0.11172199249267578,1
0.035437144339084625,1
0.013751975260674953,1
0.026625756174325943,1
0.11154535412788391,1
0.03451785445213318,1
0.043811921030282974,1
0.03141758218407631,1
0.06615495681762695,1
0.06308118253946304,1
0.10503493249416351,1
0.1919894516468048,1
0.08665148913860321,1
0.04127547889947891,1
0.10560671985149384,1
0.14824429154396057,1
0.11482790857553482,1
0.08492858707904816,1
0.20765209197998047,1
0.13898584246635437,1
0.08631905913352966,1
0.022398509085178375,1
0.0932498574256897,1
0.10585661977529526,1
0.052375756204128265,1
0.043409086763858795,1
0.0210944265127182,1
0.041559889912605286,1
0.14059880375862122,1
0.16224896907806396,1
0.3717247545719147,1
0.034951407462358475,1
0.08569560945034027,1
0.055860184133052826,1
0.2916947603225708,1
0.06023590266704559,1
0.19496913254261017,1
0.06461568921804428,1
0.3267146944999695,1
0.059929121285676956,1
0.33075806498527527,1
0.05928676947951317,1
0.08564869314432144,1
0.11677689850330353,1
0.10633313655853271,1
0.1926577389240265,1
0.04143282026052475,1
0.05602709576487541,1
0.13168713450431824,1
0.12455320358276367,1
0.14029528200626373,1
0.3620576858520508,1
0.11635542660951614,1
0.022674154490232468,1
0.15342704951763153,1
0.1940464973449707,1
0.1932874470949173,1
0.045259539037942886,1
0.042410604655742645,1
0.3737894892692566,1
0.40866905450820923,1
0.13052350282669067,1
0.04082070663571358,1
0.10541652888059616,1
0.22646845877170563,1
0.12929606437683105,1
0.01985875330865383,1
0.026101622730493546,1
0.03191471844911575,1
0.18844890594482422,1
0.02220241352915764,1
0.12625513970851898,1
0.2028183937072754,1
0.0169832706451416,1
0.2122926115989685,1
0.19594202935695648,1
0.17743031680583954,1
0.05921801179647446,1
0.16837306320667267,1
0.2004920095205307,1
0.1458105444908142,1
0.22700446844100952,1
0.2526889443397522,1
0.0597333163022995,1
0.33883363008499146,1
0.09484411031007767,1
0.056527987122535706,1
0.05787268653512001,1
0.36981695890426636,1
0.37309014797210693,1
0.1124260276556015,1
0.129967600107193,1
0.06426280736923218,1
0.18735748529434204,1
0.05827988311648369,1
0.10075469315052032,1
0.024226859211921692,1
0.14946776628494263,1
0.5095313191413879,1
0.05835242196917534,1
0.13102003931999207,1
0.0304381363093853,1
0.17594031989574432,1
0.1209864616394043,1
0.13324503600597382,1
0.041806481778621674,1
0.08729611337184906,1
0.11075887829065323,1
0.09522262960672379,1
0.11445014923810959,1
0.1301400065422058,1
0.27022358775138855,1
0.07789043337106705,1
0.03974388167262077,1
0.10586601495742798,1
0.04328465089201927,1
0.1438601016998291,1
0.049674179404973984,1
0.0879063606262207,1
0.223919078707695,1
0.040826037526130676,1
0.01805228181183338,1
0.04322425276041031,1
0.04781064763665199,1
0.21999941766262054,1
0.059045322239398956,1
0.04390748590230942,1
0.15203984081745148,1
0.03657986968755722,1
0.029173780232667923,1
0.0936000868678093,1
0.14309604465961456,1
0.023436713963747025,1
0.1838548630475998,1
0.11325687915086746,1
0.2262418270111084,1
0.07588870078325272,1
0.04940749704837799,1
0.039948720484972,1
0.10248400270938873,1
0.2027909904718399,1
0.15442168712615967,1
0.0845281332731247,1
0.1189647987484932,1
0.09967062622308731,1
0.07944543659687042,1
0.061580851674079895,1
0.14503085613250732,1
0.09628521651029587,1
0.023282673209905624,1
0.1368808001279831,1
0.13785038888454437,1
0.0422079972922802,1
0.16239948570728302,1
0.13200418651103973,1
0.1551261842250824,1
0.0964154377579689,1
0.15423095226287842,1
0.30356869101524353,1
0.13853882253170013,1
0.1702544093132019,1
0.07647410035133362,1
0.08150207996368408,1
0.11269333958625793,1
0.054458264261484146,1
0.09207990765571594,1
0.03625015914440155,1
0.036923255771398544,1
0.08206082135438919,1
0.26735571026802063,1
0.22221118211746216,1
0.30575117468833923,1
0.09147270023822784,1
0.0845964103937149,1
0.2920157015323639,1
0.04526083171367645,1
0.04114851355552673,1
0.3057538568973541,1
0.05519414693117142,1
0.12408921867609024,1
0.0697932168841362,1
0.08246760070323944,1
0.11780104786157608,1
0.03006415255367756,1
0.24551080167293549,1
0.07111620157957077,1
0.011346552520990372,1
0.09744539111852646,1
0.04233353212475777,1
0.11669383943080902,1
0.15565352141857147,1
0.10008619725704193,1
0.2966043949127197,1
0.11303214728832245,1
0.08495551347732544,1
0.08947253227233887,1
0.14951661229133606,1
0.17028389871120453,1
0.10825362801551819,1
0.2827446460723877,1
0.11999358236789703,1
0.037201087921857834,1
0.23905721306800842,1
0.12698158621788025,1
0.04012592136859894,1
0.2741335928440094,1
0.03273608908057213,1
0.038940031081438065,1
0.03916607052087784,1
0.025189204141497612,1
0.2114122062921524,1
0.05058459937572479,1
0.05670004338026047,1
0.037068333476781845,1
0.1536843180656433,1
0.055639952421188354,1
0.13725626468658447,1
0.12359948456287384,1
0.03276154398918152,1
0.0620553158223629,1
0.04765884950757027,1
0.3570852279663086,1
0.1761915385723114,1
0.0428711473941803,1
0.12813174724578857,1
0.04084131494164467,1
0.07225951552391052,1
0.0856662318110466,1
0.1487506479024887,1
0.09306801110506058,1
0.10717374831438065,1
0.102511927485466,1
0.13384582102298737,1
0.22259557247161865,1
0.2276761829853058,1
0.07802056521177292,1
0.07113224267959595,1
0.028028883039951324,1
0.034701522439718246,1
0.12169426679611206,1
0.135880708694458,1
0.016429059207439423,1
0.363500714302063,1
0.11869557201862335,1
0.10973280668258667,1
0.07422890514135361,1
0.23072689771652222,1
0.09721503406763077,1
0.07464314997196198,1
0.07012100517749786,1
0.030105777084827423,1
0.04867703095078468,1
0.03439559042453766,1
0.27079135179519653,1
0.02978602796792984,1
0.029916953295469284,1
0.1724027544260025,1
0.13540413975715637,1
0.07394036650657654,1
0.07130405306816101,1
0.07002033293247223,1
0.01863253489136696,1
0.05899205803871155,1
0.43816953897476196,1
0.022839710116386414,1
0.04906350001692772,1
0.03670400753617287,1
0.07759550213813782,1
0.057641733437776566,1
0.027098815888166428,1
0.24416343867778778,1
0.23322413861751556,1
0.3158910870552063,1
0.043763935565948486,1
0.13425977528095245,1
0.05502663180232048,1
0.044136300683021545,1
0.03675748035311699,1
0.04588574916124344,1
0.29395294189453125,1
0.03719547763466835,1
0.3608270287513733,1
0.25729039311408997,1
0.04372791945934296,1
0.10394671559333801,1
0.06893317401409149,1
0.14387428760528564,1
0.0931520089507103,1
0.07604269683361053,1
0.11718467622995377,1
0.024064775556325912,1
0.2768927216529846,1
0.0732785016298294,1
0.229641392827034,1
0.04183511808514595,1
0.09360821545124054,1
0.08204305171966553,1
0.08951931446790695,1
0.05507790669798851,1
0.2385541796684265,1
0.026460763067007065,1
0.11317874491214752,1
0.030575281009078026,1
0.052598822861909866,1
0.07120271027088165,1
0.04514731839299202,1
0.33326494693756104,1
0.090484619140625,1
0.14298266172409058,1
0.11424655467271805,1
0.1886424720287323,1
0.1914498209953308,1
0.28570088744163513,1
0.11483771353960037,1
0.03172886371612549,1
0.20524819195270538,1
0.017221635207533836,1
0.06404470652341843,1
0.12834864854812622,1
0.05778161808848381,1
0.03150521218776703,1
0.05859454721212387,1
0.08870600908994675,1
0.08153723925352097,1
0.024074699729681015,1
0.11522088199853897,1
0.06939402967691422,1
0.06352642923593521,1
0.08463889360427856,1
0.019375503063201904,1
0.08536779135465622,1
0.08154972642660141,1
0.2285936325788498,1
0.16861732304096222,1
0.1338680386543274,1
0.08468157052993774,1
0.15259703993797302,1
0.21305757761001587,1
0.14248117804527283,1
0.15830883383750916,1
0.06723744422197342,1
0.10245519876480103,1
0.297920823097229,1
0.06163785234093666,1
0.05703982338309288,1
0.24214139580726624,1
0.11189834773540497,1
0.05538732931017876,1
0.03683491051197052,1
0.19579268991947174,1
0.26487380266189575,1
0.16510769724845886,1
0.23308680951595306,1
0.026803158223628998,1
0.03619007766246796,1
0.07072104513645172,1
0.1726684272289276,1
0.14475315809249878,1
0.18154528737068176,1
0.08571257442235947,1
0.05502808094024658,1
0.14978541433811188,1
0.282074511051178,1
0.02605152502655983,1
0.017247416079044342,1
0.13792428374290466,1
0.5565993785858154,1
0.17157109081745148,1
0.037643518298864365,1
0.02546156384050846,1
0.09823699295520782,1
0.23225027322769165,1
0.1548980325460434,1
0.21915650367736816,1
0.01350383460521698,1
0.21684059500694275,1
0.29708990454673767,1
0.09420166909694672,1
0.2582007646560669,1
0.04060434550046921,1
0.023756954818964005,1
0.16355739533901215,1
0.06692565232515335,1
0.2429247796535492,1
0.013204838149249554,1
0.09318636357784271,1
0.12345187366008759,1
0.13013580441474915,1
0.06037330627441406,1
0.0591387078166008,1
0.040551863610744476,1
0.17691445350646973,1
0.02880939282476902,1
0.19674654304981232,1
0.04862301051616669,1
0.048342265188694,1
0.08867330104112625,1
0.07852963358163834,1
0.06749191880226135,1
0.024837791919708252,1
0.09707802534103394,1
0.08004938066005707,1
0.06199701502919197,1
0.01812845841050148,1
0.18142247200012207,1
0.018487103283405304,1
0.06601355224847794,1
0.0962572917342186,1
0.0718245580792427,1
0.26227807998657227,1
0.016375575214624405,1
0.21807211637496948,1
0.19896546006202698,1
0.05314907431602478,1
0.03115975297987461,1
0.03486189991235733,1
0.12447503209114075,1
0.05139469727873802,1
0.045897260308265686,1
0.24627068638801575,1
0.05520864203572273,1
0.12807253003120422,1
0.0295368991792202,1
0.09821231663227081,1
0.06424307823181152,1
0.05849873274564743,1
0.03144365921616554,1
0.0455687940120697,1
0.1903611272573471,1
0.06817463785409927,1
0.10431567579507828,1
0.150190070271492,1
0.07206699997186661,1
0.06565532088279724,1
0.21195155382156372,1
0.10550425946712494,1
0.09429342299699783,1
0.03895248472690582,1
0.020369838923215866,1
0.15585249662399292,1
0.03614014387130737,1
0.14501842856407166,1
0.29199838638305664,1
0.15695461630821228,1
0.15885931253433228,1
0.03150835633277893,1
0.15787333250045776,1
0.17572037875652313,1
0.20790471136569977,1
0.16808685660362244,1
0.27163851261138916,1
0.030447116121649742,1
0.0758490040898323,1
0.19750672578811646,1
0.09451108425855637,1
0.1266658902168274,1
0.06843625754117966,1
0.12228502333164215,1
0.1352597177028656,1
0.02709333971142769,1
0.08137645572423935,1
0.07842154800891876,1
0.12311194092035294,1
0.039999011904001236,1
0.08719734847545624,1
0.03617134317755699,1
0.02574571967124939,1
0.08969442546367645,1
0.05760744586586952,1
0.2948968708515167,1
0.05087550729513168,1
0.11134233325719833,1
0.3031662702560425,1
0.01809510961174965,1
0.04957260936498642,1
0.14987686276435852,1
0.16668376326560974,1
0.026470031589269638,1
0.07355602085590363,1
0.052786730229854584,1
0.04323549568653107,1
0.08119000494480133,1
0.03160099312663078,1
0.033299580216407776,1
0.18110886216163635,1
0.08600743114948273,1
0.04658181220293045,1
0.12704125046730042,1
0.040861353278160095,1
0.263508677482605,1
0.11652125418186188,1
0.09380131959915161,1
0.11724498122930527,1
0.2153836488723755,1
0.5955886840820313,1
0.14519968628883362,1
0.06760554015636444,1
0.05013229697942734,1
0.2763540744781494,1
0.0779193714261055,1
0.13964948058128357,1
0.03988292068243027,1
0.05108417198061943,1
0.038542818278074265,1
0.08193875104188919,1
0.07701390236616135,1
0.05230594053864479,1
0.1785108894109726,1
0.06689099222421646,1
0.012260796502232552,1
0.12993957102298737,1
0.08418897539377213,1
0.11997118592262268,1
0.16034698486328125,1
0.23746329545974731,1
0.1345825493335724,1
0.1263665109872818,1
0.2972119152545929,1
0.05814614146947861,1
0.0485483817756176,1
0.24220037460327148,1
0.06231506168842316,1
0.012160965241491795,1
0.13517118990421295,1
0.176189586520195,1
0.04610313102602959,1
0.07533673942089081,1
0.041939131915569305,1
0.027622824534773827,1
0.03966141492128372,1
0.15945693850517273,1
0.040978144854307175,1
0.12117527425289154,1
0.2330329269170761,1
0.35515856742858887,1
0.026104364544153214,1
0.11863771080970764,1
0.131480410695076,1
0.08200372755527496,1
0.011282271705567837,1
0.18571794033050537,1
0.14386020600795746,1
0.04049199819564819,1
0.043447304517030716,1
0.03675833344459534,1
0.16839082539081573,1
0.09469493478536606,1
0.22236785292625427,1
0.11570535600185394,1
0.4055101275444031,1
0.07826238125562668,1
0.1414054036140442,1
0.18249402940273285,1
0.10315218567848206,1
0.09611393511295319,1
0.050160691142082214,1
0.1113528162240982,1
0.21973367035388947,1
0.0768105685710907,1
0.2985493838787079,1
0.10353664308786392,1
0.09855480492115021,1
0.13279448449611664,1
0.0670488104224205,1
0.056596044450998306,1
0.10437598824501038,1
0.22870007157325745,1
0.048656903207302094,1
0.3103885054588318,1
0.2132205069065094,1
0.12062250822782516,1
0.023319708183407784,1
0.06666326522827148,1
0.01978403329849243,1
0.03372560814023018,1
0.062115006148815155,1
0.1324804127216339,1
0.032647158950567245,1
0.13270583748817444,1
0.10694198310375214,1
0.1951894313097,1
0.22483864426612854,1
0.02438843436539173,1
0.16505981981754303,1
0.05554985627532005,1
0.07929269969463348,1
0.3209553062915802,1
0.3357089161872864,1
0.17341618239879608,1
0.12350787967443466,1
0.15631532669067383,1
0.1516904979944229,1
0.2174323946237564,1
0.04682079702615738,1
0.1991017609834671,1
0.03131529316306114,1
0.1388258934020996,1
0.08319419622421265,1
0.04862260818481445,1
0.13069580495357513,1
0.2122291475534439,1
0.1034342348575592,1
0.09017506241798401,1
0.04011701047420502,1
0.13692212104797363,1
0.10552284121513367,1
0.08321431279182434,1
0.0211435928940773,1
0.055373433977365494,1
0.07331237196922302,1
0.06906137615442276,1
0.04964997619390488,1
0.15428884327411652,1
0.16314813494682312,1
0.08824935555458069,1
0.03417389839887619,1
0.06881910562515259,1
0.06362029910087585,1
0.07363323867321014,1
0.03839346766471863,1
0.03737156093120575,1
0.02952239289879799,1
0.2045772522687912,1
0.021245133131742477,1
0.5591863393783569,1
0.043797560036182404,1
0.2544904947280884,1
0.1247284859418869,1
0.16223207116127014,1
0.2689858675003052,1
0.07211475074291229,1
0.05451668053865433,1
0.06170390918850899,1
0.036420486867427826,1
0.044604070484638214,1
0.042618222534656525,1
0.18154965341091156,1
0.34203648567199707,1
0.04533414915204048,1
0.06645543873310089,1
0.18816833198070526,1
0.17397283017635345,1
0.09456395357847214,1
0.24423077702522278,1
0.03702585771679878,1
0.02423739992082119,1
0.06125417351722717,1
0.15709395706653595,1
0.14396211504936218,1
0.04892022907733917,1
0.10387484729290009,1
0.14508959650993347,1
0.01584303006529808,1
0.1078389436006546,1
0.16230164468288422,1
0.22081008553504944,1
0.397031307220459,1
0.2304992377758026,1
0.10493999719619751,1
0.09953194856643677,1
0.11022109538316727,1
0.29154279828071594,1
0.04939235374331474,1
0.20152127742767334,1
0.14433744549751282,1
0.05768496170639992,1
0.2821844518184662,1
0.06796260178089142,1
0.03657233715057373,1
0.22037850320339203,1
0.26725202798843384,1
0.08638037741184235,1
0.014335200190544128,1
0.03291504457592964,1
0.07796037197113037,1
0.18086814880371094,1
0.09655109792947769,1
0.1660676896572113,1
0.193071186542511,1
0.1063137874007225,1
0.1246182844042778,1
0.04430593177676201,1
0.057936009019613266,1
0.08709215372800827,1
0.1329294890165329,1
0.35016748309135437,1
0.051996223628520966,1
0.17071503400802612,1
0.05456846207380295,1
0.18697379529476166,1
0.05469619855284691,1
0.2130659967660904,1
0.12272197753190994,1
0.33066099882125854,1
0.030487071722745895,1
0.26578301191329956,1
0.2435053288936615,1
0.22655512392520905,1
0.47333431243896484,1
0.14035622775554657,1
0.06323251128196716,1
0.04084356129169464,1
0.07137133181095123,1
0.11055737733840942,1
0.11712653934955597,1
0.046320848166942596,1
0.019965196028351784,1
0.02514721266925335,1
0.17613552510738373,1
0.08992752432823181,1
0.03197059780359268,1
0.2520681619644165,1
0.038020018488168716,1
0.2849321663379669,1
0.059649642556905746,1
0.0805535539984703,1
0.024869821965694427,1
0.08875279128551483,1
0.02324206382036209,1
0.04259840399026871,1
0.12124618887901306,1
0.16244739294052124,1
0.1308622807264328,1
0.030593575909733772,1
0.5475818514823914,1
0.11500416696071625,1
0.1271664947271347,1
0.05648021027445793,1
0.06696127355098724,1
0.1216951236128807,1
0.05527626350522041,1
0.12478190660476685,1
0.1766638308763504,1
0.1073753833770752,1
0.07265472412109375,1
0.05750083923339844,1
0.19445684552192688,1
0.05604155361652374,1
0.03469263017177582,1
0.13564838469028473,1
0.11119525134563446,1
0.3737138509750366,1
0.20284271240234375,1
0.051049962639808655,1
0.014014114625751972,1
0.015045493841171265,1
0.03455718606710434,1
0.03144354373216629,1
0.017838533967733383,1
0.0641418844461441,1
0.2507014870643616,1
0.05855482071638107,1
0.14170219004154205,1
0.07723918557167053,1
0.04010213166475296,1
0.10703316330909729,1
0.023734796792268753,1
0.09971489012241364,1
0.17018204927444458,1
0.07580270618200302,1
0.08898082375526428,1
0.16142523288726807,1
0.43308818340301514,1
0.09676328301429749,1
0.2235221266746521,1
0.02936120331287384,1
0.2615244388580322,1
0.05237119644880295,1
0.024696161970496178,1
0.07609555870294571,1
0.053012337535619736,1
0.2425978183746338,1
0.35549139976501465,1
0.020127713680267334,1
0.056448958814144135,1
0.06434077024459839,1
0.06727544963359833,1
0.06144292280077934,1
0.05146194249391556,1
0.18900077044963837,1
0.052360016852617264,1
0.041227713227272034,1
0.03735846281051636,1
0.06147947534918785,1
0.11748651415109634,1
0.3272940516471863,1
0.044711992144584656,1
0.027059752494096756,1
0.03317622095346451,1
0.013445147313177586,1
0.2702920436859131,1
0.054108310490846634,1
0.21014444530010223,1
0.2322445809841156,1
0.022820379585027695,1
0.16913922131061554,1
0.2695132791996002,1
0.23209264874458313,1
0.22568237781524658,1
0.3156077265739441,1
0.021910961717367172,1
0.46744823455810547,1
0.19474288821220398,1
0.03769990801811218,1
0.20331989228725433,1
0.061710160225629807,1
0.11754708737134933,1
0.1436849981546402,1
0.20938065648078918,1
0.034045763313770294,1
0.06030423194169998,1
0.12186634540557861,1
0.03502856567502022,1
0.03695416450500488,1
0.05959445610642433,1
0.09704776108264923,1
0.4357627034187317,1
0.08837544173002243,1
0.22832168638706207,1
0.16592848300933838,1
0.09839719533920288,1
0.021895095705986023,1
0.08685609698295593,1
0.35436904430389404,1
0.018135230988264084,1
0.0770212709903717,1
0.12012404203414917,1
0.07781225442886353,1
0.05708771198987961,1
0.0719703659415245,1
0.13056407868862152,1
0.07201430201530457,1
0.23042353987693787,1
0.19975173473358154,1
0.027990223839879036,1
0.08432936668395996,1
0.022162336856126785,1
0.10036011785268784,1
0.031025806441903114,1
0.10536929965019226,1
0.062039412558078766,1
0.051042020320892334,1
0.03512440621852875,1
0.04231143742799759,1
0.13011685013771057,1
0.09272179007530212,1
0.1428913176059723,1
0.15637466311454773,1
0.12256135046482086,1
0.05834440886974335,1
0.09477908909320831,1
0.03112390637397766,1
0.5449674725532532,1
0.054701872169971466,1
0.03818296641111374,1
0.09833870083093643,1
0.06778998672962189,1
0.18474116921424866,1
0.10494142770767212,1
0.22231385111808777,1
0.06768602132797241,1
0.11512725055217743,1
0.09715592116117477,1
0.020460277795791626,1
0.05666348338127136,1
0.031053442507982254,1
0.004354023840278387,1
0.015629714354872704,1
0.09075403213500977,1
0.05991220846772194,1
0.11802785843610764,1
0.11522296071052551,1
0.1932738572359085,1
0.036080311983823776,1
0.06649836152791977,1
0.32398706674575806,1
0.20155730843544006,1
0.36032649874687195,1
0.024652976542711258,1
0.2116290032863617,1
0.06985355913639069,1
0.052715085446834564,1
0.04971262067556381,1
0.023414958268404007,1
0.03844549506902695,1
0.05813249573111534,1
0.3320685625076294,1
0.0738191157579422,1
0.07576563209295273,1
0.03941403329372406,1
0.06751836836338043,1
0.0737205520272255,1
0.2496756762266159,1
0.020682211965322495,1
0.2563606798648834,1
0.06375109404325485,1
0.0685683861374855,1
0.0481623113155365,1
0.12310151010751724,1
0.069882333278656,1
0.12181613594293594,1
0.08176087588071823,1
0.24257493019104004,1
0.12140414118766785,1
0.06688165664672852,1
0.18736422061920166,1
0.1105947494506836,1
0.21520258486270905,1
0.0705064907670021,1
0.05883195251226425,1
0.06281714886426926,1
0.27011561393737793,1
0.145464226603508,1
0.12091001868247986,1
0.11886301636695862,1
0.16323068737983704,1
0.13396252691745758,1
0.07556424289941788,1
0.07906568050384521,1
0.07267187535762787,1
0.1926632970571518,1
0.19536636769771576,1
0.11416202783584595,1
0.11281347274780273,1
0.03803414851427078,1
0.05419326201081276,1
0.1830228567123413,1
0.08923117071390152,1
0.0641091987490654,1
0.09420549869537354,1
0.05284152179956436,1
0.04437447339296341,1
0.1036577895283699,1
0.05212235823273659,1
0.07305964827537537,1
0.31252193450927734,1
0.09495879709720612,1
0.170439675450325,1
0.2582939565181732,1
0.1300540715456009,1
0.060303859412670135,1
0.12756703794002533,1
0.08676569163799286,1
0.061420805752277374,1
0.21097347140312195,1
0.050791531801223755,1
0.05987412855029106,1
0.1520165205001831,1
0.10687762498855591,1
0.10663445293903351,1
0.09431089460849762,1
0.06915659457445145,1
0.15671654045581818,1
0.03993932902812958,1
0.1387292444705963,1
0.10700864344835281,1
0.05944490805268288,1
0.034751277416944504,1
0.007784990593791008,1
0.14923706650733948,1
0.08589859306812286,1
0.09714343398809433,1
0.03788123279809952,1
0.07480885088443756,1
0.0829475000500679,1
0.027830829843878746,1
0.04953441023826599,1
0.047201089560985565,1
0.03391449525952339,1
0.031431518495082855,1
0.17146036028862,1
0.06130440533161163,1
0.11146867275238037,1
0.060788944363594055,1
0.3064650893211365,1
0.3439766466617584,1
0.07861434668302536,1
0.04242859035730362,1
0.268866628408432,1
0.15853992104530334,1
0.03232215717434883,1
0.1719774603843689,1
0.040019065141677856,1
0.18552251160144806,1
0.26251649856567383,1
0.08194456994533539,1
0.0989026129245758,1
0.03228595107793808,1
0.0716606080532074,1
0.0968417078256607,1
0.25902098417282104,1
0.06704232096672058,1
0.09690119326114655,1
0.08199738711118698,1
0.03223432973027229,1
0.11105583608150482,1
0.02866789698600769,1
0.14648501574993134,1
0.01994534581899643,1
0.08344708383083344,1
0.21846123039722443,1
0.1895139068365097,1
0.09761929512023926,1
0.02055073156952858,1
0.08715882897377014,1
0.03003900870680809,1
0.22105787694454193,1
0.09679128229618073,1
0.05217275023460388,1
0.22598691284656525,1
0.0499957874417305,1
0.07631091773509979,1
0.02166595868766308,1
0.0685441642999649,1
0.09684958308935165,1
0.05569807440042496,1
0.3060792088508606,1
0.06470342725515366,1
0.215142622590065,1
0.11705370247364044,1
0.058103326708078384,1
0.33057937026023865,1
0.056186188012361526,1
0.21469444036483765,1
0.06381870061159134,1
0.03810334950685501,1
0.1394718885421753,1
0.21144622564315796,1
0.044892437756061554,1
0.040214672684669495,1
0.05041167140007019,1
0.11799432337284088,1
0.03684266656637192,1
0.04802718013525009,1
0.12857572734355927,1
0.08392658084630966,1
0.04702103137969971,1
0.30536389350891113,1
0.06353297829627991,1
0.16913044452667236,1
0.07767282426357269,1
0.05721816420555115,1
0.06516925990581512,1
0.09391885995864868,1
0.03201444819569588,1
0.3970281481742859,1
0.3109034299850464,1
0.024856621399521828,1
0.11050287634134293,1
0.22055494785308838,1
0.1029236689209938,1
0.055232636630535126,1
0.06736432760953903,1
0.08432895690202713,1
0.1120295375585556,1
0.08807563036680222,1
0.2178901731967926,1
0.04447022080421448,1
0.01931159570813179,1
0.05578700453042984,1
0.04096987098455429,1
