10.791862272
10.791862272
10.804658176
10.804658176
10.814980096
10.814980096
10.880843776
10.94467584
10.94467584
10.94148096
10.94148096
10.957176832
10.957176832
10.95360512
10.95360512
10.950475776
10.950475776
10.950475776
10.945462272
10.945462272
10.942283776
10.942283776
10.907615232
10.907615232
10.90297856
10.90297856
10.871390208
10.871390208
10.872782848
10.872782848
10.903339008
10.903339008
10.9006848
10.9006848
10.907795456
10.907795456
10.90076672
10.90076672
10.899668992
10.899668992
10.899668992
10.896474112
10.896474112
10.895474688
10.895474688
10.89585152
10.89585152
10.894819328
10.894819328
10.893524992
10.893524992
10.890739712
10.890739712
10.86570496
10.86570496
10.863394816
10.863394816
10.859708416
10.859708416
10.857480192
10.857480192
10.83359232
10.83359232
10.829037568
10.829037568
10.82826752
10.82826752
10.827382784
10.827382784
10.88200704
10.88200704
10.879778816
10.879778816
10.954637312
10.954637312
10.951573504
10.951573504
10.951573504
10.94950912
10.94950912
10.94950912
10.94950912
10.94950912
10.94950912
10.94950912
10.93419008
10.93419008
10.924834816
10.924834816
10.91272704
10.91272704
10.875731968
10.875731968
10.875731968
10.875731968
10.853679104
10.853679104
10.854121472
10.854121472
10.86742528
10.86742528
10.88397312
10.88397312
10.86103552
10.86103552
10.861002752
10.861002752
10.86980096
10.86980096
10.88217088
10.88217088
10.869424128
10.869424128
10.877468672
10.877468672
10.888609792
10.888609792
10.899636224
10.899636224
10.909417472
10.909417472
10.909417472
10.909417472
10.909417472
10.909417472
10.909417472
10.909417472
10.849615872
10.849615872
10.845831168
10.845831168
10.836164608
10.836164608
10.850009088
10.850009088
10.821320704
10.821320704
10.821992448
10.821992448
10.824728576
10.824728576
10.82908672
10.82908672
10.82908672
10.82908672
10.82908672
10.82908672
10.8367872
10.8367872
10.88585728
10.88585728
10.884202496
10.884202496
10.884202496
10.869129216
10.869129216
10.868883456
10.868883456
10.870767616
10.870767616
10.870767616
10.839048192
10.839048192
10.835951616
10.835951616
10.83154432
10.83154432
10.83154432
10.829135872
10.829135872
10.82482688
10.82482688
10.82482688
10.822680576
10.822680576
10.818994176
10.818994176
10.794500096
10.794500096
10.787684352
10.787684352
10.78755328
10.78755328
10.78714368
10.78714368
10.78771712
10.78771712
10.780737536
10.780737536
10.778509312
10.778509312
10.783817728
10.783817728
10.783277056
10.783277056
10.800431104
10.800431104
10.801119232
10.801119232
10.801381376
10.801381376
10.800513024
10.800513024
10.800873472
10.800873472
10.790879232
10.790879232
10.791026688
10.791026688
10.79115776
10.79115776
10.792615936
10.792615936
10.79222272
10.79222272
10.791944192
10.791944192
10.78902784
10.78902784
10.786832384
10.786832384
10.79230464
10.79230464
10.801905664
10.801905664
10.802069504
10.802069504
10.87234048
10.87234048
10.87234048
10.870931456
10.870931456
10.869686272
10.869686272
10.85734912
10.85734912
10.856890368
10.856890368
10.835574784
10.835574784
10.837491712
10.837491712
10.837491712
10.837491712
10.837491712
10.837491712
10.836279296
10.836279296
10.835165184
10.835165184
10.827726848
10.827726848
10.826088448
10.826088448
10.816585728
10.816585728
10.816700416
10.816700416
10.8171264
10.8171264
10.817437696
10.817437696
10.811981824
10.811981824
10.87889408
10.87889408
10.885578752
10.885578752
10.88741376
10.88741376
10.88741376
10.887446528
10.887446528
10.884153344
10.884153344
10.888790016
10.888790016
10.885070848
10.885070848
10.885513216
10.885513216
10.885513216
10.859986944
10.859986944
10.859577344
10.859577344
10.857693184
10.857693184
10.854547456
10.854547456
10.84588032
10.84588032
10.842537984
10.842537984
10.842537984
10.842226688
10.842226688
10.848436224
10.848436224
10.846240768
10.846240768
10.844717056
10.844717056
10.849255424
10.849255424
10.814865408
10.814865408
10.862821376
10.862821376
10.865901568
10.865901568
10.840752128
10.804461568
10.804461568
10.810998784
10.810998784
10.873257984
10.873257984
10.873257984
10.874912768
10.874912768
10.858692608
10.858692608
10.855120896
10.855120896
10.851074048
10.851074048
10.85005824
10.85005824
10.849386496
10.849386496
10.808573952
10.808573952
10.803478528
10.803478528
10.802905088
10.802905088
10.800103424
10.800103424
10.828087296
10.828087296
10.835214336
10.835214336
10.874159104
10.874159104
10.900471808
10.900471808
10.900717568
10.900717568
10.90469888
10.90469888
10.887348224
10.887348224
10.887348224
10.887348224
10.887348224
10.887348224
10.887348224
10.887348224
10.887348224
10.887348224
10.887348224
10.863443968
10.863443968
10.86357504
10.86357504
10.825924608
10.825924608
10.825924608
10.825924608
10.825924608
10.825924608
10.853384192
10.853384192
10.871373824
10.871373824
10.871373824
10.869129216
10.869129216
10.869129216
10.869129216
10.869129216
10.866671616
10.866671616
10.761732096
10.761732096
10.750017536
10.750017536
10.733453312
10.733453312
10.702798848
10.702798848
10.692067328
10.692067328
10.692100096
10.690215936
10.690215936
10.672750592
10.672750592
10.672750592
10.672750592
10.659119104
10.659119104
10.658676736
10.658676736
10.658676736
10.658676736
10.658676736
10.658676736
10.658676736
10.655563776
10.655563776
10.655875072
10.655875072
10.655875072
10.630660096
10.630660096
10.656595968
10.656595968
10.660200448
10.660200448
10.581049344
10.581049344
10.581082112
10.581082112
10.581229568
10.581229568
10.580393984
10.580393984
10.580393984
10.624892928
10.624892928
10.618454016
10.618454016
10.63493632
10.63493632
10.63493632
10.63313408
10.63313408
10.686349312
10.686349312
10.733993984
10.733993984
10.73504256
10.73504256
10.737221632
10.737221632
10.740678656
10.740678656
10.770071552
10.770071552
10.779295744
10.779295744
10.78730752
10.78730752
10.779213824
10.779213824
10.775248896
10.775248896
10.773315584
10.773315584
10.789666816
10.789666816
10.782785536
10.782785536
10.782785536
10.781310976
10.781310976
10.769022976
10.769022976
10.76232192
10.76232192
10.756538368
10.756538368
10.753458176
10.753458176
10.753523712
10.753523712
10.753572864
10.753572864
10.753523712
10.753523712
10.75339264
10.75339264
10.752622592
10.752622592
10.681663488
10.681663488
10.73004544
10.73004544
10.73004544
10.73004544
10.73004544
10.73004544
10.73004544
10.73004544
10.728292352
10.728292352
10.73414144
10.73414144
10.739204096
10.739204096
10.74176
10.74176
10.74176
10.74176
10.744102912
10.744102912
10.74274304
10.74274304
10.733846528
10.733846528
10.733518848
10.733518848
10.728767488
10.728767488
10.732470272
10.732470272
10.733174784
10.733174784
10.742480896
10.742480896
10.742972416
10.742972416
10.738089984
10.738089984
10.738384896
10.738384896
10.73987584
10.73987584
10.760503296
10.760503296
10.760503296
10.760503296
10.760503296
10.760503296
10.764075008
10.764075008
10.764402688
10.764402688
10.764402688
10.764402688
10.764402688
10.764402688
10.848845824
10.848845824
10.848845824
10.848845824
10.851352576
10.856316928
10.856316928
10.846961664
10.846961664
10.851516416
10.851516416
10.851516416
10.853466112
10.853466112
10.855563264
10.855563264
10.858119168
10.858119168
10.880598016
10.880598016
10.87987712
10.87987712
10.878058496
10.878058496
10.868375552
10.868375552
10.866622464
10.866622464
10.82417152
10.82417152
10.824122368
10.824122368
10.820747264
10.820747264
10.82097664
10.82097664
10.820796416
10.820796416
10.830364672
10.830364672
10.828873728
10.828873728
10.82793984
10.82793984
10.827513856
10.827513856
10.825613312
10.825613312
10.825613312
10.825613312
10.825613312
10.825613312
10.692427776
10.692427776
10.691837952
10.691837952
10.776641536
10.776641536
10.749444096
10.749444096
10.757619712
10.730012672
10.730012672
10.730012672
10.730012672
10.727325696
10.727325696
10.727325696
10.727325696
10.732371968
10.732371968
10.732142592
10.732142592
10.731962368
10.731962368
10.729766912
10.729766912
10.635493376
10.635493376
10.635493376
10.632953856
10.632953856
10.633265152
10.633265152
10.63100416
10.63100416
10.631020544
10.631020544
10.614734848
10.614734848
10.5742336
10.5742336
10.461888512
10.461888512
10.488037376
10.488037376
10.555867136
10.555867136
10.542563328
10.542563328
10.541940736
10.541940736
10.586079232
10.586079232
10.584489984
10.584489984
10.560192512
10.560192512
10.540630016
10.540630016
10.558275584
10.558275584
10.558275584
10.558275584
10.558275584
10.566549504
10.566549504
10.57275904
10.57275904
10.571350016
10.571350016
10.568810496
10.568810496
10.567401472
10.567401472
10.567139328
10.567139328
10.573299712
10.573299712
10.567712768
10.567712768
10.567368704
10.567368704
10.56768
10.56768
10.566647808
10.566647808
10.567958528
10.567958528
10.566385664
10.566385664
10.579443712
10.579443712
10.576134144
10.576134144
10.583638016
10.583638016
10.59749888
10.59749888
10.606952448
10.606952448
10.611556352
10.611556352
10.611556352
10.611720192
10.611720192
10.611720192
10.611720192
10.742071296
10.742071296
10.739974144
10.739974144
10.739974144
10.739974144
10.69858816
10.729930752
10.729930752
10.729930752
10.729930752
10.719264768
10.719264768
10.728718336
10.728718336
10.727653376
10.727653376
10.703060992
10.703060992
10.586374144
10.586374144
10.58791424
10.58791424
10.61052416
10.61052416
10.61036032
10.61036032
10.609508352
10.609508352
10.608918528
10.608918528
10.609967104
10.609967104
10.609410048
10.609410048
10.878025728
10.878025728
10.878025728
10.878025728
10.907713536
10.907713536
10.82130432
10.82130432
10.80508416
10.80508416
10.78861824
10.78861824
10.801512448
10.801512448
10.80131584
10.80131584
10.800381952
10.800381952
10.798088192
10.798088192
10.797907968
10.797907968
10.797907968
10.797907968
10.797907968
10.797907968
10.797907968
10.750984192
10.750984192
10.750984192
10.749526016
10.749526016
10.749526016
10.719707136
10.719707136
10.728767488
10.728767488
10.835574784
10.835574784
10.835574784
10.835574784
10.835574784
10.949623808
10.949623808
10.89912832
10.87922176
10.87922176
10.87922176
10.911744
10.911744
10.857283584
10.857283584
10.74577408
10.74577408
10.74601984
10.74601984
10.71988736
10.71988736
10.694656
10.694656
10.69449216
10.69449216
10.69367296
10.69367296
10.682433536
10.682433536
10.689757184
10.689757184
10.689544192
10.689544192
10.689789952
10.689789952
10.688217088
10.688217088
10.686283776
10.686283776
10.681286656
10.681286656
10.680680448
10.680680448
10.680680448
10.680680448
10.66606592
10.66606592
10.66606592
10.66606592
10.66606592
10.66606592
10.7851776
10.787241984
10.763075584
10.781966336
10.781966336
10.781966336
10.781966336
10.737893376
10.737893376
10.711171072
10.711171072
10.711171072
10.697293824
10.697293824
10.697293824
10.697293824
10.6668032
10.6668032
10.665132032
10.665132032
10.666737664
10.666737664
10.70374912
10.70374912
10.727473152
10.727473152
10.728865792
10.728865792
10.733502464
10.733502464
10.73750016
10.856480768
10.856480768
10.856480768
10.856824832
10.856824832
10.856824832
10.859282432
10.844012544
10.844012544
10.837475328
10.837475328
10.846011392
10.846011392
10.841489408
10.841489408
10.840899584
10.840899584
10.840899584
10.839474176
10.839474176
10.838654976
10.838654976
10.838654976
10.838654976
10.837426176
10.837426176
10.789306368
10.789306368
10.789175296
10.789175296
10.787667968
10.787667968
10.773200896
10.773200896
10.773233664
10.773233664
10.772938752
10.772938752
10.772938752
10.772938752
10.772938752
10.772938752
10.772938752
10.772938752
10.74855936
10.74855936
10.751311872
10.751311872
10.751311872
10.751311872
10.751311872
10.751311872
10.751311872
10.751311872
10.733535232
10.733535232
10.718527488
10.718527488
10.714693632
10.714693632
10.711236608
10.711236608
10.692820992
10.692820992
10.694672384
10.694672384
10.694377472
10.694377472
10.693722112
10.693722112
10.693214208
10.693214208
10.692870144
10.692870144
10.692673536
10.692673536
10.692542464
10.692542464
10.683465728
10.683465728
10.73471488
10.73471488
10.743824384
10.743824384
10.743758848
10.743758848
10.74511872
10.74511872
10.745151488
10.745151488
10.742874112
10.742874112
10.715906048
10.715906048
10.713120768
10.713120768
10.712645632
10.712645632
10.712645632
10.712645632
10.712645632
10.712645632
10.74241536
10.74241536
10.74241536
10.754310144
10.754310144
10.754162688
10.754162688
10.753982464
10.753982464
10.752786432
10.752786432
10.752802816
10.752802816
10.752458752
10.752458752
10.752458752
10.752458752
10.752458752
10.752458752
10.752458752
10.752458752
10.730356736
10.730356736
10.729652224
10.729652224
10.730422272
10.730422272
10.730176512
10.730176512
10.778394624
10.778394624
10.793467904
10.793467904
10.790436864
10.790436864
10.828054528
10.828054528
10.828054528
10.828054528
10.811834368
10.811834368
10.811949056
10.811949056
10.760634368
10.760634368
10.750476288
10.750476288
10.745954304
10.745954304
10.743808
10.743808
10.743709696
10.743709696
10.721640448
10.721640448
10.721640448
10.721640448
10.721640448
10.720673792
10.720673792
10.720428032
10.720428032
10.720346112
10.720346112
10.684563456
10.684563456
10.674601984
10.674601984
10.673750016
10.673750016
10.718642176
10.718642176
10.718642176
10.718642176
10.718642176
10.718642176
10.738614272
10.738614272
10.742218752
10.742218752
10.742218752
10.742218752
10.742218752
10.742218752
10.75675136
10.75675136
10.769678336
10.769678336
10.769678336
10.769678336
10.769678336
10.769678336
10.769678336
10.769678336
10.892787712
10.892787712
10.899161088
10.899161088
10.899161088
10.896228352
10.896228352
10.896228352
10.896228352
10.870145024
10.870145024
10.874601472
10.874601472
10.874437632
10.874437632
10.884415488
10.905501696
10.905501696
10.895065088
10.895065088
10.880008192
10.880008192
10.800480256
10.800480256
10.794663936
10.794663936
10.794663936
10.795139072
10.795139072
10.789699584
10.789699584
10.789470208
10.789470208
10.7749376
10.7749376
10.7749376
10.7749376
10.765959168
10.765959168
10.765959168
10.765959168
10.765959168
10.765959168
10.765959168
10.765959168
10.765959168
10.765959168
10.756374528
10.756374528
10.756374528
10.756374528
10.756374528
10.756374528
10.756374528
10.756374528
10.756374528
10.756374528
10.731159552
10.731159552
10.726998016
10.726998016
10.725261312
10.725261312
10.725261312
10.725261312
10.725261312
10.725261312
10.724524032
10.724524032
10.724491264
10.724491264
10.724278272
10.724278272
10.720903168
10.720903168
10.692706304
10.692706304
10.692902912
10.692902912
10.692722688
10.692722688
10.691936256
10.691936256
10.695327744
10.695327744
10.693902336
10.693902336
10.695852032
10.695852032
10.695786496
10.695786496
10.695786496
10.695786496
10.695786496
10.695786496
10.695786496
10.695786496
10.69572096
10.69572096
10.68417024
10.68417024
10.684973056
10.684973056
10.684973056
10.685382656
10.685382656
10.685513728
10.685513728
10.681827328
10.681827328
10.663313408
10.663313408
10.663313408
10.663313408
10.663313408
10.663313408
10.663313408
10.663313408
10.663313408
10.664640512
10.664640512
10.664771584
10.664771584
10.664853504
10.664853504
10.664787968
10.664787968
10.664787968
10.664787968
10.659332096
10.659332096
10.65910272
10.65910272
10.658906112
10.658906112
10.65631744
10.65631744
10.65631744
10.65631744
10.659037184
10.659037184
10.659495936
10.659495936
10.659446784
10.659446784
10.659807232
10.659807232
10.659823616
10.659823616
10.71849472
10.71849472
10.718642176
10.718642176
10.72021504
10.72021504
10.72562176
10.72562176
10.7261952
10.7261952
10.725474304
10.725474304
10.703732736
10.703732736
10.703142912
10.703142912
10.702962688
10.702962688
10.702405632
10.702405632
10.70071808
10.70071808
10.701062144
10.701062144
10.694639616
10.694639616
10.694606848
10.694606848
10.690625536
10.690625536
10.67040768
10.67040768
10.667196416
10.667196416
10.669703168
10.669703168
10.669703168
10.669703168
10.66917888
10.66917888
10.6688512
10.6688512
10.646044672
10.646044672
10.646044672
10.646044672
10.645946368
10.645946368
10.646503424
10.646503424
10.646372352
10.646372352
10.645815296
10.645815296
10.645815296
10.645815296
10.645815296
10.645815296
10.64681472
10.64681472
10.645078016
10.645078016
10.645209088
10.645209088
10.6442752
10.6442752
10.644144128
10.644144128
10.644144128
10.644144128
10.644291584
10.644291584
10.644307968
10.644307968
10.644127744
10.644127744
10.644127744
10.644127744
10.661249024
10.661249024
10.645766144
10.645766144
10.645471232
10.645471232
10.645471232
10.645471232
10.645471232
10.645471232
10.619830272
10.619830272
10.619486208
10.619486208
10.619387904
10.619387904
10.619387904
10.619387904
10.619387904
10.619387904
10.618847232
10.618847232
10.618519552
10.618519552
10.60888576
10.60888576
10.609393664
10.609393664
10.609393664
10.609393664
10.609262592
10.609262592
10.60929536
10.60929536
10.609311744
10.609311744
10.60593664
10.60593664
10.60593664
10.60593664
10.605510656
10.605510656
10.605182976
10.605182976
10.605182976
10.605182976
10.605182976
10.605182976
10.605182976
10.605182976
10.622140416
10.622140416
10.622369792
10.622369792
10.628415488
10.628415488
10.627678208
10.627678208
10.634330112
10.634330112
10.633986048
10.633986048
10.633592832
10.633592832
10.639081472
10.639081472
10.639081472
10.639081472
10.639081472
10.639081472
10.629808128
10.629808128
10.634084352
10.634084352
10.627268608
10.627268608
10.626105344
10.626105344
10.626105344
10.626105344
10.626138112
10.626138112
10.626105344
10.626105344
10.6262528
10.6262528
10.626220032
10.626220032
10.606493696
10.606493696
10.606526464
10.606526464
10.605838336
10.605838336
10.605838336
10.605838336
10.605838336
10.605838336
10.605838336
10.605838336
10.64493056
10.64493056
10.643324928
10.643324928
10.643324928
10.643324928
10.643324928
10.643324928
10.643324928
10.643324928
10.64435712
10.64435712
10.639228928
10.639228928
10.640801792
10.640801792
10.64083456
10.64083456
10.64083456
10.64083456
10.641866752
10.641866752
10.63657472
10.63657472
10.635558912
10.635558912
10.635083776
10.635083776
10.631266304
10.631266304
10.652647424
10.652647424
10.651418624
10.651418624
10.649370624
10.649370624
10.64845312
10.64845312
10.64845312
10.64845312
10.65353216
10.65353216
10.653384704
10.653384704
10.653597696
10.653597696
10.653597696
10.653597696
10.653597696
10.653597696
10.658349056
10.658349056
10.658906112
10.658906112
10.659069952
10.659069952
10.658332672
10.658332672
10.66541056
10.66541056
10.662854656
10.662854656
10.654777344
10.654777344
10.649862144
10.649862144
10.649321472
10.649321472
10.646208512
10.646208512
10.652663808
10.652663808
10.652680192
10.652680192
10.652745728
10.652745728
10.652499968
10.652499968
10.658562048
10.658562048
10.659004416
10.659004416
10.653761536
10.653761536
10.653679616
10.653679616
10.653630464
10.653630464
10.653696
10.653696
10.653597696
10.653597696
10.653597696
10.653597696
10.653302784
10.653302784
10.65312256
10.65312256
10.653073408
10.653073408
10.653417472
10.653417472
10.653220864
10.653220864
10.653007872
10.653007872
10.667524096
10.667524096
10.66786816
10.66786816
10.667900928
10.667900928
10.672717824
10.672717824
10.672685056
10.672685056
10.67220992
10.67220992
10.670047232
10.670047232
10.669965312
10.669965312
10.660282368
10.660282368
10.660052992
10.660052992
10.659577856
10.659577856
10.659577856
10.659577856
10.64525824
10.64525824
10.644717568
10.644717568
10.644865024
10.644865024
10.644815872
10.644815872
10.644373504
10.644373504
10.644488192
10.644488192
10.644455424
10.644455424
10.635362304
10.635362304
10.635362304
10.635362304
10.635362304
10.635362304
10.65549824
10.65549824
10.655383552
10.655383552
10.655055872
10.655055872
10.655055872
10.655055872
10.653679616
10.653679616
10.650435584
10.650435584
10.651680768
10.651680768
10.652123136
10.652123136
10.652270592
10.652270592
10.652270592
10.652270592
10.652286976
10.652286976
10.661052416
10.661052416
10.661117952
10.661117952
10.661085184
10.661085184
10.661085184
10.661085184
10.661412864
10.661412864
10.661380096
10.661380096
10.652614656
10.652614656
10.6524672
10.6524672
10.652254208
10.652254208
10.661347328
10.661347328
10.66123264
10.66123264
10.66123264
10.66123264
10.66123264
10.66123264
10.66524672
10.66524672
10.665066496
10.665066496
10.669326336
10.669326336
10.660102144
10.660102144
10.686267392
10.686267392
10.692149248
10.692149248
10.682318848
10.682318848
10.689871872
10.689871872
10.689871872
10.691264512
10.691264512
10.691248128
10.691248128
10.691444736
10.691444736
10.690904064
10.690904064
10.691117056
10.691117056
10.691100672
10.691100672
10.688249856
10.688249856
10.682826752
10.682826752
10.68269568
10.68269568
10.682761216
10.682761216
10.6827776
10.6827776
10.688315392
10.688315392
10.68859392
10.68859392
10.688774144
10.688774144
10.696720384
10.696720384
10.69056
10.69056
10.69047808
10.69047808
10.688380928
10.688380928
10.686414848
10.686414848
10.686038016
10.686038016
10.682597376
10.682597376
10.682630144
10.682630144
10.68261376
10.68261376
10.682580992
10.682580992
10.682580992
10.682580992
10.682368
10.682368
10.712793088
10.712793088
10.692640768
10.692640768
10.692640768
10.692640768
10.692640768
10.692640768
10.702815232
10.702815232
10.701111296
10.701111296
10.699423744
10.699423744
10.698555392
10.698555392
10.698080256
10.698080256
10.697097216
10.697097216
10.696900608
10.696900608
10.695704576
10.695704576
10.693378048
10.693378048
10.690691072
10.690691072
10.690445312
10.690445312
10.690347008
10.690347008
10.690215936
10.690215936
10.690412544
10.690412544
10.69056
10.69056
10.687987712
10.687987712
10.687823872
10.687823872
10.6881024
10.6881024
10.688167936
10.688167936
10.68793856
10.68793856
10.688462848
10.688462848
10.688462848
10.688462848
10.688659456
10.688659456
10.688446464
10.688446464
10.68867584
10.68867584
10.688692224
10.688692224
10.688315392
10.688315392
10.681810944
10.681810944
10.681401344
10.681401344
10.681401344
10.681401344
10.688528384
10.688528384
10.688528384
10.688528384
10.68630016
10.68630016
10.683285504
10.683285504
10.683531264
10.683531264
10.684596224
10.684596224
10.684628992
10.684628992
10.684628992
10.684628992
10.684628992
10.684628992
10.684628992
10.684628992
10.684628992
10.684678144
10.684678144
10.685038592
10.685038592
10.68531712
10.68531712
10.684301312
10.684301312
10.68326912
10.68326912
10.682155008
10.682155008
10.67548672
10.67548672
10.684317696
10.684317696
10.684399616
10.684399616
10.684268544
10.684268544
10.684137472
10.684137472
10.684153856
10.684153856
10.684153856
10.684153856
10.684153856
10.684153856
10.684153856
10.684153856
10.694688768
10.694688768
10.69121536
10.69121536
10.695753728
10.695753728
10.6958848
10.6958848
10.6958848
10.6958848
10.696572928
10.696572928
10.804740096
10.804740096
10.833707008
10.833707008
10.831101952
10.831101952
11.065556992
11.065556992
10.976821248
10.976821248
10.976821248
11.030298624
11.030298624
11.049385984
11.049385984
10.989191168
10.989191168
10.885431296
10.885431296
10.885431296
10.885431296
10.885431296
10.885431296
10.810867712
10.810867712
10.783162368
10.783162368
10.783162368
10.783162368
10.783162368
10.783162368
10.783162368
10.783162368
10.783162368
10.751049728
10.751049728
10.75003392
10.75003392
10.750738432
10.750738432
10.750967808
10.750967808
10.737467392
10.737467392
10.737451008
10.737451008
10.737369088
10.737369088
10.7372544
10.7372544
10.7372544
10.7372544
10.736959488
10.736959488
10.736959488
10.736959488
10.736959488
10.736959488
10.736959488
10.736959488
10.743595008
10.743595008
10.86865408
10.86865408
10.877566976
10.877566976
10.859823104
10.859823104
10.878386176
10.878386176
10.885955584
10.885955584
10.825302016
10.825302016
10.829709312
10.829709312
10.829709312
10.780966912
10.780966912
10.759634944
10.759634944
10.759258112
10.759258112
10.759258112
10.759258112
10.759258112
10.759258112
10.759258112
10.759258112
10.740809728
10.740809728
10.734436352
10.734436352
10.734698496
10.734698496
10.734698496
10.733518848
10.733518848
