38.05
38.05
66.94
66.94
70.21
70.21
62.37
75.94
75.94
81.04
81.04
65.14
65.14
36.89
36.89
35.24
35.24
35.24
34.18
34.18
27.04
27.04
32.66
32.66
30.57
30.57
35.99
35.99
32.41
32.41
37.18
37.18
30.94
30.94
31.80
31.80
31.70
31.70
30.36
30.36
30.36
27.02
27.02
31.11
31.11
29.58
29.58
29.54
29.54
29.65
29.65
25.49
25.49
26.62
26.62
28.78
28.78
27.93
27.93
29.50
29.50
33.75
33.75
26.12
26.12
31.19
31.19
25.94
25.94
48.32
48.32
44.70
44.70
43.17
43.17
32.17
32.17
32.17
36.69
36.69
38.15
53.17
53.17
53.17
53.17
42.29
42.29
30.03
30.03
32.29
32.29
26.20
26.20
27.62
27.62
33.45
33.45
36.07
36.07
34.17
34.17
29.84
29.84
32.88
32.88
27.23
27.23
28.03
28.03
29.23
29.23
31.63
31.63
40.51
40.51
41.66
41.66
40.36
40.36
33.57
33.57
45.62
45.62
45.62
45.62
46.71
46.71
49.43
49.43
44.66
44.66
36.16
36.16
43.08
43.08
30.47
30.47
42.20
42.20
35.91
35.91
41.96
41.96
42.45
42.45
50.70
50.70
37.20
37.20
35.09
35.09
34.56
34.56
34.56
30.17
30.17
30.15
30.15
53.04
53.04
53.04
43.88
43.88
33.63
33.63
39.99
39.99
39.99
46.41
46.41
32.79
32.79
32.79
27.79
27.79
28.90
28.90
28.85
28.85
26.38
26.38
23.62
23.62
25.89
25.89
26.49
26.49
26.43
26.43
28.37
28.37
30.33
30.33
32.21
32.21
32.97
32.97
37.06
37.06
31.64
31.64
28.90
28.90
27.87
27.87
31.42
31.42
32.08
32.08
32.09
32.09
32.24
32.24
29.01
29.01
30.02
30.02
28.22
28.22
32.17
32.17
46.38
46.38
44.32
44.32
32.99
32.99
34.22
34.22
34.22
28.13
28.13
24.52
24.52
25.18
25.18
25.24
25.24
28.92
28.92
29.13
29.13
23.50
23.50
23.24
23.24
23.55
23.55
22.28
22.28
27.44
27.44
28.15
28.15
34.55
34.55
33.80
33.80
29.69
29.69
31.24
31.24
30.17
30.17
38.46
38.46
38.74
38.74
34.58
34.58
34.58
34.14
34.14
31.76
31.76
39.82
39.82
47.98
47.98
36.58
36.58
36.58
27.05
27.05
33.98
33.98
32.59
32.59
33.06
33.06
39.12
39.12
25.79
25.79
25.79
31.50
31.50
32.10
32.10
32.21
32.21
38.82
38.82
32.05
32.05
56.45
56.45
36.11
36.11
29.32
29.32
49.78
56.84
56.84
68.53
68.53
55.43
55.43
55.43
48.00
48.00
37.85
37.85
23.95
23.95
25.97
25.97
26.88
26.88
27.68
27.68
30.05
30.05
26.57
26.57
32.14
32.14
25.68
25.68
37.92
37.92
47.49
47.49
36.09
36.09
25.96
25.96
32.23
32.23
31.77
31.77
32.10
32.10
24.15
24.15
28.93
28.93
42.64
42.64
30.62
30.62
30.62
28.56
28.56
30.89
30.89
33.41
33.41
45.26
45.26
48.39
48.39
38.37
38.37
37.99
37.99
37.99
31.76
31.76
31.76
28.98
28.98
31.70
31.70
31.62
31.62
25.49
25.49
26.03
26.03
25.77
25.77
24.57
24.57
47.96
54.25
54.25
69.52
69.52
69.52
69.52
43.38
43.38
23.34
55.29
55.29
55.29
68.04
68.04
68.04
50.03
50.03
36.92
36.92
36.92
44.42
44.42
35.95
35.95
45.03
45.03
49.87
49.87
47.15
47.15
41.13
41.13
32.89
32.89
32.89
43.77
43.77
33.82
33.82
36.55
36.55
36.55
32.01
32.01
38.16
38.16
45.16
45.16
29.32
29.32
34.01
34.01
34.12
34.12
47.10
47.10
34.34
34.34
34.36
34.36
28.48
28.48
31.66
31.66
33.92
33.92
44.47
44.47
29.43
29.43
29.43
24.05
24.05
19.78
19.78
25.08
25.08
26.11
26.11
22.94
22.94
30.83
30.83
26.43
26.43
24.89
24.89
22.40
22.40
30.03
30.03
24.88
24.88
30.93
30.93
25.64
25.64
46.16
46.16
32.75
32.75
29.20
29.20
37.88
37.88
33.86
33.86
29.66
29.66
31.06
31.06
26.29
26.29
27.20
27.20
46.86
46.86
45.33
45.33
39.45
39.45
32.20
32.20
38.04
38.04
30.91
30.91
29.64
29.64
33.99
33.99
36.58
36.58
30.50
30.50
34.68
34.68
31.23
31.23
25.61
25.61
35.91
35.91
29.75
29.75
32.38
32.38
28.06
28.06
26.64
26.64
31.95
30.32
32.15
28.82
28.82
40.58
40.58
29.64
29.64
29.64
41.63
41.63
32.57
32.57
33.20
33.20
31.44
31.44
28.16
28.16
29.53
29.53
26.69
26.69
32.38
32.38
25.35
25.35
31.50
31.50
29.52
29.52
29.39
29.39
28.26
28.26
29.43
29.43
29.25
29.25
27.06
27.06
29.79
29.79
31.04
31.04
51.44
51.44
42.71
42.71
48.30
48.30
30.95
30.95
50.71
50.71
50.00
50.00
50.00
48.80
48.80
48.80
48.80
45.96
45.96
36.85
36.85
44.01
44.01
49.43
49.43
48.78
48.78
40.95
40.95
32.93
32.93
32.93
30.75
30.75
29.71
29.71
21.74
21.74
22.70
22.70
21.73
21.73
38.21
38.21
45.62
45.62
45.60
45.60
43.23
43.23
38.62
38.62
37.65
37.65
36.86
36.86
34.67
34.67
29.76
29.76
40.89
40.89
39.27
39.27
33.88
33.88
33.88
27.28
27.28
31.36
31.36
23.47
23.47
28.99
28.99
24.75
24.75
26.01
26.01
21.92
21.92
27.35
27.35
23.05
23.05
26.55
26.55
44.66
44.66
45.90
45.90
40.59
40.59
36.20
36.20
38.93
38.93
37.50
37.50
39.58
39.58
36.83
36.83
29.69
29.69
29.69
24.48
24.48
38.40
38.40
38.82
38.82
33.91
33.91
32.13
32.13
37.00
57.31
57.31
57.31
57.31
45.49
45.49
48.48
48.48
46.54
46.54
46.59
46.59
43.69
43.69
40.07
40.07
44.37
44.37
33.14
33.14
30.41
30.41
32.74
32.74
34.39
34.39
29.23
29.23
57.16
57.16
57.16
57.16
57.77
57.77
35.27
35.27
26.19
26.19
36.93
36.93
31.83
31.83
31.46
31.46
26.83
26.83
30.69
30.69
30.36
30.36
54.63
54.63
46.88
46.88
46.88
33.20
33.20
33.20
33.55
33.55
33.55
25.21
25.21
24.41
24.41
55.89
55.89
55.89
55.89
55.89
48.09
48.09
44.08
50.00
50.00
50.00
52.68
52.68
48.06
48.06
49.55
49.55
46.02
46.02
36.28
36.28
33.04
33.04
32.45
32.45
28.22
28.22
40.05
40.05
25.72
25.72
29.39
29.39
23.86
23.86
34.65
34.65
37.01
37.01
34.04
34.04
44.35
44.35
48.06
48.06
37.65
37.65
38.93
38.93
33.11
33.11
46.15
56.62
68.75
64.46
64.46
64.46
64.46
34.15
34.15
28.99
28.99
28.99
26.47
26.47
25.89
25.89
30.67
30.67
31.57
31.57
33.81
33.81
32.60
32.60
40.50
40.50
37.89
37.89
37.88
37.88
47.50
49.40
49.40
49.40
53.12
53.12
53.12
42.32
48.94
48.94
44.89
44.89
42.18
42.18
31.99
31.99
30.88
30.88
30.88
24.87
24.87
24.45
24.45
30.37
30.37
23.69
23.69
24.39
24.39
25.49
25.49
26.55
26.55
26.92
26.92
25.53
25.53
22.54
22.54
27.89
27.89
21.00
21.00
25.46
25.46
23.93
23.93
26.03
26.03
23.08
23.08
23.89
23.89
24.03
24.03
28.58
28.58
24.16
24.16
25.87
25.87
22.73
22.73
22.00
22.00
28.65
28.65
22.10
22.10
24.25
24.25
23.35
23.35
24.88
24.88
19.54
19.54
26.35
26.35
24.36
24.36
26.52
26.52
28.05
28.05
32.52
32.52
24.85
24.85
25.46
25.46
26.36
26.36
24.96
24.96
27.22
27.22
21.06
21.06
22.33
22.33
41.07
41.07
30.15
30.15
30.15
24.06
24.06
23.67
23.67
19.51
19.51
21.13
21.13
19.79
19.79
21.88
21.88
23.97
23.97
22.27
22.27
18.36
18.36
17.39
17.39
21.79
21.79
24.24
24.24
24.60
24.60
29.67
29.67
26.00
26.00
26.51
26.51
43.25
43.25
42.80
42.80
43.86
43.86
28.77
28.77
31.76
31.76
33.15
33.15
26.47
26.47
25.75
25.75
24.22
24.22
28.42
28.42
22.59
22.59
22.59
21.34
21.34
23.50
23.50
22.38
22.38
23.92
23.92
18.45
18.45
19.78
19.78
29.71
29.71
23.97
23.97
25.86
25.86
26.47
26.47
28.38
28.38
26.98
26.98
25.10
25.10
43.00
43.00
47.32
47.32
35.48
35.48
35.78
35.78
39.82
39.82
50.20
50.20
51.22
51.22
51.22
50.00
50.00
41.07
41.07
30.24
30.24
25.80
25.80
24.35
24.35
43.00
50.00
50.00
43.93
43.93
44.66
44.66
35.82
35.82
25.29
25.29
25.29
23.28
23.28
20.57
20.57
24.41
24.41
25.13
25.13
26.46
26.46
27.07
27.07
23.32
23.32
20.52
20.52
19.81
19.81
20.55
20.55
22.82
22.82
22.30
22.30
22.12
22.12
20.59
20.59
18.21
18.21
19.72
19.72
20.18
20.18
18.83
18.83
23.96
23.96
23.35
23.35
19.76
19.76
19.02
19.02
19.50
19.50
20.89
20.89
21.45
21.45
19.41
19.41
22.04
22.04
22.05
22.05
21.67
21.67
20.35
20.35
20.59
20.59
18.78
18.78
19.61
19.61
20.16
20.16
23.24
23.24
20.93
20.93
23.94
23.94
28.66
28.66
28.66
20.91
20.91
21.49
21.49
30.63
30.63
38.38
38.38
30.85
30.85
30.85
24.74
24.74
20.62
20.62
19.62
19.62
21.32
21.32
19.10
19.10
20.42
20.42
20.81
20.81
23.28
23.28
23.95
23.95
19.16
19.16
19.36
19.36
18.46
18.46
21.19
21.19
23.30
23.30
22.25
22.25
22.64
22.64
23.70
23.70
27.30
27.30
23.48
23.48
25.44
25.44
26.85
26.85
24.23
24.23
28.30
28.30
27.88
27.88
24.51
24.51
20.99
20.99
18.49
18.49
20.81
20.81
18.50
18.50
20.45
20.45
21.55
21.55
24.19
24.19
23.14
23.14
18.81
18.81
23.84
23.84
19.89
19.89
18.79
18.79
19.83
19.83
24.09
24.09
22.92
22.92
21.87
21.87
17.80
17.80
20.08
20.08
19.74
19.74
20.45
20.45
21.19
21.19
27.00
27.00
24.37
24.37
25.22
25.22
23.74
23.74
19.57
19.57
18.94
18.94
19.39
19.39
18.74
18.74
23.17
23.17
25.08
25.08
19.74
19.74
20.11
20.11
18.40
18.40
19.40
19.40
20.94
20.94
19.56
19.56
22.09
22.09
22.89
22.89
19.35
19.35
19.59
19.59
18.24
18.24
18.87
18.87
20.52
20.52
23.27
23.27
20.45
20.45
23.00
23.00
20.39
20.39
20.61
20.61
18.73
18.73
18.51
18.51
19.29
19.29
20.47
20.47
24.20
24.20
23.58
23.58
20.68
20.68
19.71
19.71
20.89
20.89
21.84
21.84
19.75
19.75
22.95
22.95
21.11
21.11
23.44
23.44
20.87
20.87
23.44
23.44
20.80
20.80
23.04
23.04
23.30
23.30
22.85
22.85
24.07
24.07
24.52
24.52
21.67
21.67
18.40
18.40
18.01
18.01
20.81
20.81
18.66
18.66
19.30
19.30
22.80
22.80
22.78
22.78
20.52
20.52
24.53
24.53
18.96
18.96
23.78
23.78
21.17
21.17
20.03
20.03
22.90
22.90
24.44
24.44
24.81
24.81
33.82
33.82
25.78
25.78
25.47
25.47
22.54
22.54
25.88
25.88
23.28
23.28
21.59
21.59
21.40
21.40
25.12
25.12
25.81
25.81
20.66
20.66
21.08
21.08
26.94
26.94
28.31
28.31
27.81
27.81
25.60
25.60
18.70
18.70
23.21
23.21
19.98
19.98
19.62
19.62
22.49
22.49
26.95
26.95
29.24
29.24
26.31
26.31
60.68
60.68
27.88
27.88
21.51
21.51
21.93
21.93
21.40
21.40
26.38
26.38
25.60
25.60
22.63
22.63
26.10
26.10
19.76
19.76
18.40
18.40
20.00
20.00
20.55
20.55
21.63
21.63
22.65
22.65
21.27
21.27
19.65
19.65
19.86
19.86
18.51
18.51
19.08
19.08
19.35
19.35
21.88
21.88
23.72
23.72
22.46
22.46
19.44
19.44
21.16
21.16
19.05
19.05
20.65
20.65
18.43
18.43
23.37
23.37
22.63
22.63
19.02
19.02
18.78
18.78
19.06
19.06
19.94
19.94
20.95
20.95
19.26
19.26
23.04
23.04
22.10
22.10
22.31
22.31
20.08
20.08
19.68
19.68
21.73
21.73
21.13
21.13
22.33
22.33
24.28
24.28
25.44
25.44
24.06
24.06
21.41
21.41
20.50
20.50
23.91
23.91
17.92
17.92
20.00
20.00
22.26
22.26
24.43
24.43
24.76
24.76
18.73
18.73
20.46
20.46
19.56
19.56
21.04
21.04
20.37
20.37
23.93
23.93
23.21
23.21
23.79
23.79
26.34
26.34
26.87
26.87
23.46
23.46
23.69
23.69
25.29
25.29
31.45
31.45
31.86
31.86
27.68
27.68
37.56
37.56
40.05
40.05
38.04
38.04
23.32
23.32
23.32
24.40
24.40
25.39
25.39
23.70
23.70
17.33
17.33
23.85
23.85
19.67
19.67
23.37
23.37
22.81
22.81
22.44
22.44
22.32
22.32
23.13
23.13
22.57
22.57
22.76
22.76
23.36
23.36
18.97
18.97
20.19
20.19
19.87
19.87
22.86
22.86
23.86
23.86
21.02
21.02
18.84
18.84
19.59
19.59
19.81
19.81
19.89
19.89
19.36
19.36
25.01
25.01
31.45
31.45
22.90
22.90
20.93
20.93
21.99
21.99
25.11
25.11
20.68
20.68
20.06
20.06
26.01
26.01
24.20
24.20
18.91
18.91
20.34
20.34
21.08
21.08
19.82
19.82
20.68
20.68
23.01
23.01
23.94
23.94
26.69
26.69
24.78
24.78
23.76
23.76
24.02
24.02
19.32
19.32
22.02
22.02
20.33
20.33
23.40
23.40
26.72
26.72
17.98
17.98
20.10
20.10
17.59
17.59
21.65
21.65
18.04
18.04
20.46
20.46
25.31
25.31
22.52
22.52
42.02
42.02
19.02
19.02
20.23
20.23
19.14
19.14
19.76
19.76
27.82
27.82
38.72
38.72
25.62
25.62
25.62
19.46
19.46
23.63
23.63
23.40
23.40
23.83
23.83
25.44
25.44
29.94
29.94
28.86
28.86
27.37
27.37
24.23
24.23
20.38
20.38
24.00
24.00
18.88
18.88
19.88
19.88
25.29
25.29
22.42
22.42
20.70
20.70
21.78
21.78
19.46
19.46
24.29
24.29
19.89
19.89
23.84
23.84
22.17
22.17
21.63
21.63
22.03
22.03
27.76
27.76
24.35
24.35
23.13
23.13
49.46
49.46
46.68
46.68
46.68
47.17
47.17
47.39
47.39
31.46
31.46
49.74
49.74
49.74
61.15
61.15
61.15
49.69
49.69
41.01
41.01
35.55
35.55
35.55
37.22
37.22
23.85
23.85
21.57
21.57
22.11
22.11
22.43
22.43
21.78
21.78
23.42
23.42
22.56
22.56
24.51
24.51
22.00
22.00
26.43
26.43
24.09
24.09
27.19
27.19
37.82
37.82
42.51
42.51
27.67
27.67
28.24
28.24
23.35
23.35
22.76
22.76
35.39
35.39
41.27
41.27
35.66
35.66
22.38
22.38
22.38
21.07
21.07
20.12
20.12
18.75
18.75
19.71
19.71
24.88
24.88
25.46
25.46
21.67
21.67
50.66
50.66
20.75
20.75
20.75
19.43
19.43
