11.49042688
11.49042688
11.582078976
11.582078976
11.582078976
11.57955584
11.57955584
11.57955584
11.57955584
11.576475648
11.576475648
11.574542336
11.574542336
11.575738368
11.575738368
11.59397376
11.59397376
11.59397376
11.593203712
11.593203712
11.588173824
11.588173824
11.559796736
11.559796736
11.537383424
11.537383424
11.55178496
11.55178496
11.551834112
11.551834112
11.551834112
11.551834112
11.55178496
11.55178496
11.55145728
11.55145728
11.549392896
11.549392896
11.54752512
11.54752512
11.55530752
11.55530752
11.558273024
11.558273024
11.559010304
11.559010304
11.559010304
11.55940352
11.55940352
11.56022272
11.56022272
11.561254912
11.561254912
11.563794432
11.563794432
11.5638272
11.5638272
11.562942464
11.562942464
11.562893312
11.562893312
11.562893312
11.562893312
11.55792896
11.55792896
11.554586624
11.554586624
11.546263552
11.546263552
11.545526272
11.545526272
11.54359296
11.54359296
11.542724608
11.542724608
11.567628288
11.567628288
11.56882432
11.56882432
11.567497216
11.567497216
11.566153728
11.566153728
11.50746624
11.50746624
11.491065856
11.491065856
11.490787328
11.490787328
11.490164736
11.490164736
11.489329152
11.489329152
11.489329152
11.489329152
11.533893632
11.533893632
11.533893632
11.632328704
11.632328704
11.632328704
11.632672768
11.632672768
11.61617408
11.61617408
11.61617408
11.615567872
11.615567872
11.562958848
11.562958848
11.56907008
11.56907008
11.58356992
11.58356992
11.58438912
11.58438912
11.58438912
11.58438912
11.58438912
11.58438912
11.581292544
11.581292544
11.5802112
11.5802112
11.575328768
11.575328768
11.5716096
11.5716096
11.569266688
11.569266688
11.568529408
11.568529408
11.568529408
11.567742976
11.567742976
11.556388864
11.556388864
11.556388864
11.556388864
11.492999168
11.492999168
11.493425152
11.493425152
11.486478336
11.486478336
11.48575744
11.48575744
11.485626368
11.485626368
11.485233152
11.485233152
11.48379136
11.48379136
11.47904
11.47904
11.476058112
11.476058112
11.474436096
11.474436096
11.473125376
11.473125376
11.446894592
11.446894592
11.44553472
11.44553472
11.441225728
11.441225728
11.441225728
11.441225728
11.44897536
11.44897536
11.481202688
11.481202688
11.481202688
11.481202688
11.481202688
11.481202688
11.481202688
11.48346368
11.48346368
11.48346368
11.484168192
11.484168192
11.497832448
11.497832448
11.497897984
11.497897984
11.498110976
11.498110976
11.498110976
11.497472
11.497472
11.498307584
11.498307584
11.508645888
11.508645888
11.507351552
11.507351552
11.502157824
11.502157824
11.50164992
11.50164992
11.50754816
11.50754816
11.4999296
11.4999296
11.499749376
11.499749376
11.499749376
11.499749376
11.499749376
11.49878272
11.49878272
11.546017792
11.546017792
11.552243712
11.552243712
11.554193408
11.554193408
11.554193408
11.554193408
11.555078144
11.555078144
11.554062336
11.554062336
11.554062336
11.554062336
11.554062336
11.554062336
11.554062336
11.554062336
11.544133632
11.544133632
11.541921792
11.541921792
11.541921792
11.541118976
11.541118976
11.541118976
11.541118976
11.541118976
11.541118976
11.500126208
11.500126208
11.499716608
11.499716608
11.466326016
11.466326016
11.500552192
11.500552192
11.500552192
11.500552192
11.504893952
11.504893952
11.489968128
11.489968128
11.490803712
11.490803712
11.490738176
11.490738176
11.48076032
11.48076032
11.480956928
11.480956928
11.480956928
11.480956928
11.480956928
11.480956928
11.480956928
11.480956928
11.483987968
11.483987968
11.480989696
11.480989696
11.489673216
11.489673216
11.490115584
11.490115584
11.487789056
11.487789056
11.487199232
11.487199232
11.487199232
11.486298112
11.486298112
11.48502016
11.48502016
11.47691008
11.47691008
11.473928192
11.473928192
11.483152384
11.483152384
11.483152384
11.483398144
11.483398144
11.50009344
11.50009344
11.499896832
11.499896832
11.501256704
11.501256704
11.501256704
11.491688448
11.491688448
11.491147776
11.491147776
11.491147776
11.491147776
11.491147776
11.491147776
11.491147776
11.491147776
11.482349568
11.482349568
11.479924736
11.479924736
11.478335488
11.478335488
11.47756544
11.47756544
11.467505664
11.467505664
11.462459392
11.462459392
11.459919872
11.459919872
11.45495552
11.45495552
11.452891136
11.452891136
11.453382656
11.453382656
11.454283776
11.454283776
11.492278272
11.492278272
11.492278272
11.492278272
11.492278272
11.492278272
11.492278272
11.492278272
11.498242048
11.498242048
11.491278848
11.491278848
11.489001472
11.489001472
11.488083968
11.488083968
11.497848832
11.497848832
11.495538688
11.495538688
11.49083648
11.49083648
11.490689024
11.490689024
11.49034496
11.49034496
11.489001472
11.489001472
11.47551744
11.47551744
11.485151232
11.485151232
11.4843648
11.4843648
11.48534784
11.48534784
11.485167616
11.485167616
11.484807168
11.484807168
11.484495872
11.484495872
11.484495872
11.484495872
11.484495872
11.484495872
11.480858624
11.480858624
11.50394368
11.50394368
11.504320512
11.504320512
11.5007488
11.5007488
11.498094592
11.498094592
11.426430976
11.426430976
11.42980608
11.42980608
11.430969344
11.430969344
11.457429504
11.457429504
11.45741312
11.45741312
11.45757696
11.45757696
11.457675264
11.457675264
11.457839104
11.457839104
11.448139776
11.448139776
11.443453952
11.443453952
11.441651712
11.441651712
11.460476928
11.460476928
11.460476928
11.460476928
11.460476928
11.460476928
11.460476928
11.460476928
11.460476928
11.427217408
11.427217408
11.369283584
11.369283584
11.367579648
11.367579648
11.367579648
11.367579648
11.367579648
11.367579648
11.375869952
11.375869952
11.397414912
11.397414912
11.298111488
11.298111488
11.298111488
11.298095104
11.298095104
11.298095104
11.298340864
11.298340864
11.29857024
11.29857024
11.300552704
11.300552704
11.300552704
11.300552704
11.300552704
11.300552704
11.291639808
11.291639808
11.291639808
11.291639808
11.291639808
11.291639808
11.291639808
11.291639808
11.291639808
11.291639808
11.359305728
11.359305728
11.359420416
11.359420416
11.360206848
11.360206848
11.359469568
11.359469568
11.358978048
11.358978048
11.365924864
11.365924864
11.362861056
11.362861056
11.362861056
11.362861056
11.362861056
11.362861056
11.413471232
11.413471232
11.415896064
11.415896064
11.433312256
11.433312256
11.433312256
11.433312256
11.428872192
11.428872192
11.426922496
11.426922496
11.438768128
11.438768128
11.438768128
11.438768128
11.438768128
11.438768128
11.42071296
11.42071296
11.418927104
11.418927104
11.407638528
11.407638528
11.407638528
11.407638528
11.407638528
11.407638528
11.407638528
11.403624448
11.403624448
11.405492224
11.405492224
11.405377536
11.405377536
11.4049024
11.4049024
11.400380416
11.400380416
11.400167424
11.400167424
11.399610368
11.399610368
11.414388736
11.414388736
11.424546816
11.424546816
11.416436736
11.416436736
11.419648
11.419648
11.419648
11.41972992
11.41972992
11.41981184
11.41981184
11.418681344
11.418681344
11.417583616
11.417583616
11.427053568
11.427053568
11.425906688
11.425906688
11.425251328
11.425251328
11.504959488
11.504959488
11.506434048
11.506434048
11.628494848
11.595563008
11.595563008
11.595563008
11.581308928
11.581308928
11.52466944
11.52466944
11.50697472
11.50697472
11.49075456
11.49075456
11.49075456
11.49075456
11.49075456
11.49075456
11.49075456
11.49075456
11.397136384
11.397136384
11.389026304
11.389026304
11.389026304
11.389026304
11.389026304
11.389026304
11.389026304
11.389026304
11.689230336
11.689230336
11.67917056
11.67917056
11.67917056
11.67917056
11.67917056
11.67917056
11.67917056
11.662852096
11.662852096
11.544199168
11.544199168
11.544199168
11.544199168
11.544199168
11.544199168
11.544199168
11.533123584
11.533123584
11.532435456
11.532435456
11.5318784
11.5318784
11.626315776
11.626315776
11.623268352
11.623268352
11.556962304
11.556962304
11.534811136
11.538530304
11.538530304
11.538530304
11.538530304
11.538972672
11.538972672
11.503222784
11.503222784
11.503468544
11.503468544
11.487215616
11.487215616
11.487215616
11.464343552
11.464343552
11.533139968
11.533139968
11.533139968
11.541020672
11.541020672
11.543822336
11.543822336
11.544707072
11.544707072
11.546525696
11.546525696
11.552555008
11.5564544
11.537055744
11.537055744
11.537055744
11.530944512
11.530944512
11.537055744
11.528945664
11.528945664
11.528945664
11.528945664
11.520540672
11.520540672
11.519983616
11.519983616
11.52196608
11.52196608
11.527733248
11.527733248
11.527733248
11.527733248
11.527733248
11.523801088
11.523801088
11.524308992
11.524308992
11.524308992
11.524308992
11.524308992
11.524308992
11.524308992
11.524308992
11.522768896
11.522768896
11.494719488
11.494719488
11.49517824
11.49517824
11.487117312
11.487117312
11.496357888
11.496357888
11.49640704
11.49640704
11.496112128
11.496112128
11.488346112
11.488346112
11.5085312
11.5085312
11.5085312
11.5085312
11.541577728
11.541577728
11.541577728
11.541577728
11.541577728
11.541577728
11.428757504
11.428757504
11.428757504
11.410849792
11.382849536
11.382849536
11.421794304
11.421794304
11.396808704
11.206344704
11.150344192
11.150344192
11.166990336
11.166990336
11.164532736
11.164532736
11.121917952
11.121917952
11.011997696
11.011997696
11.01217792
11.01217792
11.01217792
11.009916928
11.009916928
10.947428352
10.947428352
10.945527808
10.945527808
10.929815552
10.929815552
10.920607744
10.920607744
10.989142016
11.225841664
11.225841664
11.191205888
11.191205888
11.191205888
11.191205888
11.167727616
11.167727616
11.167727616
11.156914176
11.156914176
11.156914176
11.156914176
11.156914176
11.156914176
11.129667584
11.129667584
11.129683968
11.129683968
11.129683968
11.129683968
11.129683968
11.129683968
11.129683968
11.129683968
11.129683968
11.110449152
11.110449152
11.095621632
11.095621632
11.094409216
11.094409216
11.05436672
11.05436672
11.053203456
11.053203456
11.04871424
11.04871424
11.062951936
11.062951936
11.070767104
11.070767104
11.067867136
11.067867136
11.06427904
11.06427904
11.042553856
11.042553856
11.041243136
11.041243136
11.055775744
11.055775744
11.055792128
11.055792128
11.064868864
11.064868864
11.067867136
11.067867136
11.089788928
11.089788928
11.104731136
11.104731136
11.104731136
11.104731136
11.094048768
11.094048768
11.100454912
11.100454912
11.100454912
11.09762048
11.09762048
11.100258304
11.100258304
11.116937216
11.116937216
11.118657536
11.118657536
11.108253696
11.108253696
11.061149696
11.061149696
11.061149696
11.045797888
11.045797888
11.045797888
11.0280704
11.0280704
11.283300352
11.283300352
11.282710528
11.282710528
11.282448384
11.282448384
11.090362368
11.090362368
11.081138176
11.081138176
11.074502656
11.074502656
11.011653632
11.011653632
11.011653632
11.011653632
11.011653632
11.011653632
10.992812032
10.992812032
10.9891584
10.9891584
10.988552192
10.988552192
10.987798528
10.987798528
10.987225088
10.987225088
10.985078784
10.985078784
10.983047168
10.983047168
10.982178816
10.982178816
10.981687296
10.981687296
10.980737024
10.980737024
10.95794688
10.95794688
10.957914112
10.957914112
10.949689344
10.949689344
10.949689344
10.949689344
10.949689344
10.949689344
10.907942912
10.907942912
10.907615232
10.907615232
10.905976832
10.905976832
10.8703744
10.8703744
10.870161408
10.870161408
10.869178368
10.869178368
10.879205376
10.879205376
10.879156224
10.879156224
10.881613824
10.881613824
10.880237568
10.880237568
10.880352256
10.880352256
10.879729664
10.879729664
10.879483904
10.879483904
10.88077824
10.88077824
10.881531904
10.881531904
10.881957888
10.881957888
10.881417216
10.881417216
10.881417216
10.881417216
10.881417216
10.881417216
10.881417216
10.881417216
10.855858176
10.855858176
10.855858176
10.855858176
10.851844096
10.851844096
10.84014592
10.84014592
10.839670784
10.839670784
10.839703552
10.839703552
10.865901568
10.865901568
10.865852416
10.865852416
10.86595072
10.86595072
10.86570496
10.86570496
10.865442816
10.865442816
10.865885184
10.865885184
10.866343936
10.866343936
10.8662784
10.8662784
10.86652416
10.86652416
10.866458624
10.866458624
10.866458624
10.866458624
10.866458624
10.866458624
10.866458624
10.866458624
10.866458624
10.866458624
10.82474496
10.82474496
10.91780608
10.91780608
10.983473152
10.983473152
10.956668928
10.956668928
10.956046336
10.956046336
10.96523776
10.96523776
10.96523776
10.96523776
10.96523776
10.96523776
10.96523776
10.96523776
10.912497664
10.912497664
10.912104448
10.912104448
10.91166208
10.91166208
10.91166208
10.91166208
10.91166208
10.91166208
10.857365504
10.857365504
10.946904064
11.001708544
11.001708544
10.996662272
10.996662272
11.04879616
11.04879616
11.028840448
11.028840448
11.079483392
11.079483392
11.079483392
11.079483392
11.079483392
11.079483392
11.079483392
11.066523648
11.066523648
11.050696704
11.050696704
11.000528896
11.000528896
10.971185152
10.971185152
10.583392256
10.583392256
10.583392256
10.599923712
10.599923712
10.599923712
10.599923712
10.697949184
10.697949184
10.712956928
10.712956928
10.712956928
10.712956928
10.712956928
10.712956928
10.744414208
10.744414208
10.744414208
10.879188992
10.879188992
10.879188992
10.88045056
10.88045056
10.88126976
10.88126976
10.881630208
10.881630208
10.881630208
10.75994624
10.75994624
10.759667712
10.759667712
10.763780096
10.763780096
10.762797056
10.762797056
10.756325376
10.756325376
10.752671744
10.752671744
10.752671744
10.752671744
10.752671744
10.78493184
10.78493184
10.78493184
10.780196864
10.760077312
10.760077312
10.688200704
10.688200704
10.664493056
10.664493056
10.663067648
10.663067648
10.663067648
10.663067648
10.663067648
10.663067648
10.663067648
10.663067648
10.58537472
10.58537472
10.584735744
10.584735744
10.68335104
10.68335104
10.68335104
10.68335104
10.688495616
10.688495616
10.688495616
10.688495616
10.688495616
10.688495616
10.688495616
10.687414272
10.687414272
10.687414272
10.687414272
10.687414272
10.687414272
10.687414272
10.687414272
10.687414272
10.651369472
10.651369472
10.629070848
10.678124544
10.678124544
10.678124544
10.672881664
10.672881664
10.696228864
10.696228864
10.696228864
10.696228864
10.686775296
10.686775296
10.686169088
10.686169088
10.688806912
10.71300608
10.725670912
10.725670912
10.725670912
10.748215296
10.748215296
10.750476288
10.750476288
10.712236032
10.688331776
10.688331776
10.657415168
10.668949504
10.668949504
10.668949504
10.65590784
10.65590784
10.65590784
10.655858688
10.655858688
10.645929984
10.645929984
10.644537344
10.644537344
10.668867584
10.668867584
10.666672128
10.666672128
10.666672128
10.666672128
10.666672128
10.666672128
10.666672128
10.645864448
10.645864448
10.598055936
10.598055936
10.589995008
10.589995008
10.592600064
10.592600064
10.599727104
10.599727104
10.591535104
10.591535104
10.581491712
10.581491712
10.583015424
10.583015424
10.583015424
10.583015424
10.583015424
10.583064576
10.583064576
10.583064576
10.583064576
10.583064576
10.583064576
10.583064576
10.583064576
10.583064576
10.583064576
10.571497472
10.571497472
10.579607552
10.579607552
10.579918848
10.579918848
10.580082688
10.580082688
10.579623936
10.579623936
10.601611264
10.601611264
10.60036608
10.60036608
10.5992192
10.5992192
10.598989824
10.598989824
10.602889216
10.602889216
10.61535744
10.61535744
10.6266624
10.6266624
10.636296192
10.636296192
10.63788544
10.63788544
10.63788544
10.63788544
10.73545216
10.73545216
10.8580864
10.8580864
10.865967104
10.865967104
10.865967104
10.865967104
10.865967104
10.83449344
10.83449344
10.823467008
10.823467008
10.830528512
10.830528512
10.830577664
10.830577664
10.814488576
10.814488576
10.8249088
10.8249088
10.8249088
10.8249088
10.8249088
10.8249088
10.8249088
10.8249088
10.8249088
10.822795264
10.822795264
10.815438848
10.815438848
10.815438848
10.815438848
10.815438848
10.815438848
10.815438848
10.815438848
10.827661312
10.827661312
10.833248256
10.833248256
10.83318272
10.83318272
10.83318272
10.83326464
10.83326464
10.833395712
10.833395712
10.826203136
10.826203136
10.823712768
10.823712768
10.82368
10.82368
10.81319424
10.81319424
10.813095936
10.813095936
10.812440576
10.812440576
10.812276736
10.812276736
10.811523072
10.811523072
10.809491456
10.809491456
10.810851328
10.810851328
10.810867712
10.810867712
10.810851328
10.810851328
10.79681024
10.79681024
10.806034432
10.806034432
10.81114624
10.81114624
10.814881792
10.814881792
10.899111936
10.899111936
10.919247872
10.919247872
10.919247872
10.919247872
10.919247872
10.928193536
10.928193536
10.928193536
10.979606528
10.979606528
10.979606528
10.979606528
10.979606528
10.979606528
10.972479488
10.972479488
10.972479488
10.976935936
10.976935936
10.974199808
10.974199808
10.974199808
10.974199808
10.974199808
10.974199808
10.928242688
10.928242688
10.915004416
10.915004416
10.915004416
10.915004416
10.915004416
10.915004416
10.915004416
10.915004416
10.942857216
10.942857216
10.924474368
10.924474368
10.924228608
10.924228608
10.944528384
10.944528384
10.965204992
10.965204992
10.963206144
10.963206144
10.96065024
10.96065024
10.964926464
10.964926464
11.133927424
11.133927424
11.133927424
11.133927424
11.278041088
11.278041088
11.291967488
11.291967488
11.29201664
11.29201664
11.266441216
11.266441216
11.236605952
11.236605952
11.236605952
11.236605952
11.236605952
11.236605952
11.236605952
11.236605952
11.173675008
11.173675008
11.169693696
11.169693696
11.09417984
11.09417984
11.092590592
11.092590592
11.013455872
11.013455872
11.009540096
11.009540096
11.009589248
11.009589248
11.009589248
11.009589248
11.009589248
11.009589248
11.009589248
11.009589248
11.016339456
11.016339456
11.031969792
11.031969792
11.028332544
11.028332544
11.026071552
11.026071552
11.026071552
11.026071552
10.97965568
10.97965568
10.979704832
10.979704832
10.977165312
10.977165312
10.949083136
10.949083136
10.943430656
10.943430656
10.944086016
10.944086016
10.944086016
10.948411392
10.948411392
10.948411392
10.948411392
10.948411392
10.948411392
10.948411392
10.948411392
10.947887104
10.947887104
10.946035712
10.946035712
10.942316544
10.942316544
10.942808064
10.942808064
10.942742528
10.942742528
10.942775296
10.942775296
10.97736192
10.97736192
10.977296384
10.977296384
10.977296384
10.977296384
10.977296384
10.977296384
10.958848
10.958848
10.959060992
10.959060992
10.954440704
10.954440704
10.954440704
10.954440704
10.954440704
10.954440704
10.95540736
10.95540736
10.955440128
10.955440128
11.006328832
11.006328832
11.005820928
11.005820928
11.005820928
11.005739008
11.005739008
11.000528896
11.000528896
11.000528896
11.000922112
11.000922112
11.000725504
11.000725504
10.970546176
10.970546176
10.967515136
10.967515136
10.964434944
10.964434944
10.964434944
10.964434944
10.964434944
10.964434944
10.961108992
10.961108992
10.947608576
10.947608576
10.911612928
10.911612928
10.911891456
10.911891456
10.911891456
11.017551872
11.017551872
11.060723712
11.060723712
11.060723712
11.063263232
11.063263232
11.063263232
11.063263232
11.093835776
11.093835776
11.033182208
11.033182208
10.998923264
10.998923264
10.998923264
11.009212416
11.009212416
11.009327104
11.009327104
11.010162688
11.010162688
11.010097152
11.010097152
11.00988416
11.00988416
11.00365824
11.00365824
11.004821504
11.004821504
11.004821504
11.004444672
11.004444672
11.005198336
11.005198336
11.003887616
11.003887616
11.003396096
11.003396096
11.00251136
11.00251136
11.002527744
11.002527744
11.000528896
11.000528896
11.000610816
11.000610816
10.996957184
10.996957184
10.99743232
10.99743232
10.99907072
10.99907072
10.998808576
10.998808576
10.978082816
10.978082816
10.978361344
10.978361344
10.979672064
10.979672064
10.980245504
10.980245504
10.980278272
10.980278272
10.984210432
10.984210432
11.004788736
11.004788736
11.002527744
11.002527744
11.002527744
11.00152832
11.00152832
11.00152832
11.00152832
11.00152832
10.992140288
10.992140288
10.992418816
10.992418816
10.992222208
10.992222208
10.992238592
10.992238592
10.992140288
10.992140288
10.992418816
10.992418816
10.992418816
10.992418816
10.991648768
10.991648768
10.990288896
10.990288896
10.990911488
10.990911488
10.990092288
10.990092288
10.989535232
10.989535232
10.989551616
10.989551616
10.989305856
10.989305856
10.988929024
10.988929024
10.992992256
10.992992256
10.993057792
10.993057792
10.978000896
10.978000896
10.9768704
10.9768704
10.976903168
10.976903168
10.97728
10.97728
10.967056384
10.967056384
10.961649664
10.961649664
10.961698816
10.961698816
10.961485824
10.961485824
10.94828032
10.94828032
10.94828032
10.94828032
10.94795264
10.94795264
10.948673536
10.948673536
10.948657152
10.948657152
10.948624384
10.948624384
10.948165632
10.948165632
10.97293824
10.97293824
10.972839936
10.972839936
10.972839936
10.972839936
10.972839936
10.972839936
10.972839936
10.972839936
10.987536384
10.987536384
11.007311872
11.007311872
11.007311872
11.007311872
11.007311872
11.007311872
11.007311872
11.007311872
10.951786496
10.951786496
10.92419584
10.92419584
10.924244992
10.924244992
10.880827392
10.880827392
10.880827392
10.880827392
10.880811008
10.880811008
10.880188416
10.880188416
10.880106496
10.880106496
10.880106496
10.880106496
10.880106496
10.880106496
11.09549056
11.09549056
11.056431104
11.056431104
11.056431104
11.056431104
11.056431104
11.029118976
11.029118976
11.029118976
11.052744704
11.052744704
11.125686272
11.125686272
11.119345664
11.119345664
11.114528768
11.114528768
11.093540864
11.093540864
11.088756736
11.088756736
11.105189888
11.105189888
11.105189888
11.103420416
11.103420416
11.088084992
11.088084992
11.057496064
11.057496064
11.040997376
11.040997376
11.050057728
11.050057728
11.049598976
11.049598976
11.049517056
11.049517056
11.0485504
11.0485504
11.046518784
11.046518784
11.033739264
11.033739264
10.969022464
10.969022464
10.963386368
10.963386368
10.963173376
10.963173376
10.958340096
10.958340096
10.958209024
10.958209024
10.95827456
10.95827456
10.958487552
10.958487552
10.958585856
10.958585856
10.961338368
10.961338368
10.961846272
10.961846272
10.961846272
10.961846272
10.961846272
10.961846272
10.961846272
10.961846272
10.970595328
10.970595328
11.30078208
11.30078208
11.30078208
11.286953984
11.286953984
11.286953984
11.286953984
11.27079936
11.27079936
11.27079936
11.255742464
11.255742464
11.136466944
11.136466944
11.132993536
11.132993536
11.132993536
11.086168064
11.083907072
11.083907072
11.083907072
11.083907072
11.083907072
11.105910784
11.105910784
11.105910784
11.105910784
11.105910784
11.105910784
11.105910784
11.087282176
11.087282176
11.001348096
11.001348096
11.000692736
11.000692736
11.057250304
11.057250304
11.057250304
11.046862848
11.046862848
11.046862848
11.051450368
11.051450368
11.051450368
11.04928768
11.04928768
11.042422784
11.042422784
11.042422784
11.063492608
11.063492608
11.063492608
11.038588928
11.00406784
11.035820032
11.035820032
11.065081856
11.065081856
11.041603584
11.041603584
11.039080448
11.039080448
10.990125056
10.990125056
10.990125056
10.952671232
10.952671232
10.952671232
10.952671232
10.952671232
10.960666624
10.960666624
10.960502784
10.960502784
10.960224256
10.960224256
10.918117376
10.918117376
10.916872192
11.012325376
11.012325376
10.9924352
10.9924352
10.9924352
10.971611136
10.971611136
10.971611136
11.002478592
11.002478592
11.046846464
11.046846464
11.045961728
11.045961728
11.030298624
11.030298624
11.035164672
11.035164672
11.074256896
11.074256896
11.088592896
11.088592896
11.088592896
11.088592896
11.088592896
11.088592896
11.099570176
11.099570176
11.114446848
11.177295872
11.177295872
11.177295872
11.12449024
11.12449024
11.12449024
11.091918848
11.035869184
11.035869184
11.035869184
11.001315328
11.001315328
10.988601344
10.988601344
10.981277696
10.981277696
10.981277696
10.981376
10.981376
10.980900864
10.980900864
10.974380032
10.974380032
10.97351168
10.97351168
10.973200384
10.973200384
10.958913536
10.958913536
10.952966144
10.952966144
10.908319744
10.908319744
10.883792896
10.883792896
10.838147072
10.838147072
10.943332352
10.943332352
10.944053248
10.944053248
10.945069056
10.945069056
10.945298432
10.945298432
10.945298432
10.945298432
10.932158464
10.932158464
