41.91
41.91
75.42
75.42
75.42
81.91
81.91
58.66
58.66
69.00
69.00
66.30
66.30
40.40
40.40
45.13
45.13
45.13
28.52
28.52
34.94
34.94
34.56
34.56
34.14
34.14
36.46
36.46
26.97
26.97
27.44
27.44
32.79
32.79
29.93
29.93
30.19
30.19
31.58
31.58
39.43
39.43
38.48
38.48
30.68
30.68
30.68
36.89
36.89
37.51
37.51
38.20
38.20
33.77
33.77
31.21
31.21
35.89
35.89
34.19
34.19
31.76
31.76
31.10
31.10
32.64
32.64
34.40
34.40
29.58
29.58
27.95
27.95
29.97
29.97
31.92
31.92
28.70
28.70
29.07
29.07
31.59
31.59
32.83
32.83
27.20
27.20
28.59
28.59
28.26
28.26
28.60
28.60
33.78
33.78
53.73
53.73
53.73
58.06
58.06
58.06
38.68
38.68
23.74
23.74
23.74
27.05
27.05
30.42
30.42
32.69
32.69
35.15
35.15
37.06
37.06
34.94
34.94
30.55
30.55
30.52
30.52
31.09
31.09
30.87
30.87
36.53
36.53
34.90
34.90
32.67
32.67
32.67
29.68
29.68
32.41
32.41
35.66
35.66
35.39
35.39
29.09
29.09
27.21
27.21
29.80
29.80
28.19
28.19
26.21
26.21
26.90
26.90
27.45
27.45
26.75
26.75
25.68
25.68
29.11
29.11
29.92
29.92
28.79
28.79
28.45
28.45
27.57
27.57
32.88
32.88
42.49
42.49
42.49
48.69
48.69
35.76
35.76
51.22
51.22
51.22
50.42
50.42
38.19
38.19
33.36
33.36
28.36
28.36
28.36
27.83
27.83
35.59
35.59
47.92
47.92
47.83
47.83
40.25
40.25
41.80
41.80
43.61
43.61
30.47
30.47
54.82
54.82
54.82
35.69
35.69
38.64
38.64
43.09
43.09
33.51
33.51
36.98
36.98
28.80
28.80
31.12
31.12
36.04
36.04
32.16
32.16
33.72
33.72
33.21
33.21
38.66
38.66
26.59
26.59
26.59
25.72
25.72
28.53
28.53
31.07
31.07
30.95
30.95
30.54
30.54
27.78
27.78
33.43
33.43
31.37
31.37
33.97
33.97
27.71
27.71
36.04
36.04
34.79
34.79
34.78
34.78
27.30
27.30
27.81
27.81
25.60
25.60
29.57
29.57
36.58
36.58
50.93
50.93
40.70
40.70
44.12
44.12
46.54
46.54
30.39
30.39
30.39
38.53
38.53
30.96
30.96
40.15
40.15
40.27
40.27
31.52
31.52
31.52
30.46
30.46
31.42
31.42
32.29
32.29
30.60
30.60
30.60
26.50
26.50
27.31
27.31
31.52
31.52
28.61
28.61
24.87
24.87
26.20
26.20
26.58
26.58
27.68
27.68
28.72
28.72
29.56
29.56
29.19
29.19
26.95
26.95
26.01
26.01
25.19
25.19
26.71
26.71
30.17
30.17
33.12
33.12
36.22
36.22
33.20
33.20
26.39
26.39
29.46
29.46
30.26
30.26
30.88
30.88
26.26
26.26
29.32
29.32
32.17
32.17
36.18
36.18
27.30
27.30
25.79
25.79
26.91
26.91
32.80
32.80
33.60
33.60
31.40
31.40
31.62
31.62
33.60
33.60
26.87
26.87
24.31
24.31
27.47
27.47
28.11
28.11
45.41
45.41
37.23
37.23
35.25
35.25
51.96
51.96
40.76
40.76
35.17
35.17
36.47
36.47
28.09
28.09
37.58
37.58
30.96
30.96
33.90
33.90
29.18
29.18
29.04
29.04
27.72
27.72
30.09
30.09
25.05
25.05
33.76
33.76
30.73
30.73
30.55
30.55
30.55
26.97
26.97
23.82
23.82
26.34
26.34
28.54
28.54
27.35
27.35
24.74
24.74
32.76
32.76
37.10
37.10
36.17
36.17
36.17
23.72
23.72
23.72
26.07
26.07
28.64
28.64
32.27
32.27
30.71
30.71
29.65
29.65
30.14
30.14
31.50
31.50
31.87
31.87
29.13
29.13
31.99
31.99
33.72
33.72
32.49
32.49
26.58
26.58
32.63
32.63
30.69
30.69
32.72
32.72
37.95
37.95
32.31
32.31
27.46
27.46
38.44
38.44
35.54
35.54
36.17
36.17
31.71
31.71
30.43
30.43
28.95
28.95
35.10
35.10
38.65
38.65
46.93
46.93
48.05
48.05
41.29
41.29
58.07
58.07
58.07
30.37
30.37
30.63
30.63
27.78
27.78
29.05
29.05
30.75
30.75
27.90
27.90
31.08
31.08
29.83
29.83
26.19
26.19
28.18
28.18
35.84
35.84
37.39
37.39
51.62
51.62
51.62
39.68
39.68
27.70
27.70
24.15
24.15
29.16
29.16
44.05
44.05
48.03
48.03
46.52
46.52
54.06
54.06
53.12
53.12
62.34
60.89
60.89
60.89
53.70
53.70
50.00
50.00
39.22
39.22
34.52
34.52
31.27
31.27
24.96
24.96
26.74
26.74
26.05
26.05
25.54
25.54
26.88
26.88
26.41
26.41
32.76
32.76
48.25
48.25
48.71
48.71
48.71
48.71
50.00
50.00
50.00
40.29
40.29
42.15
42.15
37.49
37.49
37.49
37.63
37.63
32.15
32.15
25.71
25.71
24.86
24.86
41.71
41.71
36.18
36.18
37.23
37.23
38.43
54.50
54.50
54.50
54.50
44.90
44.90
35.10
35.10
37.90
37.90
49.95
49.95
49.95
46.52
46.52
46.55
46.55
46.55
45.77
45.77
41.94
41.94
39.67
39.67
32.50
32.50
44.97
49.55
66.25
66.25
66.25
59.15
59.15
48.89
50.00
50.00
50.00
50.00
47.42
47.42
28.80
28.80
38.44
38.44
49.66
49.66
49.66
49.66
49.66
45.85
45.85
34.88
34.88
37.37
37.37
34.00
34.00
28.03
28.03
32.87
32.87
40.57
40.57
39.81
39.81
36.34
36.34
41.07
41.07
37.36
37.36
33.89
33.89
37.20
37.20
45.23
45.23
45.23
49.17
54.17
54.17
59.03
48.27
48.27
48.27
47.52
47.52
47.52
50.00
50.00
50.00
50.00
50.00
50.00
46.59
43.55
43.55
39.78
39.78
41.53
41.53
30.35
30.35
53.48
53.48
49.50
49.50
49.50
48.46
48.46
37.22
37.22
34.23
34.23
24.17
24.17
26.86
26.86
37.81
47.12
47.12
39.85
39.85
39.85
39.85
53.02
53.02
53.02
47.93
47.93
43.48
43.48
31.57
31.57
43.35
43.35
33.33
33.33
33.33
30.75
30.75
36.07
36.07
30.72
30.72
32.13
32.13
35.49
35.49
34.23
34.23
31.58
31.58
33.38
33.38
31.23
31.23
29.58
29.58
33.14
33.14
38.11
38.11
38.11
38.11
32.91
32.91
32.60
32.60
40.90
40.90
47.26
47.26
43.03
43.03
44.75
44.75
45.35
45.35
33.54
33.54
43.21
43.21
45.76
45.76
29.71
29.71
29.71
28.24
28.24
39.90
39.90
51.14
51.14
44.72
44.72
41.77
41.77
45.13
45.13
45.13
29.18
29.18
29.18
28.28
28.28
30.42
30.42
29.10
29.10
29.27
29.27
29.52
29.52
26.78
26.78
23.98
23.98
22.21
22.21
20.83
20.83
22.86
22.86
25.24
25.24
26.70
26.70
20.22
20.22
22.35
22.35
21.40
21.40
22.19
22.19
23.67
23.67
23.00
23.00
25.63
25.63
25.67
25.67
21.73
21.73
20.37
20.37
22.89
22.89
22.54
22.54
21.31
21.31
23.97
23.97
25.53
25.53
24.41
24.41
21.36
21.36
21.15
21.15
21.31
21.31
21.43
21.43
23.30
23.30
23.13
23.13
25.27
25.27
25.42
25.42
22.02
22.02
22.48
22.48
22.27
22.27
28.09
28.09
21.45
21.45
24.23
24.23
27.11
27.11
26.76
26.76
21.17
21.17
22.29
22.29
20.75
20.75
22.06
22.06
22.92
22.92
26.41
26.41
25.66
25.66
28.51
28.51
22.01
22.01
21.86
21.86
22.53
22.53
20.81
20.81
22.23
22.23
27.53
27.53
24.84
24.84
25.95
25.95
23.24
23.24
22.69
22.69
22.06
22.06
20.73
20.73
20.73
20.73
23.54
23.54
34.73
34.73
29.70
29.70
44.39
44.39
44.56
44.56
47.52
47.52
34.22
34.22
30.10
30.10
25.96
25.96
26.27
26.27
25.27
25.27
22.66
22.66
22.00
22.00
21.40
21.40
23.61
23.61
31.74
31.07
31.07
37.26
37.26
53.67
53.67
50.00
50.00
44.02
44.02
34.66
34.66
40.98
40.98
40.98
24.63
24.63
32.02
32.02
33.56
33.56
56.62
56.62
52.39
52.39
52.39
56.06
50.00
50.00
50.00
50.00
50.00
50.00
50.00
50.00
50.00
50.00
50.00
50.00
50.00
50.00
50.00
50.00
50.00
47.18
47.18
48.50
48.50
30.93
30.93
30.93
35.60
35.60
26.74
26.74
34.33
34.33
27.39
27.39
28.61
28.61
28.78
28.78
42.52
39.08
39.08
45.41
45.41
45.41
49.50
50.00
50.00
41.95
41.95
35.88
35.88
32.44
32.44
29.74
29.74
32.94
32.94
33.33
33.33
30.46
30.46
25.89
25.89
40.46
40.46
37.05
37.05
35.84
35.84
47.37
47.37
47.37
47.70
47.70
39.09
39.09
46.16
46.16
46.16
50.00
50.00
48.50
48.50
50.00
50.00
47.50
47.18
47.18
47.18
43.37
43.37
49.98
49.98
49.98
49.98
44.93
44.93
48.81
48.81
40.19
52.13
50.54
50.54
50.54
47.61
47.61
39.47
39.47
41.03
34.69
34.69
30.87
51.32
51.32
51.32
50.00
50.00
50.00
48.54
48.54
40.78
40.78
31.19
31.19
51.61
51.61
48.39
48.39
41.61
41.61
25.06
25.06
25.06
32.43
32.43
28.64
28.64
31.00
31.00
33.08
33.08
39.74
39.74
35.12
35.12
32.15
32.15
38.00
38.00
33.64
33.64
33.64
30.44
30.44
29.27
29.27
27.99
27.99
27.40
27.40
25.28
25.28
27.95
27.95
43.50
43.50
32.97
32.97
25.10
25.10
26.78
26.78
31.33
31.33
28.89
28.89
22.71
22.71
24.68
24.68
28.26
28.26
39.19
39.19
37.81
37.81
41.96
41.96
40.24
40.24
42.89
42.89
48.96
48.96
49.61
49.61
42.36
42.36
29.68
29.68
29.68
35.80
35.80
27.17
27.17
36.84
36.84
48.60
48.60
44.07
44.07
47.83
47.83
50.00
50.00
40.00
40.00
27.43
27.43
27.43
26.97
26.97
22.07
22.07
23.56
23.56
23.34
23.34
23.84
23.84
39.65
39.65
34.71
34.71
27.98
27.98
27.98
23.55
23.55
22.12
22.12
20.76
20.76
23.47
23.47
24.44
24.44
26.92
26.92
27.41
27.41
28.16
28.16
23.95
23.95
23.35
23.35
24.41
24.41
22.13
22.13
23.21
23.21
23.79
23.79
26.67
26.67
34.40
34.40
35.42
35.42
40.78
40.78
47.15
47.15
50.00
50.00
50.00
50.00
50.00
38.37
38.37
38.37
37.95
37.95
25.39
25.39
33.01
33.01
27.70
27.70
27.70
24.83
24.83
24.97
24.97
27.37
27.37
25.44
25.44
44.58
44.58
47.43
47.43
47.87
47.87
40.61
40.61
45.37
45.37
46.12
46.12
48.34
48.34
37.09
37.09
47.28
47.28
47.94
47.94
47.30
47.30
33.67
33.67
33.00
33.00
52.63
52.63
52.63
52.63
49.57
49.57
40.32
40.32
34.70
34.70
35.54
35.54
32.43
32.43
35.20
35.20
41.75
41.75
44.36
44.36
46.05
46.05
42.63
42.63
36.20
36.20
27.50
27.50
28.22
28.22
25.93
25.93
25.95
25.95
25.81
25.81
29.74
29.74
28.99
28.99
27.40
27.40
28.14
28.14
23.19
23.19
28.31
28.31
25.24
25.24
29.82
29.82
29.76
29.76
25.28
25.28
47.57
47.57
38.67
38.67
28.77
28.77
28.77
28.42
28.42
27.23
27.23
29.14
29.14
29.43
29.43
24.02
24.02
26.09
26.09
26.25
26.25
23.17
23.17
27.46
27.46
28.68
28.68
34.07
34.07
30.18
30.18
24.66
24.66
25.93
25.93
29.69
29.69
26.85
26.85
27.35
27.35
28.67
28.67
26.08
26.08
27.97
27.97
27.00
27.00
40.03
40.03
31.00
31.00
31.00
28.94
28.94
39.71
39.71
39.71
27.25
27.25
21.62
21.62
19.85
19.85
18.25
18.25
21.46
21.46
20.94
20.94
20.65
20.65
22.59
22.59
22.75
22.75
53.18
53.18
23.81
23.81
23.81
30.75
30.75
60.76
60.76
60.76
34.33
34.33
40.58
40.58
42.31
42.31
38.04
38.04
28.81
28.81
28.81
24.40
24.40
25.73
25.73
24.01
24.01
28.51
28.51
25.96
25.96
27.73
27.73
24.65
24.65
24.65
20.48
20.48
22.62
22.62
25.15
25.15
25.26
25.26
29.37
29.37
21.85
21.85
21.78
21.78
19.29
19.29
20.89
20.89
23.67
23.67
24.46
24.46
26.81
26.81
31.69
31.69
24.33
24.33
23.83
23.83
25.96
25.96
27.05
27.05
28.52
28.52
46.20
46.20
50.00
50.00
50.00
37.23
37.23
37.23
26.04
26.04
21.78
21.78
18.78
18.78
21.61
21.61
27.25
27.25
30.30
30.30
28.61
28.61
27.57
27.57
28.38
28.38
23.89
23.89
23.57
23.57
26.38
26.38
22.48
22.48
24.65
24.65
25.08
25.08
23.01
23.01
25.45
25.45
21.07
21.07
23.90
23.90
22.32
22.32
20.45
20.45
27.26
27.26
24.93
24.93
21.58
21.58
19.18
19.18
18.25
18.25
20.65
20.65
19.33
19.33
20.90
20.90
22.61
22.61
22.46
22.46
23.51
23.51
18.02
18.02
31.28
31.28
17.62
17.62
29.60
29.60
21.33
21.33
21.28
21.28
22.62
22.62
32.78
32.78
31.50
31.50
32.03
32.03
33.01
33.01
32.32
32.32
31.00
31.00
22.33
22.33
22.35
22.35
21.97
21.97
18.97
18.97
19.55
19.55
17.71
17.71
20.73
20.73
21.47
21.47
50.83
50.83
41.84
41.84
37.94
49.61
49.61
55.82
55.82
55.82
47.19
47.19
49.38
49.38
48.34
48.34
44.64
44.64
43.69
43.69
48.38
48.38
48.48
48.48
48.48
50.00
50.00
39.74
39.74
35.04
35.04
38.07
38.07
39.10
39.10
33.90
33.90
33.05
33.05
30.94
30.94
27.87
27.87
31.31
31.31
27.03
27.03
29.33
29.33
30.38
30.38
27.22
27.22
27.38
27.38
28.83
28.83
29.35
29.35
30.82
30.82
51.34
51.34
47.98
47.98
40.46
40.46
42.42
42.42
44.42
44.42
46.35
46.35
46.74
46.74
46.88
50.31
50.31
50.31
50.31
50.00
50.00
50.00
44.99
44.99
28.90
28.90
22.29
22.29
22.29
31.02
57.91
57.91
57.91
41.06
41.06
41.74
51.59
51.59
51.59
51.59
48.76
48.76
46.48
46.48
40.17
40.17
43.29
43.29
50.00
50.00
50.00
46.97
46.97
46.97
50.00
50.00
50.00
42.25
42.25
43.17
43.17
43.17
50.30
50.30
50.30
42.52
31.17
40.89
40.89
36.26
36.26
43.37
43.37
39.16
39.16
27.67
27.67
27.67
22.71
22.71
22.71
24.07
24.07
25.17
25.17
24.90
24.90
25.18
25.18
18.26
18.26
24.30
44.42
44.42
46.88
46.88
46.88
43.18
43.18
43.18
49.54
49.54
43.10
43.10
26.36
26.36
35.37
35.37
30.41
30.41
36.94
36.94
32.76
48.86
48.86
48.86
49.52
49.52
38.50
38.50
44.34
50.00
50.00
50.00
51.20
51.20
51.20
51.50
57.61
57.61
57.61
38.95
38.95
33.54
33.54
30.89
30.89
30.89
23.29
23.29
24.31
24.31
22.20
22.20
23.22
23.22
25.38
25.38
25.09
25.09
22.11
22.11
22.74
22.74
25.39
25.39
18.35
18.35
44.46
44.46
32.61
32.61
33.61
33.61
35.66
35.66
35.31
35.31
34.88
34.88
