0.3945051431655884,1
0.3321952819824219,1
0.25316184759140015,1
0.47016069293022156,1
0.27891474962234497,1
0.3900104761123657,1
0.42356082797050476,1
0.4971736669540405,1
0.3748578429222107,1
0.30709052085876465,1
0.34071892499923706,1
0.3974064588546753,1
0.42633646726608276,1
0.4278724193572998,1
0.5544496178627014,1
0.37769877910614014,1
0.21000896394252777,1
0.38896840810775757,1
0.4086303114891052,1
0.4115782678127289,1
0.3990004062652588,1
0.29866817593574524,1
0.43637681007385254,1
0.3584795296192169,1
0.3187888264656067,1
0.49259883165359497,1
0.4035811424255371,1
0.3960154056549072,1
0.27026236057281494,1
0.47780564427375793,1
0.6488152146339417,1
0.32363444566726685,1
0.35228830575942993,1
0.5288751125335693,1
0.24516057968139648,1
0.34745776653289795,1
0.397276371717453,1
0.24977967143058777,1
0.4815441370010376,1
0.31539851427078247,1
0.2593939006328583,1
0.3488694429397583,1
0.3497667610645294,1
0.47434887290000916,1
0.3577255606651306,1
0.4856441617012024,1
0.4584214687347412,1
0.39854905009269714,1
0.37913939356803894,1
0.3034196197986603,1
0.30858558416366577,1
0.3793070316314697,1
0.2976493835449219,1
0.2528892159461975,1
0.24760323762893677,1
0.2876741290092468,1
0.3020760416984558,1
0.3238491415977478,1
0.3465811312198639,1
0.3197587728500366,1
0.3675044775009155,1
0.41723304986953735,1
0.4078991115093231,1
0.2686704695224762,1
0.2233450561761856,1
0.32589995861053467,1
0.3844214677810669,1
0.470164030790329,1
0.29308822751045227,1
0.4768628478050232,1
0.5098564028739929,1
0.3860724866390228,1
0.27731186151504517,1
0.41896507143974304,1
0.45579737424850464,1
0.3778933882713318,1
0.30520957708358765,1
0.22567662596702576,1
0.2588093876838684,1
0.48327797651290894,1
0.40637874603271484,1
0.3757195472717285,1
0.2839178442955017,1
0.39932572841644287,1
0.28690624237060547,1
0.31760284304618835,1
0.3141801357269287,1
0.2284087836742401,1
0.45097553730010986,1
0.35156214237213135,1
0.6619858741760254,1
0.3542745113372803,1
0.24176672101020813,1
0.31546348333358765,1
0.2490699291229248,1
0.5450695753097534,1
0.22463132441043854,1
0.25244957208633423,1
0.37072786688804626,1
0.372376412153244,1
0.4231521189212799,1
0.27686449885368347,1
0.3809968829154968,1
0.39078691601753235,1
0.377540647983551,1
0.26474806666374207,1
0.3921089172363281,1
0.397269606590271,1
0.4226609468460083,1
0.2942131459712982,1
0.3993561565876007,1
0.3860858082771301,1
0.22884315252304077,1
0.3920890688896179,1
0.6636220216751099,1
0.3902296721935272,1
0.25680267810821533,1
0.5591732263565063,1
0.3373037278652191,1
0.33607590198516846,1
0.3167005777359009,1
0.3745080232620239,1
0.4135637879371643,1
0.40502771735191345,1
0.29049181938171387,1
0.2449016571044922,1
0.4058452844619751,1
0.35246437788009644,1
0.3535478115081787,1
0.39256712794303894,1
0.16460496187210083,1
0.28065094351768494,1
0.268119752407074,1
0.3882473111152649,1
0.28963175415992737,1
0.310278058052063,1
0.4708362817764282,1
0.3058944344520569,1
0.3848383128643036,1
0.4826573133468628,1
0.3936355412006378,1
0.3455716073513031,1
0.22749154269695282,1
0.3407354950904846,1
0.38617953658103943,1
0.24604934453964233,1
0.3367999792098999,1
0.31684502959251404,1
0.49084168672561646,1
0.44693368673324585,1
0.34722718596458435,1
0.35576581954956055,1
0.3366878628730774,1
0.28448450565338135,1
0.2525961995124817,1
0.32999926805496216,1
0.3430102467536926,1
0.31325608491897583,1
0.24217066168785095,1
0.4262930452823639,1
0.26491469144821167,1
0.31452271342277527,1
0.2413608729839325,1
0.4928321838378906,1
0.44517266750335693,1
0.3166361153125763,1
0.31612011790275574,1
0.36395174264907837,1
0.3710319995880127,1
0.43607544898986816,1
0.29047584533691406,1
0.36401182413101196,1
0.47642165422439575,1
0.3297816514968872,1
0.458046555519104,1
0.41270583868026733,1
0.5444289445877075,1
0.2614305913448334,1
0.42208361625671387,1
0.3655337691307068,1
0.33677273988723755,1
0.34507235884666443,1
0.3415096402168274,1
0.37672287225723267,1
0.32003113627433777,1
0.2875102460384369,1
0.2551781237125397,1
0.41855958104133606,1
0.273122638463974,1
0.3577219545841217,1
0.31504255533218384,1
0.19945064187049866,1
0.4513844847679138,1
0.32393279671669006,1
0.3597378730773926,1
0.36122387647628784,1
0.26786500215530396,1
0.34117358922958374,1
0.318761944770813,1
0.24948294460773468,1
0.5702505111694336,1
0.3956150710582733,1
0.3253476619720459,1
0.3125844895839691,1
0.27117276191711426,1
0.30781280994415283,1
0.24122367799282074,1
0.40449053049087524,1
0.30694204568862915,1
0.2852061986923218,1
0.30893710255622864,1
0.35542526841163635,1
0.482444703578949,1
0.5024151802062988,1
0.23825818300247192,1
0.36935776472091675,1
0.28009265661239624,1
0.5006700754165649,1
0.30342742800712585,1
0.39527377486228943,1
0.20771828293800354,1
0.25779077410697937,1
0.5361462235450745,1
0.3141128122806549,1
0.42504602670669556,1
0.3570670187473297,1
0.22661644220352173,1
0.33649030327796936,1
0.4412491023540497,1
0.41858038306236267,1
0.26400521397590637,1
0.30481570959091187,1
0.3293062448501587,1
0.41290172934532166,1
0.3099786639213562,1
0.29992392659187317,1
0.3497849106788635,1
0.2659046947956085,1
0.4815419316291809,1
0.339368611574173,1
0.5089684724807739,1
0.3547765016555786,1
0.3596719205379486,1
0.41685038805007935,1
0.31127652525901794,1
0.4656662940979004,1
0.3257678151130676,1
0.22797001898288727,1
0.23993989825248718,1
0.256304532289505,1
0.3091278076171875,1
0.298167884349823,1
0.2562987804412842,1
0.314639687538147,1
0.2987707853317261,1
0.34139585494995117,1
0.3218425512313843,1
0.37046998739242554,1
0.28809037804603577,1
0.22440657019615173,1
0.2814077138900757,1
0.6015392541885376,1
0.4293048083782196,1
0.39970362186431885,1
0.29366058111190796,1
0.31356149911880493,1
0.19947785139083862,1
0.17751610279083252,1
0.4347192645072937,1
0.38548773527145386,1
0.4243224263191223,1
0.6830453276634216,1
0.43877166509628296,1
0.4041493237018585,1
0.24041657149791718,1
0.37038347125053406,1
0.49548834562301636,1
0.2068033665418625,1
0.28145113587379456,1
0.22114865481853485,1
0.40145134925842285,1
0.3235187828540802,1
0.34413158893585205,1
0.1408262997865677,1
0.2730003297328949,1
0.4269472360610962,1
0.23487120866775513,1
0.41834235191345215,1
0.47088056802749634,1
0.30324041843414307,1
0.2648535370826721,1
0.33830690383911133,1
0.31562525033950806,1
0.287075936794281,1
0.36640775203704834,1
0.2754531502723694,1
0.3758513927459717,1
0.2726438045501709,1
0.4130270779132843,1
0.3283354640007019,1
0.42590758204460144,1
0.214197039604187,1
0.25662073493003845,1
0.2626480460166931,1
0.38990849256515503,1
0.3347054421901703,1
0.3619632124900818,1
0.3671770989894867,1
0.43093135952949524,1
0.33180639147758484,1
0.16046032309532166,1
0.18407899141311646,1
0.5771111845970154,1
0.3906768560409546,1
0.16282746195793152,1
0.34458717703819275,1
0.29217588901519775,1
0.2589512765407562,1
0.29246431589126587,1
0.3565443754196167,1
0.20229312777519226,1
0.3216637372970581,1
0.31279605627059937,1
0.26859050989151,1
0.431568443775177,1
0.4571302831172943,1
0.3337711989879608,1
0.3146042227745056,1
0.3387607932090759,1
0.46754294633865356,1
0.43860289454460144,1
0.17642486095428467,1
0.31245774030685425,1
0.21936388313770294,1
0.24163185060024261,1
0.3836449086666107,1
0.3022480905056,1
0.2230052798986435,1
0.25897520780563354,1
0.3334483504295349,1
0.2580563724040985,1
0.5549083948135376,1
0.23793098330497742,1
0.27299565076828003,1
0.36464452743530273,1
0.2903333306312561,1
0.2818456292152405,1
0.44726547598838806,1
0.36467909812927246,1
0.4150542616844177,1
0.31305769085884094,1
0.35163256525993347,1
0.33023181557655334,1
0.37167078256607056,1
0.3554842472076416,1
0.3516963720321655,1
0.31344282627105713,1
0.26965516805648804,1
0.3155491352081299,1
0.2540726363658905,1
0.4137635827064514,1
0.30430418252944946,1
0.27064502239227295,1
0.19666928052902222,1
0.18027786910533905,1
0.28605416417121887,1
0.3147642910480499,1
0.25743746757507324,1
0.24048367142677307,1
0.3106762170791626,1
0.21418729424476624,1
0.36577633023262024,1
0.34316694736480713,1
0.3175734579563141,1
0.23506510257720947,1
0.28767597675323486,1
0.3797844648361206,1
0.12356292456388474,1
0.36795374751091003,1
0.4368053078651428,1
0.37863796949386597,1
0.40588587522506714,1
0.21008864045143127,1
0.35316789150238037,1
0.18219289183616638,1
0.30007416009902954,1
0.5500069856643677,1
0.3491949439048767,1
0.48498788475990295,1
0.21350423991680145,1
0.44024205207824707,1
0.21118810772895813,1
0.2730746269226074,1
0.3680683374404907,1
0.19036534428596497,1
0.452888548374176,1
0.33153632283210754,1
0.25622081756591797,1
0.22209949791431427,1
0.41843873262405396,1
0.27764034271240234,1
0.23926512897014618,1
0.3119404911994934,1
0.2944188117980957,1
0.48470380902290344,1
0.2950889468193054,1
0.3670046329498291,1
0.21652215719223022,1
0.3492082953453064,1
0.3795347213745117,1
0.39078813791275024,1
0.24418704211711884,1
0.39853963255882263,1
0.21738916635513306,1
0.3002479374408722,1
0.22514665126800537,1
0.3643501400947571,1
0.22681185603141785,1
0.22470170259475708,1
0.16878581047058105,1
0.26314258575439453,1
0.236860990524292,1
0.29919135570526123,1
0.24888476729393005,1
0.305189311504364,1
0.3527762293815613,1
0.41543468832969666,1
0.431077778339386,1
0.25803372263908386,1
0.38577407598495483,1
0.23533567786216736,1
0.23426485061645508,1
0.2869831919670105,1
0.369730681180954,1
0.45064663887023926,1
0.2389737367630005,1
0.24421362578868866,1
0.28158265352249146,1
0.2684105932712555,1
0.36668848991394043,1
0.21883372962474823,1
0.33730828762054443,1
0.238674595952034,1
0.2025354504585266,1
0.4208149313926697,1
0.38810279965400696,1
0.4499317705631256,1
0.31512734293937683,1
0.18946555256843567,1
0.3860454559326172,1
0.43013638257980347,1
0.1696244180202484,1
0.4131094515323639,1
0.4291033446788788,1
0.3999038338661194,1
0.2702576518058777,1
0.4100337624549866,1
0.38842347264289856,1
0.23492103815078735,1
0.32433372735977173,1
0.2127116322517395,1
0.23973605036735535,1
0.3534128665924072,1
0.21600304543972015,1
0.4201257526874542,1
0.23055499792099,1
0.3469217121601105,1
0.22902034223079681,1
0.3162218928337097,1
0.3893721103668213,1
0.3110333979129791,1
0.3276107907295227,1
0.3100903332233429,1
0.17850203812122345,1
0.25285741686820984,1
0.23028907179832458,1
0.3360861539840698,1
0.3193928301334381,1
0.46990731358528137,1
0.3711729049682617,1
0.4238654375076294,1
0.41845956444740295,1
0.17364031076431274,1
0.39998748898506165,1
0.3110409379005432,1
0.3066312074661255,1
0.3324362635612488,1
0.2584902048110962,1
0.18015426397323608,1
0.2229994684457779,1
0.2040499448776245,1
0.23309186100959778,1
0.5079949498176575,1
0.28937527537345886,1
0.2740536332130432,1
0.39404672384262085,1
0.42114296555519104,1
0.23889145255088806,1
0.3463016152381897,1
0.29928481578826904,1
0.3292732834815979,1
0.4424482583999634,1
0.4124026596546173,1
0.2756403386592865,1
0.4556354880332947,1
0.23657278716564178,1
0.17671166360378265,1
0.35097965598106384,1
0.2562416195869446,1
0.3467932641506195,1
0.3668561279773712,1
0.29837727546691895,1
0.41103053092956543,1
0.28970345854759216,1
0.24517174065113068,1
0.43321293592453003,1
0.327295184135437,1
0.4443323314189911,1
0.31096553802490234,1
0.35920438170433044,1
0.24366219341754913,1
0.26680970191955566,1
0.12559610605239868,1
0.3886539340019226,1
0.3735080361366272,1
0.21710877120494843,1
0.22634291648864746,1
0.3080429434776306,1
0.30907636880874634,1
0.18415912985801697,1
0.2975327968597412,1
0.2757003903388977,1
0.29787757992744446,1
0.19998590648174286,1
0.3099590539932251,1
0.27133268117904663,1
0.28727075457572937,1
0.21366047859191895,1
0.2408357560634613,1
0.2829115390777588,1
0.34844449162483215,1
0.46836936473846436,1
0.3283065855503082,1
0.2623053789138794,1
0.2817310392856598,1
0.30701664090156555,1
0.39497774839401245,1
0.3849918842315674,1
0.466438889503479,1
0.23950718343257904,1
0.3259594738483429,1
0.4811791777610779,1
0.356541246175766,1
0.33553043007850647,1
0.35914841294288635,1
0.2979879379272461,1
0.14037303626537323,1
0.25447067618370056,1
0.297566294670105,1
0.5674691200256348,1
0.279462993144989,1
0.24248145520687103,1
0.2531459927558899,1
0.19324851036071777,1
0.2453872561454773,1
0.23702140152454376,1
0.20826542377471924,1
0.2580372095108032,1
0.24133005738258362,1
0.26932552456855774,1
0.28884315490722656,1
0.3273997902870178,1
0.330073744058609,1
0.30428987741470337,1
0.29865822196006775,1
0.2166270613670349,1
0.37648338079452515,1
0.2975577116012573,1
0.29982990026474,1
0.21688932180404663,1
0.2899888753890991,1
0.29307055473327637,1
0.19568321108818054,1
0.3731805682182312,1
0.22235096991062164,1
0.20159077644348145,1
0.4023665487766266,1
0.19235920906066895,1
0.2634912133216858,1
0.3308798372745514,1
0.4669732451438904,1
0.13821043074131012,1
0.2815975546836853,1
0.4045248329639435,1
0.278807133436203,1
0.33567193150520325,1
0.3562166094779968,1
0.2016512006521225,1
0.2784663736820221,1
0.2735000252723694,1
0.167618528008461,1
0.3676404356956482,1
0.3445439040660858,1
0.39194390177726746,1
0.38250088691711426,1
0.2221788465976715,1
0.29689010977745056,1
0.20643827319145203,1
0.2805311977863312,1
0.2241308093070984,1
0.3438967764377594,1
0.20819605886936188,1
0.24373847246170044,1
0.3092063367366791,1
0.2560134530067444,1
0.354330837726593,1
0.23306503891944885,1
0.2732856869697571,1
0.46130847930908203,1
0.4398643672466278,1
0.219046950340271,1
0.139814555644989,1
0.273635596036911,1
0.29741811752319336,1
0.5474791526794434,1
0.17305180430412292,1
0.37777942419052124,1
0.13938702642917633,1
0.27120813727378845,1
0.23757785558700562,1
0.3959057629108429,1
0.1757715344429016,1
0.24228428304195404,1
0.2984933853149414,1
0.2948530614376068,1
0.17442718148231506,1
0.19605031609535217,1
0.2901884913444519,1
0.22480624914169312,1
0.29430562257766724,1
0.24662695825099945,1
0.1961667537689209,1
0.37142208218574524,1
0.3398328125476837,1
0.1812063604593277,1
0.299017995595932,1
0.37341389060020447,1
0.31717216968536377,1
0.10492317378520966,1
0.3180585205554962,1
0.16582199931144714,1
0.1969757229089737,1
0.2678873538970947,1
0.1847226321697235,1
0.38781750202178955,1
0.2183026671409607,1
0.35400837659835815,1
0.6047013401985168,1
0.1671120822429657,1
0.22194170951843262,1
0.20509383082389832,1
0.18478944897651672,1
0.2263086438179016,1
0.20911984145641327,1
0.43137821555137634,1
0.36473745107650757,1
0.24556277692317963,1
0.16242386400699615,1
0.22178050875663757,1
0.22633808851242065,1
0.14076049625873566,1
0.3386547565460205,1
0.271787166595459,1
0.3335028886795044,1
0.3095586597919464,1
0.13599859178066254,1
0.2725536823272705,1
0.36472827196121216,1
0.30972254276275635,1
0.17162799835205078,1
0.20380309224128723,1
0.15098640322685242,1
0.31541216373443604,1
0.2961435317993164,1
0.25179755687713623,1
0.23228633403778076,1
0.16321596503257751,1
0.19946280121803284,1
0.3258362412452698,1
0.3124855160713196,1
0.21473735570907593,1
0.4419768154621124,1
0.40604186058044434,1
0.19100628793239594,1
0.22309112548828125,1
0.32980793714523315,1
0.3707595467567444,1
0.26999542117118835,1
0.31236404180526733,1
0.2680913209915161,1
0.2890341877937317,1
0.23995503783226013,1
0.30878594517707825,1
0.37162676453590393,1
0.15861356258392334,1
0.15053090453147888,1
0.31655895709991455,1
0.4078722894191742,1
0.0939297080039978,1
0.27525317668914795,1
0.23847132921218872,1
0.26012396812438965,1
0.2629111707210541,1
0.20903722941875458,1
0.25247490406036377,1
0.3054243326187134,1
0.28945302963256836,1
0.19783157110214233,1
0.4233522415161133,1
0.23439571261405945,1
0.2421000599861145,1
0.15682002902030945,1
0.18060731887817383,1
0.16640320420265198,1
0.2373461127281189,1
0.25270208716392517,1
0.33419978618621826,1
0.20733870565891266,1
0.14490363001823425,1
0.5048538446426392,1
0.17925198376178741,1
0.22940650582313538,1
0.29970961809158325,1
0.22527718544006348,1
0.27951622009277344,1
0.28504037857055664,1
0.44331616163253784,1
0.2833828628063202,1
0.30569449067115784,1
0.26399534940719604,1
0.27707940340042114,1
0.3894200026988983,1
0.1236768513917923,1
0.15493524074554443,1
0.19263702630996704,1
0.2863601744174957,1
0.4050197899341583,1
0.4196060299873352,1
0.3452613949775696,1
0.3896738588809967,1
0.33713847398757935,1
0.2002391666173935,1
0.2793906331062317,1
0.321791410446167,1
0.2739107012748718,1
0.2203368842601776,1
0.2654918134212494,1
0.5318101644515991,1
0.2582206726074219,1
0.2110975682735443,1
0.4135605990886688,1
0.24746140837669373,1
0.24824272096157074,1
0.2845221757888794,1
0.36921271681785583,1
0.160487562417984,1
0.24035640060901642,1
0.2746064066886902,1
0.3383687138557434,1
0.28747496008872986,1
0.16916969418525696,1
0.3953710198402405,1
0.1941150724887848,1
0.21432650089263916,1
0.28358912467956543,1
0.16405823826789856,1
0.16804644465446472,1
0.21358440816402435,1
0.13715475797653198,1
0.45104295015335083,1
0.2854293882846832,1
0.1392364650964737,1
0.2751329839229584,1
0.1626705527305603,1
0.30291247367858887,1
0.4955820143222809,1
0.17635050415992737,1
0.19941745698451996,1
0.189274400472641,1
0.32589301466941833,1
0.20195460319519043,1
0.2581045627593994,1
0.20559674501419067,1
0.20766590535640717,1
0.19893772900104523,1
0.23903292417526245,1
0.344048410654068,1
0.20552562177181244,1
0.3160960376262665,1
0.29698193073272705,1
0.31723752617836,1
0.39305949211120605,1
0.2873486578464508,1
0.19415417313575745,1
0.2829432189464569,1
0.4118400514125824,1
0.27901923656463623,1
0.29634878039360046,1
0.21594005823135376,1
0.13066716492176056,1
0.21846984326839447,1
0.16025589406490326,1
0.32073262333869934,1
0.2284717708826065,1
0.22068659961223602,1
0.20094285905361176,1
0.21420235931873322,1
0.3313830494880676,1
0.12419743835926056,1
0.2673189640045166,1
0.32282060384750366,1
0.16591821610927582,1
0.26963359117507935,1
0.2877305746078491,1
0.131381094455719,1
0.383299857378006,1
0.4273231327533722,1
0.21762751042842865,1
0.2980819046497345,1
0.2635558247566223,1
0.1750059574842453,1
0.16462166607379913,1
0.22956444323062897,1
0.22725307941436768,1
0.27497804164886475,1
0.30823811888694763,1
0.23999974131584167,1
0.33428630232810974,1
0.13287654519081116,1
0.1535337269306183,1
0.16646845638751984,1
0.2375427782535553,1
0.49230292439460754,1
0.15531857311725616,1
0.27754634618759155,1
0.23685704171657562,1
0.5766922235488892,1
0.1751902848482132,1
0.2663746178150177,1
0.20702064037322998,1
0.2569626569747925,1
0.19237680733203888,1
0.21410614252090454,1
0.24860943853855133,1
0.25741705298423767,1
0.43005502223968506,1
0.17644669115543365,1
0.13434018194675446,1
0.39562106132507324,1
0.26499509811401367,1
0.33230727910995483,1
0.1492278128862381,1
0.20671454071998596,1
0.16540370881557465,1
0.33596745133399963,1
0.2583865225315094,1
0.13038820028305054,1
0.23407873511314392,1
0.24405667185783386,1
0.18450240790843964,1
0.3162679076194763,1
0.19337134063243866,1
0.2373206913471222,1
0.2358092963695526,1
0.2875244915485382,1
0.19645358622074127,1
0.3473716974258423,1
0.32734861969947815,1
0.23564063012599945,1
0.3189745545387268,1
0.3266482651233673,1
0.3797993063926697,1
0.19320739805698395,1
0.20246930420398712,1
0.22440344095230103,1
0.17911668121814728,1
0.3754196763038635,1
0.13323579728603363,1
0.32259970903396606,1
0.29901260137557983,1
0.2621821463108063,1
0.22024030983448029,1
0.5095440745353699,1
0.2579612731933594,1
0.3231906294822693,1
0.18119701743125916,1
0.30488449335098267,1
0.41516411304473877,1
0.1373283714056015,1
0.29144707322120667,1
0.27082324028015137,1
0.31256118416786194,1
0.19783607125282288,1
0.16612783074378967,1
0.27254635095596313,1
0.2061595618724823,1
0.25172874331474304,1
0.284165620803833,1
0.17336606979370117,1
0.3044500946998596,1
0.22500397264957428,1
0.2681983411312103,1
0.2420090138912201,1
0.165851891040802,1
0.3040606677532196,1
0.357819527387619,1
0.30626121163368225,1
0.19825918972492218,1
0.2374190092086792,1
0.21530011296272278,1
0.155343696475029,1
0.2844870388507843,1
0.29261472821235657,1
0.2329024076461792,1
0.2932971715927124,1
0.2173316925764084,1
0.14787575602531433,1
0.176255002617836,1
0.16750755906105042,1
0.49238330125808716,1
0.3698306679725647,1
0.17490866780281067,1
0.19488456845283508,1
0.28479212522506714,1
0.285327672958374,1
0.2407287061214447,1
0.11835802346467972,1
0.19197265803813934,1
0.3464711606502533,1
0.3890891671180725,1
0.13753758370876312,1
0.2758863568305969,1
0.15566295385360718,1
0.17752686142921448,1
0.181808739900589,1
0.20478224754333496,1
0.13866475224494934,1
0.2850405275821686,1
0.20201943814754486,1
0.2548535168170929,1
0.30855947732925415,1
0.19819524884223938,1
0.17304188013076782,1
0.30125007033348083,1
0.15403307974338531,1
0.15385952591896057,1
0.2156766951084137,1
0.16928991675376892,1
0.14321686327457428,1
0.21173721551895142,1
0.2928522229194641,1
0.20580896735191345,1
0.13990449905395508,1
0.10790695250034332,1
0.1793115735054016,1
0.22178736329078674,1
0.2674316167831421,1
0.20540721714496613,1
0.3390834927558899,1
0.25482749938964844,1
0.3075779974460602,1
0.1432020366191864,1
0.5918629765510559,1
0.22429338097572327,1
0.2663130760192871,1
0.13260358572006226,1
0.17015951871871948,1
0.20943544805049896,1
0.15606898069381714,1
0.21136035025119781,1
0.2487075924873352,1
0.2844356894493103,1
0.2862132489681244,1
0.29930195212364197,1
0.2444341480731964,1
0.20756623148918152,1
0.3502751886844635,1
0.37111198902130127,1
0.25268450379371643,1
0.3829197883605957,1
0.1535523235797882,1
0.2940627634525299,1
0.18063735961914063,1
0.22154292464256287,1
0.19874629378318787,1
0.54692542552948,1
0.3574175238609314,1
0.3294993042945862,1
0.21447014808654785,1
0.42804285883903503,1
0.1934596300125122,1
0.13965097069740295,1
0.238855242729187,1
0.18522924184799194,1
0.2562331259250641,1
0.22731229662895203,1
0.1829073131084442,1
0.5018368363380432,1
0.5442561507225037,1
0.28207990527153015,1
0.17681491374969482,1
0.20624378323554993,1
0.3607434034347534,1
0.20716188848018646,1
0.21062682569026947,1
0.42921778559684753,1
0.40147140622138977,1
0.14642730355262756,1
0.1912933886051178,1
0.1788412630558014,1
0.18753597140312195,1
0.3702939748764038,1
0.2778927683830261,1
0.18771423399448395,1
0.4161372780799866,1
0.3137263357639313,1
0.23439666628837585,1
0.352573037147522,1
0.20205135643482208,1
0.42204853892326355,1
0.29122644662857056,1
0.2432788759469986,1
0.1859300434589386,1
0.1405222862958908,1
0.2202070951461792,1
0.12047253549098969,1
0.23482228815555573,1
0.27782687544822693,1
0.2048916220664978,1
0.25105157494544983,1
0.2812209129333496,1
0.30330827832221985,1
0.25139009952545166,1
0.24837100505828857,1
0.24544359743595123,1
0.27070340514183044,1
0.2688091993331909,1
0.2322840690612793,1
0.16604521870613098,1
0.20241032540798187,1
0.22232723236083984,1
0.24836760759353638,1
0.24114200472831726,1
0.20002609491348267,1
0.2675318121910095,1
0.33902621269226074,1
0.14772769808769226,1
0.32740241289138794,1
0.2499382197856903,1
0.3733898997306824,1
0.27648478746414185,1
0.10700532793998718,1
0.16885632276535034,1
0.4766162037849426,1
0.3539319634437561,1
0.21939405798912048,1
0.31647470593452454,1
0.20898331701755524,1
0.2201097011566162,1
0.18819504976272583,1
0.3715205788612366,1
0.2929464876651764,1
0.3779635429382324,1
0.22231504321098328,1
0.2561112344264984,1
0.3214154839515686,1
0.17725475132465363,1
0.20552845299243927,1
0.17173059284687042,1
0.23603790998458862,1
0.2242131233215332,1
0.19928398728370667,1
0.1802799552679062,1
0.19660282135009766,1
0.22438037395477295,1
0.3337884247303009,1
0.23888486623764038,1
0.15557214617729187,1
0.1353868842124939,1
0.13578113913536072,1
0.12495958805084229,1
0.200825497508049,1
0.24500805139541626,1
0.2960779070854187,1
0.23587007820606232,1
0.3249071538448334,1
0.19938278198242188,1
0.2915548086166382,1
0.2481134533882141,1
0.24348512291908264,1
0.37452876567840576,1
0.23155459761619568,1
0.3481164276599884,1
0.12495681643486023,1
0.24050401151180267,1
0.49914833903312683,1
0.2740400433540344,1
0.1803024560213089,1
0.27741751074790955,1
0.19111639261245728,1
0.24225783348083496,1
0.4911580979824066,1
0.3101886510848999,1
0.17996260523796082,1
0.18354284763336182,1
0.14769288897514343,1
0.15079720318317413,1
0.32528889179229736,1
0.22667574882507324,1
0.2125934362411499,1
0.1461220681667328,1
0.2808206379413605,1
0.2730608582496643,1
0.160125270485878,1
0.15728482604026794,1
0.1846437156200409,1
0.2111739218235016,1
0.3053995966911316,1
0.19350668787956238,1
0.1516709327697754,1
0.29840442538261414,1
0.27846986055374146,1
0.16053920984268188,1
0.1565353274345398,1
0.2396426796913147,1
0.182053804397583,1
0.26030048727989197,1
0.2735322117805481,1
0.1450815051794052,1
0.20056408643722534,1
0.09044943749904633,1
0.19529111683368683,1
0.16701777279376984,1
0.15951235592365265,1
0.1572372317314148,1
0.3022657632827759,1
0.16704818606376648,1
0.3052704930305481,1
0.2785761058330536,1
0.22406619787216187,1
0.2954525351524353,1
0.1593332141637802,1
0.17764149606227875,1
0.3272443115711212,1
0.40408146381378174,1
0.3676412105560303,1
0.22297662496566772,1
0.2963617146015167,1
0.19754067063331604,1
0.19877031445503235,1
0.26428043842315674,1
0.2670084834098816,1
0.16221289336681366,1
0.16930422186851501,1
0.5084664821624756,1
0.29603201150894165,1
0.21706147491931915,1
0.13199879229068756,1
0.2704813778400421,1
0.34941616654396057,1
0.20624691247940063,1
0.3231678605079651,1
0.22629514336585999,1
0.3558356761932373,1
0.19193905591964722,1
0.24108470976352692,1
0.16727997362613678,1
0.26060259342193604,1
0.34946152567863464,1
0.16262778639793396,1
0.1446610391139984,1
0.31144726276397705,1
0.10627926886081696,1
0.4694196283817291,1
0.3953220248222351,1
0.35754823684692383,1
0.20589609444141388,1
0.2347620129585266,1
0.22431977093219757,1
0.261529803276062,1
0.25042209029197693,1
0.18428431451320648,1
0.41662415862083435,1
0.2430737018585205,1
0.20737673342227936,1
0.33745405077934265,1
0.22514478862285614,1
0.3545844852924347,1
0.11899407207965851,1
0.13700291514396667,1
0.21071608364582062,1
0.351534366607666,1
0.222368061542511,1
0.3608427345752716,1
0.3057438135147095,1
0.4669381082057953,1
0.238233745098114,1
0.13283734023571014,1
0.482191801071167,1
0.519017219543457,1
0.20810061693191528,1
0.3486934304237366,1
0.368297815322876,1
0.2711299955844879,1
0.23048356175422668,1
0.13865970075130463,1
0.2181767225265503,1
0.11168594658374786,1
0.16290976107120514,1
0.40851151943206787,1
0.2585515081882477,1
0.25591883063316345,1
0.1403476744890213,1
0.23833821713924408,1
0.17792978882789612,1
0.31307581067085266,1
0.2099422961473465,1
0.2860429883003235,1
0.1546667218208313,1
0.21316656470298767,1
0.1415979564189911,1
0.42061614990234375,1
0.3030409812927246,1
0.2943482995033264,1
0.16878953576087952,1
0.47667059302330017,1
0.14118294417858124,1
0.21843528747558594,1
0.15149229764938354,1
0.16355231404304504,1
0.17525029182434082,1
0.16660234332084656,1
0.19597133994102478,1
0.09401161968708038,1
0.20430661737918854,1
0.33503997325897217,1
0.251042902469635,1
0.22896310687065125,1
0.168582022190094,1
0.2279658317565918,1
0.13630099594593048,1
0.18532228469848633,1
0.17203950881958008,1
0.3618026673793793,1
0.23406025767326355,1
0.160404771566391,1
0.19452989101409912,1
0.43663492798805237,1
0.15366487205028534,1
0.3776378929615021,1
0.30735254287719727,1
0.23244908452033997,1
0.11694319546222687,1
0.31461894512176514,1
0.18123392760753632,1
0.18593479692935944,1
0.23602506518363953,1
0.2212826907634735,1
0.2229655683040619,1
0.30753934383392334,1
0.19733141362667084,1
0.11741150915622711,1
0.15324176847934723,1
0.25734180212020874,1
0.23925912380218506,1
0.17507797479629517,1
0.17076900601387024,1
0.3646062910556793,1
0.3117624521255493,1
0.29241272807121277,1
0.15025687217712402,1
0.1528840810060501,1
0.2991909682750702,1
0.15649567544460297,1
0.2786727547645569,1
0.27624452114105225,1
0.25853365659713745,1
0.2443837970495224,1
0.21766197681427002,1
0.36542004346847534,1
0.2234596312046051,1
0.15109869837760925,1
0.14334778487682343,1
0.16477850079536438,1
0.14271019399166107,1
0.17824214696884155,1
0.32643944025039673,1
0.18100211024284363,1
0.3815910816192627,1
0.2343469113111496,1
0.33544251322746277,1
0.3246226906776428,1
0.43888047337532043,1
0.11481180787086487,1
0.32059019804000854,1
0.14002275466918945,1
0.16915975511074066,1
0.3750869929790497,1
0.17501004040241241,1
0.17076486349105835,1
0.1603739857673645,1
0.2213839739561081,1
0.22336524724960327,1
0.09900861978530884,1
0.24472077190876007,1
0.2035965919494629,1
0.25241559743881226,1
0.25755730271339417,1
0.12740181386470795,1
0.18188495934009552,1
0.2932043671607971,1
0.1996362805366516,1
0.13601714372634888,1
0.2497817575931549,1
0.3218148648738861,1
0.1379653811454773,1
0.36673539876937866,1
0.20739850401878357,1
0.2604328989982605,1
0.275739848613739,1
0.28360798954963684,1
0.23126530647277832,1
0.17558835446834564,1
0.22153335809707642,1
0.1622273474931717,1
0.24061179161071777,1
0.2648010849952698,1
0.16255804896354675,1
0.24351495504379272,1
0.19899338483810425,1
0.1997043788433075,1
0.3058113753795624,1
0.3632156550884247,1
0.19409960508346558,1
0.10205677151679993,1
0.2921590209007263,1
0.24589096009731293,1
0.13907739520072937,1
0.343899667263031,1
0.22163406014442444,1
0.2420129030942917,1
0.176615908741951,1
0.2546652853488922,1
0.22224211692810059,1
0.17006495594978333,1
0.19418929517269135,1
0.2647623121738434,1
0.43597885966300964,1
0.27904212474823,1
0.18568113446235657,1
0.13731426000595093,1
0.17539261281490326,1
0.18016263842582703,1
0.09750282764434814,1
0.16273507475852966,1
0.14220884442329407,1
0.16305863857269287,1
0.30491095781326294,1
0.3227148950099945,1
0.23596255481243134,1
0.2654026746749878,1
0.10418903827667236,1
0.33199408650398254,1
0.2849542796611786,1
0.15747596323490143,1
0.4057784080505371,1
0.17254754900932312,1
0.2142511010169983,1
0.0829756036400795,1
0.22026826441287994,1
0.1429772675037384,1
0.590446412563324,1
0.21490134298801422,1
0.2101791948080063,1
0.32503095269203186,1
0.09168848395347595,1
0.13608123362064362,1
0.21922317147254944,1
0.44686710834503174,1
0.29926958680152893,1
0.125859335064888,1
0.25122860074043274,1
0.5956636667251587,1
0.21696773171424866,1
0.23900991678237915,1
0.20417484641075134,1
0.1929803043603897,1
0.23724055290222168,1
0.24105505645275116,1
0.2669896185398102,1
0.13956335186958313,1
0.26826220750808716,1
0.21852338314056396,1
0.1662524789571762,1
0.20624390244483948,1
0.23041340708732605,1
0.1596498042345047,1
0.2274838536977768,1
0.15376494824886322,1
0.27526402473449707,1
0.14648421108722687,1
0.1600147932767868,1
0.12866738438606262,1
0.15584303438663483,1
0.2670581042766571,1
0.2224876880645752,1
0.1341211497783661,1
0.23751763999462128,1
0.1572018563747406,1
0.2289697825908661,1
0.18117979168891907,1
0.13497677445411682,1
0.2831381559371948,1
0.232466459274292,1
0.06375565379858017,1
0.1429511159658432,1
0.29330387711524963,1
0.18017646670341492,1
0.10862773656845093,1
0.3212195336818695,1
0.11820223927497864,1
0.39769262075424194,1
0.24265587329864502,1
0.22708392143249512,1
0.284109890460968,1
0.18599125742912292,1
0.2362036108970642,1
0.2522878348827362,1
0.2450183779001236,1
0.21199771761894226,1
0.14315389096736908,1
0.1198481023311615,1
0.16867129504680634,1
0.14217336475849152,1
0.2649923861026764,1
0.4254985451698303,1
0.27521371841430664,1
0.21375826001167297,1
0.20570871233940125,1
0.13628129661083221,1
0.19783084094524384,1
0.08927670121192932,1
0.1591399759054184,1
0.23147086799144745,1
0.3388063907623291,1
0.24701373279094696,1
0.1581738144159317,1
0.23033037781715393,1
0.18264687061309814,1
0.10114012658596039,1
0.20791438221931458,1
0.1923867166042328,1
0.16588717699050903,1
0.1653532236814499,1
0.2414558082818985,1
0.1482779085636139,1
0.1968880146741867,1
0.24019663035869598,1
0.06486278772354126,1
0.2766338288784027,1
0.11037550866603851,1
0.25945743918418884,1
0.5811949968338013,1
0.06564884632825851,1
0.2017398625612259,1
0.1550646424293518,1
0.24646611511707306,1
0.6200867891311646,1
0.16579335927963257,1
0.2620749771595001,1
0.24405807256698608,1
0.1660139113664627,1
0.20096682012081146,1
0.11379677802324295,1
0.15506041049957275,1
0.10277919471263885,1
0.19334320724010468,1
0.28036704659461975,1
0.10223609209060669,1
0.1425747126340866,1
0.1557624787092209,1
0.23057043552398682,1
0.178711399435997,1
0.11910117417573929,1
0.10469051450490952,1
0.23135852813720703,1
0.11916250735521317,1
0.32555288076400757,1
0.12214085459709167,1
0.08620288223028183,1
0.11090267449617386,1
0.20561397075653076,1
0.2919006943702698,1
0.2570692002773285,1
0.22777625918388367,1
0.3145831823348999,1
0.15622243285179138,1
0.13793784379959106,1
0.4461820125579834,1
0.3425484001636505,1
0.21144899725914001,1
0.2761138379573822,1
0.21311749517917633,1
0.2611578106880188,1
0.34103095531463623,1
0.23576971888542175,1
0.1548028141260147,1
0.29116156697273254,1
0.17515060305595398,1
0.24656818807125092,1
0.17949946224689484,1
0.3118142783641815,1
0.2019193023443222,1
0.2648143768310547,1
0.1393602341413498,1
0.17565831542015076,1
0.23531456291675568,1
0.2371157705783844,1
0.17392253875732422,1
0.3306136429309845,1
0.2120635062456131,1
0.13465650379657745,1
0.30207809805870056,1
0.27949899435043335,1
0.12532414495944977,1
0.3807585835456848,1
0.20680087804794312,1
0.19939756393432617,1
0.09709706902503967,1
0.1816401183605194,1
0.2849276065826416,1
0.2586333751678467,1
0.17062924802303314,1
0.17034831643104553,1
0.18453966081142426,1
0.20728997886180878,1
0.10320219397544861,1
0.20504814386367798,1
0.1640295386314392,1
0.39702844619750977,1
0.4520484209060669,1
0.311348557472229,1
0.2733209729194641,1
0.2840988337993622,1
0.23997768759727478,1
0.2455011010169983,1
0.08532427251338959,1
0.24982549250125885,1
0.2074790596961975,1
0.13482746481895447,1
0.25457751750946045,1
0.35911664366722107,1
0.21961605548858643,1
0.09440381079912186,1
0.2802647352218628,1
0.11285197734832764,1
0.34782418608665466,1
0.22389979660511017,1
0.15101885795593262,1
0.08877339959144592,1
0.111515112221241,1
0.17509450018405914,1
0.26828184723854065,1
0.2345963567495346,1
0.15551897883415222,1
0.13873006403446198,1
0.34757962822914124,1
0.1846044957637787,1
0.20545347034931183,1
0.1438511610031128,1
0.21196331083774567,1
0.27008742094039917,1
0.20430859923362732,1
0.08646642416715622,1
0.2193964570760727,1
0.2821677327156067,1
0.262568861246109,1
0.20089563727378845,1
0.17164072394371033,1
0.13556447625160217,1
0.2544499635696411,1
0.20717543363571167,1
0.11776778101921082,1
0.2838455140590668,1
0.2361004799604416,1
0.27670297026634216,1
0.31939974427223206,1
0.1489114910364151,1
0.2601539194583893,1
0.17637531459331512,1
0.4977482855319977,1
0.1211824044585228,1
0.34697604179382324,1
0.29332834482192993,1
0.3634500503540039,1
0.2632296085357666,1
0.06706254929304123,1
0.26613643765449524,1
0.27702412009239197,1
0.36581704020500183,1
0.12796109914779663,1
0.14970998466014862,1
0.2187645137310028,1
0.24070502817630768,1
0.4475800693035126,1
0.0863298773765564,1
0.17414554953575134,1
0.2670927941799164,1
0.09099243581295013,1
0.13367223739624023,1
0.16563625633716583,1
0.28909000754356384,1
0.3847092092037201,1
0.2496202141046524,1
0.07470212131738663,1
0.2115238457918167,1
0.19333939254283905,1
0.2349969446659088,1
0.1432274729013443,1
0.2219107747077942,1
0.12975026667118073,1
0.2740703821182251,1
0.19933468103408813,1
0.32652825117111206,1
0.13337808847427368,1
0.1646060347557068,1
0.08680294454097748,1
0.30629855394363403,1
0.2170846313238144,1
0.1957312971353531,1
0.14644211530685425,1
0.24080175161361694,1
0.2716158628463745,1
0.14517319202423096,1
0.2468026727437973,1
0.27235013246536255,1
0.1901826709508896,1
0.2487500011920929,1
0.3017774522304535,1
0.17671987414360046,1
0.18746602535247803,1
0.19734494388103485,1
0.10270696878433228,1
0.43753162026405334,1
0.1700485795736313,1
0.21706056594848633,1
0.16524899005889893,1
0.08275705575942993,1
0.2311936914920807,1
0.11053521186113358,1
0.20323823392391205,1
0.08784246444702148,1
0.24673637747764587,1
0.1809617280960083,1
0.1978960931301117,1
0.07178214937448502,1
0.17832395434379578,1
0.18490079045295715,1
0.3093379735946655,1
0.24290861189365387,1
0.18090814352035522,1
0.20615702867507935,1
0.2056211531162262,1
0.10553472489118576,1
0.11624231934547424,1
0.32786333560943604,1
0.1854138970375061,1
0.06059916689991951,1
0.32836273312568665,1
0.2827039361000061,1
0.3141958713531494,1
0.3210805654525757,1
0.1824226826429367,1
0.1964385062456131,1
0.2683238983154297,1
0.20557691156864166,1
0.2489498406648636,1
0.4584304392337799,1
0.2569887638092041,1
0.22738146781921387,1
0.3351137936115265,1
0.2167820930480957,1
0.23987992107868195,1
0.12084921449422836,1
0.12937521934509277,1
0.10973513126373291,1
0.22483649849891663,1
0.10804449021816254,1
0.2556857466697693,1
0.14745672047138214,1
0.3197405934333801,1
0.1790040135383606,1
0.1498853862285614,1
0.2633819282054901,1
0.29653602838516235,1
0.195577472448349,1
0.3221614360809326,1
0.3141368627548218,1
0.12367323040962219,1
0.16167517006397247,1
0.26112282276153564,1
0.2176389992237091,1
0.1609368622303009,1
0.3329581320285797,1
0.11801891028881073,1
0.2045840620994568,1
0.07708964496850967,1
0.14273978769779205,1
0.19374419748783112,1
0.35520949959754944,1
0.20943030714988708,1
0.2315269410610199,1
0.11154305189847946,1
0.43103572726249695,1
0.12480611354112625,1
0.11010617762804031,1
0.34246689081192017,1
0.2809660732746124,1
0.20370042324066162,1
0.13039298355579376,1
0.10522657632827759,1
0.2652731239795685,1
0.08015881478786469,1
0.08082758635282516,1
0.13209979236125946,1
0.14034387469291687,1
0.09053288400173187,1
0.14837275445461273,1
0.16869990527629852,1
0.15416419506072998,1
0.2743919789791107,1
0.2508033812046051,1
0.258802205324173,1
0.09946397691965103,1
0.15005788207054138,1
0.09207956492900848,1
0.17938339710235596,1
0.0801490992307663,1
0.23810729384422302,1
0.1752229779958725,1
0.17459481954574585,1
0.15892748534679413,1
0.15909498929977417,1
0.06733965128660202,1
0.23528265953063965,1
0.07575835287570953,1
0.22417983412742615,1
0.21812333166599274,1
0.15028521418571472,1
0.2550203800201416,1
0.2837730348110199,1
0.12488076090812683,1
0.11171597242355347,1
0.14684301614761353,1
0.16430775821208954,1
0.18590191006660461,1
0.3336426019668579,1
0.29050981998443604,1
0.22952258586883545,1
0.1565188616514206,1
0.10567210614681244,1
0.09524737298488617,1
0.18643926084041595,1
0.2548304796218872,1
0.23775342106819153,1
0.2057962268590927,1
0.055506326258182526,1
0.11354031413793564,1
0.10707465559244156,1
0.08479917049407959,1
0.17109178006649017,1
0.13548144698143005,1
0.14549265801906586,1
0.17393702268600464,1
0.14784255623817444,1
0.19476838409900665,1
0.1983911395072937,1
0.24303647875785828,1
0.3577384352684021,1
0.08740263432264328,1
0.26257947087287903,1
0.2538353204727173,1
0.1910901665687561,1
0.20852327346801758,1
0.17323428392410278,1
0.25371378660202026,1
0.1352880895137787,1
0.12035846710205078,1
0.2851778566837311,1
0.12730352580547333,1
0.29488909244537354,1
0.17660203576087952,1
0.1065853014588356,1
0.2571653425693512,1
0.12175321578979492,1
0.10273878276348114,1
0.23449772596359253,1
0.16735908389091492,1
0.15821926295757294,1
0.16044221818447113,1
0.1562211960554123,1
0.31727734208106995,1
0.185593843460083,1
0.13530609011650085,1
0.47223004698753357,1
0.2339683473110199,1
0.1007409319281578,1
0.22476202249526978,1
0.4576283097267151,1
0.09719185531139374,1
0.1224459558725357,1
0.08838355541229248,1
0.22957748174667358,1
0.18219245970249176,1
0.22401411831378937,1
0.17582157254219055,1
0.2444666028022766,1
0.10729065537452698,1
0.3126962184906006,1
0.23672044277191162,1
0.0983695238828659,1
0.2836037576198578,1
0.1305815726518631,1
0.13559065759181976,1
0.1307651251554489,1
0.22799795866012573,1
0.1208323985338211,1
0.07236582040786743,1
0.11300226300954819,1
0.16950301826000214,1
0.40831589698791504,1
0.22707313299179077,1
0.154258131980896,1
0.20439206063747406,1
0.24337127804756165,1
0.36737537384033203,1
0.1503956913948059,1
0.18238669633865356,1
0.17644041776657104,1
0.09191524982452393,1
0.17884530127048492,1
0.11953316628932953,1
0.21557654440402985,1
0.06258349120616913,1
0.21131984889507294,1
0.15209534764289856,1
0.3999476432800293,1
0.23815910518169403,1
0.1689423769712448,1
0.19062666594982147,1
0.09595517814159393,1
0.24521596729755402,1
0.19549080729484558,1
0.34658151865005493,1
0.2637052536010742,1
0.304158478975296,1
0.0932915136218071,1
0.20012569427490234,1
0.3899804651737213,1
0.18299952149391174,1
0.09806210547685623,1
0.10025645792484283,1
0.13784924149513245,1
0.17528888583183289,1
0.08298259228467941,1
