36.46
36.46
79.05
79.05
64.41
64.41
71.02
71.02
65.91
65.91
71.31
71.31
68.23
68.23
35.79
35.79
35.79
29.31
29.31
19.15
19.15
20.34
20.34
20.41
20.41
20.56
20.56
19.70
19.70
23.47
23.47
23.24
23.24
21.02
21.02
19.34
19.34
18.10
18.10
21.77
21.77
18.42
18.42
19.72
19.72
23.27
23.27
21.35
21.35
21.87
21.87
20.21
20.21
20.33
20.33
18.73
18.73
19.67
19.67
21.79
21.79
20.66
20.66
23.97
23.97
21.67
21.67
19.97
19.97
20.54
20.54
16.79
16.79
19.87
19.87
20.20
20.20
24.81
24.81
24.84
24.84
21.70
21.70
19.95
19.95
24.12
24.12
22.04
22.04
19.95
19.95
20.27
20.27
21.07
21.07
24.03
24.03
24.40
24.40
19.08
19.08
21.45
21.45
16.67
16.67
21.24
21.24
27.59
27.59
38.17
38.17
35.22
35.22
32.71
32.71
32.54
32.54
28.71
28.71
20.00
20.00
18.18
18.18
18.39
18.39
23.45
23.45
21.86
21.86
22.35
22.35
18.59
18.59
20.31
20.31
19.32
19.32
18.84
18.84
21.58
21.58
23.49
23.49
24.52
24.52
22.44
22.44
20.22
20.22
25.11
25.11
17.86
17.86
18.36
18.36
21.79
21.79
22.56
22.56
23.08
23.08
21.60
21.60
22.50
22.50
18.31
18.31
47.30
47.30
45.03
45.03
38.75
38.75
34.96
34.96
32.65
32.65
24.22
24.22
19.10
19.10
20.35
20.35
18.50
18.50
20.51
20.51
19.40
19.40
22.81
22.81
23.79
23.79
20.48
20.48
19.97
19.97
18.83
18.83
19.67
19.67
20.24
20.24
18.69
18.69
22.77
22.77
22.08
22.08
22.38
22.38
18.88
18.88
19.97
19.97
17.20
17.20
19.94
19.94
20.51
20.51
20.66
20.66
22.68
22.68
19.98
19.98
20.24
20.24
19.95
19.95
17.62
17.62
19.10
19.10
17.95
17.95
26.44
26.44
22.23
22.23
21.62
21.62
18.86
18.86
17.87
17.87
20.27
20.27
19.55
19.55
19.20
19.20
21.25
21.25
24.78
24.78
19.37
19.37
19.38
19.38
18.40
18.40
18.31
18.31
19.82
19.82
21.25
21.25
31.13
31.13
27.06
27.06
42.46
42.46
25.79
25.79
30.89
30.89
23.29
23.29
42.36
42.36
46.20
46.20
43.39
43.39
38.77
38.77
45.16
45.16
45.16
39.36
39.36
32.74
32.74
54.24
54.24
50.00
50.00
50.00
50.00
50.00
50.00
43.07
43.07
42.29
42.29
24.36
24.36
28.54
28.54
36.03
36.03
36.89
36.89
29.55
29.55
29.23
29.23
29.44
29.44
30.68
30.68
43.89
43.89
43.11
43.11
40.22
40.22
21.65
21.65
21.65
28.35
28.35
22.06
22.06
24.79
24.79
26.73
26.73
25.41
25.41
27.15
27.15
25.85
25.85
25.01
25.01
23.12
23.12
25.21
25.21
19.56
19.56
24.58
24.58
25.95
25.95
24.38
24.38
24.39
24.39
23.53
23.53
29.57
29.57
30.62
30.62
30.82
30.82
31.85
31.85
42.33
42.33
42.69
42.69
42.19
42.19
35.78
35.78
37.13
37.13
32.60
32.60
32.60
28.02
28.02
23.41
23.41
26.03
26.03
31.77
31.77
23.33
23.33
29.09
29.09
27.14
27.14
27.48
27.48
24.83
24.83
24.27
24.27
23.77
23.77
26.51
26.51
26.59
26.59
27.78
27.78
25.48
25.48
22.85
22.85
21.46
21.46
19.86
19.86
18.51
18.51
18.23
18.23
23.25
23.25
24.24
24.24
22.41
22.41
20.13
20.13
19.03
19.03
22.75
22.75
23.50
23.50
21.76
21.76
21.05
21.05
27.52
27.52
28.42
28.42
25.14
25.14
23.79
23.79
25.46
25.46
24.74
24.74
20.64
20.64
21.00
21.00
23.46
23.46
22.09
22.09
20.83
20.83
21.38
21.38
18.30
18.30
19.02
19.02
21.14
21.14
19.47
19.47
21.92
21.92
24.07
24.07
24.04
24.04
25.31
25.31
24.35
24.35
23.89
23.89
20.13
20.13
30.61
30.61
23.57
23.57
21.42
21.42
21.95
21.95
22.11
22.11
20.79
20.79
19.35
19.35
25.09
25.09
33.91
33.91
25.30
25.30
25.30
26.47
26.47
25.91
25.91
23.93
23.93
25.73
25.73
50.06
50.06
50.06
47.70
47.70
47.96
47.96
50.00
50.00
40.12
40.12
43.67
53.80
53.80
53.80
53.80
43.90
43.90
47.30
57.14
57.14
57.14
57.14
57.81
57.81
48.91
48.91
48.56
48.56
39.59
39.59
40.03
40.03
40.03
32.49
32.49
42.37
52.37
52.37
52.37
41.05
41.05
30.33
30.33
30.33
31.30
31.30
23.92
23.92
46.90
46.90
47.10
47.10
38.40
38.40
37.35
37.35
45.63
45.63
45.35
45.35
31.28
31.28
31.12
31.12
31.12
27.77
27.77
27.99
27.99
31.45
31.45
30.25
30.25
27.01
27.01
25.99
25.99
28.31
28.31
29.64
29.64
30.26
30.26
28.29
28.29
27.53
27.53
24.43
24.43
54.02
54.02
25.88
25.88
25.88
21.58
21.58
53.69
53.69
27.94
27.94
27.94
46.01
46.01
50.00
50.00
50.00
50.00
50.00
34.35
34.35
24.33
24.33
21.94
21.94
28.02
28.02
47.17
47.17
46.08
46.08
35.43
35.43
43.16
43.16
50.00
50.00
44.02
44.02
25.81
25.81
25.81
25.35
25.35
28.56
28.56
22.23
22.23
22.97
22.97
23.61
23.61
22.27
22.27
22.78
22.78
22.30
22.30
24.22
24.22
45.98
45.98
45.30
45.30
38.65
38.65
23.80
23.80
23.80
46.34
46.34
46.55
46.55
42.27
42.27
45.76
45.76
45.50
45.50
32.58
32.58
28.83
28.83
28.83
25.42
25.42
29.37
29.37
27.50
27.50
34.47
34.47
31.88
31.88
31.29
31.29
28.19
28.19
45.56
45.56
41.56
41.56
33.93
33.93
33.93
25.58
25.58
27.63
27.63
31.29
31.29
28.09
28.09
24.67
24.67
23.02
23.02
21.13
21.13
31.09
31.09
26.65
26.65
24.20
24.20
26.14
26.14
24.47
24.47
30.36
30.36
23.99
23.99
22.54
22.54
19.65
19.65
33.09
33.09
40.60
40.60
28.87
28.87
28.87
20.52
20.52
46.31
46.31
48.07
48.07
43.21
43.21
44.96
44.96
41.26
41.26
26.89
26.89
26.89
24.76
24.76
19.44
19.44
22.31
22.31
23.90
23.90
20.34
20.34
28.73
28.73
30.41
30.41
28.22
28.22
33.14
33.14
31.56
31.56
32.68
32.68
41.40
41.40
27.84
27.84
26.81
26.81
28.68
28.68
31.17
31.17
29.53
29.53
21.77
21.77
19.17
19.17
23.42
23.42
26.74
26.74
23.93
23.93
24.95
24.95
25.75
25.75
27.85
27.85
29.10
29.10
21.13
21.13
46.54
46.54
42.85
42.85
36.99
36.99
31.10
31.10
31.10
25.71
25.71
27.54
27.54
35.80
35.80
35.65
35.65
34.77
34.77
33.60
33.60
31.64
31.64
26.29
26.29
23.33
23.33
21.00
21.00
19.91
19.91
26.53
26.53
22.71
22.71
21.57
21.57
23.43
23.43
30.86
30.86
26.73
26.73
43.70
43.70
46.62
46.62
38.08
38.08
27.73
27.73
27.73
22.96
22.96
27.74
27.74
24.16
24.16
25.46
25.46
22.00
22.00
25.05
25.05
21.24
21.24
22.20
22.20
26.43
26.43
33.74
33.74
35.60
35.60
28.78
28.78
24.84
24.84
23.15
23.15
27.31
27.31
31.63
31.63
29.56
29.56
34.80
34.80
32.21
32.21
30.35
30.35
29.90
29.90
24.46
24.46
22.94
22.94
22.62
22.62
26.99
26.99
28.06
28.06
24.32
24.32
23.77
23.77
20.32
20.32
23.57
23.57
21.20
21.20
20.18
20.18
24.77
24.77
30.02
30.02
24.31
24.31
26.14
26.14
19.81
19.81
24.97
24.97
20.13
20.13
20.63
20.63
22.73
22.73
25.77
25.77
25.94
25.94
23.65
23.65
22.51
22.51
20.73
20.73
23.19
23.19
23.94
23.94
24.39
24.39
27.78
27.78
23.00
23.00
25.38
25.38
22.84
22.84
20.97
20.97
20.24
20.24
23.38
23.38
21.70
21.70
26.65
26.65
24.55
24.55
25.52
25.52
24.48
55.58
55.58
66.67
66.67
66.67
51.20
51.20
42.90
42.90
40.83
40.83
40.83
24.60
24.60
24.60
20.59
20.59
25.49
25.49
21.84
21.84
25.80
25.80
23.17
23.17
26.17
26.17
26.19
26.19
23.60
23.60
19.88
19.88
21.44
21.44
20.53
20.53
22.05
22.05
23.41
23.41
26.97
26.97
24.29
24.29
22.29
22.29
24.65
24.65
22.66
22.66
23.99
23.99
26.05
26.05
24.46
24.46
24.17
24.17
28.27
28.27
24.94
24.94
26.17
26.17
21.67
21.67
21.67
21.67
29.25
29.25
24.95
24.95
27.68
27.68
24.59
24.59
24.11
24.11
36.72
36.72
23.98
23.98
23.98
19.71
19.71
22.90
22.90
26.95
26.95
27.92
27.92
24.17
24.17
30.99
30.99
36.66
36.66
36.63
36.63
39.84
39.84
33.26
33.26
33.26
30.20
30.20
26.85
26.85
23.08
23.08
20.56
20.56
25.15
25.15
31.34
31.34
48.24
48.24
48.54
48.54
47.37
47.37
30.90
30.90
30.90
27.05
27.05
24.65
24.65
23.74
23.74
23.55
23.55
23.48
23.48
26.59
26.59
24.73
24.73
23.16
23.16
21.69
21.69
24.60
24.60
23.14
23.14
20.63
20.63
32.94
32.94
50.79
50.79
50.00
50.00
42.39
42.39
36.70
36.70
44.90
44.90
47.89
47.89
34.12
34.12
34.12
27.50
27.50
29.77
29.77
27.13
27.13
25.89
25.89
22.46
22.46
34.56
34.56
38.92
38.92
40.54
40.54
46.45
46.45
50.00
50.00
50.00
50.00
47.50
47.50
34.07
34.07
34.07
35.78
35.78
50.39
50.39
47.33
47.33
39.86
39.86
41.34
41.34
41.34
41.94
41.94
31.84
31.84
26.01
26.01
27.01
27.01
29.49
29.49
30.42
30.42
31.51
31.51
38.88
38.88
47.92
47.92
40.80
40.80
23.81
23.81
23.81
21.04
21.04
23.54
23.54
24.41
24.41
27.17
27.17
23.79
23.79
24.23
24.23
27.01
27.01
23.57
23.57
24.46
24.46
25.47
25.47
25.54
25.54
27.08
27.08
23.62
23.62
23.81
23.81
22.84
22.84
20.65
20.65
22.78
22.78
20.48
20.48
36.89
36.89
41.35
41.35
42.19
42.19
45.91
45.91
50.00
50.00
39.83
39.83
28.28
28.28
43.14
43.14
49.54
49.54
40.51
40.51
27.91
27.91
27.91
23.41
23.41
21.20
21.20
25.08
25.08
21.34
21.34
27.95
27.95
23.23
23.23
26.56
26.56
22.11
22.11
21.02
21.02
21.40
21.40
29.23
29.23
25.37
25.37
25.85
25.85
27.37
27.37
22.87
22.87
25.11
25.11
24.63
24.63
28.76
28.76
34.32
34.32
37.50
37.50
51.04
51.04
48.98
48.98
45.72
45.72
38.80
38.80
30.86
30.86
30.86
23.21
23.21
23.21
22.53
22.53
23.98
23.98
32.33
32.33
29.94
29.94
21.07
21.07
26.73
26.73
27.96
27.96
26.00
26.00
39.89
39.89
38.37
38.37
32.45
32.45
37.12
37.12
46.97
46.97
48.44
48.44
44.70
44.70
50.00
50.00
45.97
45.97
45.85
45.85
47.28
47.28
43.68
43.68
47.75
47.75
41.01
41.01
25.58
25.58
25.58
25.09
25.09
23.18
23.18
26.83
26.83
24.51
24.51
22.24
22.24
26.91
26.91
28.04
28.04
23.92
23.92
46.23
46.23
35.00
35.00
35.00
27.86
27.86
27.86
21.65
21.65
25.30
25.30
22.32
22.32
28.49
28.49
35.28
35.28
35.47
35.47
54.38
54.38
36.36
36.36
36.36
25.77
25.77
22.59
22.59
21.21
21.21
21.08
21.08
23.64
23.64
26.77
26.77
29.70
29.70
23.94
23.94
23.08
23.08
20.29
20.29
21.11
21.11
22.30
22.30
22.22
22.22
26.27
26.27
25.16
25.16
25.44
25.44
33.76
33.76
46.50
46.50
40.07
40.07
24.64
24.64
24.64
24.60
24.60
26.79
26.79
30.46
30.46
35.01
35.01
65.29
65.29
27.68
27.68
27.68
21.97
21.97
22.05
22.05
24.71
24.71
24.98
24.98
24.64
24.64
23.25
23.25
22.41
22.41
24.43
24.43
20.31
20.31
22.43
22.43
23.36
23.36
25.07
25.07
23.51
23.51
25.30
25.30
36.86
36.86
46.70
46.70
35.33
35.33
34.65
34.65
33.40
33.40
37.24
37.24
39.02
39.02
35.08
35.08
34.75
34.75
32.15
32.15
31.95
31.95
45.19
45.19
48.68
48.68
43.70
43.70
40.90
40.90
32.79
32.79
36.94
36.94
31.71
31.71
21.25
21.25
25.78
25.78
27.48
27.48
27.05
27.05
35.60
35.60
33.49
33.49
27.23
27.23
27.23
21.27
21.27
21.40
21.40
23.90
23.90
26.23
26.23
24.49
24.49
25.70
25.70
21.12
21.12
24.55
24.55
22.38
22.38
25.55
25.55
23.17
23.17
25.89
25.89
27.26
27.26
25.97
25.97
20.50
20.50
22.17
22.17
23.79
23.79
26.56
26.56
23.97
23.97
24.54
24.54
26.68
26.68
25.84
25.84
24.89
24.89
26.77
26.77
22.99
22.99
27.13
27.13
25.46
25.46
26.39
26.39
26.93
26.93
24.96
24.96
27.36
27.36
28.56
28.56
21.97
21.97
21.97
21.97
27.03
27.03
26.71
26.71
25.63
25.63
26.39
26.39
25.06
25.06
22.63
22.63
21.67
21.67
21.76
21.76
34.98
34.98
28.31
28.31
24.75
24.75
21.72
21.72
24.10
24.10
27.07
27.07
24.73
24.73
25.79
25.79
25.44
25.44
30.19
30.19
29.49
29.49
22.95
22.95
29.34
29.34
29.76
29.76
35.83
35.83
40.52
40.52
39.58
39.58
39.24
39.24
47.62
47.62
42.45
42.45
38.96
38.96
28.18
28.18
28.18
27.60
27.60
25.68
25.68
25.21
25.21
29.08
29.08
22.07
22.07
23.97
23.97
23.47
23.47
20.51
20.51
23.52
23.52
23.19
23.19
28.67
28.67
35.35
35.35
24.00
24.00
22.83
22.83
29.84
29.84
29.77
29.77
27.82
27.82
25.20
25.20
25.44
25.44
27.67
27.67
25.50
25.50
22.08
22.08
21.78
21.78
21.65
21.65
23.46
23.46
22.59
22.59
25.14
25.14
29.10
29.10
28.47
28.47
27.83
27.83
20.35
20.35
21.44
21.44
22.96
22.96
24.17
24.17
30.77
30.77
44.10
44.10
33.50
33.50
33.50
21.57
21.57
21.57
21.38
21.38
24.73
24.73
20.47
20.47
23.86
23.86
22.86
22.86
26.44
26.44
29.55
29.55
23.41
23.41
27.54
27.54
24.78
24.78
24.43
24.43
22.89
22.89
21.82
21.82
23.01
23.01
45.65
45.65
19.78
19.78
26.52
26.52
23.76
23.76
21.32
21.32
19.95
19.95
20.83
20.83
18.15
18.15
20.70
20.70
21.27
21.27
20.89
20.89
22.00
22.00
20.82
20.82
24.15
24.15
18.97
18.97
18.64
18.64
19.35
19.35
20.06
20.06
18.49
18.49
20.02
20.02
24.62
24.62
17.33
17.33
21.65
21.65
20.40
20.40
21.29
21.29
20.38
20.38
20.03
20.03
19.89
19.89
18.92
18.92
20.51
20.51
19.43
19.43
19.16
19.16
19.86
19.86
19.89
19.89
20.49
20.49
20.21
20.21
19.20
19.20
19.60
19.60
19.83
19.83
19.31
19.31
19.66
19.66
19.66
