10.800349184
10.800349184
10.803150848
10.803150848
10.797318144
10.797318144
10.797350912
10.797350912
10.798546944
10.798546944
10.798563328
10.798563328
10.800152576
10.800152576
10.802266112
10.802266112
10.802266112
10.802118656
10.802118656
10.801741824
10.801741824
10.798022656
10.798022656
10.797662208
10.797662208
10.796613632
10.796613632
10.796449792
10.796449792
10.79566336
10.79566336
10.794532864
10.794532864
10.794549248
10.794549248
10.793336832
10.793336832
10.793189376
10.793189376
10.791174144
10.791174144
10.79066624
10.79066624
10.789339136
10.789339136
10.788716544
10.788716544
10.782769152
10.782769152
10.78280192
10.78280192
10.782736384
10.782736384
10.782621696
10.782621696
10.78255616
10.78255616
10.78280192
10.78280192
10.778771456
10.778771456
10.778443776
10.778443776
10.777788416
10.777788416
10.777788416
10.777788416
10.777772032
10.777772032
10.779656192
10.779656192
10.779656192
10.779656192
10.779656192
10.779656192
10.779656192
10.779656192
10.780622848
10.780622848
10.780606464
10.780606464
10.779557888
10.779557888
10.779131904
10.779131904
10.779803648
10.779803648
10.77993472
10.77993472
10.779639808
10.779639808
10.780000256
10.780000256
10.780000256
10.780000256
10.780000256
10.780000256
10.781196288
10.781196288
10.780868608
10.780868608
10.780868608
10.780868608
10.780868608
10.780868608
10.780868608
10.780868608
10.799136768
10.799136768
10.799071232
10.799071232
10.798792704
10.798792704
10.798792704
10.798792704
10.798792704
10.798792704
10.771054592
10.771054592
10.772742144
10.772742144
10.773233664
10.773233664
10.774134784
10.774134784
10.774167552
10.774167552
10.774069248
10.774069248
10.774134784
10.774134784
10.77428224
10.77428224
10.772332544
10.772332544
10.772086784
10.772086784
10.772496384
10.772496384
10.772758528
10.772758528
10.77747712
10.77747712
10.777280512
10.777280512
10.7773952
10.7773952
10.814980096
10.814980096
10.814406656
10.814406656
10.81393152
10.81393152
10.810277888
10.810277888
10.78820864
10.78820864
10.78820864
10.78820864
10.78820864
10.78820864
10.78820864
10.78820864
10.78820864
10.78820864
10.77714944
10.77714944
10.78091776
10.78091776
10.782130176
10.782130176
10.782130176
10.782130176
10.782130176
10.782130176
10.783277056
10.783277056
10.78337536
10.78337536
10.783391744
10.783391744
10.783555584
10.783555584
10.783358976
10.783358976
10.7831296
10.7831296
10.782785536
10.782785536
10.78222848
10.78222848
10.781999104
10.781999104
10.780000256
10.780000256
10.78009856
10.78009856
10.780147712
10.780147712
10.7794432
10.7794432
10.779639808
10.779639808
10.779639808
10.779639808
10.779885568
10.779885568
10.78001664
10.78001664
10.780065792
10.780065792
10.780114944
10.780114944
10.780114944
10.780114944
10.778918912
10.778918912
10.779639808
10.779639808
10.779574272
10.779574272
10.7794432
10.7794432
10.7794432
10.7794432
10.7794432
10.7794432
10.779328512
10.779328512
10.779295744
10.779295744
10.779312128
10.779312128
10.779410432
10.779410432
10.779459584
10.779459584
10.79304192
10.79304192
10.792615936
10.792615936
10.79083008
10.79083008
10.790289408
10.790289408
10.787520512
10.787520512
10.787700736
10.787700736
10.787913728
10.787913728
10.787913728
10.787913728
10.787913728
10.787913728
10.789257216
10.789257216
10.789797888
10.789797888
10.789486592
10.789486592
10.789797888
10.789797888
10.788962304
10.788962304
10.789421056
10.789421056
10.789650432
10.789650432
10.908942336
10.908942336
10.90879488
10.90879488
10.88520192
10.88520192
10.885103616
10.885103616
10.924670976
10.924670976
10.92829184
10.92829184
10.928750592
10.928750592
10.895884288
10.895884288
10.90043904
10.90043904
10.904961024
10.904961024
10.917199872
10.917199872
10.917199872
10.91649536
10.91649536
10.891575296
10.891575296
10.895900672
10.895900672
10.8740608
10.8740608
10.852171776
10.852171776
10.852171776
10.852171776
10.852171776
10.852171776
10.85693952
10.85693952
10.858151936
10.858151936
10.859380736
10.859380736
10.891771904
10.891771904
10.88372736
10.88372736
10.87963136
10.87963136
10.879729664
10.879729664
10.879434752
10.879434752
10.817060864
10.817060864
10.80696832
10.80696832
10.806984704
10.806984704
10.802085888
10.802085888
10.802085888
10.802085888
10.802085888
10.801709056
10.801709056
10.755637248
10.755637248
10.750836736
10.750836736
10.750951424
10.750951424
10.750951424
10.750951424
10.724769792
10.724769792
10.723622912
10.723622912
10.72128
10.72128
10.720821248
10.720821248
10.699341824
10.699341824
10.699341824
10.699341824
10.701930496
10.701930496
10.702667776
10.702667776
10.739761152
10.739761152
10.738860032
10.738860032
10.738663424
10.738663424
10.738778112
10.738778112
10.738597888
10.738597888
10.737713152
10.737713152
10.73586176
10.73586176
10.758766592
10.758766592
10.755833856
10.755833856
10.755833856
10.755833856
10.755833856
10.755833856
10.755833856
10.755833856
10.73168384
10.73168384
10.73168384
10.732634112
10.732634112
10.731831296
10.731831296
10.731831296
10.731831296
10.731831296
10.731831296
10.6287104
10.6287104
10.628562944
10.628562944
10.628907008
10.628907008
10.628808704
10.628808704
10.629005312
10.629005312
10.629054464
10.629054464
10.628431872
10.628431872
10.615128064
10.615128064
10.617339904
10.617339904
10.617536512
10.617536512
10.617356288
10.617356288
10.614652928
10.614652928
10.61208064
10.61208064
10.611523584
10.611523584
10.611720192
10.611720192
10.611720192
10.611720192
10.611441664
10.611441664
10.611458048
10.611458048
10.603216896
10.603216896
10.603216896
10.603216896
10.621239296
10.621239296
10.629054464
10.629054464
10.628890624
10.628890624
10.628268032
10.628268032
10.627186688
10.627186688
10.623188992
10.623188992
10.624253952
10.624253952
10.624237568
10.624237568
10.62412288
10.62412288
10.624073728
10.624073728
10.623451136
10.623451136
10.606280704
10.606280704
10.606280704
10.606280704
10.606280704
10.606280704
10.606280704
10.606280704
10.606166016
10.606166016
10.600136704
10.600136704
10.599972864
10.599972864
10.59979264
10.59979264
10.600071168
10.600071168
10.609098752
10.609098752
10.60913152
10.60913152
10.608361472
10.608361472
10.615668736
10.615668736
10.615013376
10.615013376
10.61404672
10.61404672
10.614194176
10.614194176
10.612686848
10.612686848
10.615701504
10.615701504
10.615701504
10.615701504
10.61617664
10.61617664
10.613047296
10.613047296
10.603167744
10.603167744
10.618830848
10.618830848
10.618503168
10.618503168
10.618994688
10.618994688
10.618781696
10.618781696
10.618191872
10.618191872
10.618191872
10.618191872
10.618191872
10.736713728
10.736713728
10.76903936
10.76903936
10.765811712
10.765811712
10.986635264
10.986635264
10.986635264
10.956898304
10.956898304
11.000692736
11.000692736
10.9838336
10.9838336
10.937729024
10.937729024
10.909581312
10.874585088
10.874585088
10.874585088
10.874585088
10.843652096
10.843652096
10.864082944
10.893443072
10.893443072
10.893443072
10.893443072
10.885873664
10.885873664
10.88659456
10.88659456
10.89437696
10.89437696
10.899341312
10.899341312
10.89478656
10.89478656
10.89478656
10.87299584
10.87299584
10.872815616
10.797940736
10.797940736
10.797940736
10.812440576
10.812440576
10.812391424
10.812391424
10.812391424
10.971086848
10.971086848
10.953637888
10.953637888
10.943234048
10.943234048
10.93746688
10.93746688
10.896130048
10.896130048
10.85186048
10.85186048
10.856562688
10.856562688
10.85431808
10.85431808
10.797367296
10.797367296
10.77624832
10.77624832
10.77624832
10.729455616
10.729455616
10.729504768
10.729504768
10.729488384
10.729488384
10.731143168
10.731143168
10.731421696
10.731421696
10.731470848
10.731470848
10.730733568
10.730733568
10.712006656
10.712006656
10.711875584
10.711875584
10.711875584
10.711875584
10.711875584
10.711875584
10.711875584
10.711875584
10.711875584
10.711875584
10.70317568
10.70317568
10.70317568
10.702798848
10.702798848
10.702798848
10.702798848
10.702798848
10.702798848
10.702798848
10.762846208
10.762846208
10.750787584
10.736140288
10.736140288
10.736140288
10.736140288
10.73422336
10.73422336
10.731175936
10.731175936
10.73119232
10.73119232
10.73307648
10.73307648
10.760404992
10.760404992
10.761846784
10.761846784
10.785488896
10.785488896
10.831921152
10.831921152
10.867146752
10.867146752
10.845323264
10.845323264
10.833379328
10.833379328
10.833379328
10.833379328
10.833379328
10.833379328
10.833379328
10.833379328
10.833379328
10.769711104
10.769711104
10.766598144
10.766598144
10.759274496
10.759274496
10.737844224
10.737844224
10.73635328
10.73635328
10.736074752
10.736074752
10.785947648
10.785947648
10.785947648
10.785947648
10.785947648
10.785947648
10.785947648
10.785947648
10.785947648
10.832379904
10.832379904
10.872537088
10.872537088
10.894344192
10.894344192
10.893623296
10.893623296
10.892525568
10.892525568
10.878124032
10.878124032
10.849828864
10.849828864
10.849828864
10.832887808
10.832887808
10.787831808
10.787831808
10.787110912
10.787110912
10.787110912
10.787110912
10.787110912
10.787110912
10.787110912
10.787110912
10.727604224
10.727604224
10.736877568
10.736877568
10.735026176
10.735026176
10.735075328
10.735075328
10.735075328
10.735796224
10.735796224
10.731454464
10.731454464
10.741809152
10.741809152
10.650271744
10.650271744
10.650533888
10.650533888
10.649714688
10.649714688
10.648338432
10.648338432
10.668326912
10.668326912
10.659463168
10.659463168
10.65926656
10.65926656
10.657398784
10.657398784
10.655563776
10.655563776
10.653646848
10.653646848
10.653646848
10.653646848
10.653646848
10.653646848
10.64910848
10.64910848
10.676584448
10.676584448
10.698113024
10.698113024
10.696704
10.696704
10.696704
10.69391872
10.69391872
10.697572352
10.697572352
10.699866112
10.699866112
10.699866112
10.699866112
10.699866112
10.699866112
10.699866112
10.699866112
10.67917312
10.67917312
10.67917312
10.677321728
10.677321728
10.673127424
10.673127424
10.673127424
10.673127424
10.648682496
10.648682496
10.648682496
10.648682496
10.648682496
10.648682496
10.648682496
10.648682496
10.648682496
10.648682496
10.667032576
10.667032576
10.664132608
10.664132608
10.65787392
10.65787392
10.651877376
10.651877376
10.65263104
10.65263104
10.652008448
10.652008448
10.654629888
10.654629888
10.660642816
10.660642816
10.662035456
10.662035456
10.659823616
10.659823616
10.65934848
10.65934848
10.656776192
10.656776192
10.660691968
10.660691968
10.658381824
10.658381824
10.658381824
10.658381824
10.659069952
10.659069952
10.670751744
10.670751744
10.661445632
10.661445632
10.660954112
10.660954112
10.660954112
10.660954112
10.683777024
10.683777024
10.718445568
10.718445568
10.69645824
10.69645824
10.69645824
10.696146944
10.696146944
10.698899456
10.698899456
10.697490432
10.697490432
10.697490432
10.697490432
10.697490432
10.697490432
10.697490432
10.697490432
10.697490432
10.697490432
10.648666112
10.648666112
10.648846336
10.648846336
10.648928256
10.648928256
10.644422656
10.644422656
10.644979712
10.644979712
10.643685376
10.643685376
10.640293888
10.640293888
10.649092096
10.649092096
10.648879104
10.648879104
10.648879104
10.648879104
10.659233792
10.659233792
10.659233792
10.659233792
10.659233792
10.659233792
10.659233792
10.659233792
10.659233792
10.663215104
10.663215104
10.661904384
10.661904384
10.661937152
10.661937152
10.662150144
10.662150144
10.662150144
10.662150144
10.656956416
10.656956416
10.655039488
10.655039488
10.655039488
10.655039488
10.655039488
10.655039488
10.655039488
10.655039488
10.658643968
10.658643968
10.6590208
10.6590208
10.659151872
10.659151872
10.660134912
10.660134912
10.659397632
10.659397632
10.660511744
10.660511744
10.660429824
10.660429824
10.660429824
10.660429824
10.660429824
10.660429824
10.660429824
10.660429824
10.665099264
10.665099264
10.665459712
10.665459712
10.665705472
10.665705472
10.667196416
10.667196416
10.667196416
10.667196416
10.667606016
10.667606016
10.667343872
10.667343872
10.667343872
10.667343872
10.667343872
10.667343872
10.66483712
10.66483712
10.662969344
10.662969344
10.663641088
10.663641088
10.663641088
10.663641088
10.663641088
10.663641088
10.666622976
10.666622976
10.666672128
10.666672128
10.667065344
10.667065344
10.667180032
10.667180032
10.666901504
10.666901504
10.667245568
10.667245568
10.666672128
10.666672128
10.666115072
10.666115072
10.660380672
10.660380672
10.660380672
10.660380672
10.659299328
10.659299328
10.652499968
10.652499968
10.649894912
10.649894912
10.661167104
10.661167104
10.661707776
10.661707776
10.661691392
10.661691392
10.6622976
10.6622976
10.662264832
10.662264832
10.662363136
10.662363136
10.662363136
10.662363136
10.662035456
10.662035456
10.660462592
10.660462592
10.660397056
10.660397056
10.656792576
10.656792576
10.656792576
10.656792576
10.662821888
10.662821888
10.662821888
10.663247872
10.663247872
10.663247872
10.663247872
10.663247872
10.66573824
10.66573824
10.664198144
10.664198144
10.66262528
10.66262528
10.66262528
10.66262528
10.66262528
10.66262528
10.667507712
10.667507712
10.666704896
10.666704896
10.666704896
10.666704896
10.666704896
10.666704896
10.666704896
10.666704896
10.653106176
10.653106176
10.65181184
10.65181184
10.651009024
10.651009024
10.651467776
10.651467776
10.6512384
10.6512384
10.650894336
10.650894336
10.65132032
10.65132032
10.65132032
10.65132032
10.65132032
10.65132032
10.65132032
10.65132032
10.662330368
10.662330368
10.662445056
10.662445056
10.662723584
10.662723584
10.662182912
10.662182912
10.665803776
10.665803776
10.664984576
10.664984576
10.664525824
10.664525824
10.664525824
10.664525824
10.664525824
10.664525824
10.65934848
10.65934848
10.66541056
10.66541056
10.665525248
10.665525248
10.666295296
10.666295296
10.666344448
10.666344448
10.665312256
10.665312256
10.665115648
10.665115648
10.667229184
10.667229184
10.685792256
10.685792256
10.685792256
10.685792256
10.685792256
10.682875904
10.682875904
10.687709184
10.687709184
10.678779904
10.678779904
10.678779904
10.678779904
10.678779904
10.678779904
10.696818688
10.696818688
10.737516544
10.737516544
10.751000576
10.751000576
10.764402688
10.764402688
10.739974144
10.739974144
10.739974144
10.732896256
10.732896256
10.732224512
10.732224512
10.732224512
10.732224512
10.732224512
10.732224512
10.732224512
10.732224512
10.725163008
10.725163008
10.756292608
10.756292608
10.756276224
10.756276224
10.75535872
10.75535872
10.752770048
10.752770048
10.752770048
10.758078464
10.758078464
10.758078464
10.758078464
10.758078464
10.758078464
10.758078464
10.758078464
10.73995776
10.73995776
10.75593216
10.75593216
10.755670016
10.755670016
10.7528192
10.7528192
10.752131072
10.752131072
10.75134464
10.75134464
10.75093504
10.75093504
10.75093504
10.75093504
10.75093504
10.75093504
10.75093504
10.75093504
10.768482304
10.768482304
10.768646144
10.768646144
10.777509888
10.777509888
10.755719168
10.755719168
10.755719168
10.755719168
10.755637248
10.755637248
10.755637248
10.758176768
10.758176768
10.755227648
10.755227648
10.765975552
10.765975552
10.77067776
10.77067776
10.77682176
10.77682176
10.793500672
10.793500672
10.8302336
10.8302336
10.829037568
10.829037568
10.841341952
10.841341952
10.846175232
10.846175232
10.848518144
10.848518144
10.847059968
10.847059968
10.838376448
10.838376448
10.838376448
10.856841216
10.856841216
10.853236736
10.853236736
10.890805248
10.890805248
10.888675328
10.888675328
10.888527872
10.888527872
10.888527872
10.888577024
10.888577024
10.838867968
10.838867968
10.839588864
10.839588864
10.840702976
10.840702976
10.84153856
10.84153856
10.83047936
10.83047936
10.83670528
10.83670528
10.854039552
10.854039552
10.852728832
10.852728832
10.85825024
10.85825024
10.858348544
10.858348544
10.858348544
10.858315776
10.858315776
10.85751296
10.85751296
10.85669376
10.85669376
10.848927744
10.848927744
10.850238464
10.850238464
10.850123776
10.850123776
10.852630528
10.852630528
10.852630528
10.852630528
10.852630528
10.852630528
10.855415808
10.855415808
10.846715904
10.846715904
10.846715904
10.846715904
10.846715904
10.846715904
10.846715904
10.846715904
10.843488256
10.843488256
10.843488256
10.843488256
10.843488256
10.843488256
10.843488256
10.843488256
10.843488256
10.843488256
10.85292544
10.85292544
10.855432192
10.855432192
10.896326656
10.896326656
10.860773376
10.860773376
10.873520128
10.873520128
10.872684544
10.872684544
10.861625344
10.861625344
10.869178368
10.869178368
10.869178368
10.869178368
10.869178368
10.869178368
10.869178368
10.84014592
10.84014592
10.83695104
10.83695104
10.835869696
10.835869696
10.835869696
10.835869696
10.835869696
10.835869696
10.835279872
10.835279872
10.83465728
10.83465728
10.83580416
10.83580416
10.83580416
10.83580416
10.83580416
10.83580416
10.85022208
10.85022208
10.846420992
10.846420992
10.846519296
10.846519296
10.846388224
10.846388224
10.846011392
10.846011392
10.84588032
10.84588032
10.845454336
10.845454336
10.852532224
10.852532224
10.863968256
10.863968256
10.893869056
10.893869056
10.927865856
10.927865856
10.96327168
10.96327168
10.9780992
10.9780992
10.960109568
10.960109568
10.956439552
10.956439552
10.956439552
10.953818112
10.953818112
10.953818112
10.953818112
10.953818112
10.953818112
10.953818112
10.931109888
10.931109888
10.919247872
10.919247872
10.919297024
10.919297024
10.922098688
10.922098688
10.916970496
10.916970496
10.921099264
10.921099264
10.9248512
10.9248512
10.931879936
10.931879936
10.927030272
10.927030272
10.925031424
10.925031424
10.911514624
10.911514624
10.91436544
10.91436544
10.922917888
10.922917888
10.925228032
10.925228032
10.925228032
10.925228032
10.926800896
10.926800896
10.911531008
10.911531008
10.910810112
10.910810112
10.910384128
10.910384128
10.908942336
10.908942336
10.908450816
10.908450816
10.908450816
10.91444736
10.91444736
10.915446784
10.915446784
10.91575808
10.91575808
10.917101568
10.917101568
10.917085184
10.917085184
10.91715072
10.91715072
10.91715072
10.91715072
10.91715072
10.91715072
10.91715072
10.91715072
10.887348224
10.887348224
10.887348224
10.8855296
10.8855296
10.8855296
10.884349952
10.884349952
10.882760704
10.882760704
10.871816192
10.871816192
10.811342848
10.811342848
10.812243968
10.812243968
10.812276736
10.812276736
10.799742976
10.799742976
10.799742976
10.799742976
10.799742976
10.799742976
10.799742976
10.799742976
10.799742976
10.799742976
10.799742976
10.815881216
10.815881216
10.834116608
10.834116608
10.834968576
10.834968576
10.834296832
10.834296832
10.833362944
10.833362944
10.833313792
10.833313792
10.833461248
10.833461248
10.81442304
10.81442304
10.813652992
10.813652992
10.808508416
10.808508416
10.808016896
10.808016896
10.810064896
10.810064896
10.797989888
10.797989888
10.84407808
10.84407808
10.852352
10.852352
10.870308864
10.870308864
10.87111168
10.87111168
10.87111168
10.867392512
10.867392512
10.867392512
10.867392512
10.867392512
10.867392512
10.841997312
10.841997312
10.841243648
10.841243648
10.841325568
10.841325568
10.841325568
10.841440256
10.841440256
10.84014592
10.84014592
10.838818816
10.838818816
10.836115456
10.836115456
10.836115456
10.836115456
10.836115456
10.836115456
10.836115456
10.836115456
10.83506688
10.83506688
10.834690048
10.834690048
10.83441152
10.83441152
10.833412096
10.833412096
10.833215488
10.833215488
10.836901888
10.836901888
10.8363776
10.8363776
10.849763328
10.849763328
10.851024896
10.851024896
10.854203392
10.854203392
10.854301696
10.854301696
10.854039552
10.854039552
10.851745792
10.851745792
10.852712448
10.852712448
10.853728256
10.853728256
10.861477888
10.861477888
10.861838336
10.861838336
10.85792256
10.85792256
10.859757568
10.859757568
10.86070784
10.86070784
10.860331008
10.860331008
10.85325312
10.85325312
10.85325312
10.85325312
10.85325312
10.85325312
10.82630144
10.82630144
10.830856192
10.830856192
10.831527936
10.831527936
10.829676544
10.829676544
10.83244544
10.83244544
10.832543744
10.832543744
10.823483392
10.823483392
10.822991872
10.822991872
10.822991872
10.821812224
10.821812224
10.821812224
10.821812224
10.823958528
10.823958528
10.823319552
10.823319552
10.823057408
10.823057408
10.826481664
10.826481664
10.825187328
10.825187328
10.824302592
10.824302592
10.827513856
10.827513856
10.825105408
10.825105408
10.825105408
10.825105408
10.825105408
10.825105408
10.831282176
10.831282176
10.830168064
10.830168064
10.829709312
10.829709312
10.828988416
10.828988416
10.828480512
10.828480512
10.82605568
10.82605568
10.826022912
10.826022912
10.825416704
10.825416704
10.827907072
10.827907072
10.82515456
10.82515456
10.824957952
10.824957952
10.825580544
10.825580544
10.825580544
10.825580544
10.825580544
10.825580544
10.825580544
10.825580544
10.836099072
10.836099072
10.829709312
10.829709312
10.82703872
10.82703872
10.83097088
10.83097088
10.830921728
10.830921728
10.830938112
10.830938112
10.830086144
10.830086144
10.831806464
10.831806464
10.83211776
10.83211776
10.819633152
10.819633152
10.824515584
10.824515584
10.793664512
10.793664512
10.79369728
10.79369728
10.79369728
10.79369728
10.79369728
10.79369728
10.791927808
10.791927808
10.79017472
10.79017472
10.789322752
10.789322752
10.792206336
10.792206336
10.791043072
10.791043072
10.789371904
10.789371904
10.788569088
10.788569088
10.788995072
10.788995072
10.788798464
10.788798464
10.78779904
10.78779904
10.785718272
10.785718272
10.791829504
10.791829504
10.795958272
10.795958272
10.796843008
10.796843008
10.798268416
10.798268416
10.802511872
10.802511872
10.798972928
10.798972928
10.799284224
10.799284224
10.8007424
10.8007424
10.81352192
10.81352192
10.813800448
10.813800448
10.812325888
10.812325888
10.812325888
10.812276736
10.812276736
10.811293696
10.811293696
10.81122816
10.81122816
10.81131008
10.81131008
10.811326464
10.811326464
10.810851328
10.810851328
10.8044288
10.8044288
10.80164352
10.80164352
10.802036736
10.802036736
10.802823168
10.802823168
10.803331072
10.803331072
10.802642944
10.802642944
10.802642944
10.802642944
10.805460992
10.805460992
10.802397184
10.802397184
10.80246272
10.80246272
10.80246272
10.80246272
10.807197696
10.807197696
10.806902784
10.806902784
10.809720832
10.809720832
10.807148544
10.807148544
10.801102848
10.801102848
10.796597248
10.796597248
10.796384256
10.796384256
10.796875776
10.796875776
10.796220416
10.796220416
10.794942464
10.794942464
10.799054848
10.799054848
10.798759936
10.798759936
10.797252608
10.797252608
10.797760512
10.797760512
10.797285376
10.797285376
10.795270144
10.795270144
10.799333376
10.799333376
10.798235648
10.798235648
10.806198272
10.806198272
10.80532992
10.80532992
10.80532992
10.804854784
10.804854784
10.804854784
10.804166656
10.804166656
10.80311808
10.80311808
10.802331648
10.802331648
10.802085888
10.802085888
10.8015616
10.8015616
10.804772864
10.804772864
10.804248576
10.804248576
10.806165504
10.806165504
10.806165504
10.806165504
10.805805056
10.805805056
10.803216384
10.803216384
10.803167232
10.803167232
10.803167232
10.803167232
10.803167232
10.803167232
10.794123264
10.794123264
10.794090496
10.794090496
10.818043904
10.818043904
10.814357504
10.814357504
10.813734912
10.813734912
10.813571072
10.813571072
10.8171264
10.8171264
10.817077248
10.817077248
10.817077248
10.817077248
10.817077248
10.817077248
10.797563904
10.797563904
10.794811392
10.794811392
10.794811392
10.794811392
10.794811392
10.794811392
10.794811392
10.794811392
10.7937792
10.7937792
10.793467904
10.793467904
10.793156608
10.793156608
10.793058304
10.793058304
10.792763392
10.792763392
10.791452672
10.791452672
10.791452672
10.791452672
10.791452672
10.791452672
10.791452672
10.791452672
10.791452672
10.791452672
10.795401216
10.795401216
10.793598976
10.793598976
10.793598976
10.793598976
10.793598976
10.793598976
10.793598976
10.793598976
10.792271872
10.792271872
10.7917312
10.7917312
10.782113792
10.782113792
10.772365312
10.772365312
10.771709952
10.771709952
10.77141504
10.77141504
10.771234816
10.771234816
10.769711104
10.769711104
10.769580032
10.769580032
10.769252352
10.769252352
10.768449536
10.768449536
10.768449536
