32.97
32.97
67.14
67.14
72.54
72.54
71.63
71.63
70.65
70.65
72.32
72.32
72.32
43.39
43.39
46.32
46.32
27.75
27.75
24.43
24.43
27.35
27.35
21.88
21.88
24.76
24.76
29.79
29.79
28.98
28.98
25.82
25.82
22.00
22.00
23.52
23.52
21.54
21.54
29.10
29.10
32.62
32.62
34.29
34.29
28.11
28.11
27.12
27.12
27.61
27.61
22.51
22.51
23.50
23.50
27.03
27.03
27.77
27.77
28.67
28.67
25.59
25.59
28.81
28.81
26.21
26.21
27.40
27.40
26.14
26.14
22.63
22.63
24.08
24.08
26.19
26.19
28.14
28.14
23.46
23.46
19.59
19.59
24.56
24.56
27.48
27.48
28.45
28.45
21.13
21.13
25.56
25.56
26.26
26.26
35.99
35.99
21.30
21.30
25.65
25.65
28.94
28.94
27.45
27.45
27.31
27.31
40.49
40.49
41.44
41.44
37.23
37.23
26.80
26.80
26.80
21.53
21.53
25.38
25.38
27.63
27.63
27.88
27.88
26.63
26.63
31.40
31.40
31.34
31.34
23.51
23.51
22.00
22.00
23.56
23.56
26.20
26.20
28.98
28.98
33.54
33.54
29.74
29.74
25.58
25.58
44.33
44.33
26.31
26.31
26.31
24.54
24.54
21.97
21.97
25.72
25.72
25.65
25.65
22.10
22.10
22.38
22.38
21.08
21.08
24.01
24.01
22.18
22.18
22.38
22.38
29.53
29.53
27.50
27.50
24.79
24.79
21.52
21.52
22.73
22.73
19.69
19.69
21.98
21.98
21.35
21.35
25.51
25.51
28.66
28.66
65.90
65.90
30.15
30.15
22.09
22.09
27.73
27.73
23.60
23.60
32.42
32.42
35.81
35.81
29.27
29.27
31.72
31.72
25.97
25.97
24.98
24.98
22.21
22.21
20.29
20.29
21.37
21.37
23.94
23.94
26.64
26.64
24.77
24.77
22.10
22.10
24.84
24.84
22.00
22.00
21.73
21.73
24.54
24.54
26.38
26.38
27.37
27.37
24.20
24.20
21.29
21.29
20.83
20.83
23.19
23.19
25.67
25.67
20.73
20.73
30.97
30.97
26.88
26.88
25.46
25.46
22.46
22.46
27.89
27.89
25.28
25.28
23.50
23.50
29.79
29.79
25.38
25.38
28.26
28.26
30.59
30.59
22.60
22.60
23.25
23.25
23.37
23.37
28.53
28.53
28.38
28.38
26.02
26.02
24.50
24.50
23.30
23.30
22.42
22.42
21.44
21.44
21.69
21.69
27.22
27.22
31.49
31.49
27.47
27.47
25.75
25.75
22.91
22.91
25.32
25.32
29.43
29.43
28.74
28.74
22.99
22.99
23.19
23.19
24.62
24.62
26.06
26.06
30.55
30.55
32.46
32.46
29.65
29.65
29.24
29.24
29.00
29.00
24.61
24.61
25.54
25.54
24.32
24.32
25.56
25.56
22.79
22.79
23.85
23.85
22.92
22.92
28.37
28.37
29.38
29.38
30.94
30.94
32.29
32.29
26.65
26.65
54.38
54.38
24.80
24.80
24.80
22.67
22.67
23.16
23.16
26.76
26.76
39.32
39.32
32.67
32.67
30.79
30.79
28.54
28.54
22.98
22.98
19.33
19.33
21.83
21.83
22.32
22.32
26.24
26.24
24.08
24.08
22.95
22.95
20.75
20.75
21.02
21.02
26.18
26.18
28.24
28.24
31.63
31.63
28.55
28.55
30.28
30.28
23.50
23.50
24.93
24.93
23.38
23.38
26.18
26.18
26.37
26.37
27.27
27.27
28.68
28.68
28.28
28.28
21.02
21.02
22.05
22.05
21.84
21.84
20.24
20.24
21.67
21.67
45.98
45.98
42.61
42.61
34.31
34.31
35.48
35.48
53.81
53.81
53.81
53.81
44.86
44.86
26.11
26.11
26.11
26.39
26.39
27.79
27.79
25.72
25.72
24.88
24.88
22.97
22.97
21.55
21.55
25.58
25.58
28.67
28.67
29.65
29.65
26.73
26.73
24.76
24.76
24.12
24.12
27.56
27.56
32.76
32.76
31.34
31.34
34.69
34.69
34.99
34.99
34.61
34.61
29.17
29.17
25.32
25.32
24.19
24.19
24.14
24.14
25.54
25.54
25.35
25.35
25.55
25.55
28.83
28.83
23.22
23.22
21.57
21.57
23.86
23.86
25.59
25.59
23.37
23.37
28.61
28.61
24.92
24.92
53.51
53.51
45.90
45.90
38.47
38.47
38.47
25.71
25.71
25.71
23.04
23.04
24.27
24.27
27.92
27.92
28.19
28.19
30.47
30.47
30.28
30.28
28.05
28.05
22.40
22.40
22.85
22.85
29.85
29.85
28.07
28.07
29.26
29.26
24.69
24.69
23.00
23.00
21.32
21.32
25.28
25.28
22.82
22.82
24.68
24.68
24.84
24.84
52.54
52.54
72.87
72.87
72.87
51.82
51.82
36.26
36.26
32.11
32.11
32.11
22.45
22.45
21.88
21.88
24.90
24.90
25.18
25.18
27.83
27.83
28.34
28.34
29.54
29.54
26.77
26.77
23.22
23.22
25.97
25.97
29.08
29.08
27.45
27.45
23.96
23.96
25.76
25.76
23.46
23.46
23.67
23.67
23.81
23.81
25.86
25.86
24.89
24.89
28.18
28.18
26.27
26.27
27.35
27.35
26.64
26.64
28.65
28.65
25.49
25.49
26.19
26.19
27.43
27.43
23.18
23.18
24.85
24.85
24.02
24.02
30.77
30.77
25.77
25.77
21.83
21.83
33.02
33.02
33.45
33.45
27.15
27.15
24.21
24.21
21.79
21.79
35.82
35.82
24.56
24.56
25.68
25.68
25.23
25.23
29.91
29.91
36.78
36.78
31.66
31.66
33.41
33.41
33.41
27.35
27.35
40.59
40.59
37.75
37.75
31.58
31.58
31.58
24.59
24.59
24.59
21.40
21.40
24.07
24.07
22.54
22.54
22.60
22.60
25.98
25.98
27.40
27.40
25.19
25.19
20.59
20.59
22.21
22.21
22.43
22.43
19.78
19.78
24.27
24.27
27.55
27.55
31.62
31.62
27.64
27.64
23.14
23.14
21.68
21.68
21.54
21.54
22.82
22.82
19.64
19.64
28.93
28.93
26.90
26.90
25.48
25.48
23.21
23.21
23.54
23.54
21.84
21.84
22.58
22.58
28.78
28.78
29.69
29.69
34.42
34.42
32.19
32.19
28.28
28.28
24.88
24.88
25.02
25.02
21.03
21.03
28.00
28.00
33.89
33.89
29.79
29.79
30.41
30.41
32.14
32.14
26.01
26.01
26.12
26.12
30.78
30.78
38.83
38.83
33.05
33.05
35.69
35.69
41.50
41.50
35.28
35.28
35.11
35.11
35.11
31.95
31.95
39.72
39.72
39.29
39.29
38.38
38.38
39.14
39.14
32.58
32.58
31.01
31.01
23.07
23.07
24.49
24.49
20.21
20.21
24.08
24.08
26.70
26.70
25.45
25.45
25.00
25.00
20.95
20.95
22.98
22.98
24.33
24.33
23.61
23.61
27.25
27.25
25.36
25.36
27.77
27.77
28.91
28.91
27.93
27.93
23.89
23.89
23.99
23.99
21.13
21.13
24.39
24.39
28.57
28.57
25.99
25.99
21.19
21.19
22.58
22.58
20.48
20.48
21.92
21.92
20.03
20.03
23.01
23.01
28.23
28.23
29.28
29.28
24.31
24.31
21.81
21.81
21.13
21.13
22.44
22.44
29.68
29.68
29.09
29.09
23.84
23.84
26.84
26.84
28.44
28.44
27.86
27.86
20.88
20.88
24.16
24.16
31.17
31.17
33.96
33.96
26.28
26.28
26.28
23.59
23.59
23.51
23.51
22.38
22.38
21.98
21.98
23.66
23.66
23.30
23.30
25.59
25.59
27.50
27.50
29.30
29.30
23.11
23.11
23.52
23.52
34.89
34.89
24.73
24.73
25.08
25.08
26.93
26.93
26.58
26.58
33.34
33.34
32.54
32.54
30.64
30.64
34.43
34.43
33.84
33.84
28.05
28.05
28.30
28.30
49.18
49.18
49.18
46.76
42.79
42.79
47.55
47.55
50.00
50.00
50.00
50.00
50.00
46.61
50.00
50.00
53.46
53.46
54.52
54.52
54.52
48.09
48.09
45.64
47.28
47.28
47.85
47.85
49.48
49.48
29.26
29.26
50.49
50.49
44.79
44.79
44.24
54.30
54.30
63.33
57.14
57.14
55.88
55.88
55.88
47.59
47.59
45.73
45.73
40.44
40.44
39.02
39.02
39.02
27.93
27.93
27.90
27.90
30.71
30.71
39.43
39.43
33.22
33.22
36.58
36.58
32.60
32.60
28.25
28.25
34.94
34.94
33.49
33.49
28.51
28.51
31.04
31.04
27.02
27.02
32.26
32.26
43.23
43.23
41.57
41.57
32.27
32.27
29.09
29.09
31.81
31.81
35.10
35.10
32.38
32.38
33.97
33.97
31.35
31.35
32.32
32.32
30.01
30.01
27.70
27.70
38.80
38.80
31.19
31.19
26.28
26.28
30.46
30.46
31.46
31.46
32.62
32.62
27.62
27.62
27.57
27.57
25.50
25.50
28.88
28.88
22.11
22.11
27.95
27.95
27.78
27.78
34.97
34.97
27.87
27.87
21.87
21.87
22.05
22.05
22.05
22.05
26.25
26.25
26.37
26.37
28.73
28.73
27.32
27.32
23.25
23.25
22.81
22.81
22.32
22.32
26.51
26.51
22.73
22.73
25.60
25.60
26.00
26.00
26.98
26.98
21.52
21.52
25.89
25.89
25.46
25.46
23.04
23.04
21.05
21.05
25.48
25.48
27.46
27.46
24.49
24.49
22.40
22.40
21.08
21.08
30.26
30.26
29.89
29.89
25.99
25.99
30.69
30.69
28.19
28.19
30.21
30.21
23.37
23.37
20.64
20.64
22.18
22.18
24.64
24.64
22.95
22.95
28.25
28.25
29.71
29.71
25.00
25.00
23.19
23.19
24.78
24.78
22.46
22.46
25.93
25.93
25.80
25.80
26.49
26.49
30.87
30.87
27.77
27.77
24.70
24.70
27.15
27.15
26.12
26.12
23.12
23.12
23.67
23.67
26.82
26.82
35.36
35.36
30.58
30.58
29.98
29.98
29.98
19.63
19.63
21.61
21.61
26.36
26.36
22.32
22.32
31.28
31.28
26.96
26.96
25.40
25.40
25.35
25.35
22.95
22.95
30.24
30.24
26.38
26.38
30.17
30.17
32.45
32.45
41.52
41.52
27.54
27.54
22.59
22.59
23.70
23.70
30.60
30.60
28.67
28.67
28.78
28.78
34.65
34.65
32.78
32.78
34.75
34.75
31.96
31.96
33.31
33.31
23.78
23.78
24.54
24.54
25.52
25.52
32.39
32.39
32.74
32.74
30.65
30.65
30.33
30.33
34.77
34.77
28.37
28.37
32.77
32.77
39.15
39.15
41.60
41.60
41.86
41.86
38.45
38.45
38.45
28.45
28.45
28.45
23.67
23.67
24.68
24.68
22.85
22.85
28.95
28.95
27.40
27.40
34.62
34.62
32.90
32.90
33.87
33.87
32.08
32.08
31.86
31.86
31.22
31.22
31.79
31.79
29.97
29.97
25.12
25.12
24.04
24.04
22.21
22.21
26.60
26.60
24.08
24.08
26.00
26.00
25.29
25.29
28.69
28.69
29.26
29.26
20.46
20.46
25.51
25.51
25.21
25.21
25.00
25.00
22.86
22.86
29.38
29.38
40.69
40.69
30.06
30.06
30.06
24.26
24.26
24.26
21.72
21.72
25.63
25.63
27.92
27.92
49.17
49.17
48.68
48.68
47.00
47.00
46.85
46.85
30.79
30.79
30.79
25.97
25.97
22.30
22.30
24.84
24.84
26.36
26.36
31.72
31.72
44.46
44.46
42.75
42.75
30.20
30.20
30.20
22.35
22.35
22.35
21.18
21.18
27.67
27.67
28.68
28.68
37.81
51.48
51.48
51.48
51.22
51.22
51.52
51.52
50.00
50.00
50.00
50.00
50.00
50.00
50.00
50.00
50.00
50.00
50.00
50.00
50.00
50.00
50.00
50.00
50.00
50.00
50.00
50.00
50.00
50.00
48.03
48.03
35.56
35.56
34.16
34.16
26.87
26.87
29.92
29.92
26.68
26.68
30.00
30.00
48.88
48.88
44.94
44.94
30.09
30.09
30.09
24.93
24.93
27.83
27.83
26.91
26.91
26.92
26.92
34.75
34.75
45.00
45.00
46.19
46.19
47.83
47.83
32.58
32.58
32.58
28.37
28.37
28.58
28.58
26.07
26.07
27.20
27.20
30.90
30.90
27.42
27.42
27.54
27.54
25.77
25.77
29.70
29.70
29.50
29.50
30.56
30.56
36.72
36.72
38.58
38.58
33.75
33.75
28.32
28.32
28.32
34.62
34.62
27.30
27.30
30.51
30.51
33.83
33.83
30.68
30.68
25.37
25.37
26.04
26.04
25.80
25.80
26.43
26.43
27.16
27.16
35.37
35.37
27.82
27.82
37.80
37.80
47.78
47.78
43.12
43.12
27.14
27.14
27.14
24.24
24.24
25.36
25.36
32.20
32.20
31.10
31.10
26.86
26.86
20.34
20.34
20.72
20.72
23.02
23.02
23.74
23.74
21.35
21.35
25.34
25.34
25.78
25.78
24.53
24.53
22.16
22.16
19.10
19.10
20.97
20.97
22.63
22.63
20.54
20.54
29.09
29.09
27.76
27.76
25.32
25.32
21.70
21.70
21.09
21.09
30.04
30.04
43.74
43.74
41.16
41.16
32.49
32.49
32.49
27.30
27.30
21.17
21.17
25.88
25.88
23.60
23.60
20.77
20.77
22.63
22.63
23.28
23.28
25.84
25.84
23.37
23.37
23.24
23.24
19.96
19.96
22.19
22.19
21.76
21.76
21.19
21.19
23.00
23.00
23.42
23.42
27.33
27.33
22.86
22.86
21.29
21.29
21.77
21.77
22.52
22.52
21.47
21.47
23.81
23.81
28.14
28.14
28.43
28.43
21.56
21.56
23.69
23.69
23.89
23.89
18.69
18.69
24.65
24.65
26.71
26.71
27.08
27.08
23.44
23.44
22.19
22.19
21.30
21.30
23.27
23.27
21.54
21.54
22.48
22.48
26.97
26.97
27.68
27.68
30.89
30.89
33.43
33.43
28.17
28.17
28.17
24.83
24.83
23.63
23.63
23.33
23.33
26.81
26.81
26.71
26.71
27.25
27.25
24.24
24.24
38.01
38.01
29.39
29.39
31.78
31.78
24.02
24.02
31.74
31.74
38.34
38.34
28.05
28.05
28.05
22.96
22.96
26.32
26.32
22.75
22.75
22.63
22.63
22.65
22.65
31.01
31.01
27.71
27.71
31.38
31.38
23.34
23.34
22.85
22.85
24.74
24.74
22.56
22.56
25.11
25.11
26.47
26.47
25.72
25.72
21.86
21.86
21.43
21.43
21.51
21.51
20.51
20.51
21.05
21.05
22.92
22.92
25.89
25.89
25.50
25.50
21.56
21.56
25.47
25.47
20.54
20.54
21.91
21.91
20.54
20.54
24.16
24.16
24.89
24.89
26.76
26.76
19.78
19.78
24.78
24.78
23.50
23.50
29.90
29.90
22.68
22.68
25.25
25.25
26.70
26.70
30.43
30.43
31.79
31.79
25.68
25.68
24.15
24.15
21.49
21.49
20.67
20.67
25.03
25.03
28.14
28.14
23.92
23.92
30.82
30.82
37.22
37.22
25.48
25.48
22.21
22.21
24.49
24.49
21.15
21.15
21.86
21.86
20.93
20.93
20.27
20.27
19.75
19.75
22.52
22.52
19.35
19.35
23.02
23.02
18.84
18.84
19.99
19.99
21.54
21.54
19.77
19.77
20.49
20.49
21.70
21.70
22.92
22.92
20.28
20.28
21.70
21.70
23.19
23.19
23.67
23.67
20.38
20.38
29.94
29.94
26.77
26.77
26.04
26.04
35.38
35.38
25.67
25.67
25.03
25.03
21.62
21.62
23.07
23.07
32.78
32.78
30.89
30.89
55.10
55.10
55.10
65.49
65.49
65.49
48.69
46.69
46.69
35.87
35.87
37.50
37.50
26.57
26.57
26.57
22.44
22.44
29.27
29.27
24.09
24.09
20.99
20.99
22.51
22.51
22.00
22.00
25.03
25.03
29.57
29.57
23.01
23.01
25.45
25.45
25.03
25.03
22.61
22.61
21.10
21.10
27.00
27.00
