10.840866816
10.840866816
10.849763328
10.849763328
10.849435648
10.849435648
10.854875136
10.854875136
10.845847552
10.845847552
10.845519872
10.845519872
10.845519872
10.857250816
10.857250816
10.877059072
10.877059072
10.876092416
10.876092416
10.885234688
10.885234688
10.884431872
10.884431872
10.884202496
10.884202496
10.881024
10.881024
10.877960192
10.877960192
10.877894656
10.877894656
10.880548864
10.880548864
10.88053248
10.88053248
10.879778816
10.879778816
10.880057344
10.880057344
10.8818432
10.8818432
10.88249856
10.88249856
10.883121152
10.883121152
10.88331776
10.88331776
10.885742592
10.885742592
10.885890048
10.885890048
10.883776512
10.883776512
10.883383296
10.883383296
10.883383296
10.883383296
10.883383296
10.883383296
10.883383296
10.883383296
10.883923968
10.883923968
10.883301376
10.883301376
10.883334144
10.883334144
10.882924544
10.882924544
10.883186688
10.883186688
10.883252224
10.883252224
10.88405504
10.88405504
10.883170304
10.883170304
10.883252224
10.883252224
10.883350528
10.883350528
10.8834816
10.8834816
10.863542272
10.863542272
10.864017408
10.864017408
10.881499136
10.881499136
10.88151552
10.88151552
10.883661824
10.883661824
10.900160512
10.900160512
10.900340736
10.900340736
10.900340736
10.900340736
10.900340736
10.900340736
10.89855488
10.89855488
10.897965056
10.897965056
10.894327808
10.894327808
10.884071424
10.884071424
10.881482752
10.881482752
10.88028672
10.88028672
10.880073728
10.880073728
10.880073728
10.876256256
10.876256256
10.877566976
10.877566976
10.877435904
10.877435904
10.876567552
10.876567552
10.872815616
10.872815616
10.878976
10.878976
10.888708096
10.888708096
10.888757248
10.888757248
10.888757248
10.888757248
10.89355776
10.89355776
10.889232384
10.889232384
10.880057344
10.880057344
10.87627264
10.87627264
10.875961344
10.875961344
10.877534208
10.877534208
10.872766464
10.872766464
10.872602624
10.872602624
10.872602624
10.872127488
10.872127488
10.872602624
10.872602624
10.872602624
10.872602624
10.872602624
10.872602624
10.872602624
10.872602624
10.865606656
10.865606656
10.864590848
10.864590848
10.864689152
10.864689152
10.883743744
10.883743744
10.881744896
10.881744896
10.881564672
10.881564672
10.88151552
10.88151552
10.881744896
10.881744896
10.881564672
10.881564672
10.881564672
10.881564672
10.878943232
10.878943232
10.850598912
10.850598912
10.85054976
10.85054976
10.85054976
10.85054976
10.85054976
10.85054976
10.873356288
10.873356288
10.882433024
10.882433024
10.882433024
10.882433024
10.883252224
10.883252224
10.883334144
10.883334144
10.88364544
10.88364544
10.883874816
10.883874816
10.883874816
10.883874816
10.883874816
10.883874816
10.883874816
10.883874816
10.884235264
10.884235264
10.884235264
10.884235264
10.887479296
10.887479296
10.887626752
10.887626752
10.883383296
10.883383296
10.886643712
10.886643712
10.886742016
10.886742016
10.8863488
10.8863488
10.88659456
10.88659456
10.886561792
10.886561792
10.886299648
10.886299648
10.886316032
10.886316032
10.886283264
10.886283264
10.884923392
10.884923392
10.8847104
10.8847104
10.883334144
10.883334144
10.881613824
10.881613824
10.880155648
10.880155648
10.864214016
10.864214016
10.862542848
10.862542848
10.880876544
10.880876544
10.880565248
10.880565248
10.885496832
10.885496832
10.885578752
10.885578752
10.885791744
10.885791744
10.885758976
10.885758976
10.885873664
10.885873664
10.885873664
10.885873664
10.885152768
10.885152768
10.884513792
10.884513792
10.886201344
10.886201344
10.886070272
10.886070272
10.886234112
10.886234112
10.886234112
10.886234112
10.886397952
10.886397952
10.886447104
10.886447104
10.886316032
10.886316032
10.88626688
10.88626688
10.886135808
10.886135808
10.885955584
10.885955584
10.885054464
10.885054464
10.884644864
10.884644864
10.876403712
10.876403712
10.876403712
10.876403712
10.876649472
10.876649472
10.876551168
10.876551168
10.876502016
10.876502016
10.876502016
10.876502016
10.876502016
10.876502016
10.874667008
10.874667008
10.876223488
10.876223488
10.878140416
10.878140416
10.878140416
10.878140416
10.878140416
10.878140416
10.883203072
10.883203072
10.887430144
10.887430144
10.887430144
10.887430144
10.887430144
10.887430144
10.887430144
10.887430144
10.883678208
10.883678208
10.883596288
10.883596288
10.883416064
10.883416064
10.885873664
10.885873664
10.885873664
10.885873664
10.88585728
10.88585728
10.88118784
10.88118784
10.881941504
10.881941504
10.881941504
10.881941504
10.881941504
10.881941504
10.883219456
10.883219456
10.883760128
10.883760128
10.882875392
10.882875392
10.882875392
10.882875392
10.882875392
10.882023424
10.882023424
10.8822528
10.8822528
10.882121728
10.882121728
10.900979712
10.900979712
10.89552384
10.89552384
10.894852096
10.894852096
10.896654336
10.896654336
10.896736256
10.896736256
10.896637952
10.896637952
10.89478656
10.89478656
10.8675072
10.8675072
10.866163712
10.866163712
10.8662784
10.8662784
10.8662784
10.8662784
10.8662784
10.8662784
10.860527616
10.860527616
10.825351168
10.825351168
10.830118912
10.830118912
10.744725504
10.744725504
10.74520064
10.74520064
10.745167872
10.745167872
10.74520064
10.74520064
10.74520064
10.74520064
10.74520064
10.74520064
10.74520064
10.74520064
10.7544576
10.7544576
10.753949696
10.753949696
10.754015232
10.754015232
10.75429376
10.75429376
10.754310144
10.754310144
10.754506752
10.754506752
10.754605056
10.754605056
10.734927872
10.734927872
10.734190592
10.734190592
10.730029056
10.730029056
10.753851392
10.753851392
10.753654784
10.753654784
10.773807104
10.773807104
10.787815424
10.787815424
10.787815424
10.787815424
10.78837248
10.78837248
10.789732352
10.789732352
10.789732352
10.792484864
10.792484864
10.79263232
10.79263232
10.791993344
10.791993344
10.790977536
10.790977536
10.790043648
10.790043648
10.790043648
10.790043648
10.788667392
10.788667392
10.788732928
10.788732928
10.788995072
10.788995072
10.788995072
10.788995072
10.78894592
10.78894592
10.789060608
10.789060608
10.789044224
10.789044224
10.767106048
10.767106048
10.768564224
10.768564224
10.76862976
10.76862976
10.76871168
10.76871168
10.768334848
10.768334848
10.76772864
10.76772864
10.7679744
10.7679744
10.767958016
10.767958016
10.768089088
10.768089088
10.768105472
10.768105472
10.768433152
10.768433152
10.769022976
10.769022976
10.769022976
10.769022976
10.768941056
10.768941056
10.768973824
10.768973824
10.768973824
10.768973824
10.768973824
10.768973824
10.768973824
10.768973824
10.762371072
10.762371072
10.762207232
10.762207232
10.759012352
10.759012352
10.765500416
10.765500416
10.765565952
10.765565952
10.765565952
10.762944512
10.762944512
10.762944512
10.763337728
10.763337728
10.762960896
10.762960896
10.757177344
10.757177344
10.757308416
10.757308416
10.765041664
10.765041664
10.765369344
10.765369344
10.765533184
10.765533184
10.765565952
10.765565952
10.765467648
10.765467648
10.7655168
10.7655168
10.765221888
10.765221888
10.774102016
10.774102016
10.7741184
10.7741184
10.774380544
10.774380544
10.774003712
10.774003712
10.757193728
10.757193728
10.757210112
10.757210112
10.757144576
10.757144576
10.757013504
10.757013504
10.769186816
10.769186816
10.762715136
10.762715136
10.762715136
10.897358848
10.897358848
10.903191552
10.903191552
10.89011712
10.89011712
10.89011712
10.88970752
10.88970752
10.874830848
10.874830848
10.874617856
10.874617856
10.869522432
10.869522432
10.8613632
10.8613632
10.82843136
10.82843136
10.831921152
10.831921152
10.831921152
10.831921152
10.831921152
10.831921152
10.842062848
10.842062848
10.84153856
10.84153856
10.839392256
10.839392256
10.838884352
10.838884352
10.838884352
10.838884352
10.84121088
10.84121088
10.84301312
10.84301312
10.825105408
10.825105408
10.824957952
10.824957952
10.82482688
10.82482688
10.843062272
10.843062272
10.843193344
10.843193344
10.843357184
10.843357184
10.843357184
10.843357184
10.843357184
10.843357184
10.841014272
10.841014272
10.840113152
10.840113152
10.839932928
10.839932928
10.839932928
10.839932928
10.83080704
10.83080704
10.839998464
10.839998464
10.855759872
10.855759872
10.867802112
10.867802112
10.865016832
10.865016832
10.855202816
10.855202816
10.854989824
10.854989824
10.854940672
10.854940672
10.854940672
10.854940672
10.854940672
10.854940672
10.854940672
10.854940672
10.868965376
10.868965376
10.867621888
10.867621888
10.865688576
10.865688576
10.859937792
10.859937792
10.860314624
10.860314624
10.869751808
10.869751808
10.869899264
10.869899264
10.869899264
10.869129216
10.869129216
10.869129216
10.869129216
10.869129216
10.869129216
10.8982272
10.8982272
10.8982272
10.898194432
10.898194432
10.898194432
10.886283264
10.886283264
10.887544832
10.887544832
10.874765312
10.874765312
10.870177792
10.870177792
10.86849024
10.86849024
10.868047872
10.868047872
10.867949568
10.867949568
10.866999296
10.866999296
10.866819072
10.866819072
10.86332928
10.86332928
10.861559808
10.861559808
10.862084096
10.862084096
10.887069696
10.887069696
10.896441344
10.896441344
10.896719872
10.896719872
10.89675264
10.89675264
10.89675264
10.89675264
10.896818176
10.896818176
10.896654336
10.896654336
10.89667072
10.89667072
10.896523264
10.896523264
10.896359424
10.896359424
10.901274624
10.901274624
10.892132352
10.892132352
10.892132352
10.892132352
10.892263424
10.892263424
10.892263424
10.892263424
10.892263424
10.892263424
10.892804096
10.892804096
10.892771328
10.892771328
10.893049856
10.893049856
10.893197312
10.893197312
10.89323008
10.89323008
10.89347584
10.89347584
10.893426688
10.893426688
10.893426688
10.893426688
10.901962752
10.901962752
10.902142976
10.902142976
10.897031168
10.897031168
10.898980864
10.898980864
10.899062784
10.899062784
10.90387968
10.90387968
10.90404352
10.90404352
10.898767872
10.898767872
10.899111936
10.899111936
10.899816448
10.899816448
10.902126592
10.902126592
10.90101248
10.90101248
10.910072832
10.910072832
10.910072832
10.910072832
10.910072832
10.910072832
10.910072832
10.906468352
10.906468352
10.902831104
10.902831104
10.905534464
10.905534464
10.905714688
10.905714688
10.905665536
10.905665536
10.905141248
10.905141248
10.900144128
10.900144128
10.898030592
10.898030592
10.900340736
10.900340736
10.900373504
10.900373504
10.900226048
10.900226048
10.897391616
10.897391616
10.897276928
10.897276928
10.89732608
10.89732608
10.897408
10.897408
10.897457152
10.897457152
10.89748992
10.89748992
10.89732608
10.89732608
10.895589376
10.895589376
10.896850944
10.896850944
10.895572992
10.895572992
10.895949824
10.895949824
10.896130048
10.896130048
10.896064512
10.896064512
10.89609728
10.89609728
10.895704064
10.895704064
10.895704064
10.895704064
10.895704064
10.895704064
10.895704064
10.895704064
10.8941312
10.8941312
10.889838592
10.889838592
10.876944384
10.876944384
10.87512576
10.87512576
10.879533056
10.879533056
10.886447104
10.886447104
10.893049856
10.893049856
10.89306624
10.89306624
10.892754944
10.892754944
10.8929024
10.8929024
10.894147584
10.894147584
10.896883712
10.896883712
10.895949824
10.895949824
10.89568768
10.89568768
10.893344768
10.893344768
10.893492224
10.893492224
10.891853824
10.891853824
10.892279808
10.892279808
10.898194432
10.898194432
10.898194432
10.898194432
10.889576448
10.889576448
10.889576448
10.885251072
10.885251072
10.876534784
10.876534784
10.875633664
10.875633664
10.875633664
10.875633664
10.878304256
10.878304256
10.887217152
10.887217152
10.892558336
10.892558336
10.892558336
10.892558336
10.89257472
10.89257472
10.892525568
10.892525568
10.892640256
10.892640256
10.889674752
10.889674752
10.898702336
10.898702336
10.897784832
10.897784832
10.89552384
10.89552384
10.893295616
10.893295616
10.889347072
10.889347072
10.888953856
10.888953856
10.889281536
10.889281536
10.890067968
10.890067968
10.890067968
10.890067968
10.890067968
10.890067968
10.890067968
10.890067968
11.010965504
11.010965504
11.010965504
11.01234176
11.01234176
11.01234176
11.01234176
11.01234176
10.996957184
10.996957184
10.939219968
10.939219968
10.939219968
10.942087168
10.989780992
10.989780992
10.992140288
10.992140288
10.98940416
10.98940416
10.98940416
11.064803328
11.064803328
11.00562432
11.063885824
11.063885824
11.063885824
11.063885824
11.10204416
11.10204416
11.097473024
11.097473024
11.094786048
11.094786048
10.990010368
10.990010368
10.987470848
10.977542144
10.977542144
10.955227136
10.983702528
10.983702528
10.943561728
10.943561728
10.943561728
10.940186624
10.940186624
10.88995328
10.88995328
10.882531328
10.882531328
10.847010816
10.847010816
10.847010816
10.822664192
10.822664192
10.82802176
10.82802176
10.82605568
10.82605568
10.863869952
10.863869952
10.873257984
10.873257984
10.8724224
10.8724224
10.872438784
10.872438784
10.873929728
10.873929728
10.868129792
10.868129792
10.872160256
10.872160256
10.872553472
10.872553472
10.874241024
10.874241024
10.871881728
10.871881728
10.855694336
10.855694336
10.865410048
10.865410048
10.877779968
10.877779968
10.876960768
10.876960768
10.876960768
10.876960768
10.8597248
10.8597248
10.8597248
10.8597248
10.8597248
10.8597248
10.8597248
10.8597248
10.87111168
10.87111168
10.881138688
10.881138688
10.87922176
10.87922176
10.877845504
10.877845504
10.883170304
10.883170304
10.883022848
10.883022848
10.883366912
10.883366912
10.877059072
10.877059072
10.947739648
10.947739648
10.94713344
10.94713344
10.945888256
10.945888256
10.945265664
10.945265664
10.944135168
10.944135168
10.939088896
10.939088896
10.93763072
10.93763072
10.934403072
10.934403072
10.910400512
10.910400512
10.85128704
10.85128704
10.864951296
10.864951296
10.864984064
10.864984064
10.864705536
10.864705536
10.864590848
10.864590848
10.86963712
10.86963712
10.86963712
10.86963712
10.86963712
10.86963712
10.869243904
10.869243904
10.869243904
10.869243904
10.870996992
10.870996992
10.87029248
10.87029248
10.870571008
10.870571008
10.871308288
10.871308288
10.871144448
10.871144448
10.871160832
10.871160832
10.8711936
10.8711936
10.875994112
10.875994112
10.875731968
10.875731968
10.875191296
10.875191296
10.870145024
10.870145024
10.870472704
10.870472704
10.859872256
10.859872256
10.858758144
10.858758144
10.85800448
10.85800448
10.847813632
10.847813632
10.84751872
10.84751872
10.863886336
10.863886336
10.864263168
10.864263168
10.86439424
10.86439424
10.864508928
10.864508928
10.864574464
10.864574464
10.86464
10.86464
10.864754688
10.864754688
10.86472192
10.86472192
10.864869376
10.864869376
10.864869376
10.864869376
10.864869376
10.864869376
10.865115136
10.865115136
10.865180672
10.865180672
10.865180672
10.865180672
10.865180672
10.865180672
10.865180672
10.865180672
10.850746368
10.850746368
10.852171776
10.852171776
10.847698944
10.847698944
10.853613568
10.853613568
10.853629952
10.853629952
10.853679104
10.853679104
10.853646336
10.853646336
10.85374464
10.85374464
10.852876288
10.852876288
10.850992128
10.850992128
10.85128704
10.85128704
10.851024896
10.851024896
10.851057664
10.851057664
10.850975744
10.850975744
10.851270656
10.851270656
10.851270656
10.85005824
10.85005824
10.8498944
10.8498944
10.850107392
10.850107392
10.850123776
10.850123776
10.850074624
10.850074624
10.850205696
10.850205696
10.855104512
10.855104512
10.827169792
10.827169792
10.827972608
10.827972608
10.836672512
10.836672512
10.837164032
10.837164032
10.836754432
10.836754432
10.834968576
10.834968576
10.849435648
10.849435648
10.856579072
10.856579072
10.850680832
10.850680832
10.848452608
10.848452608
10.848223232
10.848223232
10.846076928
10.846076928
10.844192768
10.844192768
10.852089856
10.852089856
10.849943552
10.849943552
10.849468416
10.849468416
10.849468416
10.849468416
10.846109696
10.846109696
10.84309504
10.84309504
10.846158848
10.846158848
10.846158848
10.846158848
10.846158848
10.846158848
10.842112
10.842112
10.841882624
10.841882624
10.841391104
10.841391104
10.841358336
10.841358336
10.841358336
10.841358336
10.84219392
10.84219392
10.86439424
10.86439424
10.861625344
10.861625344
10.860904448
10.860904448
10.860855296
10.860855296
10.860855296
10.84809216
10.84809216
10.84809216
10.846584832
10.846584832
10.847404032
10.847404032
10.845028352
10.845028352
10.84473344
10.84473344
10.844520448
10.844520448
10.84465152
10.84465152
10.84465152
10.84465152
10.84465152
10.84465152
10.84465152
10.84465152
10.85595648
10.85595648
10.855858176
10.855858176
10.854907904
10.854907904
10.852384768
10.852384768
10.852384768
10.852384768
10.852237312
10.852237312
10.85177856
10.85177856
10.849845248
10.849845248
10.84776448
10.84776448
10.845683712
10.845683712
10.77854208
10.77854208
10.778345472
10.778345472
10.778198016
10.778198016
10.758012928
10.758012928
10.757881856
10.757881856
10.760159232
10.760159232
10.759979008
10.759979008
10.759979008
10.759979008
10.777853952
10.777853952
10.7782144
10.7782144
10.778181632
10.778181632
10.778181632
10.775461888
10.775461888
10.775461888
10.775461888
10.775461888
10.775461888
10.775461888
10.769842176
10.769842176
10.798874624
10.798874624
10.820927488
10.820927488
10.818830336
10.818830336
10.823041024
10.823041024
10.821894144
10.821894144
10.821894144
10.820599808
10.820599808
10.777853952
10.777853952
10.776215552
10.776215552
10.78771712
10.78771712
10.788093952
10.788093952
10.791010304
10.791010304
10.791256064
10.791256064
10.791469056
10.791469056
10.791469056
10.791452672
10.791452672
10.791452672
10.764173312
10.764173312
10.762534912
10.762534912
10.786275328
10.786275328
10.861101056
10.911236096
10.911236096
10.911236096
10.929422336
10.929422336
10.92927488
10.92927488
10.921459712
10.921459712
10.916839424
10.916839424
10.907303936
10.907303936
10.907303936
10.907303936
10.907303936
10.907303936
10.887970816
10.887970816
10.889560064
10.889560064
10.889560064
10.889560064
10.889560064
10.898522112
10.898522112
10.893606912
10.893606912
10.893606912
10.898767872
10.898767872
10.85407232
10.85407232
10.797924352
10.797924352
10.754146304
10.754146304
10.753654784
10.753654784
10.752770048
10.752770048
10.769104896
10.769104896
10.782277632
10.782277632
10.79754752
10.79754752
10.797580288
10.797580288
10.797580288
10.79844864
10.79844864
10.79844864
10.79844864
10.775412736
10.775412736
10.770497536
10.770497536
10.758537216
10.758537216
10.758537216
10.758537216
10.771611648
10.771611648
10.776346624
10.776346624
10.776346624
10.776346624
10.776346624
10.776346624
10.776346624
10.776346624
10.776346624
10.738089984
10.738089984
10.73733632
10.73733632
10.736254976
10.736254976
10.736254976
10.736254976
10.736254976
10.736254976
10.747920384
10.747920384
10.762960896
10.762960896
10.763091968
10.763091968
10.758144
10.758144
10.759028736
10.759028736
10.758586368
10.758586368
10.759094272
10.759094272
10.759110656
10.759110656
10.759110656
10.759110656
10.759110656
10.757062656
10.757062656
10.757701632
10.757701632
10.756947968
10.756947968
10.756947968
10.756947968
10.756947968
10.756947968
10.759061504
10.759061504
10.758356992
10.758356992
10.755063808
10.755063808
10.755538944
10.755538944
10.756358144
10.756358144
10.756538368
10.756538368
10.765615104
10.765615104
10.768498688
10.768498688
10.78042624
10.78042624
10.779869184
10.779869184
10.779869184
10.77559296
10.77559296
10.7466752
10.7466752
10.74225152
10.74225152
10.748985344
10.748985344
10.748985344
10.748985344
10.749362176
10.749362176
10.748739584
10.748739584
10.731700224
10.731700224
10.731700224
10.731700224
10.731700224
10.731700224
10.728275968
10.728275968
10.727358464
10.727358464
10.717609984
10.717609984
10.717233152
10.717233152
10.717233152
10.717233152
10.716725248
10.716725248
10.715611136
10.715611136
10.715447296
10.715447296
10.704633856
10.704633856
10.713120768
10.713120768
10.711957504
10.711957504
10.729848832
10.729848832
10.729848832
10.729848832
10.729848832
10.729848832
10.729848832
10.729848832
10.731307008
10.731307008
10.731307008
10.731307008
10.731307008
10.731307008
10.731307008
10.731307008
10.731307008
10.72594944
10.72594944
10.72652288
10.72652288
10.727325696
10.727325696
10.727604224
10.727604224
10.727358464
10.727358464
10.726621184
10.726621184
10.723278848
10.723278848
10.722164736
10.722164736
10.72201728
10.72201728
10.721837056
10.721837056
10.723508224
10.723508224
10.723606528
10.723606528
10.723377152
10.723377152
10.723393536
10.723393536
10.72267264
10.72267264
10.72226304
10.72226304
10.719019008
10.719019008
10.716151808
10.716151808
10.722361344
10.722361344
10.72324608
10.72324608
10.723049472
10.723049472
10.723344384
10.723344384
10.722820096
10.722820096
10.72267264
10.72267264
10.72267264
10.72267264
10.718035968
10.718035968
10.71423488
10.71423488
10.709057536
10.709057536
10.70702592
10.70702592
10.70702592
10.70702592
10.706845696
10.706845696
10.706911232
10.706911232
10.706911232
10.706911232
10.706911232
10.706911232
10.706911232
10.706911232
10.711711744
10.711711744
10.711711744
10.711711744
10.711711744
10.711711744
10.712219648
10.712219648
10.727653376
10.727653376
10.727407616
10.727407616
10.727407616
10.725228544
10.725228544
10.725638144
10.725638144
10.725638144
10.725638144
10.725638144
10.725638144
10.729078784
10.729078784
10.72889856
10.72889856
10.729013248
10.729013248
10.73053696
10.73053696
10.726555648
10.726555648
10.7266048
10.7266048
10.726457344
10.726457344
10.73446912
10.73446912
10.7343872
10.7343872
10.7343872
10.7343872
10.7343872
10.73250304
10.73250304
10.727489536
10.727489536
10.727374848
10.727374848
10.72644096
10.72644096
10.725851136
10.725851136
10.7257856
10.7257856
10.725851136
10.725851136
10.726211584
10.726211584
10.726227968
10.726227968
10.725376
10.725376
10.725490688
10.725490688
10.725343232
10.725343232
10.725097472
10.725097472
10.716823552
10.716823552
10.716381184
10.716381184
10.714464256
10.714464256
10.687397888
10.687397888
10.686971904
10.686971904
10.686971904
10.686971904
10.686971904
10.686971904
10.679730176
10.679730176
10.679730176
10.679730176
10.679730176
10.679730176
10.679730176
10.679730176
10.679730176
10.679730176
10.684448768
10.684448768
10.724835328
10.724835328
10.725228544
10.725228544
10.725441536
10.725441536
10.721001472
10.721001472
10.720985088
10.720985088
10.720985088
10.720985088
10.72119808
10.72119808
10.72136192
10.72136192
10.721476608
10.721476608
10.721263616
10.721263616
10.693476352
10.693476352
10.695933952
10.695933952
10.695852032
10.695852032
10.69645824
10.69645824
10.696474624
10.696474624
10.696392704
10.696392704
10.694934528
10.694934528
10.694606848
10.694606848
10.696261632
10.696261632
10.695950336
10.695950336
10.696163328
10.696163328
10.703192064
10.703192064
10.710614016
10.710614016
10.710614016
10.710614016
10.707730432
10.707730432
10.707730432
10.707730432
10.707255296
10.707255296
10.689527808
10.689527808
10.689888256
10.689888256
10.689921024
10.689921024
10.689069056
10.689069056
10.687578112
10.687578112
10.682220544
10.682220544
10.681204736
10.681204736
10.67810816
10.67810816
10.65345024
10.65345024
10.652909568
10.652909568
10.652254208
10.652254208
10.652024832
10.652024832
10.675830784
10.675830784
10.684563456
10.684563456
10.684530688
10.684530688
10.684530688
10.684530688
10.684530688
10.684530688
10.694672384
10.694672384
10.688659456
10.688659456
10.688659456
10.688659456
10.688659456
10.688659456
10.688659456
10.688659456
10.689347584
10.689347584
10.68867584
10.68867584
10.6893312
10.6893312
10.688823296
10.688823296
10.689544192
10.689544192
10.689560576
10.689560576
10.6897408
10.6897408
10.6897408
10.6897408
10.6897408
10.680614912
10.680614912
10.680614912
10.659233792
10.669637632
10.669637632
10.659069952
10.659069952
10.659069952
10.659069952
10.688561152
10.688561152
10.688561152
10.688299008
10.688299008
10.687840256
10.687840256
10.687840256
10.687840256
10.687840256
10.687840256
10.685267968
10.685267968
10.685546496
10.685546496
10.680942592
10.680942592
10.688249856
10.688249856
10.68826624
10.68826624
10.688233472
10.688233472
10.68761088
10.68761088
10.688233472
10.688233472
10.688249856
10.688249856
10.687873024
10.687873024
