78.63
78.63
78.63
94.00
94.00
94.00
94.00
82.08
82.08
82.08
82.08
87.95
87.95
87.95
87.95
87.95
36.81
36.81
36.81
36.81
36.81
36.81
33.87
33.87
33.87
33.87
33.87
54.54
54.54
54.54
27.48
47.29
36.30
36.30
42.49
42.49
44.08
44.08
44.08
49.18
49.18
49.18
48.66
48.66
36.34
36.34
33.22
33.22
32.17
32.17
33.48
33.48
34.38
34.38
33.30
33.30
34.40
34.40
33.23
33.23
30.43
30.43
29.61
29.61
41.31
41.31
42.74
42.74
50.00
50.00
40.44
40.44
37.23
37.23
39.60
39.60
43.70
43.70
44.40
44.40
46.20
46.20
50.00
50.00
49.46
49.46
50.00
50.00
49.50
49.50
48.32
48.32
48.52
48.52
48.52
45.52
45.52
45.77
45.77
47.08
47.08
48.39
48.39
50.00
50.00
50.00
50.00
44.63
44.63
45.29
45.29
49.48
49.48
50.00
50.00
49.50
49.50
49.48
49.48
48.27
48.27
48.96
48.96
50.00
50.00
50.00
50.00
50.00
50.00
50.00
50.00
50.00
50.00
50.00
50.00
50.00
50.00
50.00
50.00
50.00
50.00
50.00
50.00
50.00
48.86
48.86
49.43
49.43
47.70
47.70
50.00
50.00
50.00
50.00
50.00
50.00
50.00
50.00
50.00
50.00
49.43
49.43
47.67
47.67
47.13
47.13
50.00
50.00
50.00
50.00
48.18
48.18
46.03
46.03
41.77
41.77
41.29
41.29
48.84
48.84
42.36
42.36
38.70
38.70
40.21
40.21
45.43
45.43
52.43
52.43
46.71
46.71
44.63
44.63
36.87
36.87
36.64
36.64
46.08
46.08
43.75
43.75
32.47
32.47
43.43
43.43
56.77
56.77
49.19
49.19
39.99
39.99
50.46
50.46
47.08
47.08
43.13
43.13
38.15
38.15
54.94
54.94
47.72
47.72
32.74
32.74
40.13
40.13
44.64
44.64
52.62
52.62
51.10
51.10
35.30
35.30
34.42
34.42
49.77
49.77
65.93
65.93
42.71
42.71
41.47
41.47
36.23
36.23
36.23
50.81
50.81
28.75
28.75
30.46
30.46
25.34
25.34
53.61
53.61
29.39
29.39
40.20
40.20
40.76
40.76
26.53
26.53
20.70
20.70
21.34
21.34
23.08
23.08
21.26
21.26
25.80
25.80
27.00
27.00
25.17
25.17
23.84
23.84
22.95
22.95
28.67
28.67
52.43
52.43
34.10
34.10
33.01
33.01
51.65
51.65
43.23
43.23
26.91
26.91
22.56
22.56
22.83
22.83
23.78
23.78
22.99
22.99
22.21
22.21
25.16
25.16
27.15
27.15
24.99
24.99
22.58
22.58
21.31
21.31
23.66
23.66
22.11
22.11
23.43
23.43
24.15
24.15
29.78
29.78
28.49
28.49
40.35
40.35
30.83
30.83
31.73
55.49
55.49
55.49
55.49
55.49
49.41
49.41
49.69
49.69
58.78
58.78
58.78
47.12
47.12
50.00
50.00
53.60
53.60
49.48
49.48
49.48
45.20
45.20
48.30
48.30
48.34
48.34
45.66
45.66
44.78
44.78
44.12
44.12
43.39
55.58
55.58
58.46
58.46
51.52
51.52
51.52
44.68
44.68
35.49
35.49
35.70
35.70
39.51
39.51
39.00
39.00
43.35
50.00
50.00
57.44
57.44
57.16
57.16
57.16
43.47
43.47
42.41
42.41
38.90
38.90
43.45
43.45
53.12
53.12
53.12
54.31
54.31
54.31
49.55
50.00
50.00
45.06
45.06
44.40
44.40
48.27
48.27
50.00
50.00
46.69
46.69
48.24
48.24
49.50
49.50
57.10
57.10
57.10
45.94
45.94
37.99
37.99
29.44
29.44
29.44
29.24
29.24
39.31
39.31
44.31
44.31
44.31
44.31
38.57
38.57
43.92
43.92
42.13
42.13
43.74
43.74
39.64
39.64
54.68
54.68
56.55
56.55
56.55
46.55
46.55
41.28
52.72
52.72
52.72
50.00
50.00
45.00
45.00
35.96
35.96
51.36
51.36
33.86
33.86
37.50
37.50
31.10
31.10
29.95
29.95
31.97
31.97
35.13
35.13
38.64
38.64
35.42
35.42
39.27
39.27
35.57
35.57
27.38
27.38
30.10
30.10
32.28
56.44
56.44
56.44
56.44
56.44
43.17
43.17
39.20
56.61
56.61
57.13
57.13
52.02
52.02
55.27
55.27
55.27
45.54
45.54
48.50
46.12
46.12
46.12
50.00
50.00
50.00
50.00
50.00
50.00
50.00
34.82
34.82
48.19
48.19
42.33
42.33
37.15
37.15
35.08
35.08
30.58
30.58
35.10
35.10
33.99
33.99
48.31
48.31
34.59
34.59
39.83
39.83
35.26
35.26
48.85
48.85
34.78
34.78
33.59
33.59
32.52
32.52
28.97
28.97
44.23
44.23
50.00
50.00
39.45
39.45
41.40
41.40
42.62
42.62
46.48
46.48
46.09
46.09
42.55
42.55
47.75
47.75
48.91
48.91
38.32
38.32
36.76
36.76
36.76
32.90
32.90
29.98
29.98
32.02
32.02
32.89
32.89
33.72
33.72
35.13
35.13
30.23
30.23
32.14
32.14
31.51
31.51
32.31
32.31
29.81
29.81
32.34
32.34
34.53
34.53
37.08
37.08
34.79
34.79
35.24
35.24
30.79
30.79
32.57
32.57
31.70
31.70
32.82
32.82
34.32
34.32
32.75
32.75
32.63
32.63
54.35
54.35
48.48
48.48
46.56
46.56
48.86
48.86
46.06
46.06
45.29
45.29
47.05
47.05
37.04
37.04
31.58
31.58
52.29
52.29
31.10
31.10
26.43
26.43
26.43
31.48
31.48
36.72
36.72
51.73
51.73
29.85
29.85
30.08
30.08
30.08
30.66
30.66
35.66
35.66
46.73
46.73
42.01
42.01
41.75
41.75
40.79
40.79
37.23
37.23
44.13
44.13
50.00
50.00
50.00
50.00
50.00
50.00
48.86
48.86
48.84
48.84
42.94
42.94
33.66
33.66
33.66
31.66
31.66
43.96
43.96
47.54
47.54
44.63
44.63
43.28
43.28
43.53
43.53
42.97
42.97
39.27
39.27
30.43
30.43
40.57
40.57
48.94
48.94
48.94
43.44
43.44
45.42
45.42
39.87
39.87
38.77
38.77
30.43
30.43
35.24
35.24
33.35
33.35
51.03
51.03
44.75
44.75
45.40
45.40
44.25
44.25
44.70
44.70
39.40
39.40
40.86
40.86
36.52
36.52
32.05
32.05
34.73
34.73
37.97
37.97
37.31
37.31
29.92
29.92
33.57
33.57
31.96
31.96
38.05
38.05
34.60
34.60
40.21
40.21
43.22
43.22
41.58
41.58
41.79
41.79
33.50
33.50
31.90
31.90
30.01
30.01
35.71
35.71
35.73
35.73
37.50
37.50
36.96
36.96
35.74
35.74
39.18
39.18
42.40
42.40
31.13
31.13
44.91
44.91
46.87
46.87
42.89
42.89
38.81
38.81
49.55
49.55
49.55
49.55
44.96
44.96
45.18
45.18
43.10
43.10
49.43
50.00
50.00
50.00
50.00
51.63
51.63
50.00
50.00
42.57
42.57
40.56
40.56
47.15
47.15
48.23
48.23
48.23
48.23
47.41
47.41
50.01
50.01
69.92
69.92
69.92
51.44
51.44
44.09
44.09
41.76
41.76
43.97
43.97
41.13
41.13
41.07
41.07
40.23
40.23
40.36
40.36
35.90
35.90
32.42
32.42
31.18
31.18
37.78
37.78
36.07
36.07
40.91
40.91
47.21
47.21
43.48
43.48
40.36
40.36
38.23
52.03
52.03
52.03
55.98
56.87
56.87
56.87
51.59
51.59
49.63
49.63
52.14
52.14
52.14
52.14
50.56
50.56
41.35
41.35
41.61
41.61
47.70
47.70
50.00
51.25
51.25
51.04
63.00
63.00
63.00
39.97
50.00
50.00
49.52
49.52
52.90
52.90
48.89
48.89
50.77
62.20
62.20
62.20
58.79
58.79
48.11
38.17
29.45
49.87
49.87
49.87
49.87
44.08
44.08
44.16
44.16
43.40
43.40
32.41
32.41
33.45
33.45
33.55
33.55
35.48
35.48
36.27
36.27
32.18
32.18
38.30
38.30
36.37
36.37
38.31
38.31
33.15
33.15
43.32
43.32
32.12
32.12
38.24
38.24
44.67
44.67
33.33
33.33
35.43
35.43
30.70
30.70
31.71
31.71
32.46
32.46
28.84
28.84
32.39
32.39
32.15
32.15
38.37
38.37
37.73
37.73
36.85
36.85
25.00
25.00
59.36
59.36
59.36
32.66
32.66
28.28
28.28
55.28
55.28
55.28
39.99
39.99
35.54
35.54
35.13
35.13
28.13
28.13
36.77
36.77
27.25
27.25
32.07
32.07
35.27
35.27
36.04
36.04
31.60
31.60
32.95
32.95
33.34
33.34
36.12
36.12
31.37
31.37
35.08
35.08
38.27
38.27
32.96
32.96
35.31
35.31
32.88
32.88
34.67
34.67
31.91
31.91
35.48
35.48
28.81
28.81
35.16
35.16
35.19
35.19
33.05
33.05
38.37
38.37
28.40
28.40
33.93
33.93
32.03
32.03
35.43
35.43
37.78
37.78
32.92
32.92
34.26
34.26
32.60
32.60
29.43
29.43
29.77
29.77
30.23
30.23
29.15
29.15
32.84
32.84
33.27
33.27
33.52
33.52
31.18
31.18
31.82
31.82
36.41
36.41
34.99
34.99
34.45
34.45
36.26
36.26
39.02
39.02
39.24
39.24
28.57
28.57
32.06
32.06
34.67
34.67
35.43
35.43
33.38
33.38
36.68
36.68
33.60
33.60
34.49
34.49
36.37
36.37
29.04
29.04
31.17
31.17
31.74
31.74
32.76
32.76
36.60
36.60
35.29
35.29
41.80
41.80
36.14
36.14
36.04
36.04
36.32
36.32
39.34
39.34
36.12
36.12
42.14
42.14
42.71
42.71
37.34
37.34
37.71
37.71
37.72
37.72
30.36
30.36
36.69
36.69
33.08
33.08
34.48
34.48
35.13
35.13
36.93
36.93
30.71
30.71
32.12
32.12
31.51
31.51
30.07
30.07
31.88
31.88
36.93
36.93
39.39
39.39
34.84
34.84
33.99
33.99
32.21
32.21
28.68
28.68
31.35
31.35
27.42
27.42
32.43
32.43
35.33
35.33
35.28
35.28
37.52
37.52
40.63
40.63
49.63
49.63
49.63
49.63
51.48
51.48
50.00
50.00
55.19
55.19
59.64
52.40
52.40
56.58
56.58
56.58
50.00
50.00
50.00
50.00
50.68
50.68
50.68
53.57
53.57
49.55
49.55
44.87
44.87
47.98
47.98
42.68
42.68
34.29
34.29
41.42
41.42
46.37
46.37
42.69
42.69
41.93
41.93
39.76
39.76
30.61
30.61
32.52
32.52
34.81
34.81
34.76
34.76
32.55
32.55
31.37
31.37
31.30
31.30
30.00
30.00
31.20
31.20
30.05
30.05
32.15
32.15
34.99
34.99
34.80
34.80
29.06
29.06
32.90
32.90
34.85
34.85
30.59
30.59
32.96
32.96
57.02
57.02
57.02
56.21
56.21
56.21
36.93
36.93
36.38
36.38
35.74
35.74
37.67
37.67
37.73
43.55
43.55
38.70
38.70
38.10
38.10
41.53
41.53
42.06
42.06
47.13
47.13
44.85
44.85
44.85
44.55
44.55
47.10
47.10
48.08
48.08
48.08
42.50
42.50
42.45
42.45
45.60
45.60
43.95
43.95
41.40
41.40
44.72
44.72
45.23
45.23
37.69
37.69
33.86
33.86
34.43
34.43
37.08
37.08
33.20
33.20
31.99
31.99
35.55
35.55
35.90
35.90
35.13
35.13
36.98
36.98
36.09
36.09
31.94
31.94
41.71
41.71
43.54
43.54
41.15
41.15
42.35
42.35
45.28
45.28
35.80
35.80
32.05
32.05
27.68
27.68
30.90
30.90
30.09
30.09
37.26
56.07
56.07
56.07
68.97
68.97
49.46
49.46
40.15
40.15
40.08
40.08
38.54
38.54
42.31
42.31
36.61
36.61
45.10
45.10
45.67
45.67
49.47
49.47
49.47
49.47
52.38
52.38
50.00
50.00
50.00
50.89
50.89
49.40
49.40
49.46
49.46
47.30
47.30
48.00
48.00
46.44
46.44
49.50
49.50
49.50
49.50
45.84
45.84
48.47
48.47
47.96
47.96
46.17
46.17
46.20
46.20
45.48
45.48
45.48
47.32
47.32
47.65
47.65
48.41
48.41
48.39
48.39
46.07
46.07
48.44
48.44
44.32
44.32
46.76
46.76
46.74
46.74
45.53
45.53
45.94
45.94
45.11
45.11
44.86
44.86
48.06
48.06
48.15
48.15
47.80
47.80
46.15
46.15
44.32
44.32
49.46
49.46
45.65
45.65
50.00
50.00
50.00
50.00
50.00
50.00
50.00
50.00
48.96
48.96
45.74
45.74
45.74
50.00
50.00
47.30
47.30
48.34
48.34
47.26
47.26
47.50
47.50
46.40
46.40
50.00
50.00
50.00
50.91
50.91
50.91
48.84
48.84
44.51
44.51
45.21
48.54
48.54
48.54
55.00
55.00
47.67
47.67
45.50
45.50
47.87
47.87
50.00
50.00
50.00
50.00
46.09
46.09
41.00
41.00
42.61
42.61
43.01
43.01
42.42
42.42
41.48
41.48
44.47
44.47
40.11
40.11
42.94
42.94
38.78
38.78
31.55
31.55
31.55
31.55
30.65
30.65
34.81
34.81
30.70
30.70
31.71
31.71
33.50
33.50
32.64
32.64
29.88
29.88
30.98
30.98
36.05
36.05
37.43
37.43
28.46
28.46
31.53
31.53
30.68
30.68
29.28
29.28
46.64
46.64
48.50
48.50
39.49
39.49
39.49
38.12
38.12
40.67
40.67
36.39
36.39
34.01
34.01
37.48
37.48
39.18
39.18
43.92
43.92
37.20
37.20
40.98
40.98
35.59
35.59
46.51
46.51
41.77
50.00
50.00
50.00
50.00
50.00
50.00
46.83
46.83
41.77
41.77
46.94
46.94
46.94
50.00
50.00
50.00
45.66
45.66
32.62
32.62
37.36
37.36
34.28
34.28
43.71
43.71
38.50
38.50
44.39
44.39
44.39
49.57
49.57
50.00
50.00
33.84
33.84
51.11
51.11
51.11
55.90
66.35
66.35
66.35
66.35
50.00
50.00
44.40
50.00
50.00
50.00
50.00
48.38
48.38
50.00
50.00
45.05
45.05
45.05
42.52
42.52
35.67
35.67
35.67
28.24
28.24
30.09
30.09
25.03
25.03
38.32
38.32
32.81
32.81
47.25
47.25
25.74
25.74
25.74
41.57
50.00
50.00
51.70
51.70
51.70
51.70
48.63
48.63
44.13
44.13
40.50
40.50
32.04
32.04
32.04
35.44
27.93
27.93
32.00
32.00
32.00
37.51
37.51
32.17
32.17
29.45
29.45
38.29
38.29
33.71
33.71
36.08
36.08
51.53
51.53
51.53
49.58
48.15
58.25
58.25
58.25
41.00
41.00
39.16
39.16
44.10
44.10
38.37
38.37
41.61
41.61
41.61
41.61
44.39
44.39
48.06
48.06
40.46
40.46
38.98
38.98
40.67
40.67
40.10
40.10
47.39
47.39
47.39
34.27
34.27
43.59
43.59
40.25
40.25
31.88
31.88
43.07
43.07
38.39
38.39
35.78
35.78
37.69
37.69
34.33
34.33
30.35
30.35
30.35
44.67
44.67
44.67
48.82
48.82
48.36
48.36
39.23
39.23
50.00
50.00
50.00
46.63
46.63
42.41
42.41
31.70
31.70
51.34
51.34
51.34
51.34
50.78
50.78
43.71
43.71
49.43
49.43
42.83
42.83
32.03
32.03
32.03
26.91
26.91
27.88
27.88
25.69
25.69
21.89
21.89
19.80
19.80
22.49
22.49
45.65
45.65
43.38
43.38
42.48
42.48
42.97
42.97
30.26
30.26
30.26
20.95
20.95
47.35
47.35
47.35
69.60
69.60
50.09
49.40
49.40
49.40
50.00
50.00
50.00
50.00
49.23
49.23
50.96
50.00
50.00
50.00
48.86
48.86
41.95
41.95
40.64
40.64
42.91
42.91
27.73
27.73
27.73
24.34
24.34
26.20
26.20
30.34
30.34
25.78
25.78
25.78
