9.008562176
9.008562176
9.008562176
9.008562176
9.008562176
9.008562176
9.008562176
10.723852288
10.723852288
10.723852288
10.723852288
10.721230848
10.721230848
10.721230848
10.721230848
10.721230848
10.747150336
10.747150336
10.747150336
10.747150336
10.747150336
10.747150336
10.689888256
10.689888256
10.689888256
10.689888256
10.689888256
10.717396992
10.717396992
10.717396992
10.688249856
10.840293376
10.840293376
10.840293376
10.808426496
10.808426496
10.820288512
10.820288512
10.820288512
10.830118912
10.830118912
10.830118912
10.788765696
10.788765696
10.785636352
10.785636352
10.676666368
10.676666368
10.674962432
10.674962432
10.674044928
10.674044928
10.674520064
10.674520064
10.672635904
10.672635904
10.671996928
10.671996928
10.662723584
10.662723584
10.656546816
10.656546816
10.656546816
10.656546816
10.668408832
10.668408832
10.686742528
10.686742528
10.73463296
10.73463296
10.740760576
10.740760576
10.743611392
10.743611392
10.74921472
10.74921472
10.755899392
10.755899392
10.763911168
10.763911168
10.763911168
10.763911168
10.763911168
10.763911168
10.749919232
10.749919232
10.729979904
10.729979904
10.736959488
10.736959488
10.736959488
10.736959488
10.736959488
10.736959488
10.736959488
10.760470528
10.760470528
10.756947968
10.756947968
10.7589632
10.7589632
10.76133888
10.76133888
10.764582912
10.764582912
10.764582912
10.764582912
10.764582912
10.764582912
10.764582912
10.764582912
10.764582912
10.764582912
10.80786944
10.80786944
10.820255744
10.820255744
10.820534272
10.820534272
10.820534272
10.820534272
10.820534272
10.820534272
10.91928064
10.91928064
10.91928064
10.897096704
10.897096704
11.152310272
11.152310272
11.217321984
11.217321984
11.244240896
11.244240896
11.235426304
11.235426304
11.235426304
11.231051776
11.231051776
11.231051776
11.191779328
11.191779328
11.233329152
11.233329152
11.241177088
11.241177088
11.277467648
11.277467648
11.279777792
11.279777792
11.288018944
11.288018944
11.272126464
11.272126464
11.252645888
11.252645888
11.310383104
11.310383104
11.311939584
11.311939584
11.445518336
11.445518336
11.406524416
11.406524416
11.413716992
11.413716992
11.414224896
11.414224896
11.41415936
11.41415936
11.413815296
11.413815296
11.41440512
11.41440512
11.41547008
11.41547008
11.416158208
11.416158208
11.417059328
11.417059328
11.481956352
11.481956352
11.204706304
11.204706304
11.205115904
11.205115904
11.205328896
11.205328896
11.2058368
11.2058368
11.20559104
11.20559104
11.206754304
11.206754304
11.205902336
11.205902336
11.205902336
11.205902336
11.205902336
11.205902336
11.205902336
11.205902336
11.206459392
11.206459392
11.206868992
11.206868992
11.206868992
11.206868992
11.206868992
11.206868992
11.206868992
11.206868992
11.214487552
11.214487552
11.22009088
11.22009088
11.220516864
11.220516864
11.221778432
11.221778432
11.225513984
11.225513984
11.240865792
11.240865792
11.240292352
11.240292352
10.888790016
10.888790016
10.891247616
10.891247616
10.892181504
10.892181504
10.893705216
10.893705216
10.894573568
10.894573568
10.896654336
10.896654336
10.926505984
10.926505984
10.924834816
10.924834816
10.936303616
10.936303616
10.93771264
10.93771264
10.917888
10.917888
10.917888
10.917773312
10.917773312
10.913021952
10.913021952
10.910908416
10.910908416
10.91117056
10.91117056
10.878664704
10.878664704
10.879156224
10.879156224
10.879156224
10.879156224
10.900996096
10.900996096
10.892722176
10.892722176
10.89028096
10.89028096
10.89019904
10.89019904
10.89019904
10.89019904
10.889822208
10.889822208
10.890592256
10.890592256
10.89019904
10.89019904
10.890051584
10.890051584
10.890051584
10.890051584
10.890100736
10.890100736
10.914070528
10.914070528
10.909237248
10.909237248
10.905665536
10.905665536
10.905665536
10.905665536
10.900799488
10.900799488
10.905288704
10.905288704
10.8802048
10.8802048
10.880188416
10.880188416
10.88012288
10.88012288
10.874929152
10.874929152
10.875027456
10.875027456
10.872537088
10.872537088
10.87258624
10.87258624
10.87266816
10.87266816
10.872815616
10.872815616
10.872684544
10.872684544
10.872832
10.872832
10.872963072
10.872963072
10.873667584
10.873667584
10.873602048
10.873602048
10.873389056
10.873389056
10.87340544
10.87340544
10.873536512
10.873536512
10.873765888
10.873765888
10.874208256
10.874208256
10.877075456
11.242225664
11.242225664
11.242225664
11.242225664
11.242225664
11.262214144
11.262214144
11.267375104
11.267375104
11.267375104
11.267375104
11.267375104
11.267375104
11.267375104
11.269472256
11.269472256
11.212816384
11.212816384
11.229773824
11.229773824
11.229773824
11.231870976
11.231870976
11.269668864
11.269668864
11.274125312
11.274125312
11.271176192
11.271176192
11.272224768
11.272224768
11.28128512
11.28128512
11.283972096
11.310104576
11.310104576
11.310104576
11.310104576
11.310104576
11.310104576
11.310104576
11.246649344
11.246649344
11.246436352
11.246436352
11.246436352
11.246436352
11.246436352
11.246436352
11.227774976
11.227774976
11.226677248
11.228184576
11.228184576
11.249975296
11.249975296
11.2287744
11.2287744
11.2287744
11.229773824
11.229773824
11.218731008
11.218731008
11.207245824
11.207245824
11.169792
11.169792
11.26703104
11.26703104
11.26703104
11.30037248
11.30037248
11.30037248
11.301715968
11.299930112
11.299930112
11.272912896
11.272912896
11.279630336
11.279630336
11.281219584
11.281219584
11.286151168
11.286151168
11.27677952
11.27677952
11.253219328
11.253219328
11.233902592
11.233902592
11.305074688
11.305074688
11.305074688
11.30692608
11.30692608
11.306745856
11.306745856
11.3065984
11.3065984
11.3065984
11.2943104
11.2943104
11.163942912
11.163942912
11.277631488
11.277631488
11.277631488
11.277631488
11.258626048
11.258626048
11.271684096
11.271684096
11.289001984
11.289001984
11.214733312
11.214733312
11.197579264
11.197579264
11.286675456
11.286675456
11.329814528
11.329814528
11.329814528
11.3307648
11.3307648
11.250089984
11.192123392
11.192123392
11.192123392
11.18748672
11.18748672
11.17257728
11.17257728
11.179589632
11.179589632
11.170250752
11.170250752
11.15897856
11.15897856
11.152277504
11.152277504
11.138236416
11.138236416
11.134500864
11.134500864
11.134500864
11.134500864
11.134500864
11.134500864
11.134500864
11.134500864
11.11916544
11.11916544
11.12113152
11.12113152
11.123982336
11.123982336
11.123982336
11.123982336
11.123982336
11.123982336
11.119689728
11.146346496
11.146346496
11.146346496
11.146346496
11.146346496
11.139432448
11.139432448
11.139432448
11.167694848
11.167694848
11.156570112
11.156570112
11.180834816
11.180834816
11.265327104
11.265327104
11.265327104
11.261345792
11.261345792
11.310710784
11.29439232
11.29439232
11.29439232
11.30889216
11.296325632
11.296325632
11.296325632
11.333517312
11.35747072
11.35747072
11.352244224
11.352244224
11.402330112
11.402330112
11.382243328
11.382243328
11.382603776
11.382603776
11.39113984
11.39113984
11.388715008
11.388715008
11.347361792
11.347361792
11.339022336
11.339022336
11.368398848
11.368398848
11.3672192
11.3672192
11.365367808
11.365367808
11.365220352
11.365220352
11.36459776
11.36459776
11.362451456
11.362451456
11.357454336
11.357454336
11.35108096
11.35108096
11.344429056
11.344429056
11.34501888
11.34501888
11.351474176
11.351474176
11.354046464
11.354046464
11.352326144
11.352326144
11.35304704
11.35304704
11.357110272
11.357110272
11.352358912
11.352358912
11.351851008
11.351851008
11.351851008
11.351851008
11.362353152
11.362353152
11.392188416
11.392188416
11.390631936
11.390631936
11.390631936
11.38802688
11.38802688
11.38696192
11.38696192
11.38122752
11.38122752
11.37106944
11.37106944
11.355865088
11.355865088
11.355865088
11.355865088
11.355865088
11.355865088
11.342495744
11.342495744
11.341938688
11.341938688
11.345772544
11.345772544
11.344003072
11.344003072
11.34329856
11.34329856
11.342381056
11.342381056
11.342036992
11.342036992
11.331272704
11.331272704
11.32363776
11.32363776
11.32363776
11.32363776
11.32027904
11.32027904
11.320737792
11.320737792
11.310415872
11.310415872
11.310415872
11.310415872
11.310415872
11.310415872
11.308597248
11.308597248
11.301584896
11.301584896
11.301584896
11.301584896
11.301584896
11.301584896
11.301584896
11.301584896
11.344723968
11.344723968
11.346345984
11.346345984
11.345870848
11.345870848
11.356520448
11.356520448
11.356520448
11.356520448
11.359371264
11.359371264
11.356520448
11.356520448
11.356520448
11.356520448
11.356520448
11.356520448
11.356520448
11.356520448
11.356520448
11.33010944
11.33010944
11.330420736
11.330420736
11.33060096
11.33060096
11.33060096
11.33060096
11.33060096
11.331960832
11.331960832
11.330633728
11.330633728
11.349327872
11.349327872
11.365629952
11.365629952
11.365629952
11.365629952
11.25351424
11.25351424
11.256741888
11.256741888
11.272732672
11.272732672
11.26309888
11.26309888
11.2623616
11.2623616
11.268571136
11.268571136
11.269226496
11.269226496
11.26449152
11.26449152
11.264638976
11.264638976
11.264638976
11.255496704
11.255496704
11.252711424
11.252711424
11.29218048
11.29218048
11.300061184
11.300061184
11.308433408
11.308433408
11.307352064
11.307352064
11.307483136
11.307483136
11.30405888
11.30405888
11.300225024
11.300225024
11.290607616
11.290607616
11.330486272
11.330486272
11.330486272
11.330306048
11.330306048
11.330420736
11.330420736
11.330093056
11.330093056
11.328618496
11.328618496
11.318657024
11.318657024
11.3147904
11.3147904
11.307483136
11.307483136
11.308711936
11.308711936
11.308711936
11.308711936
11.308711936
11.308711936
11.317067776
11.317067776
11.317280768
11.317280768
11.302797312
11.302797312
11.302797312
11.302797312
11.304271872
11.304271872
11.301732352
11.301732352
11.301732352
11.301732352
11.301732352
11.301732352
11.301732352
11.301732352
11.298881536
11.298881536
11.299012608
11.299012608
11.284381696
11.284381696
11.281137664
11.281137664
11.294081024
11.294081024
11.294425088
11.294425088
11.304976384
11.304976384
11.318935552
11.318935552
11.319083008
11.319083008
11.319083008
11.319083008
11.306090496
11.306090496
11.304845312
11.304845312
11.296260096
11.296260096
11.296260096
11.296260096
11.296260096
11.296260096
11.286052864
11.286052864
11.290263552
11.290263552
11.289460736
11.289460736
11.292721152
11.292721152
11.292721152
11.292721152
11.305566208
11.305566208
11.32486656
11.32486656
11.320508416
11.320508416
11.321393152
11.321393152
11.340709888
11.340709888
11.340709888
11.340709888
11.315183616
11.315183616
11.340824576
11.340824576
11.340873728
11.340873728
11.330535424
11.33428736
11.33428736
11.33428736
11.33428736
11.343527936
11.343527936
11.324473344
11.324473344
11.324997632
11.324997632
11.329110016
11.329110016
11.421499392
11.421499392
11.432329216
11.432329216
11.432329216
11.432329216
11.55825664
11.55825664
11.565400064
11.565400064
11.562237952
11.562237952
11.562237952
11.554291712
11.554291712
11.534843904
11.534843904
11.540873216
11.540873216
11.525275648
11.525275648
11.522424832
11.522424832
11.520720896
11.520720896
11.508891648
11.508891648
11.496374272
11.496374272
11.48469248
11.48469248
11.483889664
11.483889664
11.481235456
11.481235456
11.448696832
11.448696832
11.448139776
11.448139776
11.447877632
11.447877632
11.454562304
11.454562304
11.453661184
11.453661184
11.448795136
11.448795136
11.443011584
11.443011584
11.443011584
11.443011584
11.443011584
11.742707712
11.742707712
11.742707712
11.75150592
11.75150592
11.75150592
11.75150592
11.654234112
11.654234112
11.654234112
11.654234112
11.6547584
11.6547584
11.652726784
11.652726784
11.670798336
11.670798336
11.671126016
11.671126016
11.668307968
11.668307968
11.668307968
11.668307968
11.663572992
11.663572992
11.663572992
11.657166848
11.65418496
11.65418496
11.665686528
11.665686528
11.660181504
11.660181504
11.630051328
11.630051328
11.573100544
11.5724288
11.5724288
11.5724288
11.572625408
11.572625408
11.673747456
11.673747456
11.565940736
11.559436288
11.559436288
11.559436288
11.559436288
11.518099456
11.518099456
11.517345792
11.517345792
11.519475712
11.519475712
11.513135104
11.513135104
11.43283712
11.43283712
11.432198144
11.432198144
11.428265984
11.428265984
11.426676736
11.426676736
11.426594816
11.426594816
11.426594816
11.426594816
11.426594816
11.426594816
11.426594816
11.426594816
11.416551424
11.416551424
11.406589952
11.406589952
11.405492224
11.405492224
11.422908416
11.422908416
11.430559744
11.430559744
11.430559744
11.430559744
11.430674432
11.430674432
11.430510592
11.430510592
11.428282368
11.428282368
11.414552576
11.414552576
11.400216576
11.400216576
11.386159104
11.386159104
11.390763008
11.390763008
11.395170304
11.395170304
11.374166016
11.374166016
11.374215168
11.374215168
11.374936064
11.374936064
11.350245376
11.350245376
11.350245376
11.350327296
11.350327296
11.350327296
11.350327296
11.394449408
11.394449408
11.394449408
11.395366912
11.395366912
11.395334144
11.395334144
11.395334144
11.395334144
11.395334144
11.395334144
11.374985216
11.374985216
11.360354304
11.360354304
11.359453184
11.359453184
11.358257152
11.358257152
11.342741504
11.342741504
11.338530816
11.338530816
11.338072064
11.338072064
11.338072064
11.338072064
11.338072064
11.338072064
11.34272512
11.34272512
11.343331328
11.343331328
11.34329856
11.34329856
11.343282176
11.343282176
11.344003072
11.344003072
11.344232448
11.344232448
11.352195072
11.352195072
11.352457216
11.352457216
11.355881472
11.355881472
11.355881472
11.355881472
11.35435776
11.35435776
11.354374144
11.354374144
11.354374144
11.354374144
11.354374144
11.354374144
11.354374144
11.354374144
11.351916544
11.351916544
11.352014848
11.352014848
11.347869696
11.347869696
11.348033536
11.348033536
11.347410944
11.347410944
11.340660736
11.340660736
11.34067712
11.34067712
11.340660736
11.340660736
11.341037568
11.341037568
11.341119488
11.341119488
11.334352896
11.334352896
11.332665344
11.332665344
11.33182976
11.33182976
11.33182976
11.33182976
11.33182976
11.33182976
11.322720256
11.322720256
11.322802176
11.322802176
11.322802176
11.322802176
11.322802176
11.322802176
11.322802176
11.322802176
11.38466816
11.38466816
11.384832
11.384832
11.384881152
11.384881152
11.384635392
11.384635392
11.379081216
11.379081216
11.37688576
11.37688576
11.374592
11.374592
11.373543424
11.373543424
11.379933184
11.379933184
11.383717888
11.383717888
11.383259136
11.383259136
11.383259136
11.383259136
11.38376704
11.38376704
11.383537664
11.383537664
11.383242752
11.383242752
11.383226368
11.383226368
11.378212864
11.378212864
11.378212864
11.378212864
11.378212864
11.378212864
11.378212864
11.378212864
11.371249664
11.371249664
11.371626496
11.371626496
11.352784896
11.352784896
11.352784896
11.352784896
11.352784896
11.352784896
11.372691456
11.372691456
11.373625344
11.373625344
11.372756992
11.372756992
11.373379584
11.373379584
11.379785728
11.379785728
11.372937216
11.372937216
11.372478464
11.372478464
11.373510656
11.373510656
11.373674496
11.373674496
11.373707264
11.373707264
11.374067712
11.374067712
11.374116864
11.374116864
11.374116864
11.374116864
11.374116864
11.374116864
11.374116864
11.374116864
11.360124928
11.360124928
11.359633408
11.359633408
11.346296832
11.346296832
11.345526784
11.345526784
11.345526784
11.345526784
11.340283904
11.340283904
11.340283904
11.340283904
11.340283904
11.340283904
11.340283904
11.340283904
11.32986368
11.32986368
11.3229824
11.3229824
11.337990144
11.337990144
11.342610432
11.342610432
11.342610432
11.342610432
11.339661312
11.339661312
11.35804416
11.35804416
11.43095296
11.43095296
11.449237504
11.447140352
11.447140352
11.449663488
11.449663488
11.449663488
11.439439872
11.439439872
11.439570944
11.439570944
11.428708352
11.428708352
11.428708352
11.420942336
11.420942336
11.410096128
11.410096128
11.401805824
11.401805824
11.399774208
11.399774208
11.399774208
11.399774208
11.399774208
11.399774208
11.399774208
11.399774208
11.42063104
11.42063104
11.419418624
11.419418624
11.418288128
11.418288128
11.373576192
11.373576192
11.355701248
11.355701248
11.35624192
11.35624192
11.358601216
11.358601216
11.359584256
11.359584256
11.349049344
11.349049344
11.3446912
11.3446912
11.342331904
11.342331904
11.343724544
11.343724544
11.344019456
11.344019456
11.341938688
11.341938688
11.342200832
11.342200832
11.347820544
11.347820544
11.377115136
11.377115136
11.386683392
11.386683392
11.38786304
11.38786304
11.393744896
11.393744896
11.384799232
11.384799232
11.375525888
11.375525888
11.32314624
11.32314624
11.32314624
11.316445184
11.316445184
11.316445184
11.318902784
11.318902784
11.318837248
11.318837248
11.295506432
11.295506432
11.293540352
11.293540352
11.39392512
11.362598912
11.362598912
11.378753536
11.378753536
11.378556928
11.378556928
11.392516096
11.392516096
11.392516096
11.392516096
11.447287808
11.447287808
11.457478656
11.457478656
11.457478656
11.445567488
11.445567488
11.445567488
11.445567488
11.4581504
11.4581504
11.4581504
11.456135168
11.456135168
11.45421824
11.45421824
11.447189504
11.447189504
11.44324096
11.44324096
11.442044928
11.442044928
11.439374336
11.439374336
11.437146112
11.437146112
11.4057216
11.4057216
11.387994112
11.387994112
11.387338752
11.387338752
11.373133824
11.373133824
11.371184128
11.371184128
11.371184128
11.371184128
11.371184128
11.371184128
11.365187584
11.365187584
11.363237888
11.363237888
11.359485952
11.359485952
11.355078656
11.355078656
11.353325568
11.353325568
11.35132672
11.35132672
11.35673344
11.35673344
11.35673344
11.35673344
11.35673344
11.35673344
11.35673344
11.35673344
11.36410624
11.36410624
11.364073472
11.364073472
11.364073472
11.364073472
11.364073472
11.364073472
11.364073472
11.364073472
11.3487872
11.37549312
11.37549312
11.37549312
11.376001024
11.376001024
11.378425856
11.378425856
11.37221632
11.37221632
11.39023872
11.39023872
11.38778112
11.38778112
11.39392512
11.39392512
11.394187264
11.394187264
11.400527872
11.400527872
11.400527872
11.400527872
11.399430144
11.399430144
11.399430144
11.399430144
11.396186112
11.396186112
11.426725888
11.425169408
11.425169408
11.42366208
11.42366208
11.417911296
11.417911296
11.53654784
11.53654784
11.5380224
11.5380224
11.5380224
11.5380224
11.539431424
11.539431424
11.523817472
11.523817472
11.523817472
11.523817472
11.523637248
11.523637248
11.523637248
11.523637248
11.489492992
11.489492992
11.488264192
11.488264192
11.488264192
11.488264192
11.488264192
11.488264192
11.488264192
11.42669312
11.42669312
11.424382976
11.424382976
11.421908992
11.421908992
11.419287552
11.419287552
11.41579776
11.41579776
11.408637952
11.408637952
11.408490496
11.408490496
11.424825344
11.424825344
11.417288704
11.417288704
11.417616384
11.417616384
11.41530624
11.41530624
11.415207936
11.415207936
11.41456896
11.41456896
11.41547008
11.41547008
11.412832256
11.412832256
11.4126848
11.4126848
11.415601152
11.415601152
11.415601152
11.415601152
11.41334016
11.41334016
11.402182656
11.402182656
11.401904128
11.401904128
11.40187136
11.40187136
11.40334592
11.40334592
11.39867648
11.39867648
11.402051584
11.402051584
11.404263424
11.404263424
11.404263424
11.408244736
11.408244736
11.409309696
11.409309696
11.41121024
11.41121024
11.410997248
11.410997248
11.4343936
11.4343936
11.430199296
11.430199296
11.42939648
11.42939648
11.42939648
11.427872768
11.427872768
11.427872768
11.43037952
11.43037952
11.444224
11.444224
11.46462208
11.47461632
11.47461632
11.47461632
11.479154688
11.479154688
11.480973312
11.480973312
11.483103232
11.483103232
11.48510208
11.48510208
11.487444992
11.487444992
11.489492992
11.489492992
11.489492992
11.489492992
11.435442176
11.435442176
11.43627776
11.43627776
11.435720704
11.435720704
11.433705472
11.433705472
11.433705472
11.433705472
11.433279488
11.433279488
11.431706624
11.431706624
11.439816704
11.439816704
11.439816704
11.439816704
11.439816704
11.439816704
11.460296704
11.460296704
11.460296704
11.460296704
11.460296704
11.460296704
11.460296704
11.460296704
11.460296704
11.460296704
11.453251584
11.453251584
11.448451072
11.448451072
11.443027968
11.443027968
11.433869312
11.433869312
11.4286592
11.4286592
11.428626432
11.428626432
11.428233216
11.428233216
11.42685696
11.42685696
11.422498816
11.422498816
11.402428416
11.402428416
11.420663808
11.420663808
11.474403328
11.474403328
11.47551744
11.47551744
11.47551744
11.475451904
11.475451904
11.471290368
11.471290368
11.4712576
11.4712576
11.4700288
11.4700288
11.46363904
11.46363904
11.464065024
11.464065024
11.46454016
11.46454016
11.464409088
11.464409088
11.464409088
11.464409088
11.464409088
11.464409088
11.457265664
11.457265664
11.458117632
11.424382976
11.424382976
11.424382976
11.424382976
11.428347904
11.428347904
11.428347904
11.428347904
11.435556864
11.435556864
11.4352128
11.4352128
11.4352128
11.417157632
11.417157632
11.417157632
11.403198464
11.403198464
11.385782272
11.385782272
11.410423808
11.410423808
11.410423808
11.410423808
11.410423808
11.410423808
11.410423808
11.410423808
11.454726144
11.454726144
11.454726144
11.456069632
11.456069632
11.456643072
11.456643072
11.457871872
11.457871872
11.733991424
11.733991424
11.733991424
11.804311552
11.781341184
11.781341184
11.781341184
11.781341184
11.795808256
11.795808256
11.670683648
11.693932544
11.693932544
11.693932544
11.693932544
11.634720768
11.634720768
11.674107904
11.674107904
11.668226048
11.668226048
11.668226048
11.668226048
11.668226048
11.668226048
11.668226048
11.668226048
11.558109184
11.558109184
11.542478848
11.542478848
11.531321344
11.531321344
11.545427968
11.545427968
11.54531328
11.54531328
11.526340608
11.526340608
11.47518976
11.47518976
11.47518976
11.515379712
11.634835456
11.634835456
11.689869312
11.689869312
11.689869312
11.689869312
11.69129472
11.69129472
11.691442176
11.691442176
11.679383552
11.679383552
11.67409152
11.67409152
11.67409152
11.585224704
11.574935552
11.574935552
11.563597824
11.563597824
11.563597824
11.535138816
11.535138816
11.534385152
11.534385152
11.525718016
11.525718016
11.523293184
11.523293184
11.52180224
11.52180224
11.502256128
11.502256128
11.542953984
11.542953984
11.542953984
11.54678784
11.573510144
11.569774592
11.569774592
11.569774592
11.5593216
11.5593216
11.478433792
11.478433792
11.45577472
11.45577472
11.45577472
11.45577472
11.46380288
11.46380288
11.46380288
11.46380288
11.471847424
11.471847424
11.504386048
11.504386048
11.51410176
11.51410176
11.593089024
11.593089024
11.627053056
11.627053056
11.630804992
11.630804992
11.630804992
11.630804992
11.630804992
11.630804992
11.630804992
11.601281024
11.601281024
11.603427328
11.603427328
11.603755008
11.603755008
11.54449408
11.54449408
11.558453248
11.558453248
11.571494912
11.571494912
11.57685248
11.57685248
11.582390272
11.582390272
11.549278208
11.549278208
11.549278208
11.439538176
11.439538176
11.439538176
11.474911232
11.474911232
11.497013248
11.497013248
11.499569152
11.499569152
11.586224128
11.586224128
11.586224128
11.586813952
11.586813952
11.596496896
11.596496896
11.596234752
11.596234752
11.63272192
11.63272192
11.63272192
11.63272192
11.640946688
11.640946688
11.659689984
11.659689984
11.666604032
11.666604032
11.651923968
11.651923968
11.629166592
11.629166592
11.629166592
11.628412928
11.628412928
11.62788864
11.62788864
11.62788864
11.62788864
11.610341376
11.610341376
11.610177536
11.610177536
11.608932352
11.608932352
11.54760704
11.54760704
11.559370752
11.559370752
11.586813952
11.586813952
11.529453568
11.529453568
11.530452992
11.530452992
11.530452992
11.530108928
11.530108928
11.489951744
11.489951744
11.489951744
11.462066176
11.462066176
11.487215616
11.493687296
11.493687296
11.493687296
11.468423168
11.468423168
11.431477248
11.431477248
11.609751552
11.609751552
11.55842048
11.640815616
11.640815616
11.640815616
11.643273216
11.643273216
11.643994112
11.643994112
11.624398848
11.624398848
11.56661248
11.56661248
11.566252032
11.566252032
11.566252032
11.565432832
11.565432832
11.605622784
11.605622784
11.60388608
11.60388608
11.604590592
11.604590592
11.604590592
