38.98
38.98
62.46
62.46
73.17
73.17
71.76
71.76
72.41
72.41
71.88
71.88
53.28
53.28
38.32
38.32
28.39
28.39
26.74
26.74
29.27
29.27
29.61
29.61
27.19
27.19
28.20
28.20
29.56
29.56
30.06
30.06
28.67
28.67
25.85
25.85
24.01
24.01
29.13
29.13
23.67
23.67
29.75
29.75
33.16
33.16
31.16
31.16
30.87
30.87
24.42
24.42
26.81
26.81
26.53
26.53
38.39
38.39
28.13
28.13
33.59
33.59
26.98
26.98
21.92
21.92
24.77
24.77
22.49
22.49
22.70
22.70
21.03
21.03
24.60
24.60
26.38
26.38
26.99
26.99
25.57
25.57
29.06
29.06
27.03
27.03
20.70
20.70
24.51
24.51
22.61
22.61
26.27
26.27
27.18
27.18
21.49
21.49
22.02
22.02
23.70
23.70
22.19
22.19
21.62
21.62
24.80
24.80
25.65
25.65
29.93
29.93
24.36
24.36
21.92
21.92
24.56
24.56
24.16
24.16
37.09
37.09
24.04
24.04
24.14
24.14
28.54
28.54
25.75
25.75
27.42
27.42
23.89
23.89
26.43
26.43
21.37
21.37
27.55
27.55
24.38
24.38
27.98
27.98
23.42
23.42
25.82
25.82
37.77
37.77
53.58
53.58
21.62
21.62
27.06
27.06
28.67
28.67
23.81
23.81
24.11
24.11
20.62
20.62
21.09
21.09
22.69
22.69
20.24
20.24
26.38
26.38
27.55
27.55
34.21
34.21
29.42
29.42
29.42
24.35
24.35
20.54
20.54
25.77
25.77
20.02
20.02
25.32
25.32
23.86
23.86
26.24
26.24
22.90
22.90
21.70
21.70
20.89
20.89
22.88
22.88
23.73
23.73
24.84
24.84
26.19
26.19
20.48
20.48
22.97
22.97
24.41
24.41
20.18
20.18
23.85
23.85
20.54
20.54
26.15
26.15
25.17
25.17
24.47
24.47
36.53
36.53
30.14
30.14
30.14
38.04
38.04
26.72
26.72
33.21
33.21
27.62
27.62
27.86
27.86
24.21
24.21
34.60
34.60
32.28
32.28
33.05
33.05
33.05
28.71
28.71
27.82
27.82
31.73
31.73
30.43
30.43
31.08
31.08
26.40
26.40
25.30
25.30
22.74
22.74
27.45
27.45
27.25
27.25
27.78
27.78
24.71
24.71
23.30
23.30
23.94
23.94
24.51
24.51
23.86
23.86
21.11
21.11
27.38
27.38
24.74
24.74
25.16
25.16
21.81
21.81
26.29
26.29
31.68
31.68
25.64
25.64
25.72
25.72
24.57
24.57
26.57
26.57
24.38
24.38
25.72
25.72
27.19
27.19
25.23
25.23
22.43
22.43
25.54
25.54
28.51
28.51
28.90
28.90
25.00
25.00
23.17
23.17
20.35
20.35
26.75
26.75
32.66
32.66
21.49
21.49
24.34
24.34
26.80
26.80
28.19
28.19
30.47
30.47
27.60
27.60
24.93
24.93
26.46
26.46
24.60
24.60
24.86
24.86
32.70
32.70
26.52
26.52
25.49
25.49
28.76
28.76
25.85
25.85
23.35
23.35
21.11
21.11
25.22
25.22
25.16
25.16
24.56
24.56
21.74
21.74
20.27
20.27
23.19
23.19
25.75
25.75
21.37
21.37
30.96
30.96
31.23
31.23
28.76
28.76
25.35
25.35
24.00
24.00
28.69
28.69
24.84
24.84
23.08
23.08
29.46
29.46
31.67
31.67
26.41
26.41
29.48
29.48
24.71
24.71
23.00
23.00
22.54
22.54
25.95
25.95
30.22
30.22
30.97
30.97
27.18
27.18
26.42
26.42
23.52
23.52
26.60
26.60
22.16
22.16
24.47
24.47
25.47
25.47
25.19
25.19
29.16
29.16
25.73
25.73
25.41
25.41
31.13
31.13
22.68
22.68
24.40
24.40
25.17
25.17
27.72
27.72
27.15
27.15
23.43
23.43
24.85
24.85
23.08
23.08
21.33
21.33
23.03
23.03
28.96
28.96
36.66
36.66
24.89
24.89
24.89
25.59
25.59
29.90
29.90
29.31
29.31
41.72
41.72
28.49
28.49
27.23
27.23
34.59
34.59
27.87
27.87
24.95
24.95
25.00
25.00
30.72
30.72
26.98
26.98
29.05
29.05
38.82
38.82
38.32
38.32
25.16
25.16
25.16
21.38
21.38
21.85
21.85
21.60
21.60
51.29
51.29
43.68
43.68
33.92
33.92
33.92
23.19
23.19
20.92
20.92
34.84
34.84
40.89
40.89
42.36
42.36
28.41
28.41
28.41
26.29
26.29
24.58
24.58
24.70
24.70
23.84
23.84
26.90
26.90
28.49
28.49
31.40
31.40
43.79
43.79
45.62
45.62
36.12
36.12
28.11
28.11
28.11
24.50
24.50
24.18
24.18
28.79
28.79
38.16
38.16
46.65
46.65
43.35
43.35
29.38
29.38
29.38
27.27
27.27
27.27
24.71
24.71
25.60
25.60
30.51
30.51
28.68
28.68
23.13
23.13
25.20
25.20
22.99
22.99
26.47
26.47
22.10
22.10
24.14
24.14
25.27
25.27
28.80
28.80
35.38
35.38
24.78
24.78
28.18
28.18
29.05
29.05
24.77
24.77
27.54
27.54
29.38
29.38
30.73
30.73
49.71
49.71
26.90
26.90
26.90
28.56
28.56
24.67
24.67
28.05
28.05
28.07
28.07
28.34
28.34
27.55
27.55
26.70
26.70
26.12
26.12
24.73
24.73
23.49
23.49
26.54
26.54
27.91
27.91
27.19
27.19
25.28
25.28
21.37
21.37
21.57
21.57
21.02
21.02
21.05
21.05
20.25
20.25
24.30
24.30
27.35
27.35
24.65
24.65
25.45
25.45
37.73
37.73
36.61
36.61
25.03
25.03
25.03
26.07
26.07
27.70
27.70
24.78
24.78
26.68
26.68
23.87
23.87
21.84
21.84
25.19
25.19
24.86
24.86
33.70
33.70
29.11
29.11
27.41
27.41
37.03
37.03
29.73
29.73
29.73
27.13
27.13
24.46
24.46
26.23
26.23
25.67
25.67
36.77
36.77
34.93
34.93
26.00
26.00
26.00
26.73
26.73
27.41
27.41
23.78
23.78
22.49
22.49
28.99
28.99
29.91
29.91
23.48
23.48
26.75
26.75
29.16
29.16
31.72
31.72
24.55
24.55
31.76
31.76
37.68
37.68
34.71
34.71
42.66
42.66
29.49
29.49
30.42
30.42
26.47
26.47
24.58
24.58
22.38
22.38
26.04
26.04
24.78
24.78
24.63
24.63
28.45
28.45
24.78
24.78
27.85
27.85
27.70
27.70
33.44
33.44
46.96
46.96
42.17
42.17
31.90
31.90
31.90
26.11
26.11
25.68
25.68
30.35
30.35
47.98
47.98
47.94
47.94
31.18
31.18
31.18
27.50
27.50
24.00
24.00
26.15
26.15
22.86
22.86
23.60
23.60
29.00
29.00
46.92
46.92
43.50
43.50
32.24
32.24
32.24
29.78
29.78
27.22
27.22
24.60
24.60
25.65
25.65
25.87
25.87
47.66
47.66
44.03
44.03
30.47
30.47
30.47
23.36
23.36
29.65
29.65
25.70
25.70
44.64
44.64
43.72
43.72
28.29
28.29
26.19
26.19
22.56
22.56
21.35
21.35
22.23
22.23
26.05
26.05
26.27
26.27
25.63
25.63
27.66
27.66
25.41
25.41
22.54
22.54
23.03
23.03
22.04
22.04
21.29
21.29
25.88
25.88
24.51
24.51
28.34
28.34
26.41
26.41
23.32
23.32
23.00
23.00
26.45
26.45
22.75
22.75
23.06
23.06
29.51
29.51
32.03
32.03
26.48
26.48
27.72
27.72
27.07
27.07
21.86
21.86
21.54
21.54
22.78
22.78
23.81
23.81
26.41
26.41
21.97
21.97
26.41
26.41
25.23
25.23
38.88
38.88
47.34
47.34
44.16
44.16
36.38
36.38
36.38
27.76
27.76
27.76
20.74
20.74
23.78
23.78
27.57
27.57
28.99
28.99
23.54
23.54
26.34
26.34
31.79
31.79
34.28
34.28
28.40
28.40
30.12
30.12
25.72
25.72
22.24
22.24
25.84
25.84
35.76
35.76
32.40
32.40
27.35
27.35
33.00
33.00
26.71
26.71
23.79
23.79
21.71
21.71
22.27
22.27
29.44
29.44
28.37
28.37
28.31
28.31
30.29
30.29
29.98
29.98
27.86
27.86
25.81
25.81
23.82
23.82
26.38
26.38
31.52
31.52
28.14
28.14
24.25
24.25
30.38
30.38
32.59
32.59
28.88
28.88
33.92
33.92
34.17
34.17
32.23
32.23
32.23
24.57
24.57
20.36
20.36
25.58
25.58
23.89
23.89
22.13
22.13
27.35
27.35
41.72
41.72
35.87
35.87
35.87
26.36
26.36
20.73
20.73
25.50
25.50
26.28
26.28
26.12
26.12
27.83
27.83
26.18
26.18
23.91
23.91
21.94
21.94
22.24
22.24
18.97
18.97
24.26
24.26
25.48
25.48
29.24
29.24
27.76
27.76
22.17
22.17
20.56
20.56
23.65
23.65
20.30
20.30
25.32
25.32
32.18
32.18
30.19
30.19
26.01
26.01
22.62
22.62
22.78
22.78
38.92
38.92
37.21
37.21
38.37
38.37
33.73
33.73
33.73
26.86
26.86
39.64
39.64
34.23
34.23
31.77
31.77
32.07
32.07
39.97
39.97
32.00
32.00
31.37
31.37
31.37
33.81
33.81
27.60
27.60
23.09
23.09
23.95
23.95
22.68
22.68
39.12
39.12
32.73
32.73
30.53
30.53
36.23
36.23
32.50
32.50
26.29
26.29
31.18
31.18
27.76
27.76
23.98
23.98
25.90
25.90
38.00
38.00
30.69
30.69
30.69
25.58
25.58
28.08
28.08
27.35
27.35
27.99
27.99
31.46
31.46
23.99
23.99
24.52
24.52
25.95
25.95
21.57
21.57
23.57
23.57
25.02
25.02
22.05
22.05
20.62
20.62
23.40
23.40
27.27
27.27
27.82
27.82
24.78
24.78
22.02
22.02
22.31
22.31
28.14
28.14
29.31
29.31
26.63
26.63
26.14
26.14
25.51
25.51
22.76
22.76
21.97
21.97
20.74
20.74
21.05
21.05
21.19
21.19
22.97
22.97
28.34
28.34
32.44
32.44
24.43
24.43
26.08
26.08
29.49
29.49
24.84
24.84
26.91
26.91
55.50
55.50
55.50
67.36
67.36
67.36
28.48
28.48
23.51
23.51
25.21
25.21
29.69
29.69
33.73
33.73
33.21
33.21
34.15
34.15
34.80
34.80
35.95
35.95
37.40
37.40
41.95
41.95
35.30
35.30
29.87
29.87
29.87
36.57
36.57
31.74
31.74
28.83
28.83
26.53
26.53
56.07
56.07
35.99
35.99
28.63
28.63
28.63
23.09
23.09
25.16
25.16
26.06
26.06
22.97
22.97
28.83
28.83
31.39
31.39
24.01
24.01
28.43
28.43
23.15
23.15
30.59
30.59
29.77
29.77
31.95
31.95
25.27
25.27
21.60
21.60
25.12
25.12
28.92
28.92
28.88
28.88
30.28
30.28
28.21
28.21
22.62
22.62
27.92
27.92
25.47
25.47
21.41
21.41
49.01
49.01
50.00
50.00
50.00
50.00
50.00
50.00
50.00
50.00
50.00
50.00
50.00
50.00
50.00
50.00
50.00
44.55
44.55
42.02
42.02
29.97
29.97
29.97
28.35
28.35
27.91
27.91
35.10
35.10
35.91
35.91
33.17
33.17
31.16
31.16
30.91
30.91
28.93
28.93
26.49
26.49
29.04
29.04
28.30
28.30
47.26
47.26
47.26
47.26
49.43
49.43
47.61
47.61
47.61
49.64
49.64
50.00
50.00
50.00
50.00
50.00
50.00
50.00
49.60
49.60
43.75
43.75
36.92
36.92
45.31
45.31
44.32
44.32
36.38
36.38
33.89
33.89
36.31
36.31
36.40
36.40
32.01
32.01
37.64
37.64
42.49
42.49
34.47
34.47
31.03
31.03
33.23
33.23
22.78
22.78
36.78
36.78
30.99
30.99
37.54
37.54
26.36
26.36
24.22
24.22
37.00
37.00
31.95
31.95
31.95
25.43
25.43
23.48
23.48
22.46
22.46
28.80
28.80
25.05
25.05
21.68
21.68
20.22
20.22
25.30
25.30
22.49
22.49
21.89
21.89
20.78
20.78
26.55
26.55
27.27
27.27
26.06
26.06
30.08
30.08
23.99
23.99
23.38
23.38
23.77
23.77
29.76
29.76
27.74
27.74
28.26
28.26
25.54
25.54
24.92
24.92
23.80
23.80
25.61
25.61
27.43
27.43
27.96
27.96
33.14
33.14
34.43
34.43
31.79
31.79
30.07
30.07
31.77
31.77
24.06
24.06
32.47
32.47
35.44
35.44
32.96
32.96
35.20
35.20
34.91
34.91
29.66
29.66
28.87
28.87
32.99
32.99
32.60
32.60
41.17
41.17
31.18
31.18
31.18
29.76
29.76
22.49
22.49
21.27
21.27
22.97
22.97
21.82
21.82
23.81
23.81
31.10
31.10
25.37
25.37
23.30
23.30
22.17
22.17
19.53
19.53
22.94
22.94
23.53
23.53
31.66
31.66
31.05
31.05
36.77
36.77
33.11
33.11
33.70
33.70
31.18
31.18
47.95
50.00
50.00
50.00
56.19
56.19
40.25
40.25
40.27
40.27
40.27
35.29
35.29
25.73
25.73
37.53
37.53
35.22
35.22
33.03
33.03
33.64
33.64
37.45
37.45
32.60
32.60
32.60
22.50
22.50
30.89
30.89
34.38
34.38
32.24
32.24
32.11
32.11
32.11
25.18
25.18
28.09
28.09
40.26
40.26
40.56
40.56
50.00
50.00
50.00
49.60
49.60
50.00
50.00
50.00
50.00
45.38
45.38
34.77
34.77
27.70
27.70
27.70
24.95
24.95
25.89
25.89
46.38
46.38
36.65
36.65
36.88
36.88
36.88
28.28
28.28
25.06
25.06
27.47
27.47
27.15
27.15
36.25
36.25
29.85
29.85
29.85
26.52
26.52
24.68
24.68
26.54
26.54
22.67
22.67
28.49
28.49
33.11
33.11
28.83
28.83
29.90
29.90
31.95
31.95
29.74
29.74
25.73
25.73
25.17
25.17
53.02
53.02
54.69
54.69
55.51
60.12
60.12
60.12
45.25
45.25
39.00
39.00
28.19
28.19
28.19
30.88
30.88
32.22
32.22
27.24
27.24
29.73
29.73
28.09
28.09
32.07
32.07
27.12
27.12
24.76
24.76
34.42
34.42
25.08
25.08
28.20
28.20
30.31
30.31
29.92
29.92
32.20
32.20
36.74
36.74
33.90
33.90
30.55
30.55
30.55
26.71
26.71
38.26
38.26
38.63
38.63
34.63
34.63
47.84
47.84
45.01
45.01
41.58
41.58
33.88
33.88
38.74
38.74
32.05
32.05
37.70
37.70
38.29
38.29
38.07
38.07
34.23
34.23
35.94
35.94
29.15
29.15
22.21
22.21
28.39
28.39
35.35
35.35
34.84
34.84
30.41
30.41
33.64
33.64
32.20
32.20
25.90
25.90
24.15
24.15
32.01
32.01
26.65
26.65
25.35
25.35
22.89
22.89
19.84
19.84
24.63
24.63
23.74
23.74
22.05
22.05
27.06
27.06
27.97
27.97
30.74
30.74
31.41
31.41
29.31
29.31
33.75
33.75
35.69
35.69
27.29
27.29
27.29
25.78
25.78
19.67
19.67
19.86
19.86
19.03
19.03
24.11
24.11
23.27
23.27
27.04
27.04
25.81
25.81
22.74
22.74
27.50
27.50
26.32
26.32
25.55
25.55
22.19
22.19
24.09
24.09
26.59
26.59
20.18
20.18
21.52
21.52
20.36
20.36
21.77
21.77
25.30
25.30
26.59
26.59
21.62
21.62
27.32
27.32
32.04
32.04
25.25
25.25
25.25
21.35
21.35
26.68
26.68
24.82
24.82
27.52
27.52
28.26
28.26
27.52
27.52
24.34
24.34
21.00
21.00
22.19
22.19
25.16
25.16
23.99
23.99
25.85
25.85
20.18
20.18
25.45
25.45
20.14
20.14
20.83
20.83
21.57
21.57
20.57
20.57
22.68
22.68
25.30
25.30
28.65
28.65
23.79
23.79
29.21
29.21
25.79
25.79
21.94
21.94
25.16
25.16
23.65
23.65
23.65
