10.725474304
10.725474304
10.73389568
10.73389568
10.733780992
10.733780992
10.733715456
10.733715456
10.80082432
10.80082432
10.81131008
10.81131008
10.821943296
10.821943296
10.82097664
10.82097664
10.82097664
10.82097664
10.819715072
10.819715072
10.819895296
10.819895296
10.819878912
10.819878912
10.819878912
10.819878912
10.819878912
10.819878912
10.817748992
10.817748992
10.817060864
10.817060864
10.817060864
10.817060864
10.817060864
10.817060864
10.817060864
10.817060864
10.8118016
10.8118016
10.783883264
10.783883264
10.78116352
10.78116352
10.782818304
10.782818304
10.782834688
10.782834688
10.78304768
10.78304768
10.783096832
10.783096832
10.783227904
10.783227904
10.783834112
10.783834112
10.803642368
10.803642368
10.811523072
10.811523072
10.809950208
10.809950208
10.808950784
10.808950784
10.799382528
10.799382528
10.789404672
10.789404672
10.788896768
10.788896768
10.787258368
10.787258368
10.787258368
10.787258368
10.7872256
10.7872256
10.78714368
10.78714368
10.787094528
10.787094528
10.787045376
10.787045376
10.784423936
10.784423936
10.78509568
10.78509568
10.785488896
10.785488896
10.787749888
10.787749888
10.787454976
10.787454976
10.786537472
10.786537472
10.785521664
10.785521664
10.780819456
10.780819456
10.779705344
10.779705344
10.785062912
10.785062912
10.785062912
10.785062912
10.785062912
10.785062912
10.786635776
10.786635776
10.786701312
10.786701312
10.789306368
10.789306368
10.789306368
10.789306368
10.789306368
10.789306368
10.788962304
10.788962304
10.791206912
10.791206912
10.791354368
10.791354368
10.791026688
10.791026688
10.791026688
10.791026688
10.77174272
10.77174272
10.78935552
10.78935552
10.78935552
10.78935552
10.78935552
10.78935552
10.78935552
10.78935552
10.790600704
10.790600704
10.787438592
10.787438592
10.787438592
10.787438592
10.787438592
10.787438592
10.787438592
10.787438592
10.786865152
10.786865152
10.786701312
10.786701312
10.773594112
10.773594112
10.769465344
10.769465344
10.769891328
10.769891328
10.7700224
10.7700224
10.76985856
10.76985856
10.766532608
10.766532608
10.766516224
10.766516224
10.766319616
10.766319616
10.765287424
10.765287424
10.764959744
10.764959744
10.769235968
10.769235968
10.768941056
10.768941056
10.786504704
10.786504704
10.786455552
10.786455552
10.786455552
10.787094528
10.787094528
10.786586624
10.786586624
10.787192832
10.787192832
10.787258368
10.787258368
10.784833536
10.784833536
10.784784384
10.784784384
10.784800768
10.784800768
10.78116352
10.78116352
10.776215552
10.776215552
10.765664256
10.765664256
10.765221888
10.765221888
10.76396032
10.76396032
10.763337728
10.763337728
10.762043392
10.762043392
10.760716288
10.760716288
10.759684096
10.759684096
10.759684096
10.759684096
10.759684096
10.759684096
10.77215232
10.77215232
10.772283392
10.772283392
10.77239808
10.77239808
10.772250624
10.772250624
10.781179904
10.781179904
10.785456128
10.785456128
10.785439744
10.785439744
10.785439744
10.785685504
10.785685504
10.785685504
10.785685504
10.785685504
10.785685504
10.823565312
10.823565312
10.823565312
10.823565312
10.823696384
10.823696384
10.823696384
10.823696384
10.823696384
10.823696384
10.810802176
10.810802176
10.810802176
10.805968896
10.805968896
10.804396032
10.804396032
10.803970048
10.803970048
10.8019712
10.8019712
10.799546368
10.799546368
10.795778048
10.795778048
10.791518208
10.791518208
10.792255488
10.792255488
10.791763968
10.791763968
10.79164928
10.79164928
10.79164928
10.79164928
10.791550976
10.791550976
10.791616512
10.791616512
10.789961728
10.789961728
10.795122688
10.795122688
10.795319296
10.795319296
10.79549952
10.79549952
10.795565056
10.795565056
10.795122688
10.795122688
10.773102592
10.773102592
10.772873216
10.772873216
10.77239808
10.77239808
10.79066624
10.79066624
10.791305216
10.791305216
10.794254336
10.794254336
10.794221568
10.794221568
10.794139648
10.794139648
10.793992192
10.793992192
10.794041344
10.794041344
10.794254336
10.794254336
10.792255488
10.792255488
10.792255488
10.792255488
10.792255488
10.792255488
10.7921408
10.7921408
10.791993344
10.791993344
10.792075264
10.792075264
10.794483712
10.794483712
10.794500096
10.794500096
10.812358656
10.812358656
10.811539456
10.811539456
10.810277888
10.810277888
10.79197696
10.79197696
10.789388288
10.789388288
10.789289984
10.789289984
10.789126144
10.789126144
10.789126144
10.789126144
10.789126144
10.789126144
10.789126144
10.789126144
10.785783808
10.785783808
10.785767424
10.785767424
10.784833536
10.784833536
10.784800768
10.784800768
10.78493184
10.78493184
10.785226752
10.785226752
10.784948224
10.784948224
10.784980992
10.784980992
10.784997376
10.784997376
10.785046528
10.785046528
10.770251776
10.770251776
10.771791872
10.771791872
10.771480576
10.771480576
10.77157888
10.77157888
10.767925248
10.767925248
10.792583168
10.792583168
10.79074816
10.79074816
10.790469632
10.790469632
10.789797888
10.789797888
10.78902784
10.78902784
10.7892736
10.7892736
10.717396992
10.717396992
10.718347264
10.718347264
10.719576064
10.719576064
10.719576064
10.719576064
10.719739904
10.719739904
10.71972352
10.71972352
10.719821824
10.719821824
10.71955968
10.71955968
10.71980544
10.71980544
10.720116736
10.720116736
10.720444416
10.720444416
10.720444416
10.720444416
10.720444416
10.720444416
10.720444416
10.720444416
10.720264192
10.720264192
10.729340928
10.729340928
10.72939008
10.72939008
10.728947712
10.728947712
10.728947712
10.728947712
10.728275968
10.728275968
10.728259584
10.728259584
10.728177664
10.728177664
10.728177664
10.728177664
10.728177664
10.728177664
10.728144896
10.728144896
10.727718912
10.727718912
10.727243776
10.727243776
10.728095744
10.728095744
10.72807936
10.72807936
10.727899136
10.727899136
10.727899136
10.727899136
10.7278336
10.7278336
10.72775168
10.72775168
10.727194624
10.727194624
10.732404736
10.732404736
10.732044288
10.732044288
10.731749376
10.731749376
10.728374272
10.728374272
10.727079936
10.727079936
10.727079936
10.721673216
10.721673216
10.72283648
10.72283648
10.723180544
10.723180544
10.728685568
10.728685568
10.728669184
10.728669184
10.7286528
10.7286528
10.7286528
10.7286528
10.7286528
10.7286528
10.7286528
10.7286528
10.687987712
10.687987712
10.688659456
10.688659456
10.689347584
10.689347584
10.679877632
10.679877632
10.678386688
10.678386688
10.67917312
10.67917312
10.678714368
10.678714368
10.678714368
10.678714368
10.678714368
10.678714368
10.678714368
10.678714368
10.678714368
10.718707712
10.718707712
10.725916672
10.725916672
10.725670912
10.725670912
10.725670912
10.725670912
10.725670912
10.725670912
10.725670912
10.698457088
10.698457088
10.69686784
10.69686784
10.69768704
10.69768704
10.697703424
10.697703424
10.697703424
10.69760512
10.69760512
10.681761792
10.681761792
10.696720384
10.696720384
10.696146944
10.696146944
10.696687616
10.696687616
10.697080832
10.697080832
10.697375744
10.697375744
10.694393856
10.694393856
10.694377472
10.694377472
10.69432832
10.69432832
10.702569472
10.702569472
10.702569472
10.702569472
10.702569472
10.702569472
10.702569472
10.702569472
10.702569472
10.704912384
10.704912384
10.704961536
10.704961536
10.70497792
10.70497792
10.704912384
10.704912384
10.704912384
10.68449792
10.68449792
10.68449792
10.672930816
10.672930816
10.672521216
10.672521216
10.675601408
10.675601408
10.675437568
10.675437568
10.675552256
10.675552256
10.684563456
10.684563456
10.699685888
10.699685888
10.69940736
10.69940736
10.700046336
10.700046336
10.700095488
10.700095488
10.700161024
10.700161024
10.69899776
10.69899776
10.699309056
10.699309056
10.696900608
10.696900608
10.695868416
10.695868416
10.696507392
10.696507392
10.697129984
10.697129984
10.6737664
10.6737664
10.673717248
10.673717248
10.672734208
10.672734208
10.686251008
10.686251008
10.694426624
10.694426624
10.694426624
10.692100096
10.692100096
10.692788224
10.692788224
10.693033984
10.693033984
10.682793984
10.682793984
10.673324032
10.673324032
10.673307648
10.673307648
10.686201856
10.686201856
10.68531712
10.68531712
10.698211328
10.698211328
10.698211328
10.698211328
10.698211328
10.698211328
10.700259328
10.700259328
10.705436672
10.705436672
10.704502784
10.704502784
10.70374912
10.70374912
10.70088192
10.70088192
10.699587584
10.699587584
10.698391552
10.698391552
10.686316544
10.686316544
10.685906944
10.685906944
10.676043776
10.676043776
10.674798592
10.674798592
10.683039744
10.683039744
10.683039744
10.683039744
10.683039744
10.683039744
10.683039744
10.683039744
10.683039744
10.704748544
10.704748544
10.704371712
10.704371712
10.704437248
10.704437248
10.704437248
10.704437248
10.704437248
10.704437248
10.704289792
10.704289792
10.70358528
10.70358528
10.70432256
10.70432256
10.704338944
10.704338944
10.704338944
10.704338944
10.704289792
10.704289792
10.705534976
10.705534976
10.705436672
10.705436672
10.705436672
10.705092608
10.705092608
10.704879616
10.704879616
10.705207296
10.705207296
10.705272832
10.705272832
10.705272832
10.705272832
10.705272832
10.705272832
10.705829888
10.705829888
10.705829888
10.705207296
10.705207296
10.705731584
10.705731584
10.705747968
10.705747968
10.705747968
10.705747968
10.705600512
10.705600512
10.707812352
10.707812352
10.70784512
10.70784512
10.711990272
10.711990272
10.71783936
10.71783936
10.715496448
10.715496448
10.7139072
10.7139072
10.728767488
10.728767488
10.728341504
10.728341504
10.72357376
10.72357376
10.720018432
10.720018432
10.719215616
10.719215616
10.741989376
10.741989376
10.743250944
10.743250944
10.739712
10.739712
10.739810304
10.739810304
10.728030208
10.728030208
10.727686144
10.727686144
10.727686144
10.727686144
10.727686144
10.727686144
10.719952896
10.719952896
10.720034816
10.720034816
10.720641024
10.720641024
10.723770368
10.723770368
10.723459072
10.723459072
10.723639296
10.723639296
10.723590144
10.723590144
10.723590144
10.73209344
10.73209344
10.732224512
10.732224512
10.761043968
10.761043968
10.753671168
10.753671168
10.75134464
10.75134464
10.751279104
10.751279104
10.751279104
10.7413504
10.7413504
10.738188288
10.738188288
10.737532928
10.737532928
10.734977024
10.734977024
10.732060672
10.732060672
10.732060672
10.732060672
10.730684416
10.730684416
10.728587264
10.728587264
10.731077632
10.731077632
10.731077632
10.726785024
10.726785024
10.726588416
10.726588416
10.72586752
10.72586752
10.72611328
10.72611328
10.719952896
10.719952896
10.719952896
10.719952896
10.719952896
10.719952896
10.756308992
10.756308992
10.756308992
10.756374528
10.756374528
10.73569792
10.73569792
10.73938432
10.73938432
10.734108672
10.734108672
10.729603072
10.729603072
10.72963584
10.72963584
10.729750528
10.729750528
10.727129088
10.727129088
10.725736448
10.725736448
10.728423424
10.728423424
10.725769216
10.725769216
10.72586752
10.72586752
10.725851136
10.725851136
10.72726016
10.72726016
10.725801984
10.725801984
10.718625792
10.718625792
10.720428032
10.720428032
10.719444992
10.719444992
10.719444992
10.719444992
10.71693824
10.71693824
10.716954624
10.716954624
10.718642176
10.718642176
10.718642176
10.718642176
10.713120768
10.713120768
10.714447872
10.714447872
10.714447872
10.714447872
10.714447872
10.714447872
10.714447872
10.714447872
10.711302144
10.711302144
10.70964736
10.70964736
10.709581824
10.709581824
10.709712896
10.709712896
10.70923776
10.70923776
10.70096384
10.70096384
10.700013568
10.700013568
10.700013568
10.700013568
10.700013568
10.700013568
10.700013568
10.700013568
10.703699968
10.703699968
10.706747392
10.706747392
10.70678016
10.70678016
10.70678016
10.70678016
10.70678016
10.70678016
10.724540416
10.724540416
10.718150656
10.718150656
10.718150656
10.71546368
10.71546368
10.71546368
10.706518016
10.706518016
10.708762624
10.708762624
10.708058112
10.708058112
10.709598208
10.709598208
10.709909504
10.709909504
10.708959232
10.708959232
10.70809088
10.70809088
10.708074496
10.708074496
10.708058112
10.708058112
10.708533248
10.708533248
10.708533248
10.708533248
10.709909504
10.709909504
10.70997504
10.70997504
10.70956544
10.70956544
10.709467136
10.709467136
10.710351872
10.710351872
10.710597632
10.710597632
10.710433792
10.710433792
10.710040576
10.710040576
10.710040576
10.710040576
10.709909504
10.709909504
10.7098112
10.7098112
10.709336064
10.709336064
10.710253568
10.710253568
10.711318528
10.711318528
10.71128576
10.71128576
10.710777856
10.710777856
10.711351296
10.711351296
10.71128576
10.71128576
10.71112192
10.71112192
10.711465984
10.711465984
10.711547904
10.711547904
10.711482368
10.711482368
10.715987968
10.715987968
10.716807168
10.716807168
10.717364224
10.717364224
10.717528064
10.717528064
10.713088
10.713088
10.713382912
10.713382912
10.713382912
10.713382912
10.713382912
10.713382912
10.713382912
10.717085696
10.717085696
10.717200384
10.717200384
10.712711168
10.712711168
10.709778432
10.709778432
10.716708864
10.716708864
10.71579136
10.71579136
10.71579136
10.715824128
10.715824128
10.715824128
10.715824128
10.715824128
10.715824128
10.741579776
10.741579776
10.741563392
10.741563392
10.741563392
10.741563392
10.741563392
10.741563392
10.741563392
10.741563392
10.743037952
10.743037952
10.718887936
10.718887936
10.718642176
10.718642176
10.689462272
10.689462272
10.713055232
10.713055232
10.72111616
10.72111616
10.719903744
10.719903744
10.719936512
10.719936512
10.719952896
10.719952896
10.720919552
10.720919552
10.72062464
10.72062464
10.716004352
10.716004352
10.716004352
10.716004352
10.716004352
10.716004352
10.716004352
10.716004352
10.7163648
10.7163648
10.716250112
10.716250112
10.735222784
10.735222784
10.73840128
10.73840128
10.737680384
10.737680384
10.736697344
10.736697344
10.736697344
10.735648768
10.735648768
10.726375424
10.726375424
10.726424576
10.726424576
10.73364992
10.73364992
10.73381376
10.73381376
10.760208384
10.760208384
10.770710528
10.770710528
10.773315584
10.773315584
10.773315584
10.767138816
10.767138816
10.767220736
10.767220736
10.766958592
10.766958592
10.766811136
10.766811136
10.765778944
10.765778944
10.777116672
10.777116672
10.775330816
10.775330816
10.774003712
10.774003712
10.766237696
10.766237696
10.7659264
10.7659264
10.766057472
10.766057472
10.766385152
10.766385152
10.760716288
10.760716288
10.756554752
10.756554752
10.7556864
10.7556864
10.764107776
10.764107776
10.768728064
10.768728064
10.768728064
10.768891904
10.768891904
10.768908288
10.768908288
10.763698176
10.763698176
10.764058624
10.764058624
10.759798784
10.759798784
10.759733248
10.759733248
10.759766016
10.759766016
10.759880704
10.759880704
10.759684096
10.759684096
10.759503872
10.759503872
10.758864896
10.758864896
10.759159808
10.759159808
10.759159808
10.759159808
10.759159808
10.759159808
10.730586112
10.730586112
10.740465664
10.740465664
10.746855424
10.746855424
10.746871808
10.746871808
10.746953728
10.746953728
10.755997696
10.755997696
10.7577344
10.7577344
10.757947392
10.757947392
10.763501568
10.763501568
10.763780096
10.763780096
10.76371456
10.76371456
10.764353536
10.764353536
10.737025024
10.737025024
10.726752256
10.726752256
10.723131392
10.723131392
10.722213888
10.722213888
10.744840192
10.744840192
10.758438912
10.758438912
10.75871744
10.75871744
10.758864896
10.758864896
10.759651328
10.759651328
10.759831552
10.759831552
10.759798784
10.759798784
10.759716864
10.759716864
10.759716864
10.748198912
10.748198912
10.748198912
10.748198912
10.748198912
10.748198912
10.748198912
10.73242112
10.73242112
10.749820928
10.749820928
10.758914048
10.758914048
10.759159808
10.759159808
10.760388608
10.760388608
10.760798208
10.760798208
10.761043968
10.761043968
10.761551872
10.761551872
10.780622848
10.780622848
10.780033024
10.780033024
10.780131328
10.780131328
10.780131328
10.780311552
10.780311552
10.780377088
10.780377088
10.77723136
10.77723136
10.777116672
10.777116672
10.775232512
10.775232512
10.773807104
10.773807104
10.767745024
10.767745024
10.767745024
10.768023552
10.768023552
10.770317312
10.770317312
10.770120704
10.770120704
10.770055168
10.770055168
10.773938176
10.773938176
10.773004288
10.773004288
10.772987904
10.772987904
10.772267008
10.772267008
10.772283392
10.772283392
10.772168704
10.772168704
10.767515648
10.767515648
10.767433728
10.767433728
10.767122432
10.767122432
10.764894208
10.764894208
10.764763136
10.764763136
10.765156352
10.765156352
10.765156352
10.765156352
10.769842176
10.769842176
10.769809408
10.769809408
10.769793024
10.769793024
10.769793024
10.769793024
10.768318464
10.768318464
10.7679744
10.7679744
10.918117376
10.918117376
10.918117376
10.918117376
10.918117376
10.880729088
10.880729088
11.008999424
11.008999424
11.008999424
11.02389248
11.02389248
11.016634368
11.016634368
11.01570048
11.01570048
11.007967232
10.993631232
10.993631232
11.008786432
11.008786432
11.00808192
11.00808192
11.00808192
11.00808192
11.00808192
11.00808192
11.00808192
11.00808192
11.00808192
10.93705728
10.93705728
10.93705728
10.93705728
10.93705728
10.93705728
10.93705728
10.93705728
10.938466304
10.938466304
10.93804032
10.93804032
10.933469184
10.933469184
10.933469184
10.933469184
10.874044416
10.874044416
10.874044416
10.874044416
10.932256768
10.932256768
10.960633856
10.960633856
10.960633856
10.989879296
10.989879296
11.057446912
11.057446912
11.004166144
11.004166144
11.004166144
11.004166144
11.004166144
11.004166144
11.004166144
11.019681792
11.019681792
11.019927552
11.019927552
11.01963264
11.01963264
11.003101184
11.003101184
10.993188864
10.993188864
10.993467392
10.993467392
10.981851136
10.981851136
10.980245504
10.980245504
10.980245504
10.980245504
10.980245504
10.980245504
10.918608896
10.918608896
10.925277184
10.925277184
10.920493056
10.920493056
10.92313088
10.92313088
10.92313088
10.92313088
10.89953792
10.89953792
10.897047552
10.897047552
10.89363968
10.89363968
10.88774144
10.88774144
10.884579328
10.884579328
10.91878912
10.91878912
10.898276352
10.898276352
10.898276352
10.893099008
10.893099008
10.892836864
10.892836864
10.861412352
10.861412352
10.86308352
10.86308352
10.886807552
10.886807552
10.883842048
10.883842048
10.883842048
10.883842048
10.885300224
10.885300224
10.885464064
10.885464064
10.882301952
10.882301952
10.881662976
10.881662976
10.881662976
10.881662976
10.86906368
10.86906368
10.871209984
10.871209984
10.881007616
10.881007616
10.879991808
10.879991808
10.880565248
10.880565248
10.879975424
10.879975424
10.864787456
10.864787456
10.846715904
10.846715904
10.845667328
10.845667328
10.845667328
10.845667328
10.843635712
10.843635712
10.83826176
10.83826176
10.839130112
10.839130112
10.82228736
10.82228736
10.82228736
10.82228736
10.84841984
10.84841984
10.849189888
10.849189888
10.85456384
10.85456384
10.86439424
10.86439424
10.869014528
10.869014528
10.869161984
10.869161984
10.869161984
10.869161984
10.869161984
10.869161984
10.869161984
10.869161984
10.87029248
10.87029248
10.867474432
10.867474432
10.90658304
10.90658304
10.90912256
10.90912256
10.90912256
10.90912256
10.934255616
10.934255616
10.928095232
10.928095232
10.928095232
10.928095232
10.928095232
10.928095232
10.928095232
10.928095232
10.928095232
10.920083456
10.920083456
10.918985728
10.918985728
10.918985728
10.918985728
10.918985728
10.918985728
10.918985728
10.918985728
10.91313664
10.91313664
10.913267712
10.913267712
10.913267712
10.913267712
10.913267712
10.913267712
10.913267712
10.913267712
10.91182592
10.91182592
10.91796992
10.91796992
10.925375488
10.925375488
10.938630144
10.938630144
10.93894144
10.93894144
10.937253888
10.937253888
10.937253888
10.937253888
10.937253888
10.921558016
10.921558016
10.921558016
10.929455104
10.929455104
10.93238784
10.93238784
10.93238784
10.93238784
10.93238784
10.931109888
10.931109888
10.929946624
10.929946624
10.926030848
10.926030848
10.926030848
10.926030848
10.926030848
10.926030848
10.92378624
10.92378624
10.939826176
10.939826176
10.953801728
10.953801728
10.953801728
10.953801728
10.953801728
10.953801728
10.953801728
10.958569472
10.958569472
10.908942336
10.908942336
10.905878528
10.905878528
10.905878528
10.908073984
10.908073984
10.917576704
10.917576704
10.905403392
10.905403392
10.947723264
10.947723264
10.947723264
10.947723264
10.947723264
10.947723264
10.947723264
11.021729792
11.021729792
10.953293824
10.953293824
10.953293824
10.953293824
10.953293824
10.953293824
10.955882496
10.955882496
10.955882496
10.955620352
10.955620352
10.9551616
10.9551616
10.954375168
10.954375168
10.94361088
10.94361088
10.948968448
10.948968448
10.948968448
10.932568064
10.932568064
10.93214208
10.93214208
10.93214208
10.93214208
10.926014464
10.926014464
10.92706304
10.92706304
10.912874496
10.912874496
10.912874496
10.912874496
10.912874496
10.910056448
10.910056448
10.894344192
10.894344192
10.889887744
10.889887744
10.8306432
10.8306432
10.873765888
10.873765888
10.869161984
10.869161984
10.867867648
10.867867648
10.865115136
10.865115136
10.865246208
10.865246208
10.872979456
10.872979456
10.872029184
10.872029184
10.969300992
10.969300992
10.9391872
10.9391872
10.934009856
10.874814464
10.874814464
10.874814464
10.880991232
10.880991232
10.881007616
10.881007616
10.879451136
10.879451136
10.879451136
10.883842048
10.883842048
10.886479872
10.886479872
10.856726528
10.856726528
10.855645184
10.855645184
10.854678528
10.854678528
10.816897024
10.816897024
10.816864256
10.816864256
10.80262656
10.80262656
10.799366144
10.799366144
10.799808512
10.799808512
10.787241984
10.787241984
10.797056
10.797056
10.797105152
10.797105152
10.806165504
10.806165504
10.812309504
10.812309504
10.809344
10.809344
10.809344
10.809344
10.809344
10.809344
10.809344
10.809344
10.809344
10.803101696
10.803101696
10.803150848
10.803150848
10.808098816
10.808098816
10.81401344
10.81401344
10.813915136
10.813915136
10.814226432
10.814226432
10.814406656
10.814406656
10.816372736
10.816372736
10.816258048
10.816258048
10.81622528
10.81622528
10.816372736
10.816372736
10.816520192
10.816520192
10.816520192
10.816520192
10.816520192
10.816520192
10.816520192
10.816520192
10.821271552
10.821271552
10.820796416
10.820796416
10.820960256
10.820960256
10.819108864
10.819108864
10.819026944
10.819026944
10.81769984
10.81769984
10.818158592
10.818158592
10.818125824
10.818125824
10.818125824
10.818125824
10.818125824
10.818125824
10.817323008
10.817323008
10.81827328
10.81827328
10.816028672
10.816028672
10.816651264
10.816651264
10.816651264
10.816651264
10.815471616
10.815471616
10.813882368
10.813882368
10.813882368
10.813882368
10.813882368
10.813882368
10.813882368
10.813882368
10.809638912
10.809638912
10.809491456
10.809491456
10.814078976
10.814078976
10.813980672
10.813980672
10.813980672
10.813980672
10.813980672
10.816569344
10.816569344
10.81663488
10.81663488
10.81581568
10.81581568
10.795597824
10.795597824
10.79574528
10.79574528
10.810359808
10.810359808
10.810425344
10.810425344
10.814947328
10.814947328
10.813554688
10.813554688
10.814947328
10.814947328
10.815094784
10.815094784
10.8150784
10.8150784
10.813898752
10.813898752
10.812981248
10.812981248
10.812932096
10.812932096
10.812669952
10.812669952
10.815209472
10.815209472
10.761207808
10.761207808
10.761437184
10.761437184
10.7401216
10.7401216
10.739007488
10.739007488
10.737893376
10.737893376
10.73831936
10.73831936
10.738925568
10.738925568
10.738925568
10.738253824
10.738253824
10.738581504
10.738581504
10.738712576
10.738712576
10.738712576
10.738712576
10.741170176
10.741170176
10.740989952
10.740989952
10.731290624
10.731290624
10.731290624
10.731290624
10.731290624
10.731290624
10.731290624
10.731290624
10.741743616
10.741743616
10.740105216
10.740105216
10.735337472
10.735337472
10.733568
10.733568
10.732355584
10.732355584
10.732109824
10.732109824
10.7401216
10.7401216
10.7401216
10.7401216
10.7401216
10.7401216
10.7401216
10.7401216
10.745987072
10.745987072
10.745987072
10.745987072
10.745987072
10.745987072
10.745987072
10.745987072
10.745987072
10.745987072
10.609557504
10.609557504
10.611392512
10.611392512
10.611392512
