47.47
75.68
64.17
62.62
62.62
64.81
62.59
62.59
71.11
68.27
65.28
71.43
76.75
77.60
77.60
77.60
53.89
53.89
53.89
54.34
54.34
48.73
50.00
50.00
50.00
50.00
50.00
47.89
47.89
43.70
43.70
45.14
45.14
45.14
42.43
42.43
33.15
33.15
32.50
32.50
32.50
32.17
32.17
27.84
27.84
34.44
34.44
37.42
37.42
46.93
52.31
52.31
52.31
52.31
48.15
50.00
50.00
50.00
50.00
53.57
53.57
50.00
50.00
50.00
50.00
50.00
50.00
50.00
50.00
40.75
40.75
39.70
39.70
30.50
30.50
30.50
33.46
33.46
26.80
26.80
36.24
36.24
29.56
29.56
30.36
30.36
42.25
42.25
35.31
35.31
41.58
41.58
49.14
49.14
50.00
50.00
39.70
39.70
37.47
37.47
42.80
42.80
27.36
27.36
37.12
37.12
30.94
30.94
28.64
28.64
28.84
28.84
35.96
35.96
47.41
47.41
48.41
48.41
48.91
48.91
44.58
44.58
44.58
41.91
41.91
36.10
36.10
35.64
35.64
39.64
39.64
36.07
36.07
32.25
32.25
26.67
26.67
28.30
28.30
29.55
29.55
30.58
30.58
30.22
30.22
34.02
34.02
28.73
28.73
27.55
27.55
28.57
28.57
35.72
35.72
26.16
26.16
52.89
52.89
49.55
49.55
46.21
46.21
30.65
30.65
30.65
30.20
30.20
26.36
26.36
25.16
25.16
27.09
27.09
28.46
28.46
33.17
33.17
31.60
31.60
24.74
24.74
27.93
27.93
27.12
27.12
27.55
27.55
30.14
30.14
50.58
50.58
46.61
46.61
42.45
42.45
42.17
42.17
50.00
50.00
42.84
42.84
47.08
47.08
47.08
46.89
46.89
40.83
40.83
38.57
38.57
43.99
43.99
42.88
42.88
36.26
36.26
48.43
48.43
39.67
39.67
45.18
45.18
34.33
34.33
34.33
43.10
43.10
34.47
34.47
24.71
24.71
37.94
37.94
44.71
53.85
53.85
53.85
50.00
50.00
51.72
51.72
51.34
51.34
50.00
50.00
50.00
50.00
50.00
50.00
50.00
50.00
50.00
50.00
50.00
50.00
50.00
50.00
50.00
50.00
50.00
50.81
50.81
50.81
50.81
50.81
48.09
48.09
47.76
47.76
45.74
45.74
47.67
47.67
48.96
48.96
46.15
46.15
42.71
42.71
47.73
47.73
44.11
44.11
41.59
41.59
42.88
42.88
42.85
42.85
42.85
43.29
43.29
37.91
37.91
47.70
47.70
47.70
48.00
48.00
49.00
49.00
50.00
50.00
50.00
50.00
49.46
49.46
50.00
50.00
49.48
49.48
49.46
49.46
45.87
45.87
41.34
41.34
47.73
47.73
39.28
39.28
42.19
42.19
40.87
40.87
50.00
50.00
50.00
50.00
50.00
49.52
50.00
50.00
58.36
75.05
75.05
75.05
49.06
49.06
44.68
44.68
36.27
36.27
35.61
35.61
52.33
52.33
39.81
39.81
34.50
34.50
31.78
31.78
32.96
32.96
25.99
25.99
30.07
30.07
27.67
27.67
28.59
28.59
31.94
31.94
31.79
31.79
48.73
48.73
42.33
42.33
50.00
50.00
50.00
50.00
52.55
52.55
62.27
62.27
62.27
48.36
48.36
50.00
50.00
48.66
48.66
50.00
50.00
42.80
42.80
44.42
44.42
42.79
42.79
44.89
44.89
40.10
40.10
39.35
39.35
33.56
33.56
37.80
37.80
33.63
33.63
33.75
33.75
35.93
35.93
35.33
35.33
38.08
38.08
45.15
45.15
41.77
41.77
44.67
44.67
43.06
43.06
37.50
52.17
52.17
52.17
65.07
65.07
52.94
52.94
43.24
43.24
45.40
45.40
42.22
42.22
40.15
40.15
44.52
44.52
47.23
47.23
43.03
43.03
46.48
46.48
44.72
44.72
44.55
44.55
40.90
40.90
39.56
39.56
41.84
41.84
53.33
53.33
67.63
67.63
55.02
55.02
55.02
51.90
51.90
51.90
43.79
43.79
37.10
37.10
40.38
40.38
36.55
36.55
39.02
39.02
43.51
43.51
38.62
38.62
43.98
43.98
42.20
42.20
46.45
46.45
33.76
33.76
38.70
38.70
46.12
46.12
45.92
45.92
45.92
45.40
45.40
44.87
44.87
40.84
40.84
45.55
45.55
47.40
47.40
41.03
41.03
29.13
29.13
29.13
31.92
31.92
36.27
36.27
31.16
31.16
33.69
33.69
30.20
30.20
32.99
32.99
27.77
27.77
29.98
29.98
31.55
31.55
45.94
45.94
29.73
29.73
35.43
35.43
36.52
44.65
44.65
48.28
57.26
57.26
58.51
58.51
49.46
47.62
50.00
50.00
50.00
50.00
50.00
50.00
50.00
39.86
39.86
38.60
38.60
38.26
38.26
41.25
41.25
41.25
37.22
37.22
33.66
33.66
40.03
40.03
33.25
33.25
22.70
22.70
25.74
25.74
25.23
25.23
25.36
25.36
20.91
20.91
22.38
22.38
41.48
41.48
50.00
50.00
31.89
31.89
31.89
24.71
24.71
22.86
22.86
25.05
25.05
22.16
22.16
18.53
18.53
24.96
24.96
23.59
23.59
20.54
20.54
23.82
23.82
23.30
23.30
24.93
24.93
24.54
24.54
20.70
20.70
20.54
20.54
20.05
20.05
23.54
23.54
29.41
29.41
24.38
24.38
35.09
35.09
41.95
41.95
40.77
40.77
27.38
27.38
27.38
24.83
24.83
27.49
27.49
26.28
26.28
24.53
24.53
21.92
21.92
21.53
21.53
20.27
20.27
21.85
21.85
17.61
17.61
22.06
22.06
26.07
26.07
24.92
24.92
21.65
21.65
20.08
20.08
21.73
21.73
22.75
22.75
26.48
26.48
21.37
21.37
26.24
26.24
23.89
23.89
20.55
20.55
19.57
19.57
20.75
20.75
20.75
20.75
24.51
24.51
24.68
24.68
25.84
25.84
21.90
21.90
22.68
22.68
28.45
28.45
25.65
25.65
22.27
22.27
19.05
19.05
23.63
23.63
28.80
28.80
27.17
27.17
22.92
22.92
20.89
20.89
21.62
21.62
22.53
22.53
29.80
29.80
28.06
28.06
24.51
24.51
30.16
30.16
24.75
24.75
26.47
26.47
23.44
23.44
20.73
20.73
22.85
22.85
23.05
23.05
24.63
24.63
28.32
28.32
21.52
21.52
21.63
21.63
23.42
23.42
23.87
23.87
28.95
28.95
24.28
24.28
26.53
26.53
24.63
24.63
23.62
23.62
26.76
26.76
19.83
19.83
23.01
23.01
19.10
19.10
29.53
29.53
30.88
30.88
26.41
26.41
27.46
27.46
24.33
24.33
22.83
22.83
22.47
22.47
20.38
20.38
20.83
20.83
25.86
25.86
24.08
24.08
19.81
19.81
21.41
21.41
20.56
20.56
26.18
26.18
24.66
24.66
23.43
23.43
23.94
23.94
26.41
26.41
21.92
21.92
23.90
23.90
31.15
31.15
35.62
35.62
35.58
35.58
29.54
29.54
29.54
31.31
31.31
35.07
35.07
23.62
23.62
22.40
22.40
23.71
23.71
23.34
23.34
28.85
28.85
24.60
24.60
28.00
28.00
27.97
27.97
26.02
26.02
24.80
24.80
25.63
25.63
28.02
28.02
30.22
30.22
30.78
30.78
31.02
31.02
27.26
27.26
31.24
31.24
32.84
32.84
25.27
25.27
21.10
21.10
23.22
23.22
26.51
26.51
25.52
25.52
25.77
25.77
21.41
21.41
21.02
21.02
19.35
19.35
22.06
22.06
23.86
23.86
25.20
25.20
26.68
26.68
22.51
22.51
22.26
22.26
21.59
21.59
23.20
23.20
27.80
27.80
22.67
22.67
27.31
27.31
23.72
23.72
20.93
20.93
22.58
22.58
20.59
20.59
26.39
26.39
23.21
23.21
22.92
22.92
23.11
23.11
29.79
29.79
25.69
25.69
26.53
26.53
42.38
42.38
45.01
45.01
37.80
37.80
30.13
30.13
30.13
28.84
28.84
29.16
29.16
25.23
25.23
39.39
39.39
47.15
47.15
31.16
31.16
31.16
23.94
23.94
24.23
24.23
41.85
41.85
32.25
32.25
26.44
26.44
26.44
21.51
21.51
23.81
23.81
20.46
20.46
24.30
24.30
26.97
26.97
32.90
32.90
19.89
19.89
20.37
20.37
27.40
27.40
22.71
22.71
24.10
24.10
32.36
32.36
26.73
26.73
22.74
22.74
25.35
25.35
36.21
36.21
29.53
29.53
34.88
34.88
37.92
37.92
27.65
27.65
27.65
26.32
26.32
26.78
26.78
42.78
42.78
23.30
23.30
20.81
20.81
24.32
24.32
24.69
24.69
24.86
24.86
25.77
25.77
23.30
23.30
23.74
23.74
30.69
30.69
21.04
21.04
22.19
22.19
21.35
21.35
25.17
25.17
29.55
29.55
25.86
25.86
24.78
24.78
26.40
26.40
30.46
30.46
26.09
26.09
23.73
23.73
27.57
27.57
28.51
28.51
27.40
27.40
22.60
22.60
23.08
23.08
25.54
25.54
24.84
24.84
26.68
26.68
27.77
27.77
34.48
34.48
43.67
43.67
43.61
43.61
30.19
30.19
30.19
24.50
24.50
25.09
25.09
66.12
66.12
55.38
55.38
50.00
50.00
50.00
50.00
50.00
50.00
41.66
41.66
43.05
43.05
36.37
36.37
36.37
40.07
40.07
31.63
31.63
26.33
26.33
22.09
22.09
22.70
22.70
21.97
21.97
20.27
20.27
35.15
35.15
47.73
47.73
39.28
39.28
34.69
34.69
38.33
38.33
37.81
37.81
34.94
34.94
34.94
24.85
24.85
25.72
25.72
39.66
39.66
45.87
45.87
48.39
48.39
28.96
28.96
28.96
21.72
21.72
31.44
31.44
39.50
39.50
31.77
31.77
37.31
37.31
29.21
29.21
22.35
22.35
37.94
37.94
28.04
28.04
28.04
22.14
22.14
32.63
32.63
30.14
30.14
24.43
24.43
22.76
22.76
25.49
25.49
43.92
43.92
54.10
54.10
50.00
50.00
50.00
50.00
50.00
50.00
49.43
49.43
44.52
44.52
37.38
37.38
30.09
30.09
30.09
52.98
52.98
50.00
50.00
50.00
50.00
50.00
50.00
50.00
50.00
45.09
45.09
49.46
49.46
24.51
24.51
24.51
25.99
25.99
26.43
26.43
24.87
24.87
26.66
26.66
25.16
25.16
20.83
20.83
21.65
21.65
24.90
24.90
23.28
23.28
23.94
23.94
28.50
28.50
47.74
47.74
42.42
42.42
35.07
35.07
35.07
24.82
24.82
22.59
22.59
20.67
20.67
26.47
26.47
31.52
31.52
28.53
28.53
23.08
23.08
23.21
23.21
27.62
27.62
24.36
24.36
27.10
27.10
37.15
37.15
48.18
48.18
35.23
35.23
25.14
25.14
25.14
23.25
23.25
23.00
23.00
25.30
25.30
22.75
22.75
25.35
25.35
25.17
25.17
21.79
21.79
21.83
21.83
42.96
42.96
41.01
41.01
41.01
41.01
51.34
51.34
49.54
49.54
44.93
44.93
39.80
39.80
52.50
52.50
43.00
43.00
36.54
36.54
32.77
32.77
36.51
36.51
33.61
33.61
37.46
37.46
28.20
28.20
26.57
26.57
25.47
25.47
24.96
24.96
23.59
23.59
33.08
33.08
34.60
34.60
33.18
33.18
30.88
30.88
28.59
28.59
27.16
27.16
28.90
28.90
24.11
24.11
31.68
31.68
32.27
32.27
32.64
32.64
27.98
27.98
27.21
27.21
25.44
25.44
31.00
31.00
31.87
31.87
33.54
33.54
30.15
30.15
30.27
30.27
27.31
27.31
25.62
25.62
25.20
25.20
23.76
23.76
29.99
29.99
30.36
30.36
36.27
36.27
47.21
47.21
46.12
46.12
37.77
37.77
31.95
31.95
31.71
31.71
43.51
43.51
45.07
45.07
42.69
42.69
40.23
40.23
50.00
48.53
48.53
69.32
73.44
73.44
50.00
50.00
50.00
47.73
47.73
47.22
47.22
49.70
53.63
53.63
53.63
54.94
54.94
54.94
45.77
45.77
31.05
31.05
31.05
23.56
23.56
32.74
32.74
28.46
28.46
23.35
23.35
23.81
23.81
22.90
22.90
27.97
27.97
23.83
23.83
30.50
30.50
31.91
31.91
34.70
34.70
28.53
28.53
32.18
32.18
37.06
37.06
32.89
32.89
32.90
32.90
35.32
35.32
36.28
36.28
35.56
35.56
33.70
33.70
31.42
31.42
31.32
31.32
31.90
31.90
31.58
31.58
34.69
34.69
33.23
33.23
41.27
41.27
47.34
47.34
30.38
30.38
30.38
29.93
29.93
25.73
25.73
29.98
29.98
32.62
32.62
28.51
28.51
24.27
24.27
24.05
24.05
25.95
25.95
26.02
26.02
34.25
34.25
33.35
33.35
39.79
39.79
34.42
34.42
29.11
29.11
29.11
23.94
23.94
30.01
30.01
32.34
32.34
28.88
28.88
32.23
32.23
35.19
35.19
31.47
31.47
33.93
33.93
30.46
30.46
33.55
33.55
29.34
29.34
26.54
26.54
24.03
24.03
30.02
30.02
26.23
26.23
30.09
30.09
31.00
31.00
25.18
25.18
25.46
25.46
33.45
33.45
21.37
21.37
27.24
27.24
27.92
27.92
24.83
24.83
28.80
28.80
29.11
29.11
32.79
32.79
28.50
28.50
31.99
31.99
31.48
31.48
28.28
28.28
27.30
27.30
24.26
24.26
26.44
26.44
25.96
25.96
25.96
25.96
26.36
26.36
35.51
35.51
32.28
32.28
22.65
22.65
23.64
23.64
26.30
26.30
25.11
25.11
25.22
25.22
29.08
29.08
26.13
26.13
25.54
25.54
23.11
23.11
34.42
34.42
33.65
33.65
39.25
39.25
32.42
32.42
30.71
30.71
30.71
23.03
23.03
23.28
23.28
22.40
22.40
28.71
28.71
22.33
22.33
24.14
24.14
24.03
24.03
26.48
26.48
25.03
25.03
23.73
23.73
25.79
25.79
24.77
24.77
27.22
27.22
25.03
25.03
27.65
27.65
26.09
26.09
28.07
28.07
24.78
24.78
25.45
25.45
24.04
24.04
27.45
27.45
32.32
32.32
27.20
27.20
30.66
30.66
27.42
27.42
28.54
28.54
22.75
22.75
24.61
24.61
29.90
29.90
31.18
31.18
23.20
23.20
25.32
25.32
26.06
26.06
24.76
24.76
20.75
20.75
23.11
23.11
21.92
21.92
20.45
20.45
22.48
22.48
25.36
25.36
29.73
29.73
25.79
25.79
23.57
23.57
24.19
24.19
23.60
23.60
29.98
29.98
32.21
32.21
29.20
29.20
32.93
32.93
25.14
25.14
25.17
25.17
23.17
23.17
24.02
24.02
24.54
24.54
24.91
24.91
25.44
25.44
27.35
27.35
23.82
23.82
24.59
24.59
28.51
28.51
23.76
23.76
24.34
24.34
24.85
24.85
29.55
29.55
27.65
27.65
22.58
22.58
27.17
27.17
32.71
32.71
29.20
29.20
30.22
30.22
23.69
23.69
30.65
30.65
26.00
26.00
25.79
25.79
24.32
24.32
29.51
29.51
32.29
32.29
38.74
38.74
25.14
25.14
25.14
24.54
24.54
26.40
26.40
27.01
27.01
22.86
22.86
23.63
23.63
22.16
22.16
22.19
22.19
25.31
25.31
30.97
30.97
23.00
23.00
21.65
21.65
23.81
23.81
29.37
29.37
24.26
24.26
23.69
23.69
29.76
29.76
26.06
26.06
23.00
23.00
22.17
22.17
27.62
27.62
26.91
26.91
21.95
21.95
22.98
22.98
28.45
28.45
26.79
26.79
24.27
24.27
20.43
20.43
22.52
22.52
20.64
20.64
17.89
17.89
21.00
21.00
19.73
19.73
20.06
20.06
19.97
19.97
19.43
19.43
23.06
23.06
23.23
23.23
22.75
22.75
22.94
22.94
30.43
30.43
22.52
22.52
19.94
19.94
21.89
21.89
21.77
21.77
20.73
20.73
27.06
27.06
19.91
19.91
20.59
20.59
23.22
23.22
19.10
19.10
26.44
26.44
22.39
22.39
19.78
19.78
23.78
23.78
24.69
24.69
22.59
22.59
23.30
23.30
20.51
20.51
28.81
28.81
28.81
