10.98686464
10.979278848
11.013439488
10.988044288
10.988044288
10.995646464
10.947674112
10.947674112
10.951524352
10.9969408
10.87700992
10.894999552
10.907467776
10.907041792
10.907041792
10.907041792
10.883137536
10.883137536
10.883137536
10.96548352
10.96548352
10.95991296
10.954276864
10.954276864
10.954276864
10.960060416
10.960060416
10.966204416
10.966204416
10.947641344
10.947641344
10.896818176
10.896818176
10.896818176
10.894934016
10.894934016
10.89503232
10.89503232
10.89396736
10.89396736
10.89396736
10.893901824
10.893901824
10.893901824
10.893901824
10.893901824
10.893901824
10.89757184
10.89757184
10.847076352
10.925326336
10.925326336
10.925326336
10.925326336
10.946101248
10.920247296
10.920247296
10.920247296
10.920247296
10.920247296
10.920247296
10.85136896
10.85136896
10.843701248
10.843701248
10.840096768
10.840096768
10.839965696
10.839965696
10.832953344
10.832953344
10.834804736
10.834804736
10.822680576
10.822680576
10.822680576
10.822680576
10.822680576
10.822680576
10.822680576
10.822680576
10.822680576
10.799316992
10.799316992
10.799251456
10.799251456
10.799251456
10.799251456
10.799251456
10.799251456
10.799251456
10.799251456
10.822647808
10.822647808
10.836934656
10.836934656
10.832150528
10.832150528
10.832297984
10.832297984
10.808590336
10.808590336
10.80410112
10.80410112
10.804445184
10.804445184
10.804445184
10.804445184
10.804445184
10.804445184
10.804445184
10.804445184
10.8048384
10.8048384
10.7892736
10.7892736
10.782179328
10.782179328
10.785488896
10.785488896
10.785390592
10.785390592
10.785390592
10.78755328
10.78755328
10.788257792
10.788257792
10.818142208
10.818142208
10.81827328
10.81827328
10.81778176
10.81778176
10.819551232
10.819551232
10.819796992
10.819796992
10.82294272
10.82294272
10.822893568
10.822893568
10.820255744
10.820255744
10.820255744
10.820255744
10.820255744
10.820255744
10.818781184
10.818781184
10.801823744
10.801823744
10.814570496
10.814570496
10.826170368
10.826170368
10.826596352
10.826596352
10.831446016
10.831446016
10.831855616
10.831855616
10.831855616
10.831855616
10.831855616
10.831855616
10.831855616
10.832789504
10.832789504
10.833313792
10.833313792
10.8347392
10.8347392
10.855530496
10.855530496
10.8556288
10.8556288
10.8486656
10.8486656
10.84899328
10.84899328
10.848534528
10.848534528
10.848288768
10.848288768
10.847731712
10.847731712
10.84850176
10.84850176
10.848370688
10.848370688
10.866835456
10.866835456
10.882973696
10.882973696
10.882973696
10.882973696
10.8867584
10.8867584
10.886086656
10.886086656
10.887610368
10.887610368
10.83367424
10.83367424
10.83367424
10.836164608
10.836164608
10.833559552
10.833559552
10.829971456
10.829971456
10.82155008
10.82155008
10.814881792
10.814881792
10.815209472
10.815209472
10.816651264
10.816651264
10.857250816
10.857250816
10.876141568
10.876141568
10.876141568
10.876141568
10.876141568
10.876141568
10.876141568
10.870816768
10.870816768
10.870996992
10.870996992
10.870685696
10.870685696
10.870685696
11.006263296
11.006263296
11.006263296
10.995613696
10.995613696
10.995613696
10.995613696
10.995613696
10.995613696
11.060854784
11.060854784
11.054678016
11.054678016
11.000283136
11.000283136
10.972889088
10.972889088
10.972889088
10.972889088
10.91796992
10.91796992
10.92583424
10.92583424
10.920706048
10.920706048
10.930405376
10.936696832
10.936696832
10.936696832
10.936696832
10.936696832
10.94377472
10.94377472
10.923032576
10.923032576
10.920722432
10.920722432
10.920935424
10.920935424
10.888527872
10.888527872
10.887380992
10.887380992
10.880761856
10.880761856
10.875486208
10.875486208
10.871455744
10.871455744
10.87111168
10.87111168
10.870915072
10.870915072
10.867621888
10.867621888
10.867621888
10.847240192
10.847240192
10.846519296
10.846519296
10.823892992
10.823892992
10.823892992
10.82384384
10.82384384
10.825367552
10.825367552
10.84317696
10.84317696
10.847387648
10.847387648
10.859708416
10.859708416
10.874126336
10.874126336
10.87717376
10.87717376
10.876403712
10.876403712
10.874273792
10.874273792
10.876944384
10.876944384
10.876993536
10.876993536
10.86775296
10.86775296
10.86775296
10.86775296
10.86775296
10.86775296
10.86775296
10.86775296
10.86775296
10.96966144
10.96966144
10.960617472
11.025580032
11.025580032
10.978459648
10.902192128
10.902192128
10.902192128
10.880303104
10.880303104
10.8572672
10.8572672
10.850500608
10.850500608
10.840670208
10.840670208
10.830348288
10.830348288
10.809688064
10.809688064
10.842112
10.842112
10.846814208
10.846814208
10.848649216
10.848649216
10.848157696
10.848157696
10.847240192
10.847240192
10.84391424
10.84391424
10.8449792
10.8449792
10.834051072
10.834051072
10.834198528
10.834198528
10.834198528
10.834198528
10.834198528
10.834198528
10.827251712
11.062263808
11.062263808
11.062263808
11.074994176
11.074994176
11.069865984
11.069865984
11.069865984
10.99808768
10.99808768
10.963632128
10.963632128
10.933895168
10.933895168
10.959650816
10.959650816
10.974281728
10.974281728
11.004493824
11.004493824
11.00365824
11.00365824
10.974461952
10.974461952
10.96589312
10.96589312
10.95835648
10.95835648
10.939875328
10.939875328
10.931912704
10.931912704
10.908729344
10.908729344
10.899963904
10.899963904
10.880811008
10.880811008
10.847240192
10.847240192
10.827186176
10.827186176
10.85128704
10.85128704
10.845929472
10.845929472
10.852155392
10.852155392
10.851926016
10.851926016
10.85087744
10.840064
10.840064
10.840064
10.836164608
10.836164608
10.82744832
10.82744832
10.825777152
10.825777152
10.825170944
10.825170944
10.825170944
10.825170944
10.827071488
10.827071488
10.838196224
10.838196224
10.838196224
10.838196224
10.838196224
10.838196224
10.838196224
10.838196224
10.811080704
10.811080704
10.799366144
10.799366144
10.795155456
10.795155456
10.794565632
10.794565632
10.789486592
10.789486592
10.7839488
10.7839488
10.7839488
10.7839488
10.7839488
10.7839488
10.7839488
10.801823744
10.801823744
10.801823744
10.7913216
10.7913216
10.7913216
10.7913216
10.7913216
10.7913216
10.785538048
10.785538048
10.783899648
10.783899648
10.775904256
10.775904256
10.77100544
10.77100544
10.770415616
10.770415616
10.770972672
10.770972672
10.771136512
10.771136512
10.781966336
10.781966336
10.78550528
10.78550528
10.81769984
10.81769984
10.854678528
10.854678528
10.854678528
10.852450304
10.852450304
10.853761024
10.853761024
10.847551488
10.847551488
10.855858176
10.855858176
10.848223232
10.848223232
10.844389376
10.844389376
10.843963392
10.843963392
10.843963392
10.821763072
10.821763072
10.808803328
10.808803328
10.805035008
10.805035008
10.801201152
10.801201152
10.801446912
10.801446912
10.80107008
10.80107008
10.80107008
10.80107008
10.7925504
10.7925504
10.789289984
10.789289984
10.803544064
10.803544064
10.803544064
10.803544064
10.830462976
10.830462976
10.917330944
10.91567616
10.91567616
10.902863872
10.82834944
10.82834944
10.885021696
10.885021696
10.907697152
10.894114816
10.897686528
10.897686528
10.897686528
10.893295616
10.893295616
10.88987136
10.88987136
10.889363456
10.889363456
10.824646656
10.824646656
10.827431936
10.827431936
10.826989568
10.826989568
10.826989568
10.82925056
10.82925056
10.827661312
10.827661312
10.822074368
10.822074368
10.816520192
10.816520192
10.816520192
10.816520192
10.816520192
10.816520192
10.78042624
10.78042624
10.780278784
10.780278784
10.77854208
10.77854208
10.774806528
10.774806528
10.78206464
10.78206464
10.80426496
10.80426496
10.782113792
10.782113792
10.782113792
10.774298624
10.774298624
10.775986176
10.775986176
10.774102016
10.774102016
10.770710528
10.770710528
10.770235392
10.770235392
10.770235392
10.770235392
10.770235392
10.770235392
10.770235392
10.770235392
10.74405376
10.74405376
10.74405376
10.74405376
10.74405376
10.74405376
10.74405376
10.74405376
10.721984512
10.721984512
10.721492992
10.721492992
10.722115584
10.722115584
10.72193536
10.72193536
10.70415872
10.70415872
10.701422592
10.701422592
10.730356736
10.730356736
10.730356736
10.730356736
10.730356736
10.730356736
10.723868672
10.723868672
10.723868672
10.74528256
10.74528256
10.74528256
10.74528256
10.74528256
10.74528256
10.74528256
10.74528256
10.735026176
10.735026176
10.734338048
10.734338048
10.734338048
10.734338048
10.734338048
10.734338048
10.734338048
10.734338048
10.725474304
10.725474304
10.725588992
10.725588992
10.725687296
10.725687296
10.73405952
10.73405952
10.731077632
10.731077632
10.729373696
10.729373696
10.731651072
10.731651072
10.734436352
10.734436352
10.734108672
10.734108672
10.731864064
10.731864064
10.73078272
10.73078272
10.73004544
10.73004544
10.725507072
10.725507072
10.725261312
10.725261312
10.72300032
10.72300032
10.721722368
10.721722368
10.736730112
10.736730112
10.73610752
10.73610752
10.73610752
10.73610752
10.73610752
10.73610752
10.737516544
10.737516544
10.742284288
10.742284288
10.743119872
10.743119872
10.74364416
10.74364416
10.744315904
10.744315904
10.753359872
10.753359872
10.753359872
10.753359872
10.752524288
10.752524288
10.75249152
10.75249152
10.75044352
10.75044352
10.751148032
10.751148032
10.751148032
10.751148032
10.751148032
10.751148032
10.751148032
10.751148032
10.746396672
10.746396672
10.746560512
10.746560512
10.74651136
10.74651136
10.746281984
10.746281984
10.746281984
10.746281984
10.745757696
10.745757696
10.742546432
10.742546432
10.732142592
10.732142592
10.73709056
10.73709056
10.738335744
10.738335744
10.736648192
10.736648192
10.736566272
10.736566272
10.73668096
10.73668096
10.737123328
10.737123328
10.737123328
10.737123328
10.730176512
10.730176512
10.730274816
10.730274816
10.729488384
10.729488384
10.72881664
10.72881664
10.72881664
10.72881664
10.727866368
10.727866368
10.710122496
10.710122496
10.729603072
10.729603072
10.72955392
10.72955392
10.72955392
10.72955392
10.731470848
10.731470848
10.73160192
10.73160192
10.731732992
10.731732992
10.720903168
10.720903168
10.718199808
10.718199808
10.71071232
10.71071232
10.709663744
10.709663744
10.7044864
10.7044864
10.7044864
10.7044864
10.7044864
10.7044864
10.695786496
10.695786496
10.696278016
10.696278016
10.72930816
10.72930816
10.728374272
10.728374272
10.728374272
10.728374272
10.73078272
10.73078272
10.730569728
10.730569728
10.730438656
10.730438656
10.730438656
10.730438656
10.730438656
10.730438656
10.73872896
10.73872896
10.73872896
10.73872896
10.73872896
10.73872896
10.73872896
10.73872896
10.73872896
10.738909184
10.738909184
10.735878144
10.735878144
10.732519424
10.732519424
10.726342656
10.726342656
10.742677504
10.742677504
10.74487296
10.74487296
10.711842816
10.711842816
10.712236032
10.712236032
10.71202304
10.71202304
10.704257024
10.704257024
10.704797696
10.704797696
10.671783936
10.671783936
10.672488448
10.672488448
10.672521216
10.672521216
10.675027968
10.675027968
10.67491328
10.67491328
10.69735936
10.69735936
10.69735936
10.69735936
10.69735936
10.69735936
10.69735936
10.69735936
10.689544192
10.689544192
10.6889216
10.6889216
10.687889408
10.687889408
10.687889408
10.687889408
10.687889408
10.687889408
10.67155456
10.67155456
10.656579584
10.656579584
10.656579584
10.656579584
10.656579584
10.656579584
10.656579584
10.656579584
10.656841728
10.656841728
10.65689088
10.65689088
10.673373184
10.673373184
10.673225728
10.673225728
10.672717824
10.672717824
10.673913856
10.673913856
10.673979392
10.673979392
10.673979392
10.673979392
10.673979392
10.673979392
10.673979392
10.673979392
10.674929664
10.674929664
10.673831936
10.673831936
10.67401216
10.67401216
10.674143232
10.674143232
10.673258496
10.673258496
10.673291264
10.673291264
10.672898048
10.672898048
10.671849472
10.671849472
10.667638784
10.667638784
10.676224
10.676224
10.675847168
10.675847168
10.675929088
10.675929088
10.68539904
10.68539904
10.68539904
10.680516608
10.680516608
10.680598528
10.680598528
10.68064768
10.68064768
10.68081152
10.68081152
10.68081152
10.68081152
10.68081152
10.68081152
10.68081152
10.68023808
10.68023808
10.680008704
10.680008704
10.682056704
10.682056704
10.68204032
10.68204032
10.68613632
10.68613632
10.68613632
10.685661184
10.685661184
10.68531712
10.68531712
10.684973056
10.684973056
10.684973056
10.684973056
10.684973056
10.684973056
10.666016768
10.666016768
10.665181184
10.665181184
10.665508864
10.665508864
10.66532864
10.66532864
10.638262272
10.638262272
10.647453696
10.647453696
10.652499968
10.652499968
10.66221568
10.66221568
10.662248448
10.662248448
10.660184064
10.660184064
10.66049536
10.66049536
10.663886848
10.663886848
10.668490752
10.668490752
10.677436416
10.677436416
10.678042624
10.678042624
10.678042624
10.676256768
10.676256768
10.66811392
10.66811392
10.67073536
10.67073536
10.6696704
10.6696704
10.683482112
10.683482112
10.68392448
10.68392448
10.679025664
10.679025664
10.681090048
10.681090048
10.681106432
10.681106432
10.681106432
10.681106432
10.671996928
10.671996928
10.670374912
10.670374912
10.670620672
10.670620672
10.670669824
10.670669824
10.670669824
10.670669824
10.670276608
10.670276608
10.659807232
10.659807232
10.659872768
10.659872768
10.659872768
10.659872768
10.659872768
10.659872768
10.659545088
10.659545088
10.65934848
10.65934848
10.65934848
10.65934848
10.65934848
10.65934848
10.65934848
10.65934848
10.651041792
10.651041792
10.65107456
10.65107456
10.65107456
10.65107456
10.65107456
10.65107456
10.65107456
10.65107456
10.664968192
10.664968192
10.663231488
10.663231488
10.666573824
10.666573824
10.664132608
10.664132608
10.673553408
10.673553408
10.673782784
10.673782784
10.673782784
10.6737664
10.6737664
10.6737664
10.6737664
10.67311104
10.67311104
10.672734208
10.672734208
10.672521216
10.672521216
10.672029696
10.672029696
10.671079424
10.671079424
10.67024384
10.67024384
10.669883392
10.669883392
10.67163648
10.67163648
10.67163648
10.625007616
10.625007616
10.624090112
10.624090112
10.62445056
10.62445056
10.62445056
10.62445056
10.621845504
10.621845504
10.621796352
10.621796352
10.622025728
10.622025728
10.631561216
10.631561216
10.640031744
10.640031744
10.639982592
10.639982592
10.642456576
10.642456576
10.654662656
10.654662656
10.666754048
10.666754048
10.657529856
10.657529856
10.657529856
10.657431552
10.657431552
10.657398784
10.657398784
10.65754624
10.65754624
10.65754624
10.65754624
10.723868672
10.723868672
10.712662016
10.712662016
10.712662016
10.713366528
10.713366528
10.715856896
10.715856896
10.726227968
10.726227968
10.72357376
10.72357376
10.718232576
10.718232576
10.71628288
10.71628288
10.71628288
10.71628288
10.710564864
10.710564864
10.705584128
10.705584128
10.705584128
10.706731008
10.706731008
10.707386368
10.707386368
10.707337216
10.707337216
10.70686208
10.70686208
10.706468864
10.706468864
10.707501056
10.707501056
10.70579712
10.70579712
10.7065344
10.7065344
10.706731008
10.706731008
10.706944
10.706944
10.702389248
10.702389248
10.702389248
10.702389248
10.694836224
10.694836224
10.687922176
10.687922176
10.687594496
10.687594496
10.687594496
10.699849728
10.699849728
10.706927616
10.706927616
10.706665472
10.706665472
10.70555136
10.70555136
10.699030528
10.699030528
10.69899776
10.69899776
10.695999488
10.695999488
10.700095488
10.700095488
10.700095488
10.700029952
10.700029952
10.700079104
10.700079104
10.69989888
10.69989888
10.69989888
10.69989888
10.6893312
10.6893312
10.689298432
10.689298432
10.682023936
10.682023936
10.680090624
10.680090624
10.678665216
10.678665216
10.677649408
10.677649408
10.685612032
10.685612032
10.684841984
10.684841984
10.685087744
10.685087744
10.729652224
10.729652224
10.729652224
10.729816064
10.729816064
10.729930752
10.729930752
10.729930752
10.729930752
10.729930752
10.729930752
10.733699072
10.733699072
10.73307648
10.73307648
10.73307648
10.73307648
10.73307648
10.73307648
10.73307648
10.73307648
10.732847104
10.732847104
10.73307648
10.73307648
10.733289472
10.733289472
10.73291264
10.73291264
10.734649344
10.734649344
10.734665728
10.734665728
10.734665728
10.729357312
10.729357312
10.73061888
10.73061888
10.730881024
10.730881024
10.730881024
10.730881024
10.731044864
10.731044864
10.731077632
10.731077632
10.731077632
10.731077632
10.731077632
10.731077632
10.871652352
10.871652352
10.850664448
10.850664448
10.850664448
10.850664448
10.884530176
10.884530176
10.894737408
10.894737408
10.881990656
10.881990656
10.866917376
10.866917376
10.85120512
10.85120512
10.836180992
10.836180992
10.79967744
10.79967744
10.798415872
10.798415872
10.777706496
10.777706496
10.780737536
10.780737536
10.780737536
10.780737536
10.77886976
10.77886976
10.778853376
10.778853376
10.775740416
10.775740416
10.775740416
10.775740416
10.775740416
10.775740416
10.755948544
10.755948544
10.756210688
10.756210688
10.741694464
10.741694464
10.755538944
10.755538944
10.750640128
10.750640128
10.750885888
10.750885888
10.734288896
10.734288896
10.733993984
10.733993984
10.733961216
10.733961216
10.7261952
10.7261952
10.725310464
10.725310464
10.725310464
10.725310464
10.725310464
10.725310464
10.725310464
10.725310464
10.710646784
10.710646784
10.722230272
10.722230272
10.72283648
10.72283648
10.723196928
10.723196928
10.723540992
10.723540992
10.7237376
10.7237376
10.723721216
10.723721216
10.723393536
10.723393536
10.722492416
10.722492416
10.71398912
10.71398912
10.724245504
10.724245504
10.734764032
10.734764032
10.748936192
10.748936192
10.762452992
10.762452992
10.7655168
10.7655168
10.758864896
10.758864896
10.754555904
10.754555904
10.77321728
10.77321728
10.77321728
10.77321728
10.789158912
10.789158912
10.788323328
10.788323328
10.786521088
10.792976384
10.792976384
10.792976384
10.790699008
10.790699008
10.784997376
10.784997376
10.784997376
10.784800768
10.784800768
10.784800768
10.784800768
10.905305088
10.919428096
10.919428096
10.919428096
10.918969344
10.918969344
10.918969344
10.83777024
10.83777024
10.839097344
10.839097344
10.839097344
10.830413824
10.830413824
10.830086144
10.830086144
10.829365248
10.829365248
10.829037568
10.829037568
10.827825152
10.827825152
10.826727424
10.826727424
10.809786368
10.809786368
10.807853056
10.807853056
10.805264384
10.805264384
10.777919488
10.777919488
10.761125888
10.761125888
10.760585216
10.760585216
10.760044544
10.760044544
10.758356992
10.758356992
10.753261568
10.753261568
10.752049152
10.752049152
10.752049152
10.752049152
10.751295488
10.751295488
10.750492672
10.750492672
10.748248064
10.748248064
10.747789312
10.747789312
10.747936768
10.747936768
10.740875264
10.740875264
10.741776384
10.741776384
10.737532928
10.737532928
10.737451008
10.737451008
10.736992256
10.736992256
10.736402432
10.736402432
10.736222208
10.736222208
10.736222208
10.736467968
10.736467968
10.736467968
10.736467968
10.736467968
10.736467968
10.742398976
10.742398976
10.742267904
10.742267904
10.742382592
10.742382592
10.7425792
10.7425792
10.741891072
10.741891072
10.73651712
10.73651712
10.73823744
10.73823744
10.738302976
10.738302976
10.753589248
10.753589248
10.753589248
10.753589248
10.723852288
10.723852288
10.723852288
10.717790208
10.717790208
10.717790208
10.717790208
10.717790208
10.717790208
10.7220992
10.7220992
10.722213888
10.722213888
10.72193536
10.72193536
10.722148352
10.722148352
10.721820672
10.721820672
10.721640448
10.721640448
10.721574912
10.721574912
10.722394112
10.722394112
10.722934784
10.722934784
10.7229184
10.7229184
10.7229184
10.7229184
10.72226304
10.72226304
10.720280576
10.720280576
10.71988736
10.71988736
10.720018432
10.720018432
10.738843648
10.738843648
10.739286016
10.739286016
10.738860032
10.738860032
10.733027328
10.733027328
10.733109248
10.733109248
10.7331584
10.7331584
10.732568576
10.732568576
10.711646208
10.711646208
10.71235072
10.71235072
10.71235072
10.71235072
10.711842816
10.711842816
10.711842816
10.711842816
10.711973888
10.711973888
10.711973888
10.711973888
10.711973888
10.711973888
10.712137728
10.712137728
10.714955776
10.714955776
10.715168768
10.715168768
10.71521792
10.71521792
10.72390144
10.72390144
10.730553344
10.730553344
10.730422272
10.730422272
10.72963584
10.72963584
10.728996864
10.728996864
10.72480256
10.72480256
10.720067584
10.720067584
10.71955968
10.71955968
10.721869824
10.721869824
10.722000896
10.722000896
10.722000896
10.722000896
10.723704832
10.723704832
10.723540992
10.723540992
10.726326272
10.726326272
10.724933632
10.724933632
10.721378304
10.721378304
10.721378304
10.721067008
10.721067008
10.720182272
10.720182272
10.719707136
10.719707136
10.69850624
10.69850624
10.719870976
10.719870976
10.717904896
10.717904896
10.718101504
10.718101504
10.717773824
10.717773824
10.716545024
10.716545024
10.716463104
10.716463104
10.710237184
10.710237184
10.70891008
10.70891008
10.719182848
10.719182848
10.719264768
10.719264768
10.724179968
10.724179968
10.724196352
10.724196352
10.724737024
10.724737024
10.724737024
10.724737024
10.724737024
10.724737024
10.724458496
10.724458496
10.722869248
10.722869248
10.722869248
10.722869248
10.722869248
10.722869248
10.722869248
10.722869248
10.723966976
10.723966976
10.72422912
10.72422912
10.724573184
10.724573184
10.723180544
10.723180544
10.714038272
10.714038272
10.722443264
10.722443264
10.722557952
10.722557952
10.715643904
10.715643904
10.715824128
10.715824128
10.715856896
10.715856896
10.715136
10.715136
10.705584128
10.705584128
10.705108992
10.705108992
10.705108992
10.705108992
10.705108992
10.705108992
10.705698816
10.705698816
10.705420288
10.705420288
10.705190912
10.705190912
10.704470016
10.704470016
10.704109568
10.704109568
10.699636736
10.699636736
10.70702592
10.70702592
10.716954624
10.716954624
10.717724672
10.717724672
10.717298688
10.717298688
10.721574912
10.721574912
10.718298112
10.718298112
10.717085696
10.717085696
10.717495296
10.717495296
10.71751168
10.71751168
10.716954624
10.716954624
10.712989696
10.712989696
10.717134848
10.717134848
10.717184
10.717184
10.717184
10.717184
10.714021888
10.714021888
10.714120192
10.714120192
10.714136576
10.714136576
10.713956352
10.713956352
10.714087424
10.714087424
10.713956352
10.713956352
10.71398912
10.71398912
10.713956352
10.713956352
10.713563136
10.713563136
10.713563136
10.713563136
10.714120192
10.714120192
10.714529792
10.714529792
10.7143168
10.7143168
10.714333184
10.714333184
10.724081664
10.724081664
10.724179968
10.724179968
10.723196928
10.723196928
10.719657984
10.719657984
10.719657984
10.719657984
10.719657984
10.719657984
10.719657984
10.755063808
10.755063808
10.754834432
10.754834432
10.756227072
10.756227072
10.756063232
10.756063232
10.754408448
10.754408448
10.754359296
10.754359296
10.753818624
10.753818624
10.75388416
10.75388416
10.754048
10.754048
10.754048
10.754048
10.756112384
10.756112384
10.747133952
10.747133952
10.746396672
10.746396672
10.746396672
10.746396672
10.746396672
10.746396672
10.760962048
10.760962048
10.759340032
10.759340032
10.759389184
10.759389184
10.759503872
10.759503872
10.759503872
10.759503872
10.78140928
10.78140928
10.778361856
10.778361856
10.77542912
10.77542912
10.77542912
10.77542912
10.77542912
10.77542912
10.767532032
10.767532032
10.765565952
10.765565952
10.76330496
10.76330496
10.76330496
10.76330496
10.76330496
10.76330496
10.754768896
10.754768896
10.75519488
10.75519488
10.726375424
10.726375424
10.723459072
10.723459072
10.72160768
10.72160768
10.75494912
10.75494912
10.755063808
10.755063808
10.755063808
10.755063808
10.755063808
10.755063808
10.755063808
10.755063808
10.759405568
10.759405568
10.758520832
10.758520832
10.758569984
10.758569984
10.758733824
10.758733824
10.753572864
10.753572864
10.75347456
10.75347456
10.7536384
10.7536384
10.753671168
10.753671168
10.75380224
10.75380224
10.753851392
10.753851392
10.753851392
10.753851392
10.75388416
10.75388416
10.753867776
10.753867776
10.755751936
10.755751936
10.755751936
10.755751936
10.755801088
10.755801088
10.755883008
10.755883008
10.755899392
10.755899392
10.755899392
10.755899392
10.755899392
